[2025-10-20T10:55:03.535+0000] {local_task_job_runner.py:120} INFO - ::group::Pre task execution logs
[2025-10-20T10:55:03.556+0000] {taskinstance.py:2076} INFO - Dependencies all met for dep_context=non-requeueable deps ti=<TaskInstance: flood_prediction_pipeline.predict_and_log scheduled__2025-10-20T10:50:00+00:00 [queued]>
[2025-10-20T10:55:03.563+0000] {taskinstance.py:2076} INFO - Dependencies all met for dep_context=requeueable deps ti=<TaskInstance: flood_prediction_pipeline.predict_and_log scheduled__2025-10-20T10:50:00+00:00 [queued]>
[2025-10-20T10:55:03.564+0000] {taskinstance.py:2306} INFO - Starting attempt 1 of 2
[2025-10-20T10:55:03.576+0000] {taskinstance.py:2330} INFO - Executing <Task(PythonOperator): predict_and_log> on 2025-10-20 10:50:00+00:00
[2025-10-20T10:55:03.583+0000] {logging_mixin.py:188} WARNING - /home/***/.local/lib/python3.12/site-packages/***/task/task_runner/standard_task_runner.py:61 DeprecationWarning: This process (pid=954) is multi-threaded, use of fork() may lead to deadlocks in the child.
[2025-10-20T10:55:03.583+0000] {standard_task_runner.py:90} INFO - Running: ['***', 'tasks', 'run', 'flood_prediction_pipeline', 'predict_and_log', 'scheduled__2025-10-20T10:50:00+00:00', '--job-id', '23', '--raw', '--subdir', 'DAGS_FOLDER/flood_prediction_dag.py', '--cfg-path', '/tmp/tmp4cwdojpj']
[2025-10-20T10:55:03.585+0000] {standard_task_runner.py:63} INFO - Started process 957 to run task
[2025-10-20T10:55:03.585+0000] {standard_task_runner.py:91} INFO - Job 23: Subtask predict_and_log
[2025-10-20T10:55:03.629+0000] {task_command.py:426} INFO - Running <TaskInstance: flood_prediction_pipeline.predict_and_log scheduled__2025-10-20T10:50:00+00:00 [running]> on host c46f7256247f
[2025-10-20T10:55:03.702+0000] {taskinstance.py:2648} INFO - Exporting env vars: AIRFLOW_CTX_DAG_OWNER='***' AIRFLOW_CTX_DAG_ID='flood_prediction_pipeline' AIRFLOW_CTX_TASK_ID='predict_and_log' AIRFLOW_CTX_EXECUTION_DATE='2025-10-20T10:50:00+00:00' AIRFLOW_CTX_TRY_NUMBER='1' AIRFLOW_CTX_DAG_RUN_ID='scheduled__2025-10-20T10:50:00+00:00'
[2025-10-20T10:55:03.704+0000] {taskinstance.py:430} INFO - ::endgroup::
[2025-10-20T10:55:04.788+0000] {logging_mixin.py:188} WARNING - /home/***/.local/lib/python3.12/site-packages/sklearn/ensemble/_base.py:168 UserWarning: Loky-backed parallel loops cannot be called in a multiprocessing, setting n_jobs=1
[2025-10-20T10:55:04.793+0000] {logging_mixin.py:188} WARNING - /home/***/.local/lib/python3.12/site-packages/sklearn/ensemble/_base.py:168 UserWarning: Loky-backed parallel loops cannot be called in a multiprocessing, setting n_jobs=1
[2025-10-20T10:55:04.889+0000] {logging_mixin.py:188} INFO - ❌ Prediction failed: [Errno 1] Operation not permitted: '/mlflow/artifacts/live_run/live_data.csv'
[2025-10-20T10:55:04.890+0000] {python.py:237} INFO - Done. Returned value was: {'error': "[Errno 1] Operation not permitted: '/mlflow/artifacts/live_run/live_data.csv'"}
[2025-10-20T10:55:04.891+0000] {taskinstance.py:441} INFO - ::group::Post task execution logs
[2025-10-20T10:55:04.909+0000] {taskinstance.py:1206} INFO - Marking task as SUCCESS. dag_id=flood_prediction_pipeline, task_id=predict_and_log, run_id=scheduled__2025-10-20T10:50:00+00:00, execution_date=20251020T105000, start_date=20251020T105503, end_date=20251020T105504
[2025-10-20T10:55:04.964+0000] {local_task_job_runner.py:240} INFO - Task exited with return code 0
[2025-10-20T10:55:04.976+0000] {taskinstance.py:3498} INFO - 0 downstream tasks scheduled from follow-on schedule check
[2025-10-20T10:55:04.979+0000] {local_task_job_runner.py:222} INFO - ::endgroup::
