[2025-10-28T18:20:01.429+0000] {local_task_job_runner.py:120} INFO - ::group::Pre task execution logs
[2025-10-28T18:20:01.454+0000] {taskinstance.py:2076} INFO - Dependencies all met for dep_context=non-requeueable deps ti=<TaskInstance: flood_prediction_pipeline.fetch_weather_data scheduled__2025-10-28T18:15:00+00:00 [queued]>
[2025-10-28T18:20:01.462+0000] {taskinstance.py:2076} INFO - Dependencies all met for dep_context=requeueable deps ti=<TaskInstance: flood_prediction_pipeline.fetch_weather_data scheduled__2025-10-28T18:15:00+00:00 [queued]>
[2025-10-28T18:20:01.463+0000] {taskinstance.py:2306} INFO - Starting attempt 1 of 2
[2025-10-28T18:20:01.477+0000] {taskinstance.py:2330} INFO - Executing <Task(PythonOperator): fetch_weather_data> on 2025-10-28 18:15:00+00:00
[2025-10-28T18:20:01.486+0000] {logging_mixin.py:188} WARNING - /home/***/.local/lib/python3.12/site-packages/***/task/task_runner/standard_task_runner.py:61 DeprecationWarning: This process (pid=12356) is multi-threaded, use of fork() may lead to deadlocks in the child.
[2025-10-28T18:20:01.486+0000] {standard_task_runner.py:90} INFO - Running: ['***', 'tasks', 'run', 'flood_prediction_pipeline', 'fetch_weather_data', 'scheduled__2025-10-28T18:15:00+00:00', '--job-id', '276', '--raw', '--subdir', 'DAGS_FOLDER/flood_prediction_dag.py', '--cfg-path', '/tmp/tmpslrbq6z2']
[2025-10-28T18:20:01.488+0000] {standard_task_runner.py:63} INFO - Started process 12367 to run task
[2025-10-28T18:20:01.488+0000] {standard_task_runner.py:91} INFO - Job 276: Subtask fetch_weather_data
[2025-10-28T18:20:01.537+0000] {task_command.py:426} INFO - Running <TaskInstance: flood_prediction_pipeline.fetch_weather_data scheduled__2025-10-28T18:15:00+00:00 [running]> on host 42dce8a10814
[2025-10-28T18:20:01.620+0000] {taskinstance.py:2648} INFO - Exporting env vars: AIRFLOW_CTX_DAG_OWNER='***' AIRFLOW_CTX_DAG_ID='flood_prediction_pipeline' AIRFLOW_CTX_TASK_ID='fetch_weather_data' AIRFLOW_CTX_EXECUTION_DATE='2025-10-28T18:15:00+00:00' AIRFLOW_CTX_TRY_NUMBER='1' AIRFLOW_CTX_DAG_RUN_ID='scheduled__2025-10-28T18:15:00+00:00'
[2025-10-28T18:20:01.623+0000] {taskinstance.py:430} INFO - ::endgroup::
[2025-10-28T18:20:01.656+0000] {logging_mixin.py:188} WARNING - /opt/***/dags/flood_prediction_dag.py:133 FutureWarning: The behavior of DataFrame concatenation with empty or all-NA entries is deprecated. In a future version, this will no longer exclude empty or all-NA columns when determining the result dtypes. To retain the old behavior, exclude the relevant entries before the concat operation.
[2025-10-28T18:20:01.677+0000] {logging_mixin.py:188} INFO - ✅ Weather fetched. Rain (1h/24h): 0.00 / 0.00. Humidity: 84.7
[2025-10-28T18:20:01.677+0000] {python.py:237} INFO - Done. Returned value was: {'temp': 33.58, 'humidity': 84.67, 'pressure': 980.04, 'wind_speed': 10.33, 'rain_1h': 0.0, 'rain_3h': 0.0, 'rain_6h': 0.0, 'rain_24h': 0.0, 'rain_intensity': 0.0, 'temp_delta': 0.0, 'humidity_delta': 0.0, 'hour': 18, 'day': 28, 'month': 10, 'year': 2025}
[2025-10-28T18:20:01.678+0000] {taskinstance.py:441} INFO - ::group::Post task execution logs
[2025-10-28T18:20:01.699+0000] {taskinstance.py:1206} INFO - Marking task as SUCCESS. dag_id=flood_prediction_pipeline, task_id=fetch_weather_data, run_id=scheduled__2025-10-28T18:15:00+00:00, execution_date=20251028T181500, start_date=20251028T182001, end_date=20251028T182001
[2025-10-28T18:20:01.742+0000] {local_task_job_runner.py:240} INFO - Task exited with return code 0
[2025-10-28T18:20:01.764+0000] {taskinstance.py:3498} INFO - 1 downstream tasks scheduled from follow-on schedule check
[2025-10-28T18:20:01.768+0000] {local_task_job_runner.py:222} INFO - ::endgroup::
