[2025-10-15T04:57:31.545+0000] {manager.py:470} INFO - Processing files using up to 2 processes at a time 
[2025-10-15T04:57:31.548+0000] {manager.py:471} INFO - Process each file at most once every 30 seconds
[2025-10-15T04:57:31.551+0000] {manager.py:472} INFO - Checking for new files in /opt/airflow/dags every 300 seconds
[2025-10-15T04:57:31.554+0000] {manager.py:737} INFO - Searching for files in /opt/airflow/dags
[2025-10-15T04:57:31.581+0000] {manager.py:740} INFO - There are 0 files in /opt/airflow/dags
[2025-10-15T05:02:31.938+0000] {manager.py:737} INFO - Searching for files in /opt/airflow/dags
[2025-10-15T05:02:32.021+0000] {manager.py:740} INFO - There are 1 files in /opt/airflow/dags
[2025-10-15T05:02:33.107+0000] {manager.py:878} INFO - 
================================================================================
DAG File Processing Stats

File Path                                    PID  Runtime      # DAGs    # Errors  Last Runtime    Last Run
-----------------------------------------  -----  ---------  --------  ----------  --------------  ----------
/opt/airflow/dags/flood_prediction_dag.py    168  1.01s             0           0
================================================================================
[2025-10-15T05:03:03.333+0000] {manager.py:878} INFO - 
================================================================================
DAG File Processing Stats

File Path                                  PID    Runtime      # DAGs    # Errors  Last Runtime    Last Run
-----------------------------------------  -----  ---------  --------  ----------  --------------  -------------------
/opt/airflow/dags/flood_prediction_dag.py                           0           1  1.31s           2025-10-15T05:02:33
================================================================================
[2025-10-15T05:03:33.837+0000] {manager.py:878} INFO - 
================================================================================
DAG File Processing Stats

File Path                                  PID    Runtime      # DAGs    # Errors  Last Runtime    Last Run
-----------------------------------------  -----  ---------  --------  ----------  --------------  -------------------
/opt/airflow/dags/flood_prediction_dag.py                           0           1  0.38s           2025-10-15T05:03:04
================================================================================
[2025-10-15T05:04:04.464+0000] {manager.py:878} INFO - 
================================================================================
DAG File Processing Stats

File Path                                  PID    Runtime      # DAGs    # Errors  Last Runtime    Last Run
-----------------------------------------  -----  ---------  --------  ----------  --------------  -------------------
/opt/airflow/dags/flood_prediction_dag.py                           0           1  0.36s           2025-10-15T05:03:34
================================================================================
[2025-10-15T05:04:35.083+0000] {manager.py:878} INFO - 
================================================================================
DAG File Processing Stats

File Path                                  PID    Runtime      # DAGs    # Errors  Last Runtime    Last Run
-----------------------------------------  -----  ---------  --------  ----------  --------------  -------------------
/opt/airflow/dags/flood_prediction_dag.py                           0           1  0.35s           2025-10-15T05:04:05
================================================================================
[2025-10-15T05:05:05.699+0000] {manager.py:878} INFO - 
================================================================================
DAG File Processing Stats

File Path                                  PID    Runtime      # DAGs    # Errors  Last Runtime    Last Run
-----------------------------------------  -----  ---------  --------  ----------  --------------  -------------------
/opt/airflow/dags/flood_prediction_dag.py                           0           1  0.38s           2025-10-15T05:04:35
================================================================================
[2025-10-15T05:05:35.775+0000] {manager.py:878} INFO - 
================================================================================
DAG File Processing Stats

File Path                                  PID    Runtime      # DAGs    # Errors  Last Runtime    Last Run
-----------------------------------------  -----  ---------  --------  ----------  --------------  -------------------
/opt/airflow/dags/flood_prediction_dag.py                           0           1  0.41s           2025-10-15T05:05:06
================================================================================
[2025-10-15T05:06:06.041+0000] {manager.py:878} INFO - 
================================================================================
DAG File Processing Stats

File Path                                  PID    Runtime      # DAGs    # Errors  Last Runtime    Last Run
-----------------------------------------  -----  ---------  --------  ----------  --------------  -------------------
/opt/airflow/dags/flood_prediction_dag.py                           0           1  0.35s           2025-10-15T05:05:37
================================================================================
[2025-10-15T05:06:36.638+0000] {manager.py:878} INFO - 
================================================================================
DAG File Processing Stats

File Path                                  PID    Runtime      # DAGs    # Errors  Last Runtime    Last Run
-----------------------------------------  -----  ---------  --------  ----------  --------------  -------------------
/opt/airflow/dags/flood_prediction_dag.py                           0           1  0.38s           2025-10-15T05:06:07
================================================================================
[2025-10-15T05:13:05.068+0000] {manager.py:470} INFO - Processing files using up to 2 processes at a time 
[2025-10-15T05:13:05.070+0000] {manager.py:471} INFO - Process each file at most once every 30 seconds
[2025-10-15T05:13:05.073+0000] {manager.py:472} INFO - Checking for new files in /opt/airflow/dags every 300 seconds
[2025-10-15T05:13:05.076+0000] {manager.py:737} INFO - Searching for files in /opt/airflow/dags
[2025-10-15T05:13:05.119+0000] {manager.py:740} INFO - There are 1 files in /opt/airflow/dags
[2025-10-15T05:13:05.204+0000] {manager.py:878} INFO - 
================================================================================
DAG File Processing Stats

File Path                                    PID  Runtime      # DAGs    # Errors  Last Runtime    Last Run
-----------------------------------------  -----  ---------  --------  ----------  --------------  ----------
/opt/airflow/dags/flood_prediction_dag.py    168  0.03s             0           0
================================================================================
[2025-10-15T05:13:15.695+0000] {manager.py:452} INFO - Exiting gracefully upon receiving signal 15
[2025-10-15T05:15:08.005+0000] {manager.py:470} INFO - Processing files using up to 2 processes at a time 
[2025-10-15T05:15:08.006+0000] {manager.py:471} INFO - Process each file at most once every 30 seconds
[2025-10-15T05:15:08.009+0000] {manager.py:472} INFO - Checking for new files in /opt/airflow/dags every 300 seconds
[2025-10-15T05:15:08.010+0000] {manager.py:737} INFO - Searching for files in /opt/airflow/dags
[2025-10-15T05:15:08.046+0000] {manager.py:740} INFO - There are 1 files in /opt/airflow/dags
[2025-10-15T05:15:08.147+0000] {manager.py:878} INFO - 
================================================================================
DAG File Processing Stats

File Path                                    PID  Runtime      # DAGs    # Errors  Last Runtime    Last Run
-----------------------------------------  -----  ---------  --------  ----------  --------------  ----------
/opt/airflow/dags/flood_prediction_dag.py    168  0.04s             0           0
================================================================================
[2025-10-15T05:15:38.329+0000] {manager.py:878} INFO - 
================================================================================
DAG File Processing Stats

File Path                                  PID    Runtime      # DAGs    # Errors  Last Runtime    Last Run
-----------------------------------------  -----  ---------  --------  ----------  --------------  -------------------
/opt/airflow/dags/flood_prediction_dag.py                           0           1  1.04s           2025-10-15T05:15:09
================================================================================
[2025-10-15T05:16:08.603+0000] {manager.py:878} INFO - 
================================================================================
DAG File Processing Stats

File Path                                  PID    Runtime      # DAGs    # Errors  Last Runtime    Last Run
-----------------------------------------  -----  ---------  --------  ----------  --------------  -------------------
/opt/airflow/dags/flood_prediction_dag.py                           0           1  0.38s           2025-10-15T05:15:39
================================================================================
[2025-10-15T05:16:39.216+0000] {manager.py:878} INFO - 
================================================================================
DAG File Processing Stats

File Path                                  PID    Runtime      # DAGs    # Errors  Last Runtime    Last Run
-----------------------------------------  -----  ---------  --------  ----------  --------------  -------------------
/opt/airflow/dags/flood_prediction_dag.py                           0           1  0.34s           2025-10-15T05:16:10
================================================================================
[2025-10-15T05:17:09.746+0000] {manager.py:878} INFO - 
================================================================================
DAG File Processing Stats

File Path                                  PID    Runtime      # DAGs    # Errors  Last Runtime    Last Run
-----------------------------------------  -----  ---------  --------  ----------  --------------  -------------------
/opt/airflow/dags/flood_prediction_dag.py                           0           1  0.36s           2025-10-15T05:16:40
================================================================================
[2025-10-15T05:17:39.748+0000] {manager.py:878} INFO - 
================================================================================
DAG File Processing Stats

File Path                                  PID    Runtime      # DAGs    # Errors  Last Runtime    Last Run
-----------------------------------------  -----  ---------  --------  ----------  --------------  -------------------
/opt/airflow/dags/flood_prediction_dag.py                           0           1  0.40s           2025-10-15T05:17:11
================================================================================
[2025-10-15T05:18:10.005+0000] {manager.py:878} INFO - 
================================================================================
DAG File Processing Stats

File Path                                  PID    Runtime      # DAGs    # Errors  Last Runtime    Last Run
-----------------------------------------  -----  ---------  --------  ----------  --------------  -------------------
/opt/airflow/dags/flood_prediction_dag.py                           0           1  0.41s           2025-10-15T05:17:42
================================================================================
[2025-10-15T05:18:40.602+0000] {manager.py:878} INFO - 
================================================================================
DAG File Processing Stats

File Path                                  PID    Runtime      # DAGs    # Errors  Last Runtime    Last Run
-----------------------------------------  -----  ---------  --------  ----------  --------------  -------------------
/opt/airflow/dags/flood_prediction_dag.py                           0           1  0.33s           2025-10-15T05:18:12
================================================================================
[2025-10-15T05:19:11.224+0000] {manager.py:878} INFO - 
================================================================================
DAG File Processing Stats

File Path                                  PID    Runtime      # DAGs    # Errors  Last Runtime    Last Run
-----------------------------------------  -----  ---------  --------  ----------  --------------  -------------------
/opt/airflow/dags/flood_prediction_dag.py                           0           1  0.33s           2025-10-15T05:18:43
================================================================================
[2025-10-15T05:19:41.747+0000] {manager.py:878} INFO - 
================================================================================
DAG File Processing Stats

File Path                                  PID    Runtime      # DAGs    # Errors  Last Runtime    Last Run
-----------------------------------------  -----  ---------  --------  ----------  --------------  -------------------
/opt/airflow/dags/flood_prediction_dag.py                           0           1  0.38s           2025-10-15T05:19:13
================================================================================
[2025-10-15T05:20:08.316+0000] {manager.py:737} INFO - Searching for files in /opt/airflow/dags
[2025-10-15T05:20:08.364+0000] {manager.py:740} INFO - There are 1 files in /opt/airflow/dags
[2025-10-15T05:20:12.419+0000] {manager.py:878} INFO - 
================================================================================
DAG File Processing Stats

File Path                                  PID    Runtime      # DAGs    # Errors  Last Runtime    Last Run
-----------------------------------------  -----  ---------  --------  ----------  --------------  -------------------
/opt/airflow/dags/flood_prediction_dag.py                           0           1  0.35s           2025-10-15T05:19:44
================================================================================
[2025-10-15T05:20:42.953+0000] {manager.py:878} INFO - 
================================================================================
DAG File Processing Stats

File Path                                  PID    Runtime      # DAGs    # Errors  Last Runtime    Last Run
-----------------------------------------  -----  ---------  --------  ----------  --------------  -------------------
/opt/airflow/dags/flood_prediction_dag.py                           0           1  0.36s           2025-10-15T05:20:15
================================================================================
[2025-10-15T05:21:13.563+0000] {manager.py:878} INFO - 
================================================================================
DAG File Processing Stats

File Path                                  PID    Runtime      # DAGs    # Errors  Last Runtime    Last Run
-----------------------------------------  -----  ---------  --------  ----------  --------------  -------------------
/opt/airflow/dags/flood_prediction_dag.py                           0           1  0.35s           2025-10-15T05:20:45
================================================================================
[2025-10-15T05:21:44.178+0000] {manager.py:878} INFO - 
================================================================================
DAG File Processing Stats

File Path                                  PID    Runtime      # DAGs    # Errors  Last Runtime    Last Run
-----------------------------------------  -----  ---------  --------  ----------  --------------  -------------------
/opt/airflow/dags/flood_prediction_dag.py                           0           1  0.41s           2025-10-15T05:21:16
================================================================================
[2025-10-15T05:22:14.768+0000] {manager.py:878} INFO - 
================================================================================
DAG File Processing Stats

File Path                                  PID    Runtime      # DAGs    # Errors  Last Runtime    Last Run
-----------------------------------------  -----  ---------  --------  ----------  --------------  -------------------
/opt/airflow/dags/flood_prediction_dag.py                           0           1  0.35s           2025-10-15T05:21:46
================================================================================
[2025-10-15T05:22:45.353+0000] {manager.py:878} INFO - 
================================================================================
DAG File Processing Stats

File Path                                  PID    Runtime      # DAGs    # Errors  Last Runtime    Last Run
-----------------------------------------  -----  ---------  --------  ----------  --------------  -------------------
/opt/airflow/dags/flood_prediction_dag.py                           0           1  0.37s           2025-10-15T05:22:17
================================================================================
[2025-10-15T05:23:15.967+0000] {manager.py:878} INFO - 
================================================================================
DAG File Processing Stats

File Path                                  PID    Runtime      # DAGs    # Errors  Last Runtime    Last Run
-----------------------------------------  -----  ---------  --------  ----------  --------------  -------------------
/opt/airflow/dags/flood_prediction_dag.py                           0           1  0.34s           2025-10-15T05:22:48
================================================================================
[2025-10-15T05:23:46.501+0000] {manager.py:878} INFO - 
================================================================================
DAG File Processing Stats

File Path                                  PID    Runtime      # DAGs    # Errors  Last Runtime    Last Run
-----------------------------------------  -----  ---------  --------  ----------  --------------  -------------------
/opt/airflow/dags/flood_prediction_dag.py                           0           1  0.31s           2025-10-15T05:23:18
================================================================================
[2025-10-15T05:24:17.065+0000] {manager.py:878} INFO - 
================================================================================
DAG File Processing Stats

File Path                                  PID    Runtime      # DAGs    # Errors  Last Runtime    Last Run
-----------------------------------------  -----  ---------  --------  ----------  --------------  -------------------
/opt/airflow/dags/flood_prediction_dag.py                           0           1  0.35s           2025-10-15T05:23:49
================================================================================
[2025-10-15T05:24:47.656+0000] {manager.py:878} INFO - 
================================================================================
DAG File Processing Stats

File Path                                  PID    Runtime      # DAGs    # Errors  Last Runtime    Last Run
-----------------------------------------  -----  ---------  --------  ----------  --------------  -------------------
/opt/airflow/dags/flood_prediction_dag.py                           0           1  0.29s           2025-10-15T05:24:19
================================================================================
[2025-10-15T05:25:08.445+0000] {manager.py:737} INFO - Searching for files in /opt/airflow/dags
[2025-10-15T05:25:08.490+0000] {manager.py:740} INFO - There are 1 files in /opt/airflow/dags
[2025-10-15T05:25:18.163+0000] {manager.py:878} INFO - 
================================================================================
DAG File Processing Stats

File Path                                  PID    Runtime      # DAGs    # Errors  Last Runtime    Last Run
-----------------------------------------  -----  ---------  --------  ----------  --------------  -------------------
/opt/airflow/dags/flood_prediction_dag.py                           0           1  0.36s           2025-10-15T05:24:50
================================================================================
[2025-10-15T05:25:48.778+0000] {manager.py:878} INFO - 
================================================================================
DAG File Processing Stats

File Path                                  PID    Runtime      # DAGs    # Errors  Last Runtime    Last Run
-----------------------------------------  -----  ---------  --------  ----------  --------------  -------------------
/opt/airflow/dags/flood_prediction_dag.py                           0           1  0.34s           2025-10-15T05:25:20
================================================================================
[2025-10-15T05:26:19.341+0000] {manager.py:878} INFO - 
================================================================================
DAG File Processing Stats

File Path                                  PID    Runtime      # DAGs    # Errors  Last Runtime    Last Run
-----------------------------------------  -----  ---------  --------  ----------  --------------  -------------------
/opt/airflow/dags/flood_prediction_dag.py                           0           1  0.34s           2025-10-15T05:25:51
================================================================================
[2025-10-15T05:26:49.886+0000] {manager.py:878} INFO - 
================================================================================
DAG File Processing Stats

File Path                                  PID    Runtime      # DAGs    # Errors  Last Runtime    Last Run
-----------------------------------------  -----  ---------  --------  ----------  --------------  -------------------
/opt/airflow/dags/flood_prediction_dag.py                           0           1  0.34s           2025-10-15T05:26:22
================================================================================
[2025-10-15T05:27:19.890+0000] {manager.py:878} INFO - 
================================================================================
DAG File Processing Stats

File Path                                  PID    Runtime      # DAGs    # Errors  Last Runtime    Last Run
-----------------------------------------  -----  ---------  --------  ----------  --------------  -------------------
/opt/airflow/dags/flood_prediction_dag.py                           0           1  0.40s           2025-10-15T05:26:52
================================================================================
[2025-10-15T05:27:55.500+0000] {manager.py:878} INFO - 
================================================================================
DAG File Processing Stats

File Path                                  PID    Runtime      # DAGs    # Errors  Last Runtime    Last Run
-----------------------------------------  -----  ---------  --------  ----------  --------------  -------------------
/opt/airflow/dags/flood_prediction_dag.py                           0           1  0.40s           2025-10-15T05:27:53
================================================================================
[2025-10-15T05:32:18.140+0000] {manager.py:737} INFO - Searching for files in /opt/airflow/dags
[2025-10-15T05:32:20.544+0000] {manager.py:740} INFO - There are 1 files in /opt/airflow/dags
[2025-10-15T05:33:28.637+0000] {manager.py:878} INFO - 
================================================================================
DAG File Processing Stats

File Path                                  PID    Runtime      # DAGs    # Errors  Last Runtime    Last Run
-----------------------------------------  -----  ---------  --------  ----------  --------------  -------------------
/opt/airflow/dags/flood_prediction_dag.py                           0           1  42.46s          2025-10-15T05:33:03
================================================================================
[2025-10-15T06:31:36.817+0000] {manager.py:737} INFO - Searching for files in /opt/airflow/dags
[2025-10-15T06:31:38.408+0000] {manager.py:740} INFO - There are 1 files in /opt/airflow/dags
[2025-10-15T06:32:51.436+0000] {manager.py:878} INFO - 
================================================================================
DAG File Processing Stats

File Path                                  PID    Runtime      # DAGs    # Errors  Last Runtime    Last Run
-----------------------------------------  -----  ---------  --------  ----------  --------------  -------------------
/opt/airflow/dags/flood_prediction_dag.py                           0           1  0.47s           2025-10-15T06:32:30
================================================================================
[2025-10-15T06:33:21.634+0000] {manager.py:878} INFO - 
================================================================================
DAG File Processing Stats

File Path                                  PID    Runtime      # DAGs    # Errors  Last Runtime    Last Run
-----------------------------------------  -----  ---------  --------  ----------  --------------  -------------------
/opt/airflow/dags/flood_prediction_dag.py                           0           1  0.42s           2025-10-15T06:33:01
================================================================================
[2025-10-15T06:33:51.895+0000] {manager.py:878} INFO - 
================================================================================
DAG File Processing Stats

File Path                                  PID    Runtime      # DAGs    # Errors  Last Runtime    Last Run
-----------------------------------------  -----  ---------  --------  ----------  --------------  -------------------
/opt/airflow/dags/flood_prediction_dag.py                           0           1  0.43s           2025-10-15T06:33:32
================================================================================
[2025-10-15T06:34:21.900+0000] {manager.py:878} INFO - 
================================================================================
DAG File Processing Stats

File Path                                  PID    Runtime      # DAGs    # Errors  Last Runtime    Last Run
-----------------------------------------  -----  ---------  --------  ----------  --------------  -------------------
/opt/airflow/dags/flood_prediction_dag.py                           0           1  0.35s           2025-10-15T06:34:02
================================================================================
[2025-10-15T06:34:52.170+0000] {manager.py:878} INFO - 
================================================================================
DAG File Processing Stats

File Path                                  PID    Runtime      # DAGs    # Errors  Last Runtime    Last Run
-----------------------------------------  -----  ---------  --------  ----------  --------------  -------------------
/opt/airflow/dags/flood_prediction_dag.py                           0           1  0.35s           2025-10-15T06:34:33
================================================================================
[2025-10-15T06:35:22.728+0000] {manager.py:878} INFO - 
================================================================================
DAG File Processing Stats

File Path                                  PID    Runtime      # DAGs    # Errors  Last Runtime    Last Run
-----------------------------------------  -----  ---------  --------  ----------  --------------  -------------------
/opt/airflow/dags/flood_prediction_dag.py                           0           1  0.36s           2025-10-15T06:35:03
================================================================================
[2025-10-15T06:35:52.880+0000] {manager.py:878} INFO - 
================================================================================
DAG File Processing Stats

File Path                                  PID    Runtime      # DAGs    # Errors  Last Runtime    Last Run
-----------------------------------------  -----  ---------  --------  ----------  --------------  -------------------
/opt/airflow/dags/flood_prediction_dag.py                           0           1  0.47s           2025-10-15T06:35:34
================================================================================
[2025-10-15T06:36:23.080+0000] {manager.py:878} INFO - 
================================================================================
DAG File Processing Stats

File Path                                  PID    Runtime      # DAGs    # Errors  Last Runtime    Last Run
-----------------------------------------  -----  ---------  --------  ----------  --------------  -------------------
/opt/airflow/dags/flood_prediction_dag.py                           0           1  0.28s           2025-10-15T06:36:05
================================================================================
[2025-10-15T06:36:36.897+0000] {manager.py:737} INFO - Searching for files in /opt/airflow/dags
[2025-10-15T06:36:36.933+0000] {manager.py:740} INFO - There are 1 files in /opt/airflow/dags
[2025-10-15T06:36:53.582+0000] {manager.py:878} INFO - 
================================================================================
DAG File Processing Stats

File Path                                  PID    Runtime      # DAGs    # Errors  Last Runtime    Last Run
-----------------------------------------  -----  ---------  --------  ----------  --------------  -------------------
/opt/airflow/dags/flood_prediction_dag.py                           0           1  0.44s           2025-10-15T06:36:35
================================================================================
[2025-10-15T06:37:23.625+0000] {manager.py:878} INFO - 
================================================================================
DAG File Processing Stats

File Path                                  PID    Runtime      # DAGs    # Errors  Last Runtime    Last Run
-----------------------------------------  -----  ---------  --------  ----------  --------------  -------------------
/opt/airflow/dags/flood_prediction_dag.py                           0           1  0.38s           2025-10-15T06:37:06
================================================================================
[2025-10-15T06:37:53.833+0000] {manager.py:878} INFO - 
================================================================================
DAG File Processing Stats

File Path                                  PID    Runtime      # DAGs    # Errors  Last Runtime    Last Run
-----------------------------------------  -----  ---------  --------  ----------  --------------  -------------------
/opt/airflow/dags/flood_prediction_dag.py                           0           1  0.38s           2025-10-15T06:37:37
================================================================================
[2025-10-15T06:37:54.709+0000] {manager.py:452} INFO - Exiting gracefully upon receiving signal 15
[2025-10-15T07:01:18.900+0000] {manager.py:470} INFO - Processing files using up to 2 processes at a time 
[2025-10-15T07:01:18.902+0000] {manager.py:471} INFO - Process each file at most once every 30 seconds
[2025-10-15T07:01:18.904+0000] {manager.py:472} INFO - Checking for new files in /opt/airflow/dags every 300 seconds
[2025-10-15T07:01:18.906+0000] {manager.py:737} INFO - Searching for files in /opt/airflow/dags
[2025-10-15T07:01:18.948+0000] {manager.py:740} INFO - There are 1 files in /opt/airflow/dags
[2025-10-15T07:01:19.046+0000] {manager.py:878} INFO - 
================================================================================
DAG File Processing Stats

File Path                                    PID  Runtime      # DAGs    # Errors  Last Runtime    Last Run
-----------------------------------------  -----  ---------  --------  ----------  --------------  ----------
/opt/airflow/dags/flood_prediction_dag.py    188  0.04s             0           0
================================================================================
[2025-10-15T07:01:49.247+0000] {manager.py:878} INFO - 
================================================================================
DAG File Processing Stats

File Path                                  PID    Runtime      # DAGs    # Errors  Last Runtime    Last Run
-----------------------------------------  -----  ---------  --------  ----------  --------------  -------------------
/opt/airflow/dags/flood_prediction_dag.py                           1           0  1.75s           2025-10-15T07:01:20
================================================================================
[2025-10-15T07:02:19.463+0000] {manager.py:878} INFO - 
================================================================================
DAG File Processing Stats

File Path                                  PID    Runtime      # DAGs    # Errors  Last Runtime    Last Run
-----------------------------------------  -----  ---------  --------  ----------  --------------  -------------------
/opt/airflow/dags/flood_prediction_dag.py                           1           0  0.38s           2025-10-15T07:01:51
================================================================================
[2025-10-15T07:08:18.496+0000] {manager.py:737} INFO - Searching for files in /opt/airflow/dags
[2025-10-15T07:08:19.556+0000] {manager.py:740} INFO - There are 1 files in /opt/airflow/dags
[2025-10-15T07:08:19.771+0000] {manager.py:878} INFO - 
================================================================================
DAG File Processing Stats

File Path                                    PID  Runtime      # DAGs    # Errors  Last Runtime    Last Run
-----------------------------------------  -----  ---------  --------  ----------  --------------  -------------------
/opt/airflow/dags/flood_prediction_dag.py    206  0.01s             1           0  0.39s           2025-10-15T07:02:21
================================================================================
[2025-10-15T07:09:16.251+0000] {manager.py:878} INFO - 
================================================================================
DAG File Processing Stats

File Path                                  PID    Runtime      # DAGs    # Errors  Last Runtime    Last Run
-----------------------------------------  -----  ---------  --------  ----------  --------------  -------------------
/opt/airflow/dags/flood_prediction_dag.py                           1           0  0.60s           2025-10-15T07:08:52
================================================================================
[2025-10-15T07:09:46.532+0000] {manager.py:878} INFO - 
================================================================================
DAG File Processing Stats

File Path                                  PID    Runtime      # DAGs    # Errors  Last Runtime    Last Run
-----------------------------------------  -----  ---------  --------  ----------  --------------  -------------------
/opt/airflow/dags/flood_prediction_dag.py                           1           0  0.53s           2025-10-15T07:09:22
================================================================================
[2025-10-15T07:10:16.781+0000] {manager.py:878} INFO - 
================================================================================
DAG File Processing Stats

File Path                                  PID    Runtime      # DAGs    # Errors  Last Runtime    Last Run
-----------------------------------------  -----  ---------  --------  ----------  --------------  -------------------
/opt/airflow/dags/flood_prediction_dag.py                           1           0  0.55s           2025-10-15T07:09:53
================================================================================
[2025-10-15T07:10:47.224+0000] {manager.py:878} INFO - 
================================================================================
DAG File Processing Stats

File Path                                  PID    Runtime      # DAGs    # Errors  Last Runtime    Last Run
-----------------------------------------  -----  ---------  --------  ----------  --------------  -------------------
/opt/airflow/dags/flood_prediction_dag.py                           1           0  0.42s           2025-10-15T07:10:24
================================================================================
[2025-10-15T07:11:17.814+0000] {manager.py:878} INFO - 
================================================================================
DAG File Processing Stats

File Path                                  PID    Runtime      # DAGs    # Errors  Last Runtime    Last Run
-----------------------------------------  -----  ---------  --------  ----------  --------------  -------------------
/opt/airflow/dags/flood_prediction_dag.py                           1           0  0.39s           2025-10-15T07:10:54
================================================================================
[2025-10-15T07:11:47.909+0000] {manager.py:878} INFO - 
================================================================================
DAG File Processing Stats

File Path                                  PID    Runtime      # DAGs    # Errors  Last Runtime    Last Run
-----------------------------------------  -----  ---------  --------  ----------  --------------  -------------------
/opt/airflow/dags/flood_prediction_dag.py                           1           0  0.41s           2025-10-15T07:11:25
================================================================================
[2025-10-15T07:12:18.196+0000] {manager.py:878} INFO - 
================================================================================
DAG File Processing Stats

File Path                                  PID    Runtime      # DAGs    # Errors  Last Runtime    Last Run
-----------------------------------------  -----  ---------  --------  ----------  --------------  -------------------
/opt/airflow/dags/flood_prediction_dag.py                           1           0  0.41s           2025-10-15T07:11:56
================================================================================
[2025-10-15T07:12:48.449+0000] {manager.py:878} INFO - 
================================================================================
DAG File Processing Stats

File Path                                  PID    Runtime      # DAGs    # Errors  Last Runtime    Last Run
-----------------------------------------  -----  ---------  --------  ----------  --------------  -------------------
/opt/airflow/dags/flood_prediction_dag.py                           1           0  0.53s           2025-10-15T07:12:27
================================================================================
[2025-10-15T07:13:19.221+0000] {manager.py:737} INFO - Searching for files in /opt/airflow/dags
[2025-10-15T07:13:19.306+0000] {manager.py:740} INFO - There are 1 files in /opt/airflow/dags
[2025-10-15T07:13:19.326+0000] {manager.py:878} INFO - 
================================================================================
DAG File Processing Stats

File Path                                  PID    Runtime      # DAGs    # Errors  Last Runtime    Last Run
-----------------------------------------  -----  ---------  --------  ----------  --------------  -------------------
/opt/airflow/dags/flood_prediction_dag.py                           1           0  0.52s           2025-10-15T07:12:58
================================================================================
[2025-10-15T07:13:49.630+0000] {manager.py:878} INFO - 
================================================================================
DAG File Processing Stats

File Path                                  PID    Runtime      # DAGs    # Errors  Last Runtime    Last Run
-----------------------------------------  -----  ---------  --------  ----------  --------------  -------------------
/opt/airflow/dags/flood_prediction_dag.py                           1           0  0.38s           2025-10-15T07:13:28
================================================================================
[2025-10-15T07:14:19.725+0000] {manager.py:878} INFO - 
================================================================================
DAG File Processing Stats

File Path                                  PID    Runtime      # DAGs    # Errors  Last Runtime    Last Run
-----------------------------------------  -----  ---------  --------  ----------  --------------  -------------------
/opt/airflow/dags/flood_prediction_dag.py                           1           0  0.44s           2025-10-15T07:13:59
================================================================================
[2025-10-15T07:14:50.015+0000] {manager.py:878} INFO - 
================================================================================
DAG File Processing Stats

File Path                                  PID    Runtime      # DAGs    # Errors  Last Runtime    Last Run
-----------------------------------------  -----  ---------  --------  ----------  --------------  -------------------
/opt/airflow/dags/flood_prediction_dag.py                           1           0  0.42s           2025-10-15T07:14:30
================================================================================
[2025-10-15T07:15:20.325+0000] {manager.py:878} INFO - 
================================================================================
DAG File Processing Stats

File Path                                  PID    Runtime      # DAGs    # Errors  Last Runtime    Last Run
-----------------------------------------  -----  ---------  --------  ----------  --------------  -------------------
/opt/airflow/dags/flood_prediction_dag.py                           1           0  0.53s           2025-10-15T07:15:01
================================================================================
[2025-10-15T07:15:50.632+0000] {manager.py:878} INFO - 
================================================================================
DAG File Processing Stats

File Path                                  PID    Runtime      # DAGs    # Errors  Last Runtime    Last Run
-----------------------------------------  -----  ---------  --------  ----------  --------------  -------------------
/opt/airflow/dags/flood_prediction_dag.py                           1           0  0.59s           2025-10-15T07:15:32
================================================================================
[2025-10-15T07:16:20.908+0000] {manager.py:878} INFO - 
================================================================================
DAG File Processing Stats

File Path                                  PID    Runtime      # DAGs    # Errors  Last Runtime    Last Run
-----------------------------------------  -----  ---------  --------  ----------  --------------  -------------------
/opt/airflow/dags/flood_prediction_dag.py                           1           0  0.56s           2025-10-15T07:16:02
================================================================================
[2025-10-15T07:16:51.416+0000] {manager.py:878} INFO - 
================================================================================
DAG File Processing Stats

File Path                                  PID    Runtime      # DAGs    # Errors  Last Runtime    Last Run
-----------------------------------------  -----  ---------  --------  ----------  --------------  -------------------
/opt/airflow/dags/flood_prediction_dag.py                           1           0  0.44s           2025-10-15T07:16:33
================================================================================
[2025-10-15T07:17:21.924+0000] {manager.py:878} INFO - 
================================================================================
DAG File Processing Stats

File Path                                  PID    Runtime      # DAGs    # Errors  Last Runtime    Last Run
-----------------------------------------  -----  ---------  --------  ----------  --------------  -------------------
/opt/airflow/dags/flood_prediction_dag.py                           1           0  0.46s           2025-10-15T07:17:04
================================================================================
[2025-10-15T07:17:52.516+0000] {manager.py:878} INFO - 
================================================================================
DAG File Processing Stats

File Path                                  PID    Runtime      # DAGs    # Errors  Last Runtime    Last Run
-----------------------------------------  -----  ---------  --------  ----------  --------------  -------------------
/opt/airflow/dags/flood_prediction_dag.py                           1           0  0.61s           2025-10-15T07:17:34
================================================================================
[2025-10-15T07:18:19.637+0000] {manager.py:737} INFO - Searching for files in /opt/airflow/dags
[2025-10-15T07:18:19.754+0000] {manager.py:740} INFO - There are 1 files in /opt/airflow/dags
[2025-10-15T07:18:22.815+0000] {manager.py:878} INFO - 
================================================================================
DAG File Processing Stats

File Path                                  PID    Runtime      # DAGs    # Errors  Last Runtime    Last Run
-----------------------------------------  -----  ---------  --------  ----------  --------------  -------------------
/opt/airflow/dags/flood_prediction_dag.py                           1           0  0.45s           2025-10-15T07:18:05
================================================================================
[2025-10-15T07:18:53.453+0000] {manager.py:878} INFO - 
================================================================================
DAG File Processing Stats

File Path                                  PID    Runtime      # DAGs    # Errors  Last Runtime    Last Run
-----------------------------------------  -----  ---------  --------  ----------  --------------  -------------------
/opt/airflow/dags/flood_prediction_dag.py                           1           0  0.51s           2025-10-15T07:18:36
================================================================================
[2025-10-15T07:19:23.762+0000] {manager.py:878} INFO - 
================================================================================
DAG File Processing Stats

File Path                                  PID    Runtime      # DAGs    # Errors  Last Runtime    Last Run
-----------------------------------------  -----  ---------  --------  ----------  --------------  -------------------
/opt/airflow/dags/flood_prediction_dag.py                           1           0  0.49s           2025-10-15T07:19:07
================================================================================
[2025-10-15T07:19:54.372+0000] {manager.py:878} INFO - 
================================================================================
DAG File Processing Stats

File Path                                  PID    Runtime      # DAGs    # Errors  Last Runtime    Last Run
-----------------------------------------  -----  ---------  --------  ----------  --------------  -------------------
/opt/airflow/dags/flood_prediction_dag.py                           1           0  0.39s           2025-10-15T07:19:37
================================================================================
[2025-10-15T07:20:24.566+0000] {manager.py:878} INFO - 
================================================================================
DAG File Processing Stats

File Path                                  PID    Runtime      # DAGs    # Errors  Last Runtime    Last Run
-----------------------------------------  -----  ---------  --------  ----------  --------------  -------------------
/opt/airflow/dags/flood_prediction_dag.py                           1           0  0.61s           2025-10-15T07:20:08
================================================================================
[2025-10-15T07:20:55.132+0000] {manager.py:878} INFO - 
================================================================================
DAG File Processing Stats

File Path                                  PID    Runtime      # DAGs    # Errors  Last Runtime    Last Run
-----------------------------------------  -----  ---------  --------  ----------  --------------  -------------------
/opt/airflow/dags/flood_prediction_dag.py                           1           0  0.36s           2025-10-15T07:20:39
================================================================================
[2025-10-15T07:21:25.379+0000] {manager.py:878} INFO - 
================================================================================
DAG File Processing Stats

File Path                                  PID    Runtime      # DAGs    # Errors  Last Runtime    Last Run
-----------------------------------------  -----  ---------  --------  ----------  --------------  -------------------
/opt/airflow/dags/flood_prediction_dag.py                           1           0  0.39s           2025-10-15T07:21:09
================================================================================
[2025-10-15T07:21:55.445+0000] {manager.py:878} INFO - 
================================================================================
DAG File Processing Stats

File Path                                  PID    Runtime      # DAGs    # Errors  Last Runtime    Last Run
-----------------------------------------  -----  ---------  --------  ----------  --------------  -------------------
/opt/airflow/dags/flood_prediction_dag.py                           1           0  0.48s           2025-10-15T07:21:40
================================================================================
[2025-10-15T07:22:25.661+0000] {manager.py:878} INFO - 
================================================================================
DAG File Processing Stats

File Path                                  PID    Runtime      # DAGs    # Errors  Last Runtime    Last Run
-----------------------------------------  -----  ---------  --------  ----------  --------------  -------------------
/opt/airflow/dags/flood_prediction_dag.py                           1           0  0.47s           2025-10-15T07:22:11
================================================================================
[2025-10-15T07:22:55.789+0000] {manager.py:878} INFO - 
================================================================================
DAG File Processing Stats

File Path                                  PID    Runtime      # DAGs    # Errors  Last Runtime    Last Run
-----------------------------------------  -----  ---------  --------  ----------  --------------  -------------------
/opt/airflow/dags/flood_prediction_dag.py                           1           0  0.47s           2025-10-15T07:22:41
================================================================================
[2025-10-15T07:23:19.973+0000] {manager.py:737} INFO - Searching for files in /opt/airflow/dags
[2025-10-15T07:23:20.033+0000] {manager.py:740} INFO - There are 1 files in /opt/airflow/dags
[2025-10-15T07:23:26.090+0000] {manager.py:878} INFO - 
================================================================================
DAG File Processing Stats

File Path                                  PID    Runtime      # DAGs    # Errors  Last Runtime    Last Run
-----------------------------------------  -----  ---------  --------  ----------  --------------  -------------------
/opt/airflow/dags/flood_prediction_dag.py                           1           0  0.38s           2025-10-15T07:23:12
================================================================================
[2025-10-15T07:23:56.617+0000] {manager.py:878} INFO - 
================================================================================
DAG File Processing Stats

File Path                                  PID    Runtime      # DAGs    # Errors  Last Runtime    Last Run
-----------------------------------------  -----  ---------  --------  ----------  --------------  -------------------
/opt/airflow/dags/flood_prediction_dag.py                           1           0  0.38s           2025-10-15T07:23:42
================================================================================
[2025-10-15T07:24:27.216+0000] {manager.py:878} INFO - 
================================================================================
DAG File Processing Stats

File Path                                  PID    Runtime      # DAGs    # Errors  Last Runtime    Last Run
-----------------------------------------  -----  ---------  --------  ----------  --------------  -------------------
/opt/airflow/dags/flood_prediction_dag.py                           1           0  0.38s           2025-10-15T07:24:13
================================================================================
[2025-10-15T07:24:57.257+0000] {manager.py:878} INFO - 
================================================================================
DAG File Processing Stats

File Path                                  PID    Runtime      # DAGs    # Errors  Last Runtime    Last Run
-----------------------------------------  -----  ---------  --------  ----------  --------------  -------------------
/opt/airflow/dags/flood_prediction_dag.py                           1           0  0.50s           2025-10-15T07:24:44
================================================================================
[2025-10-15T07:25:27.447+0000] {manager.py:878} INFO - 
================================================================================
DAG File Processing Stats

File Path                                  PID    Runtime      # DAGs    # Errors  Last Runtime    Last Run
-----------------------------------------  -----  ---------  --------  ----------  --------------  -------------------
/opt/airflow/dags/flood_prediction_dag.py                           1           0  0.48s           2025-10-15T07:25:14
================================================================================
[2025-10-15T07:25:57.630+0000] {manager.py:878} INFO - 
================================================================================
DAG File Processing Stats

File Path                                  PID    Runtime      # DAGs    # Errors  Last Runtime    Last Run
-----------------------------------------  -----  ---------  --------  ----------  --------------  -------------------
/opt/airflow/dags/flood_prediction_dag.py                           1           0  0.50s           2025-10-15T07:25:45
================================================================================
[2025-10-15T07:26:27.865+0000] {manager.py:878} INFO - 
================================================================================
DAG File Processing Stats

File Path                                  PID    Runtime      # DAGs    # Errors  Last Runtime    Last Run
-----------------------------------------  -----  ---------  --------  ----------  --------------  -------------------
/opt/airflow/dags/flood_prediction_dag.py                           1           0  0.38s           2025-10-15T07:26:16
================================================================================
[2025-10-15T07:26:57.882+0000] {manager.py:878} INFO - 
================================================================================
DAG File Processing Stats

File Path                                  PID    Runtime      # DAGs    # Errors  Last Runtime    Last Run
-----------------------------------------  -----  ---------  --------  ----------  --------------  -------------------
/opt/airflow/dags/flood_prediction_dag.py                           1           0  0.42s           2025-10-15T07:26:46
================================================================================
[2025-10-15T07:27:28.092+0000] {manager.py:878} INFO - 
================================================================================
DAG File Processing Stats

File Path                                  PID    Runtime      # DAGs    # Errors  Last Runtime    Last Run
-----------------------------------------  -----  ---------  --------  ----------  --------------  -------------------
/opt/airflow/dags/flood_prediction_dag.py                           1           0  0.43s           2025-10-15T07:27:17
================================================================================
[2025-10-15T07:27:58.284+0000] {manager.py:878} INFO - 
================================================================================
DAG File Processing Stats

File Path                                  PID    Runtime      # DAGs    # Errors  Last Runtime    Last Run
-----------------------------------------  -----  ---------  --------  ----------  --------------  -------------------
/opt/airflow/dags/flood_prediction_dag.py                           1           0  0.66s           2025-10-15T07:27:48
================================================================================
[2025-10-15T07:28:20.562+0000] {manager.py:737} INFO - Searching for files in /opt/airflow/dags
[2025-10-15T07:28:20.585+0000] {manager.py:740} INFO - There are 1 files in /opt/airflow/dags
[2025-10-15T07:28:28.642+0000] {manager.py:878} INFO - 
================================================================================
DAG File Processing Stats

File Path                                  PID    Runtime      # DAGs    # Errors  Last Runtime    Last Run
-----------------------------------------  -----  ---------  --------  ----------  --------------  -------------------
/opt/airflow/dags/flood_prediction_dag.py                           1           0  0.51s           2025-10-15T07:28:18
================================================================================
[2025-10-15T07:28:58.680+0000] {manager.py:878} INFO - 
================================================================================
DAG File Processing Stats

File Path                                  PID    Runtime      # DAGs    # Errors  Last Runtime    Last Run
-----------------------------------------  -----  ---------  --------  ----------  --------------  -------------------
/opt/airflow/dags/flood_prediction_dag.py                           1           0  0.50s           2025-10-15T07:28:49
================================================================================
[2025-10-15T07:29:28.873+0000] {manager.py:878} INFO - 
================================================================================
DAG File Processing Stats

File Path                                  PID    Runtime      # DAGs    # Errors  Last Runtime    Last Run
-----------------------------------------  -----  ---------  --------  ----------  --------------  -------------------
/opt/airflow/dags/flood_prediction_dag.py                           1           0  0.44s           2025-10-15T07:29:20
================================================================================
[2025-10-15T07:29:59.034+0000] {manager.py:878} INFO - 
================================================================================
DAG File Processing Stats

File Path                                  PID    Runtime      # DAGs    # Errors  Last Runtime    Last Run
-----------------------------------------  -----  ---------  --------  ----------  --------------  -------------------
/opt/airflow/dags/flood_prediction_dag.py                           1           0  0.53s           2025-10-15T07:29:50
================================================================================
[2025-10-15T07:30:29.227+0000] {manager.py:878} INFO - 
================================================================================
DAG File Processing Stats

File Path                                  PID    Runtime      # DAGs    # Errors  Last Runtime    Last Run
-----------------------------------------  -----  ---------  --------  ----------  --------------  -------------------
/opt/airflow/dags/flood_prediction_dag.py                           1           0  0.39s           2025-10-15T07:30:21
================================================================================
[2025-10-15T07:30:59.414+0000] {manager.py:878} INFO - 
================================================================================
DAG File Processing Stats

File Path                                  PID    Runtime      # DAGs    # Errors  Last Runtime    Last Run
-----------------------------------------  -----  ---------  --------  ----------  --------------  -------------------
/opt/airflow/dags/flood_prediction_dag.py                           1           0  0.58s           2025-10-15T07:30:52
================================================================================
[2025-10-15T07:31:30.019+0000] {manager.py:878} INFO - 
================================================================================
DAG File Processing Stats

File Path                                  PID    Runtime      # DAGs    # Errors  Last Runtime    Last Run
-----------------------------------------  -----  ---------  --------  ----------  --------------  -------------------
/opt/airflow/dags/flood_prediction_dag.py                           1           0  0.54s           2025-10-15T07:31:23
================================================================================
[2025-10-15T07:32:00.352+0000] {manager.py:878} INFO - 
================================================================================
DAG File Processing Stats

File Path                                  PID    Runtime      # DAGs    # Errors  Last Runtime    Last Run
-----------------------------------------  -----  ---------  --------  ----------  --------------  -------------------
/opt/airflow/dags/flood_prediction_dag.py                           1           0  0.75s           2025-10-15T07:31:53
================================================================================
[2025-10-15T07:32:30.535+0000] {manager.py:878} INFO - 
================================================================================
DAG File Processing Stats

File Path                                  PID    Runtime      # DAGs    # Errors  Last Runtime    Last Run
-----------------------------------------  -----  ---------  --------  ----------  --------------  -------------------
/opt/airflow/dags/flood_prediction_dag.py                           1           0  0.60s           2025-10-15T07:32:24
================================================================================
[2025-10-15T07:33:00.662+0000] {manager.py:878} INFO - 
================================================================================
DAG File Processing Stats

File Path                                  PID    Runtime      # DAGs    # Errors  Last Runtime    Last Run
-----------------------------------------  -----  ---------  --------  ----------  --------------  -------------------
/opt/airflow/dags/flood_prediction_dag.py                           1           0  0.61s           2025-10-15T07:32:55
================================================================================
[2025-10-15T07:33:20.906+0000] {manager.py:737} INFO - Searching for files in /opt/airflow/dags
[2025-10-15T07:33:20.934+0000] {manager.py:740} INFO - There are 1 files in /opt/airflow/dags
[2025-10-15T07:33:30.737+0000] {manager.py:878} INFO - 
================================================================================
DAG File Processing Stats

File Path                                  PID    Runtime      # DAGs    # Errors  Last Runtime    Last Run
-----------------------------------------  -----  ---------  --------  ----------  --------------  -------------------
/opt/airflow/dags/flood_prediction_dag.py                           1           0  0.70s           2025-10-15T07:33:26
================================================================================
[2025-10-15T07:34:01.010+0000] {manager.py:878} INFO - 
================================================================================
DAG File Processing Stats

File Path                                  PID    Runtime      # DAGs    # Errors  Last Runtime    Last Run
-----------------------------------------  -----  ---------  --------  ----------  --------------  -------------------
/opt/airflow/dags/flood_prediction_dag.py                           1           0  0.51s           2025-10-15T07:33:57
================================================================================
[2025-10-15T07:34:31.288+0000] {manager.py:878} INFO - 
================================================================================
DAG File Processing Stats

File Path                                  PID    Runtime      # DAGs    # Errors  Last Runtime    Last Run
-----------------------------------------  -----  ---------  --------  ----------  --------------  -------------------
/opt/airflow/dags/flood_prediction_dag.py                           1           0  0.54s           2025-10-15T07:34:28
================================================================================
[2025-10-15T07:35:01.514+0000] {manager.py:878} INFO - 
================================================================================
DAG File Processing Stats

File Path                                  PID    Runtime      # DAGs    # Errors  Last Runtime    Last Run
-----------------------------------------  -----  ---------  --------  ----------  --------------  -------------------
/opt/airflow/dags/flood_prediction_dag.py                           1           0  0.60s           2025-10-15T07:34:59
================================================================================
[2025-10-15T07:35:31.724+0000] {manager.py:878} INFO - 
================================================================================
DAG File Processing Stats

File Path                                  PID    Runtime      # DAGs    # Errors  Last Runtime    Last Run
-----------------------------------------  -----  ---------  --------  ----------  --------------  -------------------
/opt/airflow/dags/flood_prediction_dag.py                           1           0  0.42s           2025-10-15T07:35:29
================================================================================
[2025-10-15T07:36:02.403+0000] {manager.py:878} INFO - 
================================================================================
DAG File Processing Stats

File Path                                  PID    Runtime      # DAGs    # Errors  Last Runtime    Last Run
-----------------------------------------  -----  ---------  --------  ----------  --------------  -------------------
/opt/airflow/dags/flood_prediction_dag.py                           1           0  1.00s           2025-10-15T07:36:01
================================================================================
[2025-10-15T07:36:32.944+0000] {manager.py:878} INFO - 
================================================================================
DAG File Processing Stats

File Path                                  PID    Runtime      # DAGs    # Errors  Last Runtime    Last Run
-----------------------------------------  -----  ---------  --------  ----------  --------------  -------------------
/opt/airflow/dags/flood_prediction_dag.py                           1           0  0.83s           2025-10-15T07:36:32
================================================================================
[2025-10-15T07:37:03.611+0000] {manager.py:878} INFO - 
================================================================================
DAG File Processing Stats

File Path                                    PID  Runtime      # DAGs    # Errors  Last Runtime    Last Run
-----------------------------------------  -----  ---------  --------  ----------  --------------  -------------------
/opt/airflow/dags/flood_prediction_dag.py    566  0.00s             1           0  0.83s           2025-10-15T07:36:32
================================================================================
[2025-10-15T07:37:33.832+0000] {manager.py:878} INFO - 
================================================================================
DAG File Processing Stats

File Path                                  PID    Runtime      # DAGs    # Errors  Last Runtime    Last Run
-----------------------------------------  -----  ---------  --------  ----------  --------------  -------------------
/opt/airflow/dags/flood_prediction_dag.py                           1           0  0.88s           2025-10-15T07:37:04
================================================================================
[2025-10-15T07:38:04.087+0000] {manager.py:878} INFO - 
================================================================================
DAG File Processing Stats

File Path                                  PID    Runtime      # DAGs    # Errors  Last Runtime    Last Run
-----------------------------------------  -----  ---------  --------  ----------  --------------  -------------------
/opt/airflow/dags/flood_prediction_dag.py                           1           0  0.50s           2025-10-15T07:37:35
================================================================================
[2025-10-15T07:38:21.212+0000] {manager.py:737} INFO - Searching for files in /opt/airflow/dags
[2025-10-15T07:38:21.238+0000] {manager.py:740} INFO - There are 1 files in /opt/airflow/dags
[2025-10-15T07:38:34.343+0000] {manager.py:878} INFO - 
================================================================================
DAG File Processing Stats

File Path                                  PID    Runtime      # DAGs    # Errors  Last Runtime    Last Run
-----------------------------------------  -----  ---------  --------  ----------  --------------  -------------------
/opt/airflow/dags/flood_prediction_dag.py                           1           0  0.66s           2025-10-15T07:38:06
================================================================================
[2025-10-15T07:39:04.643+0000] {manager.py:878} INFO - 
================================================================================
DAG File Processing Stats

File Path                                  PID    Runtime      # DAGs    # Errors  Last Runtime    Last Run
-----------------------------------------  -----  ---------  --------  ----------  --------------  -------------------
/opt/airflow/dags/flood_prediction_dag.py                           1           0  0.39s           2025-10-15T07:38:36
================================================================================
[2025-10-15T07:39:34.652+0000] {manager.py:878} INFO - 
================================================================================
DAG File Processing Stats

File Path                                  PID    Runtime      # DAGs    # Errors  Last Runtime    Last Run
-----------------------------------------  -----  ---------  --------  ----------  --------------  -------------------
/opt/airflow/dags/flood_prediction_dag.py                           1           0  0.40s           2025-10-15T07:39:07
================================================================================
[2025-10-15T07:40:04.951+0000] {manager.py:878} INFO - 
================================================================================
DAG File Processing Stats

File Path                                  PID    Runtime      # DAGs    # Errors  Last Runtime    Last Run
-----------------------------------------  -----  ---------  --------  ----------  --------------  -------------------
/opt/airflow/dags/flood_prediction_dag.py                           1           0  0.30s           2025-10-15T07:39:56
================================================================================
[2025-10-15T07:40:35.490+0000] {manager.py:878} INFO - 
================================================================================
DAG File Processing Stats

File Path                                  PID    Runtime      # DAGs    # Errors  Last Runtime    Last Run
-----------------------------------------  -----  ---------  --------  ----------  --------------  -------------------
/opt/airflow/dags/flood_prediction_dag.py                           1           0  0.24s           2025-10-15T07:40:26
================================================================================
[2025-10-15T07:41:05.968+0000] {manager.py:878} INFO - 
================================================================================
DAG File Processing Stats

File Path                                  PID    Runtime      # DAGs    # Errors  Last Runtime    Last Run
-----------------------------------------  -----  ---------  --------  ----------  --------------  -------------------
/opt/airflow/dags/flood_prediction_dag.py                           1           0  0.27s           2025-10-15T07:40:56
================================================================================
[2025-10-15T07:41:36.304+0000] {manager.py:878} INFO - 
================================================================================
DAG File Processing Stats

File Path                                  PID    Runtime      # DAGs    # Errors  Last Runtime    Last Run
-----------------------------------------  -----  ---------  --------  ----------  --------------  -------------------
/opt/airflow/dags/flood_prediction_dag.py                           1           0  0.26s           2025-10-15T07:41:27
================================================================================
[2025-10-15T07:42:06.806+0000] {manager.py:878} INFO - 
================================================================================
DAG File Processing Stats

File Path                                  PID    Runtime      # DAGs    # Errors  Last Runtime    Last Run
-----------------------------------------  -----  ---------  --------  ----------  --------------  -------------------
/opt/airflow/dags/flood_prediction_dag.py                           1           0  0.29s           2025-10-15T07:41:57
================================================================================
[2025-10-15T07:42:37.131+0000] {manager.py:878} INFO - 
================================================================================
DAG File Processing Stats

File Path                                  PID    Runtime      # DAGs    # Errors  Last Runtime    Last Run
-----------------------------------------  -----  ---------  --------  ----------  --------------  -------------------
/opt/airflow/dags/flood_prediction_dag.py                           1           0  0.32s           2025-10-15T07:42:28
================================================================================
[2025-10-15T07:43:07.767+0000] {manager.py:878} INFO - 
================================================================================
DAG File Processing Stats

File Path                                  PID    Runtime      # DAGs    # Errors  Last Runtime    Last Run
-----------------------------------------  -----  ---------  --------  ----------  --------------  -------------------
/opt/airflow/dags/flood_prediction_dag.py                           1           0  0.31s           2025-10-15T07:42:58
================================================================================
[2025-10-15T07:43:21.875+0000] {manager.py:737} INFO - Searching for files in /opt/airflow/dags
[2025-10-15T07:43:21.960+0000] {manager.py:740} INFO - There are 1 files in /opt/airflow/dags
[2025-10-15T07:43:38.293+0000] {manager.py:878} INFO - 
================================================================================
DAG File Processing Stats

File Path                                  PID    Runtime      # DAGs    # Errors  Last Runtime    Last Run
-----------------------------------------  -----  ---------  --------  ----------  --------------  -------------------
/opt/airflow/dags/flood_prediction_dag.py                           1           0  0.24s           2025-10-15T07:43:29
================================================================================
[2025-10-15T07:44:08.613+0000] {manager.py:878} INFO - 
================================================================================
DAG File Processing Stats

File Path                                  PID    Runtime      # DAGs    # Errors  Last Runtime    Last Run
-----------------------------------------  -----  ---------  --------  ----------  --------------  -------------------
/opt/airflow/dags/flood_prediction_dag.py                           1           0  1.40s           2025-10-15T07:43:47
================================================================================
[2025-10-15T07:44:38.841+0000] {manager.py:878} INFO - 
================================================================================
DAG File Processing Stats

File Path                                  PID    Runtime      # DAGs    # Errors  Last Runtime    Last Run
-----------------------------------------  -----  ---------  --------  ----------  --------------  -------------------
/opt/airflow/dags/flood_prediction_dag.py                           1           0  0.97s           2025-10-15T07:44:19
================================================================================
