[2025-10-30T15:08:54.365+0000] {local_task_job_runner.py:120} INFO - ::group::Pre task execution logs
[2025-10-30T15:08:54.387+0000] {taskinstance.py:2076} INFO - Dependencies all met for dep_context=non-requeueable deps ti=<TaskInstance: flood_prediction_pipeline.predict_and_log manual__2025-10-30T15:08:50.262245+00:00 [queued]>
[2025-10-30T15:08:54.394+0000] {taskinstance.py:2076} INFO - Dependencies all met for dep_context=requeueable deps ti=<TaskInstance: flood_prediction_pipeline.predict_and_log manual__2025-10-30T15:08:50.262245+00:00 [queued]>
[2025-10-30T15:08:54.395+0000] {taskinstance.py:2306} INFO - Starting attempt 1 of 2
[2025-10-30T15:08:54.407+0000] {taskinstance.py:2330} INFO - Executing <Task(PythonOperator): predict_and_log> on 2025-10-30 15:08:50.262245+00:00
[2025-10-30T15:08:54.415+0000] {logging_mixin.py:188} WARNING - /home/***/.local/lib/python3.12/site-packages/***/task/task_runner/standard_task_runner.py:61 DeprecationWarning: This process (pid=262) is multi-threaded, use of fork() may lead to deadlocks in the child.
[2025-10-30T15:08:54.414+0000] {standard_task_runner.py:90} INFO - Running: ['***', 'tasks', 'run', 'flood_prediction_pipeline', 'predict_and_log', 'manual__2025-10-30T15:08:50.262245+00:00', '--job-id', '97', '--raw', '--subdir', 'DAGS_FOLDER/flood_prediction_dag.py', '--cfg-path', '/tmp/tmp_ntctcy4']
[2025-10-30T15:08:54.416+0000] {standard_task_runner.py:63} INFO - Started process 272 to run task
[2025-10-30T15:08:54.416+0000] {standard_task_runner.py:91} INFO - Job 97: Subtask predict_and_log
[2025-10-30T15:08:54.453+0000] {task_command.py:426} INFO - Running <TaskInstance: flood_prediction_pipeline.predict_and_log manual__2025-10-30T15:08:50.262245+00:00 [running]> on host ef4a724a1397
[2025-10-30T15:08:54.525+0000] {taskinstance.py:2648} INFO - Exporting env vars: AIRFLOW_CTX_DAG_OWNER='***' AIRFLOW_CTX_DAG_ID='flood_prediction_pipeline' AIRFLOW_CTX_TASK_ID='predict_and_log' AIRFLOW_CTX_EXECUTION_DATE='2025-10-30T15:08:50.262245+00:00' AIRFLOW_CTX_TRY_NUMBER='1' AIRFLOW_CTX_DAG_RUN_ID='manual__2025-10-30T15:08:50.262245+00:00'
[2025-10-30T15:08:54.527+0000] {taskinstance.py:430} INFO - ::endgroup::
[2025-10-30T15:08:55.840+0000] {logging_mixin.py:188} WARNING - /home/***/.local/lib/python3.12/site-packages/sklearn/ensemble/_base.py:168 UserWarning: Loky-backed parallel loops cannot be called in a multiprocessing, setting n_jobs=1
[2025-10-30T15:08:55.847+0000] {logging_mixin.py:188} WARNING - /home/***/.local/lib/python3.12/site-packages/sklearn/ensemble/_base.py:168 UserWarning: Loky-backed parallel loops cannot be called in a multiprocessing, setting n_jobs=1
[2025-10-30T15:08:55.853+0000] {logging_mixin.py:188} WARNING - /home/***/.local/lib/python3.12/site-packages/sklearn/ensemble/_base.py:168 UserWarning: Loky-backed parallel loops cannot be called in a multiprocessing, setting n_jobs=1
[2025-10-30T15:08:56.171+0000] {logging_mixin.py:188} INFO - 🏃 View run LivePrediction_2025-10-30 15:08:55 at: http://mlflow:5000/#/experiments/1/runs/210c62dac7104aed973da23d4ce5c0fd
[2025-10-30T15:08:56.172+0000] {logging_mixin.py:188} INFO - 🧪 View experiment at: http://mlflow:5000/#/experiments/1
[2025-10-30T15:08:56.232+0000] {logging_mixin.py:188} INFO - ✅ Prediction generated and pushed for logging.
[2025-10-30T15:08:56.233+0000] {python.py:237} INFO - Done. Returned value was: Prediction_Completed
[2025-10-30T15:08:56.234+0000] {taskinstance.py:441} INFO - ::group::Post task execution logs
[2025-10-30T15:08:56.251+0000] {taskinstance.py:1206} INFO - Marking task as SUCCESS. dag_id=flood_prediction_pipeline, task_id=predict_and_log, run_id=manual__2025-10-30T15:08:50.262245+00:00, execution_date=20251030T150850, start_date=20251030T150854, end_date=20251030T150856
[2025-10-30T15:08:56.277+0000] {local_task_job_runner.py:240} INFO - Task exited with return code 0
[2025-10-30T15:08:56.295+0000] {taskinstance.py:3498} INFO - 1 downstream tasks scheduled from follow-on schedule check
[2025-10-30T15:08:56.298+0000] {local_task_job_runner.py:222} INFO - ::endgroup::
