[2025-10-17T21:21:57.186+0000] {local_task_job_runner.py:120} INFO - ::group::Pre task execution logs
[2025-10-17T21:21:57.211+0000] {taskinstance.py:2076} INFO - Dependencies all met for dep_context=non-requeueable deps ti=<TaskInstance: flood_prediction_pipeline.predict_and_log manual__2025-10-17T21:21:53.499699+00:00 [queued]>
[2025-10-17T21:21:57.218+0000] {taskinstance.py:2076} INFO - Dependencies all met for dep_context=requeueable deps ti=<TaskInstance: flood_prediction_pipeline.predict_and_log manual__2025-10-17T21:21:53.499699+00:00 [queued]>
[2025-10-17T21:21:57.219+0000] {taskinstance.py:2306} INFO - Starting attempt 1 of 2
[2025-10-17T21:21:57.231+0000] {taskinstance.py:2330} INFO - Executing <Task(PythonOperator): predict_and_log> on 2025-10-17 21:21:53.499699+00:00
[2025-10-17T21:21:57.240+0000] {logging_mixin.py:188} WARNING - /home/***/.local/lib/python3.12/site-packages/***/task/task_runner/standard_task_runner.py:61 DeprecationWarning: This process (pid=4240) is multi-threaded, use of fork() may lead to deadlocks in the child.
[2025-10-17T21:21:57.239+0000] {standard_task_runner.py:90} INFO - Running: ['***', 'tasks', 'run', 'flood_prediction_pipeline', 'predict_and_log', 'manual__2025-10-17T21:21:53.499699+00:00', '--job-id', '101', '--raw', '--subdir', 'DAGS_FOLDER/flood_prediction_dag.py', '--cfg-path', '/tmp/tmpdaym1hpq']
[2025-10-17T21:21:57.241+0000] {standard_task_runner.py:63} INFO - Started process 4243 to run task
[2025-10-17T21:21:57.242+0000] {standard_task_runner.py:91} INFO - Job 101: Subtask predict_and_log
[2025-10-17T21:21:57.283+0000] {task_command.py:426} INFO - Running <TaskInstance: flood_prediction_pipeline.predict_and_log manual__2025-10-17T21:21:53.499699+00:00 [running]> on host fcca755cbcb6
[2025-10-17T21:21:57.360+0000] {taskinstance.py:2648} INFO - Exporting env vars: AIRFLOW_CTX_DAG_OWNER='***' AIRFLOW_CTX_DAG_ID='flood_prediction_pipeline' AIRFLOW_CTX_TASK_ID='predict_and_log' AIRFLOW_CTX_EXECUTION_DATE='2025-10-17T21:21:53.499699+00:00' AIRFLOW_CTX_TRY_NUMBER='1' AIRFLOW_CTX_DAG_RUN_ID='manual__2025-10-17T21:21:53.499699+00:00'
[2025-10-17T21:21:57.362+0000] {taskinstance.py:430} INFO - ::endgroup::
[2025-10-17T21:21:58.215+0000] {logging_mixin.py:188} WARNING - /home/***/.local/lib/python3.12/site-packages/sklearn/ensemble/_base.py:168 UserWarning: Loky-backed parallel loops cannot be called in a multiprocessing, setting n_jobs=1
[2025-10-17T21:21:58.223+0000] {logging_mixin.py:188} WARNING - /home/***/.local/lib/python3.12/site-packages/sklearn/ensemble/_base.py:168 UserWarning: Loky-backed parallel loops cannot be called in a multiprocessing, setting n_jobs=1
[2025-10-17T21:21:58.229+0000] {logging_mixin.py:188} INFO - ❌ Prediction failed: index 1 is out of bounds for axis 0 with size 1
[2025-10-17T21:21:58.229+0000] {python.py:237} INFO - Done. Returned value was: {'error': 'index 1 is out of bounds for axis 0 with size 1'}
[2025-10-17T21:21:58.230+0000] {taskinstance.py:441} INFO - ::group::Post task execution logs
[2025-10-17T21:21:58.249+0000] {taskinstance.py:1206} INFO - Marking task as SUCCESS. dag_id=flood_prediction_pipeline, task_id=predict_and_log, run_id=manual__2025-10-17T21:21:53.499699+00:00, execution_date=20251017T212153, start_date=20251017T212157, end_date=20251017T212158
[2025-10-17T21:21:58.299+0000] {local_task_job_runner.py:240} INFO - Task exited with return code 0
[2025-10-17T21:21:58.311+0000] {taskinstance.py:3498} INFO - 0 downstream tasks scheduled from follow-on schedule check
[2025-10-17T21:21:58.314+0000] {local_task_job_runner.py:222} INFO - ::endgroup::
