[2025-10-30T15:00:06.515+0000] {local_task_job_runner.py:120} INFO - ::group::Pre task execution logs
[2025-10-30T15:00:06.535+0000] {taskinstance.py:2076} INFO - Dependencies all met for dep_context=non-requeueable deps ti=<TaskInstance: flood_prediction_pipeline.log_to_database scheduled__2025-10-30T14:55:00+00:00 [queued]>
[2025-10-30T15:00:06.542+0000] {taskinstance.py:2076} INFO - Dependencies all met for dep_context=requeueable deps ti=<TaskInstance: flood_prediction_pipeline.log_to_database scheduled__2025-10-30T14:55:00+00:00 [queued]>
[2025-10-30T15:00:06.543+0000] {taskinstance.py:2306} INFO - Starting attempt 1 of 2
[2025-10-30T15:00:06.555+0000] {taskinstance.py:2330} INFO - Executing <Task(PythonOperator): log_to_database> on 2025-10-30 14:55:00+00:00
[2025-10-30T15:00:06.562+0000] {logging_mixin.py:188} WARNING - /home/***/.local/lib/python3.12/site-packages/***/task/task_runner/standard_task_runner.py:61 DeprecationWarning: This process (pid=4775) is multi-threaded, use of fork() may lead to deadlocks in the child.
[2025-10-30T15:00:06.562+0000] {standard_task_runner.py:90} INFO - Running: ['***', 'tasks', 'run', 'flood_prediction_pipeline', 'log_to_database', 'scheduled__2025-10-30T14:55:00+00:00', '--job-id', '87', '--raw', '--subdir', 'DAGS_FOLDER/flood_prediction_dag.py', '--cfg-path', '/tmp/tmp1g037bd3']
[2025-10-30T15:00:06.564+0000] {standard_task_runner.py:63} INFO - Started process 4782 to run task
[2025-10-30T15:00:06.565+0000] {standard_task_runner.py:91} INFO - Job 87: Subtask log_to_database
[2025-10-30T15:00:06.611+0000] {task_command.py:426} INFO - Running <TaskInstance: flood_prediction_pipeline.log_to_database scheduled__2025-10-30T14:55:00+00:00 [running]> on host 31ca9a0c8d51
[2025-10-30T15:00:06.678+0000] {taskinstance.py:2648} INFO - Exporting env vars: AIRFLOW_CTX_DAG_OWNER='***' AIRFLOW_CTX_DAG_ID='flood_prediction_pipeline' AIRFLOW_CTX_TASK_ID='log_to_database' AIRFLOW_CTX_EXECUTION_DATE='2025-10-30T14:55:00+00:00' AIRFLOW_CTX_TRY_NUMBER='1' AIRFLOW_CTX_DAG_RUN_ID='scheduled__2025-10-30T14:55:00+00:00'
[2025-10-30T15:00:06.680+0000] {taskinstance.py:430} INFO - ::endgroup::
[2025-10-30T15:00:06.705+0000] {base.py:84} INFO - Using connection ID 'postgres_default' for task execution.
[2025-10-30T15:00:06.709+0000] {sql.py:470} INFO - Running statement: 
        CREATE TABLE IF NOT EXISTS flood_predictions_log (
            id SERIAL PRIMARY KEY,
            timestamp TIMESTAMP UNIQUE,
            city VARCHAR(50),
            prediction INT,
            probability FLOAT,
            rain_24h FLOAT,
            temp FLOAT,
            humidity FLOAT,
            pressure FLOAT
        );
    , parameters: None
[2025-10-30T15:00:06.716+0000] {base.py:84} INFO - Using connection ID 'postgres_default' for task execution.
[2025-10-30T15:00:06.719+0000] {sql.py:470} INFO - Running statement: 
        INSERT INTO flood_predictions_log (timestamp, city, prediction, probability, rain_24h, temp, humidity, pressure)
        VALUES (%s, %s, %s, %s, %s, %s, %s, %s)
        ON CONFLICT (timestamp) DO NOTHING
    , parameters: ['2025-10-30 15:00:04', 'Nizamabad', 0, 0.016, 4.72, 25.15, 71.37, 997.66]
[2025-10-30T15:00:06.721+0000] {sql.py:479} INFO - Rows affected: 1
[2025-10-30T15:00:06.725+0000] {logging_mixin.py:188} INFO - ✅ Logged prediction for Nizamabad to PostgreSQL.
[2025-10-30T15:00:06.726+0000] {python.py:237} INFO - Done. Returned value was: None
[2025-10-30T15:00:06.727+0000] {taskinstance.py:441} INFO - ::group::Post task execution logs
[2025-10-30T15:00:06.733+0000] {taskinstance.py:1206} INFO - Marking task as SUCCESS. dag_id=flood_prediction_pipeline, task_id=log_to_database, run_id=scheduled__2025-10-30T14:55:00+00:00, execution_date=20251030T145500, start_date=20251030T150006, end_date=20251030T150006
[2025-10-30T15:00:06.782+0000] {local_task_job_runner.py:240} INFO - Task exited with return code 0
[2025-10-30T15:00:06.804+0000] {taskinstance.py:3498} INFO - 1 downstream tasks scheduled from follow-on schedule check
[2025-10-30T15:00:06.810+0000] {local_task_job_runner.py:222} INFO - ::endgroup::
