[2025-10-20T08:00:02.580+0000] {local_task_job_runner.py:120} INFO - ::group::Pre task execution logs
[2025-10-20T08:00:02.599+0000] {taskinstance.py:2076} INFO - Dependencies all met for dep_context=non-requeueable deps ti=<TaskInstance: flood_prediction_pipeline.predict_and_log scheduled__2025-10-20T07:55:00+00:00 [queued]>
[2025-10-20T08:00:02.606+0000] {taskinstance.py:2076} INFO - Dependencies all met for dep_context=requeueable deps ti=<TaskInstance: flood_prediction_pipeline.predict_and_log scheduled__2025-10-20T07:55:00+00:00 [queued]>
[2025-10-20T08:00:02.607+0000] {taskinstance.py:2306} INFO - Starting attempt 1 of 2
[2025-10-20T08:00:02.618+0000] {taskinstance.py:2330} INFO - Executing <Task(PythonOperator): predict_and_log> on 2025-10-20 07:55:00+00:00
[2025-10-20T08:00:02.627+0000] {logging_mixin.py:188} WARNING - /home/***/.local/lib/python3.12/site-packages/***/task/task_runner/standard_task_runner.py:61 DeprecationWarning: This process (pid=3788) is multi-threaded, use of fork() may lead to deadlocks in the child.
[2025-10-20T08:00:02.628+0000] {standard_task_runner.py:63} INFO - Started process 3791 to run task
[2025-10-20T08:00:02.627+0000] {standard_task_runner.py:90} INFO - Running: ['***', 'tasks', 'run', 'flood_prediction_pipeline', 'predict_and_log', 'scheduled__2025-10-20T07:55:00+00:00', '--job-id', '637', '--raw', '--subdir', 'DAGS_FOLDER/flood_prediction_dag.py', '--cfg-path', '/tmp/tmphuig7kdl']
[2025-10-20T08:00:02.629+0000] {standard_task_runner.py:91} INFO - Job 637: Subtask predict_and_log
[2025-10-20T08:00:02.667+0000] {task_command.py:426} INFO - Running <TaskInstance: flood_prediction_pipeline.predict_and_log scheduled__2025-10-20T07:55:00+00:00 [running]> on host 7a672faa1ea7
[2025-10-20T08:00:02.742+0000] {taskinstance.py:2648} INFO - Exporting env vars: AIRFLOW_CTX_DAG_OWNER='***' AIRFLOW_CTX_DAG_ID='flood_prediction_pipeline' AIRFLOW_CTX_TASK_ID='predict_and_log' AIRFLOW_CTX_EXECUTION_DATE='2025-10-20T07:55:00+00:00' AIRFLOW_CTX_TRY_NUMBER='1' AIRFLOW_CTX_DAG_RUN_ID='scheduled__2025-10-20T07:55:00+00:00'
[2025-10-20T08:00:02.744+0000] {taskinstance.py:430} INFO - ::endgroup::
[2025-10-20T08:00:03.630+0000] {logging_mixin.py:188} WARNING - /home/***/.local/lib/python3.12/site-packages/sklearn/ensemble/_base.py:168 UserWarning: Loky-backed parallel loops cannot be called in a multiprocessing, setting n_jobs=1
[2025-10-20T08:00:03.635+0000] {logging_mixin.py:188} WARNING - /home/***/.local/lib/python3.12/site-packages/sklearn/ensemble/_base.py:168 UserWarning: Loky-backed parallel loops cannot be called in a multiprocessing, setting n_jobs=1
[2025-10-20T08:00:03.667+0000] {logging_mixin.py:188} INFO - ❌ Prediction failed: Error tokenizing data. C error: Expected 23 fields in line 12, saw 24
[2025-10-20T08:00:03.669+0000] {python.py:237} INFO - Done. Returned value was: {'error': 'Error tokenizing data. C error: Expected 23 fields in line 12, saw 24\n'}
[2025-10-20T08:00:03.670+0000] {taskinstance.py:441} INFO - ::group::Post task execution logs
[2025-10-20T08:00:03.691+0000] {taskinstance.py:1206} INFO - Marking task as SUCCESS. dag_id=flood_prediction_pipeline, task_id=predict_and_log, run_id=scheduled__2025-10-20T07:55:00+00:00, execution_date=20251020T075500, start_date=20251020T080002, end_date=20251020T080003
[2025-10-20T08:00:03.728+0000] {local_task_job_runner.py:240} INFO - Task exited with return code 0
[2025-10-20T08:00:03.742+0000] {taskinstance.py:3498} INFO - 0 downstream tasks scheduled from follow-on schedule check
[2025-10-20T08:00:03.746+0000] {local_task_job_runner.py:222} INFO - ::endgroup::
