[2025-10-28T17:29:15.698+0000] {local_task_job_runner.py:120} INFO - ::group::Pre task execution logs
[2025-10-28T17:29:15.733+0000] {taskinstance.py:2076} INFO - Dependencies all met for dep_context=non-requeueable deps ti=<TaskInstance: model_retraining_pipeline.deployment_successful manual__2025-10-28T17:28:55.946126+00:00 [queued]>
[2025-10-28T17:29:15.746+0000] {taskinstance.py:2076} INFO - Dependencies all met for dep_context=requeueable deps ti=<TaskInstance: model_retraining_pipeline.deployment_successful manual__2025-10-28T17:28:55.946126+00:00 [queued]>
[2025-10-28T17:29:15.748+0000] {taskinstance.py:2306} INFO - Starting attempt 1 of 2
[2025-10-28T17:29:15.764+0000] {taskinstance.py:2330} INFO - Executing <Task(BashOperator): deployment_successful> on 2025-10-28 17:28:55.946126+00:00
[2025-10-28T17:29:15.778+0000] {logging_mixin.py:188} WARNING - /home/***/.local/lib/python3.12/site-packages/***/task/task_runner/standard_task_runner.py:61 DeprecationWarning: This process (pid=7687) is multi-threaded, use of fork() may lead to deadlocks in the child.
[2025-10-28T17:29:15.779+0000] {standard_task_runner.py:63} INFO - Started process 7757 to run task
[2025-10-28T17:29:15.778+0000] {standard_task_runner.py:90} INFO - Running: ['***', 'tasks', 'run', 'model_retraining_pipeline', 'deployment_successful', 'manual__2025-10-28T17:28:55.946126+00:00', '--job-id', '220', '--raw', '--subdir', 'DAGS_FOLDER/retraining_pipeline.py', '--cfg-path', '/tmp/tmpvw6lro9b']
[2025-10-28T17:29:15.780+0000] {standard_task_runner.py:91} INFO - Job 220: Subtask deployment_successful
[2025-10-28T17:29:15.838+0000] {task_command.py:426} INFO - Running <TaskInstance: model_retraining_pipeline.deployment_successful manual__2025-10-28T17:28:55.946126+00:00 [running]> on host 42dce8a10814
[2025-10-28T17:29:15.936+0000] {taskinstance.py:2648} INFO - Exporting env vars: AIRFLOW_CTX_DAG_OWNER='***' AIRFLOW_CTX_DAG_ID='model_retraining_pipeline' AIRFLOW_CTX_TASK_ID='deployment_successful' AIRFLOW_CTX_EXECUTION_DATE='2025-10-28T17:28:55.946126+00:00' AIRFLOW_CTX_TRY_NUMBER='1' AIRFLOW_CTX_DAG_RUN_ID='manual__2025-10-28T17:28:55.946126+00:00'
[2025-10-28T17:29:15.938+0000] {taskinstance.py:430} INFO - ::endgroup::
[2025-10-28T17:29:15.952+0000] {subprocess.py:63} INFO - Tmp dir root location: /tmp
[2025-10-28T17:29:15.953+0000] {subprocess.py:75} INFO - Running command: ['/usr/bin/bash', '-c', "echo 'Deployment initiated for new production model: UrbanFloodClassifier'"]
[2025-10-28T17:29:15.973+0000] {subprocess.py:86} INFO - Output:
[2025-10-28T17:29:15.974+0000] {subprocess.py:93} INFO - Deployment initiated for new production model: UrbanFloodClassifier
[2025-10-28T17:29:15.975+0000] {subprocess.py:97} INFO - Command exited with return code 0
[2025-10-28T17:29:15.977+0000] {taskinstance.py:441} INFO - ::group::Post task execution logs
[2025-10-28T17:29:16.008+0000] {taskinstance.py:1206} INFO - Marking task as SUCCESS. dag_id=model_retraining_pipeline, task_id=deployment_successful, run_id=manual__2025-10-28T17:28:55.946126+00:00, execution_date=20251028T172855, start_date=20251028T172915, end_date=20251028T172916
[2025-10-28T17:29:16.075+0000] {local_task_job_runner.py:240} INFO - Task exited with return code 0
[2025-10-28T17:29:16.092+0000] {taskinstance.py:3498} INFO - 0 downstream tasks scheduled from follow-on schedule check
[2025-10-28T17:29:16.097+0000] {local_task_job_runner.py:222} INFO - ::endgroup::
