[2025-10-24T15:09:39.815+0000] {local_task_job_runner.py:120} INFO - ::group::Pre task execution logs
[2025-10-24T15:09:39.850+0000] {taskinstance.py:2076} INFO - Dependencies all met for dep_context=non-requeueable deps ti=<TaskInstance: flood_prediction_pipeline.predict_and_log scheduled__2025-10-24T14:55:00+00:00 [queued]>
[2025-10-24T15:09:39.859+0000] {taskinstance.py:2076} INFO - Dependencies all met for dep_context=requeueable deps ti=<TaskInstance: flood_prediction_pipeline.predict_and_log scheduled__2025-10-24T14:55:00+00:00 [queued]>
[2025-10-24T15:09:39.860+0000] {taskinstance.py:2306} INFO - Starting attempt 1 of 2
[2025-10-24T15:09:39.875+0000] {taskinstance.py:2330} INFO - Executing <Task(PythonOperator): predict_and_log> on 2025-10-24 14:55:00+00:00
[2025-10-24T15:09:39.887+0000] {logging_mixin.py:188} WARNING - /home/***/.local/lib/python3.12/site-packages/***/task/task_runner/standard_task_runner.py:61 DeprecationWarning: This process (pid=1120) is multi-threaded, use of fork() may lead to deadlocks in the child.
[2025-10-24T15:09:39.885+0000] {standard_task_runner.py:90} INFO - Running: ['***', 'tasks', 'run', 'flood_prediction_pipeline', 'predict_and_log', 'scheduled__2025-10-24T14:55:00+00:00', '--job-id', '572', '--raw', '--subdir', 'DAGS_FOLDER/flood_prediction_dag.py', '--cfg-path', '/tmp/tmpo5as1yn2']
[2025-10-24T15:09:39.887+0000] {standard_task_runner.py:63} INFO - Started process 1129 to run task
[2025-10-24T15:09:39.888+0000] {standard_task_runner.py:91} INFO - Job 572: Subtask predict_and_log
[2025-10-24T15:09:39.948+0000] {task_command.py:426} INFO - Running <TaskInstance: flood_prediction_pipeline.predict_and_log scheduled__2025-10-24T14:55:00+00:00 [running]> on host 6c6b5fe21086
[2025-10-24T15:09:40.056+0000] {taskinstance.py:2648} INFO - Exporting env vars: AIRFLOW_CTX_DAG_OWNER='***' AIRFLOW_CTX_DAG_ID='flood_prediction_pipeline' AIRFLOW_CTX_TASK_ID='predict_and_log' AIRFLOW_CTX_EXECUTION_DATE='2025-10-24T14:55:00+00:00' AIRFLOW_CTX_TRY_NUMBER='1' AIRFLOW_CTX_DAG_RUN_ID='scheduled__2025-10-24T14:55:00+00:00'
[2025-10-24T15:09:40.061+0000] {taskinstance.py:430} INFO - ::endgroup::
[2025-10-24T15:09:42.913+0000] {logging_mixin.py:188} WARNING - /home/***/.local/lib/python3.12/site-packages/sklearn/ensemble/_base.py:168 UserWarning: Loky-backed parallel loops cannot be called in a multiprocessing, setting n_jobs=1
[2025-10-24T15:09:42.923+0000] {logging_mixin.py:188} WARNING - /home/***/.local/lib/python3.12/site-packages/sklearn/ensemble/_base.py:168 UserWarning: Loky-backed parallel loops cannot be called in a multiprocessing, setting n_jobs=1
[2025-10-24T15:09:42.929+0000] {logging_mixin.py:188} WARNING - /home/***/.local/lib/python3.12/site-packages/sklearn/ensemble/_base.py:168 UserWarning: Loky-backed parallel loops cannot be called in a multiprocessing, setting n_jobs=1
[2025-10-24T15:09:42.936+0000] {logging_mixin.py:188} WARNING - /home/***/.local/lib/python3.12/site-packages/sklearn/ensemble/_base.py:168 UserWarning: Loky-backed parallel loops cannot be called in a multiprocessing, setting n_jobs=1
[2025-10-24T15:09:42.942+0000] {logging_mixin.py:188} WARNING - /home/***/.local/lib/python3.12/site-packages/sklearn/ensemble/_base.py:168 UserWarning: Loky-backed parallel loops cannot be called in a multiprocessing, setting n_jobs=1
[2025-10-24T15:09:42.949+0000] {logging_mixin.py:188} WARNING - /home/***/.local/lib/python3.12/site-packages/sklearn/ensemble/_base.py:168 UserWarning: Loky-backed parallel loops cannot be called in a multiprocessing, setting n_jobs=1
[2025-10-24T15:09:43.041+0000] {logging_mixin.py:188} INFO - ✅ Prediction logged: {'prediction': 0, 'probability': 0.0, 'timestamp': '2025-10-24_15-09-42', 'lat': 17.2284270259515, 'lon': 80.15749669246298, 'city': 'Khammam'}
[2025-10-24T15:09:43.052+0000] {python.py:237} INFO - Done. Returned value was: Prediction_Completed
[2025-10-24T15:09:43.053+0000] {taskinstance.py:441} INFO - ::group::Post task execution logs
[2025-10-24T15:09:43.068+0000] {taskinstance.py:1206} INFO - Marking task as SUCCESS. dag_id=flood_prediction_pipeline, task_id=predict_and_log, run_id=scheduled__2025-10-24T14:55:00+00:00, execution_date=20251024T145500, start_date=20251024T150939, end_date=20251024T150943
[2025-10-24T15:09:43.123+0000] {local_task_job_runner.py:240} INFO - Task exited with return code 0
[2025-10-24T15:09:43.144+0000] {taskinstance.py:3498} INFO - 1 downstream tasks scheduled from follow-on schedule check
[2025-10-24T15:09:43.148+0000] {local_task_job_runner.py:222} INFO - ::endgroup::
