[2025-10-20T19:16:54.741+0000] {local_task_job_runner.py:120} INFO - ::group::Pre task execution logs
[2025-10-20T19:16:54.776+0000] {taskinstance.py:2076} INFO - Dependencies all met for dep_context=non-requeueable deps ti=<TaskInstance: flood_prediction_pipeline.predict_and_log manual__2025-10-20T19:16:52.620046+00:00 [queued]>
[2025-10-20T19:16:54.787+0000] {taskinstance.py:2076} INFO - Dependencies all met for dep_context=requeueable deps ti=<TaskInstance: flood_prediction_pipeline.predict_and_log manual__2025-10-20T19:16:52.620046+00:00 [queued]>
[2025-10-20T19:16:54.787+0000] {taskinstance.py:2306} INFO - Starting attempt 1 of 2
[2025-10-20T19:16:54.805+0000] {taskinstance.py:2330} INFO - Executing <Task(PythonOperator): predict_and_log> on 2025-10-20 19:16:52.620046+00:00
[2025-10-20T19:16:54.814+0000] {standard_task_runner.py:90} INFO - Running: ['***', 'tasks', 'run', 'flood_prediction_pipeline', 'predict_and_log', 'manual__2025-10-20T19:16:52.620046+00:00', '--job-id', '201', '--raw', '--subdir', 'DAGS_FOLDER/flood_prediction_dag.py', '--cfg-path', '/tmp/tmp1bmddak5']
[2025-10-20T19:16:54.815+0000] {logging_mixin.py:188} WARNING - /home/***/.local/lib/python3.12/site-packages/***/task/task_runner/standard_task_runner.py:61 DeprecationWarning: This process (pid=255) is multi-threaded, use of fork() may lead to deadlocks in the child.
[2025-10-20T19:16:54.817+0000] {standard_task_runner.py:91} INFO - Job 201: Subtask predict_and_log
[2025-10-20T19:16:54.818+0000] {standard_task_runner.py:63} INFO - Started process 257 to run task
[2025-10-20T19:16:54.870+0000] {task_command.py:426} INFO - Running <TaskInstance: flood_prediction_pipeline.predict_and_log manual__2025-10-20T19:16:52.620046+00:00 [running]> on host 9c5bdffab446
[2025-10-20T19:16:55.120+0000] {taskinstance.py:2648} INFO - Exporting env vars: AIRFLOW_CTX_DAG_OWNER='***' AIRFLOW_CTX_DAG_ID='flood_prediction_pipeline' AIRFLOW_CTX_TASK_ID='predict_and_log' AIRFLOW_CTX_EXECUTION_DATE='2025-10-20T19:16:52.620046+00:00' AIRFLOW_CTX_TRY_NUMBER='1' AIRFLOW_CTX_DAG_RUN_ID='manual__2025-10-20T19:16:52.620046+00:00'
[2025-10-20T19:16:55.122+0000] {taskinstance.py:430} INFO - ::endgroup::
[2025-10-20T19:16:57.333+0000] {logging_mixin.py:188} WARNING - /home/***/.local/lib/python3.12/site-packages/sklearn/ensemble/_base.py:168 UserWarning: Loky-backed parallel loops cannot be called in a multiprocessing, setting n_jobs=1
[2025-10-20T19:16:57.342+0000] {logging_mixin.py:188} WARNING - /home/***/.local/lib/python3.12/site-packages/sklearn/ensemble/_base.py:168 UserWarning: Loky-backed parallel loops cannot be called in a multiprocessing, setting n_jobs=1
[2025-10-20T19:16:57.351+0000] {logging_mixin.py:188} WARNING - /home/***/.local/lib/python3.12/site-packages/sklearn/ensemble/_base.py:168 UserWarning: Loky-backed parallel loops cannot be called in a multiprocessing, setting n_jobs=1
[2025-10-20T19:16:57.361+0000] {logging_mixin.py:188} WARNING - /home/***/.local/lib/python3.12/site-packages/sklearn/ensemble/_base.py:168 UserWarning: Loky-backed parallel loops cannot be called in a multiprocessing, setting n_jobs=1
[2025-10-20T19:16:57.373+0000] {logging_mixin.py:188} WARNING - /home/***/.local/lib/python3.12/site-packages/sklearn/ensemble/_base.py:168 UserWarning: Loky-backed parallel loops cannot be called in a multiprocessing, setting n_jobs=1
[2025-10-20T19:16:57.382+0000] {logging_mixin.py:188} WARNING - /home/***/.local/lib/python3.12/site-packages/sklearn/ensemble/_base.py:168 UserWarning: Loky-backed parallel loops cannot be called in a multiprocessing, setting n_jobs=1
[2025-10-20T19:16:57.461+0000] {logging_mixin.py:188} INFO - ✅ Prediction logged: {'prediction': 0, 'probability': 0.091, 'timestamp': '2025-10-20 19:16:57', 'lat': 17.375360202682156, 'lon': 78.5046117952786, 'city': 'Hyderabad'}
[2025-10-20T19:16:57.463+0000] {python.py:237} INFO - Done. Returned value was: {'prediction': 0, 'probability': 0.091, 'timestamp': '2025-10-20 19:16:57', 'lat': 17.375360202682156, 'lon': 78.5046117952786, 'city': 'Hyderabad'}
[2025-10-20T19:16:57.465+0000] {taskinstance.py:441} INFO - ::group::Post task execution logs
[2025-10-20T19:16:57.493+0000] {taskinstance.py:1206} INFO - Marking task as SUCCESS. dag_id=flood_prediction_pipeline, task_id=predict_and_log, run_id=manual__2025-10-20T19:16:52.620046+00:00, execution_date=20251020T191652, start_date=20251020T191654, end_date=20251020T191657
[2025-10-20T19:16:57.523+0000] {local_task_job_runner.py:240} INFO - Task exited with return code 0
[2025-10-20T19:16:57.540+0000] {taskinstance.py:3498} INFO - 0 downstream tasks scheduled from follow-on schedule check
[2025-10-20T19:16:57.543+0000] {local_task_job_runner.py:222} INFO - ::endgroup::
