[2025-10-30T15:10:01.973+0000] {local_task_job_runner.py:120} INFO - ::group::Pre task execution logs
[2025-10-30T15:10:01.996+0000] {taskinstance.py:2076} INFO - Dependencies all met for dep_context=non-requeueable deps ti=<TaskInstance: flood_prediction_pipeline.fetch_weather_data scheduled__2025-10-30T15:05:00+00:00 [queued]>
[2025-10-30T15:10:02.003+0000] {taskinstance.py:2076} INFO - Dependencies all met for dep_context=requeueable deps ti=<TaskInstance: flood_prediction_pipeline.fetch_weather_data scheduled__2025-10-30T15:05:00+00:00 [queued]>
[2025-10-30T15:10:02.004+0000] {taskinstance.py:2306} INFO - Starting attempt 1 of 2
[2025-10-30T15:10:02.018+0000] {taskinstance.py:2330} INFO - Executing <Task(PythonOperator): fetch_weather_data> on 2025-10-30 15:05:00+00:00
[2025-10-30T15:10:02.026+0000] {standard_task_runner.py:90} INFO - Running: ['***', 'tasks', 'run', 'flood_prediction_pipeline', 'fetch_weather_data', 'scheduled__2025-10-30T15:05:00+00:00', '--job-id', '101', '--raw', '--subdir', 'DAGS_FOLDER/flood_prediction_dag.py', '--cfg-path', '/tmp/tmpnv9_9l9w']
[2025-10-30T15:10:02.026+0000] {logging_mixin.py:188} WARNING - /home/***/.local/lib/python3.12/site-packages/***/task/task_runner/standard_task_runner.py:61 DeprecationWarning: This process (pid=404) is multi-threaded, use of fork() may lead to deadlocks in the child.
[2025-10-30T15:10:02.027+0000] {standard_task_runner.py:91} INFO - Job 101: Subtask fetch_weather_data
[2025-10-30T15:10:02.027+0000] {standard_task_runner.py:63} INFO - Started process 421 to run task
[2025-10-30T15:10:02.073+0000] {task_command.py:426} INFO - Running <TaskInstance: flood_prediction_pipeline.fetch_weather_data scheduled__2025-10-30T15:05:00+00:00 [running]> on host ef4a724a1397
[2025-10-30T15:10:02.157+0000] {taskinstance.py:2648} INFO - Exporting env vars: AIRFLOW_CTX_DAG_OWNER='***' AIRFLOW_CTX_DAG_ID='flood_prediction_pipeline' AIRFLOW_CTX_TASK_ID='fetch_weather_data' AIRFLOW_CTX_EXECUTION_DATE='2025-10-30T15:05:00+00:00' AIRFLOW_CTX_TRY_NUMBER='1' AIRFLOW_CTX_DAG_RUN_ID='scheduled__2025-10-30T15:05:00+00:00'
[2025-10-30T15:10:02.160+0000] {taskinstance.py:430} INFO - ::endgroup::
[2025-10-30T15:10:02.213+0000] {logging_mixin.py:188} INFO - 🚨 Forced rain event: 6.98 mm/h (Run 20)
[2025-10-30T15:10:02.224+0000] {logging_mixin.py:188} INFO - ✅ Weather fetched. Rain (1h/24h): 6.98 / 6.98
[2025-10-30T15:10:02.225+0000] {python.py:237} INFO - Done. Returned value was: {'temp': 21.63, 'humidity': 92.01, 'pressure': 1014.56, 'wind_speed': 4.73, 'rain_1h': 6.98, 'rain_3h': 6.98, 'rain_6h': 6.98, 'rain_24h': 6.98, 'rain_intensity': 6.98, 'temp_delta': -10.640000000000004, 'humidity_delta': 21.91000000000001, 'hour': 15, 'day': 30, 'month': 10, 'year': 2025}
[2025-10-30T15:10:02.226+0000] {taskinstance.py:441} INFO - ::group::Post task execution logs
[2025-10-30T15:10:02.247+0000] {taskinstance.py:1206} INFO - Marking task as SUCCESS. dag_id=flood_prediction_pipeline, task_id=fetch_weather_data, run_id=scheduled__2025-10-30T15:05:00+00:00, execution_date=20251030T150500, start_date=20251030T151001, end_date=20251030T151002
[2025-10-30T15:10:02.283+0000] {local_task_job_runner.py:240} INFO - Task exited with return code 0
[2025-10-30T15:10:02.304+0000] {taskinstance.py:3498} INFO - 1 downstream tasks scheduled from follow-on schedule check
[2025-10-30T15:10:02.308+0000] {local_task_job_runner.py:222} INFO - ::endgroup::
