[2025-10-30T13:56:41.379+0000] {local_task_job_runner.py:120} INFO - ::group::Pre task execution logs
[2025-10-30T13:56:41.406+0000] {taskinstance.py:2076} INFO - Dependencies all met for dep_context=non-requeueable deps ti=<TaskInstance: flood_prediction_pipeline.predict_and_log scheduled__2025-10-30T13:50:00+00:00 [queued]>
[2025-10-30T13:56:41.417+0000] {taskinstance.py:2076} INFO - Dependencies all met for dep_context=requeueable deps ti=<TaskInstance: flood_prediction_pipeline.predict_and_log scheduled__2025-10-30T13:50:00+00:00 [queued]>
[2025-10-30T13:56:41.420+0000] {taskinstance.py:2306} INFO - Starting attempt 1 of 2
[2025-10-30T13:56:41.434+0000] {taskinstance.py:2330} INFO - Executing <Task(PythonOperator): predict_and_log> on 2025-10-30 13:50:00+00:00
[2025-10-30T13:56:41.442+0000] {standard_task_runner.py:90} INFO - Running: ['***', 'tasks', 'run', 'flood_prediction_pipeline', 'predict_and_log', 'scheduled__2025-10-30T13:50:00+00:00', '--job-id', '4', '--raw', '--subdir', 'DAGS_FOLDER/flood_prediction_dag.py', '--cfg-path', '/tmp/tmpd7ievtlz']
[2025-10-30T13:56:41.443+0000] {logging_mixin.py:188} WARNING - /home/***/.local/lib/python3.12/site-packages/***/task/task_runner/standard_task_runner.py:61 DeprecationWarning: This process (pid=231) is multi-threaded, use of fork() may lead to deadlocks in the child.
[2025-10-30T13:56:41.444+0000] {standard_task_runner.py:91} INFO - Job 4: Subtask predict_and_log
[2025-10-30T13:56:41.444+0000] {standard_task_runner.py:63} INFO - Started process 237 to run task
[2025-10-30T13:56:41.496+0000] {task_command.py:426} INFO - Running <TaskInstance: flood_prediction_pipeline.predict_and_log scheduled__2025-10-30T13:50:00+00:00 [running]> on host 31ca9a0c8d51
[2025-10-30T13:56:41.567+0000] {taskinstance.py:2648} INFO - Exporting env vars: AIRFLOW_CTX_DAG_OWNER='***' AIRFLOW_CTX_DAG_ID='flood_prediction_pipeline' AIRFLOW_CTX_TASK_ID='predict_and_log' AIRFLOW_CTX_EXECUTION_DATE='2025-10-30T13:50:00+00:00' AIRFLOW_CTX_TRY_NUMBER='1' AIRFLOW_CTX_DAG_RUN_ID='scheduled__2025-10-30T13:50:00+00:00'
[2025-10-30T13:56:41.569+0000] {taskinstance.py:430} INFO - ::endgroup::
[2025-10-30T13:56:42.737+0000] {logging_mixin.py:188} WARNING - /home/***/.local/lib/python3.12/site-packages/sklearn/ensemble/_base.py:168 UserWarning: Loky-backed parallel loops cannot be called in a multiprocessing, setting n_jobs=1
[2025-10-30T13:56:42.756+0000] {logging_mixin.py:188} WARNING - /home/***/.local/lib/python3.12/site-packages/sklearn/ensemble/_base.py:168 UserWarning: Loky-backed parallel loops cannot be called in a multiprocessing, setting n_jobs=1
[2025-10-30T13:56:42.769+0000] {logging_mixin.py:188} WARNING - /home/***/.local/lib/python3.12/site-packages/sklearn/ensemble/_base.py:168 UserWarning: Loky-backed parallel loops cannot be called in a multiprocessing, setting n_jobs=1
[2025-10-30T13:56:43.206+0000] {logging_mixin.py:188} INFO - 🏃 View run LivePrediction_2025-10-30 13:56:42 at: http://mlflow:5000/#/experiments/1/runs/5bd2f6f8b69f4291a1350e393eeed128
[2025-10-30T13:56:43.208+0000] {logging_mixin.py:188} INFO - 🧪 View experiment at: http://mlflow:5000/#/experiments/1
[2025-10-30T13:56:43.289+0000] {logging_mixin.py:188} INFO - ✅ Prediction generated and pushed for logging.
[2025-10-30T13:56:43.290+0000] {python.py:237} INFO - Done. Returned value was: Prediction_Completed
[2025-10-30T13:56:43.291+0000] {taskinstance.py:441} INFO - ::group::Post task execution logs
[2025-10-30T13:56:43.323+0000] {taskinstance.py:1206} INFO - Marking task as SUCCESS. dag_id=flood_prediction_pipeline, task_id=predict_and_log, run_id=scheduled__2025-10-30T13:50:00+00:00, execution_date=20251030T135000, start_date=20251030T135641, end_date=20251030T135643
[2025-10-30T13:56:43.390+0000] {local_task_job_runner.py:240} INFO - Task exited with return code 0
[2025-10-30T13:56:43.412+0000] {taskinstance.py:3498} INFO - 1 downstream tasks scheduled from follow-on schedule check
[2025-10-30T13:56:43.423+0000] {local_task_job_runner.py:222} INFO - ::endgroup::
