[2025-10-17T21:15:03.342+0000] {local_task_job_runner.py:120} INFO - ::group::Pre task execution logs
[2025-10-17T21:15:03.362+0000] {taskinstance.py:2076} INFO - Dependencies all met for dep_context=non-requeueable deps ti=<TaskInstance: flood_prediction_pipeline.predict_and_log scheduled__2025-10-17T21:10:00+00:00 [queued]>
[2025-10-17T21:15:03.369+0000] {taskinstance.py:2076} INFO - Dependencies all met for dep_context=requeueable deps ti=<TaskInstance: flood_prediction_pipeline.predict_and_log scheduled__2025-10-17T21:10:00+00:00 [queued]>
[2025-10-17T21:15:03.371+0000] {taskinstance.py:2306} INFO - Starting attempt 1 of 2
[2025-10-17T21:15:03.382+0000] {taskinstance.py:2330} INFO - Executing <Task(PythonOperator): predict_and_log> on 2025-10-17 21:10:00+00:00
[2025-10-17T21:15:03.389+0000] {logging_mixin.py:188} WARNING - /home/***/.local/lib/python3.12/site-packages/***/task/task_runner/standard_task_runner.py:61 DeprecationWarning: This process (pid=4105) is multi-threaded, use of fork() may lead to deadlocks in the child.
[2025-10-17T21:15:03.389+0000] {standard_task_runner.py:90} INFO - Running: ['***', 'tasks', 'run', 'flood_prediction_pipeline', 'predict_and_log', 'scheduled__2025-10-17T21:10:00+00:00', '--job-id', '97', '--raw', '--subdir', 'DAGS_FOLDER/flood_prediction_dag.py', '--cfg-path', '/tmp/tmp_ddv7t25']
[2025-10-17T21:15:03.390+0000] {standard_task_runner.py:63} INFO - Started process 4108 to run task
[2025-10-17T21:15:03.391+0000] {standard_task_runner.py:91} INFO - Job 97: Subtask predict_and_log
[2025-10-17T21:15:03.434+0000] {task_command.py:426} INFO - Running <TaskInstance: flood_prediction_pipeline.predict_and_log scheduled__2025-10-17T21:10:00+00:00 [running]> on host fcca755cbcb6
[2025-10-17T21:15:03.506+0000] {taskinstance.py:2648} INFO - Exporting env vars: AIRFLOW_CTX_DAG_OWNER='***' AIRFLOW_CTX_DAG_ID='flood_prediction_pipeline' AIRFLOW_CTX_TASK_ID='predict_and_log' AIRFLOW_CTX_EXECUTION_DATE='2025-10-17T21:10:00+00:00' AIRFLOW_CTX_TRY_NUMBER='1' AIRFLOW_CTX_DAG_RUN_ID='scheduled__2025-10-17T21:10:00+00:00'
[2025-10-17T21:15:03.508+0000] {taskinstance.py:430} INFO - ::endgroup::
[2025-10-17T21:15:04.254+0000] {logging_mixin.py:188} WARNING - /home/***/.local/lib/python3.12/site-packages/sklearn/ensemble/_base.py:168 UserWarning: Loky-backed parallel loops cannot be called in a multiprocessing, setting n_jobs=1
[2025-10-17T21:15:04.264+0000] {logging_mixin.py:188} WARNING - /home/***/.local/lib/python3.12/site-packages/sklearn/ensemble/_base.py:168 UserWarning: Loky-backed parallel loops cannot be called in a multiprocessing, setting n_jobs=1
[2025-10-17T21:15:04.269+0000] {logging_mixin.py:188} INFO - ❌ Prediction failed: index 1 is out of bounds for axis 0 with size 1
[2025-10-17T21:15:04.271+0000] {python.py:237} INFO - Done. Returned value was: {'error': 'index 1 is out of bounds for axis 0 with size 1'}
[2025-10-17T21:15:04.272+0000] {taskinstance.py:441} INFO - ::group::Post task execution logs
[2025-10-17T21:15:04.290+0000] {taskinstance.py:1206} INFO - Marking task as SUCCESS. dag_id=flood_prediction_pipeline, task_id=predict_and_log, run_id=scheduled__2025-10-17T21:10:00+00:00, execution_date=20251017T211000, start_date=20251017T211503, end_date=20251017T211504
[2025-10-17T21:15:04.331+0000] {local_task_job_runner.py:240} INFO - Task exited with return code 0
[2025-10-17T21:15:04.344+0000] {taskinstance.py:3498} INFO - 0 downstream tasks scheduled from follow-on schedule check
[2025-10-17T21:15:04.347+0000] {local_task_job_runner.py:222} INFO - ::endgroup::
