[2025-10-30T17:52:06.191+0000] {local_task_job_runner.py:120} INFO - ::group::Pre task execution logs
[2025-10-30T17:52:06.208+0000] {taskinstance.py:2076} INFO - Dependencies all met for dep_context=non-requeueable deps ti=<TaskInstance: flood_prediction_pipeline.log_to_database manual__2025-10-30T17:51:58.512703+00:00 [queued]>
[2025-10-30T17:52:06.215+0000] {taskinstance.py:2076} INFO - Dependencies all met for dep_context=requeueable deps ti=<TaskInstance: flood_prediction_pipeline.log_to_database manual__2025-10-30T17:51:58.512703+00:00 [queued]>
[2025-10-30T17:52:06.216+0000] {taskinstance.py:2306} INFO - Starting attempt 1 of 2
[2025-10-30T17:52:06.226+0000] {taskinstance.py:2330} INFO - Executing <Task(PythonOperator): log_to_database> on 2025-10-30 17:51:58.512703+00:00
[2025-10-30T17:52:06.233+0000] {logging_mixin.py:188} WARNING - /home/***/.local/lib/python3.12/site-packages/***/task/task_runner/standard_task_runner.py:61 DeprecationWarning: This process (pid=2277) is multi-threaded, use of fork() may lead to deadlocks in the child.
[2025-10-30T17:52:06.233+0000] {standard_task_runner.py:90} INFO - Running: ['***', 'tasks', 'run', 'flood_prediction_pipeline', 'log_to_database', 'manual__2025-10-30T17:51:58.512703+00:00', '--job-id', '308', '--raw', '--subdir', 'DAGS_FOLDER/flood_prediction_dag.py', '--cfg-path', '/tmp/tmp0wpi7qcp']
[2025-10-30T17:52:06.234+0000] {standard_task_runner.py:63} INFO - Started process 2280 to run task
[2025-10-30T17:52:06.234+0000] {standard_task_runner.py:91} INFO - Job 308: Subtask log_to_database
[2025-10-30T17:52:06.272+0000] {task_command.py:426} INFO - Running <TaskInstance: flood_prediction_pipeline.log_to_database manual__2025-10-30T17:51:58.512703+00:00 [running]> on host adac321c4d0a
[2025-10-30T17:52:06.342+0000] {taskinstance.py:2648} INFO - Exporting env vars: AIRFLOW_CTX_DAG_OWNER='***' AIRFLOW_CTX_DAG_ID='flood_prediction_pipeline' AIRFLOW_CTX_TASK_ID='log_to_database' AIRFLOW_CTX_EXECUTION_DATE='2025-10-30T17:51:58.512703+00:00' AIRFLOW_CTX_TRY_NUMBER='1' AIRFLOW_CTX_DAG_RUN_ID='manual__2025-10-30T17:51:58.512703+00:00'
[2025-10-30T17:52:06.343+0000] {taskinstance.py:430} INFO - ::endgroup::
[2025-10-30T17:52:06.370+0000] {base.py:84} INFO - Using connection ID 'postgres_default' for task execution.
[2025-10-30T17:52:06.373+0000] {sql.py:470} INFO - Running statement: 
        CREATE TABLE IF NOT EXISTS flood_predictions_log (
            id SERIAL PRIMARY KEY,
            timestamp TIMESTAMP UNIQUE,
            city VARCHAR(50),
            prediction INT,
            probability FLOAT,
            rain_24h FLOAT,
            temp FLOAT,
            humidity FLOAT,
            pressure FLOAT
        );
    , parameters: None
[2025-10-30T17:52:06.381+0000] {base.py:84} INFO - Using connection ID 'postgres_default' for task execution.
[2025-10-30T17:52:06.385+0000] {sql.py:470} INFO - Running statement: 
        INSERT INTO flood_predictions_log (timestamp, city, prediction, probability, rain_24h, temp, humidity, pressure)
        VALUES (%s, %s, %s, %s, %s, %s, %s, %s)
        ON CONFLICT (timestamp) DO NOTHING
    , parameters: ['2025-10-30 17:52:03', 'Karimnagar', 0, 0.128, 7.94, 20.29, 80.28, 1000.89]
[2025-10-30T17:52:06.387+0000] {sql.py:479} INFO - Rows affected: 1
[2025-10-30T17:52:06.390+0000] {logging_mixin.py:188} INFO - ✅ Logged prediction for Karimnagar to PostgreSQL.
[2025-10-30T17:52:06.391+0000] {python.py:237} INFO - Done. Returned value was: None
[2025-10-30T17:52:06.391+0000] {taskinstance.py:441} INFO - ::group::Post task execution logs
[2025-10-30T17:52:06.398+0000] {taskinstance.py:1206} INFO - Marking task as SUCCESS. dag_id=flood_prediction_pipeline, task_id=log_to_database, run_id=manual__2025-10-30T17:51:58.512703+00:00, execution_date=20251030T175158, start_date=20251030T175206, end_date=20251030T175206
[2025-10-30T17:52:06.449+0000] {local_task_job_runner.py:240} INFO - Task exited with return code 0
[2025-10-30T17:52:06.471+0000] {taskinstance.py:3498} INFO - 1 downstream tasks scheduled from follow-on schedule check
[2025-10-30T17:52:06.475+0000] {local_task_job_runner.py:222} INFO - ::endgroup::
