[2025-10-30T12:20:02.616+0000] {local_task_job_runner.py:120} INFO - ::group::Pre task execution logs
[2025-10-30T12:20:02.664+0000] {taskinstance.py:2076} INFO - Dependencies all met for dep_context=non-requeueable deps ti=<TaskInstance: flood_prediction_pipeline.fetch_weather_data scheduled__2025-10-30T12:15:00+00:00 [queued]>
[2025-10-30T12:20:02.683+0000] {taskinstance.py:2076} INFO - Dependencies all met for dep_context=requeueable deps ti=<TaskInstance: flood_prediction_pipeline.fetch_weather_data scheduled__2025-10-30T12:15:00+00:00 [queued]>
[2025-10-30T12:20:02.694+0000] {taskinstance.py:2306} INFO - Starting attempt 1 of 2
[2025-10-30T12:20:02.718+0000] {taskinstance.py:2330} INFO - Executing <Task(PythonOperator): fetch_weather_data> on 2025-10-30 12:15:00+00:00
[2025-10-30T12:20:02.733+0000] {logging_mixin.py:188} WARNING - /home/***/.local/lib/python3.12/site-packages/***/task/task_runner/standard_task_runner.py:61 DeprecationWarning: This process (pid=1623) is multi-threaded, use of fork() may lead to deadlocks in the child.
[2025-10-30T12:20:02.732+0000] {standard_task_runner.py:90} INFO - Running: ['***', 'tasks', 'run', 'flood_prediction_pipeline', 'fetch_weather_data', 'scheduled__2025-10-30T12:15:00+00:00', '--job-id', '346', '--raw', '--subdir', 'DAGS_FOLDER/flood_prediction_dag.py', '--cfg-path', '/tmp/tmpxuv1n64p']
[2025-10-30T12:20:02.735+0000] {standard_task_runner.py:63} INFO - Started process 1626 to run task
[2025-10-30T12:20:02.735+0000] {standard_task_runner.py:91} INFO - Job 346: Subtask fetch_weather_data
[2025-10-30T12:20:02.815+0000] {task_command.py:426} INFO - Running <TaskInstance: flood_prediction_pipeline.fetch_weather_data scheduled__2025-10-30T12:15:00+00:00 [running]> on host 19da7fe5fa41
[2025-10-30T12:20:02.975+0000] {taskinstance.py:2648} INFO - Exporting env vars: AIRFLOW_CTX_DAG_OWNER='***' AIRFLOW_CTX_DAG_ID='flood_prediction_pipeline' AIRFLOW_CTX_TASK_ID='fetch_weather_data' AIRFLOW_CTX_EXECUTION_DATE='2025-10-30T12:15:00+00:00' AIRFLOW_CTX_TRY_NUMBER='1' AIRFLOW_CTX_DAG_RUN_ID='scheduled__2025-10-30T12:15:00+00:00'
[2025-10-30T12:20:02.979+0000] {taskinstance.py:430} INFO - ::endgroup::
[2025-10-30T12:20:03.061+0000] {logging_mixin.py:188} INFO - 🚨 Forced rain event: 5.9 mm/h (Run 30)
[2025-10-30T12:20:03.077+0000] {logging_mixin.py:188} INFO - ✅ Weather fetched. Rain (1h/24h): 5.9 / 5.9
[2025-10-30T12:20:03.078+0000] {python.py:237} INFO - Done. Returned value was: {'temp': 28.07, 'humidity': 92.37, 'pressure': 1024.71, 'wind_speed': 9.01, 'rain_1h': 5.9, 'rain_3h': 5.9, 'rain_6h': 5.9, 'rain_24h': 5.9, 'rain_intensity': 5.9, 'temp_delta': -4.200000000000003, 'humidity_delta': 22.27000000000001, 'hour': 12, 'day': 30, 'month': 10, 'year': 2025}
[2025-10-30T12:20:03.079+0000] {taskinstance.py:441} INFO - ::group::Post task execution logs
[2025-10-30T12:20:03.109+0000] {taskinstance.py:1206} INFO - Marking task as SUCCESS. dag_id=flood_prediction_pipeline, task_id=fetch_weather_data, run_id=scheduled__2025-10-30T12:15:00+00:00, execution_date=20251030T121500, start_date=20251030T122002, end_date=20251030T122003
[2025-10-30T12:20:03.152+0000] {local_task_job_runner.py:240} INFO - Task exited with return code 0
[2025-10-30T12:20:03.192+0000] {taskinstance.py:3498} INFO - 1 downstream tasks scheduled from follow-on schedule check
[2025-10-30T12:20:03.197+0000] {local_task_job_runner.py:222} INFO - ::endgroup::
