[2025-10-30T12:03:46.251+0000] {local_task_job_runner.py:120} INFO - ::group::Pre task execution logs
[2025-10-30T12:03:46.383+0000] {taskinstance.py:2076} INFO - Dependencies all met for dep_context=non-requeueable deps ti=<TaskInstance: flood_prediction_pipeline.fetch_weather_data scheduled__2025-10-29T21:05:00+00:00 [queued]>
[2025-10-30T12:03:46.425+0000] {taskinstance.py:2076} INFO - Dependencies all met for dep_context=requeueable deps ti=<TaskInstance: flood_prediction_pipeline.fetch_weather_data scheduled__2025-10-29T21:05:00+00:00 [queued]>
[2025-10-30T12:03:46.430+0000] {taskinstance.py:2306} INFO - Starting attempt 1 of 2
[2025-10-30T12:03:46.508+0000] {taskinstance.py:2330} INFO - Executing <Task(PythonOperator): fetch_weather_data> on 2025-10-29 21:05:00+00:00
[2025-10-30T12:03:46.554+0000] {logging_mixin.py:188} WARNING - /home/***/.local/lib/python3.12/site-packages/***/task/task_runner/standard_task_runner.py:61 DeprecationWarning: This process (pid=217) is multi-threaded, use of fork() may lead to deadlocks in the child.
[2025-10-30T12:03:46.551+0000] {standard_task_runner.py:90} INFO - Running: ['***', 'tasks', 'run', 'flood_prediction_pipeline', 'fetch_weather_data', 'scheduled__2025-10-29T21:05:00+00:00', '--job-id', '315', '--raw', '--subdir', 'DAGS_FOLDER/flood_prediction_dag.py', '--cfg-path', '/tmp/tmp3ry7jqth']
[2025-10-30T12:03:46.563+0000] {standard_task_runner.py:63} INFO - Started process 258 to run task
[2025-10-30T12:03:46.570+0000] {standard_task_runner.py:91} INFO - Job 315: Subtask fetch_weather_data
[2025-10-30T12:03:46.946+0000] {task_command.py:426} INFO - Running <TaskInstance: flood_prediction_pipeline.fetch_weather_data scheduled__2025-10-29T21:05:00+00:00 [running]> on host 19da7fe5fa41
[2025-10-30T12:03:47.433+0000] {taskinstance.py:2648} INFO - Exporting env vars: AIRFLOW_CTX_DAG_OWNER='***' AIRFLOW_CTX_DAG_ID='flood_prediction_pipeline' AIRFLOW_CTX_TASK_ID='fetch_weather_data' AIRFLOW_CTX_EXECUTION_DATE='2025-10-29T21:05:00+00:00' AIRFLOW_CTX_TRY_NUMBER='1' AIRFLOW_CTX_DAG_RUN_ID='scheduled__2025-10-29T21:05:00+00:00'
[2025-10-30T12:03:47.443+0000] {taskinstance.py:430} INFO - ::endgroup::
[2025-10-30T12:03:47.743+0000] {taskinstance.py:441} INFO - ::group::Post task execution logs
[2025-10-30T12:03:47.758+0000] {taskinstance.py:2905} ERROR - Task failed with exception
Traceback (most recent call last):
  File "/home/airflow/.local/lib/python3.12/site-packages/sqlalchemy/engine/base.py", line 1910, in _execute_context
    self.dialect.do_execute(
  File "/home/airflow/.local/lib/python3.12/site-packages/sqlalchemy/engine/default.py", line 736, in do_execute
    cursor.execute(statement, parameters)
psycopg2.errors.UniqueViolation: duplicate key value violates unique constraint "variable_key_uq"
DETAIL:  Key (key)=(flood_run_count) already exists.


The above exception was the direct cause of the following exception:

Traceback (most recent call last):
  File "/home/airflow/.local/lib/python3.12/site-packages/airflow/models/taskinstance.py", line 465, in _execute_task
    result = _execute_callable(context=context, **execute_callable_kwargs)
             ^^^^^^^^^^^^^^^^^^^^^^^^^^^^^^^^^^^^^^^^^^^^^^^^^^^^^^^^^^^^^
  File "/home/airflow/.local/lib/python3.12/site-packages/airflow/models/taskinstance.py", line 432, in _execute_callable
    return execute_callable(context=context, **execute_callable_kwargs)
           ^^^^^^^^^^^^^^^^^^^^^^^^^^^^^^^^^^^^^^^^^^^^^^^^^^^^^^^^^^^^
  File "/home/airflow/.local/lib/python3.12/site-packages/airflow/models/baseoperator.py", line 400, in wrapper
    return func(self, *args, **kwargs)
           ^^^^^^^^^^^^^^^^^^^^^^^^^^^
  File "/home/airflow/.local/lib/python3.12/site-packages/airflow/operators/python.py", line 235, in execute
    return_value = self.execute_callable()
                   ^^^^^^^^^^^^^^^^^^^^^^^
  File "/home/airflow/.local/lib/python3.12/site-packages/airflow/operators/python.py", line 252, in execute_callable
    return self.python_callable(*self.op_args, **self.op_kwargs)
           ^^^^^^^^^^^^^^^^^^^^^^^^^^^^^^^^^^^^^^^^^^^^^^^^^^^^^
  File "/opt/airflow/dags/flood_prediction_dag.py", line 116, in fetch_weather_data
    Variable.set("flood_run_count", run_count)
  File "/home/airflow/.local/lib/python3.12/site-packages/airflow/utils/session.py", line 79, in wrapper
    return func(*args, session=session, **kwargs)
           ^^^^^^^^^^^^^^^^^^^^^^^^^^^^^^^^^^^^^^
  File "/home/airflow/.local/lib/python3.12/site-packages/airflow/api_internal/internal_api_call.py", line 115, in wrapper
    return func(*args, **kwargs)
           ^^^^^^^^^^^^^^^^^^^^^
  File "/home/airflow/.local/lib/python3.12/site-packages/airflow/models/variable.py", line 181, in set
    session.flush()
  File "/home/airflow/.local/lib/python3.12/site-packages/sqlalchemy/orm/session.py", line 3449, in flush
    self._flush(objects)
  File "/home/airflow/.local/lib/python3.12/site-packages/sqlalchemy/orm/session.py", line 3588, in _flush
    with util.safe_reraise():
  File "/home/airflow/.local/lib/python3.12/site-packages/sqlalchemy/util/langhelpers.py", line 70, in __exit__
    compat.raise_(
  File "/home/airflow/.local/lib/python3.12/site-packages/sqlalchemy/util/compat.py", line 211, in raise_
    raise exception
  File "/home/airflow/.local/lib/python3.12/site-packages/sqlalchemy/orm/session.py", line 3549, in _flush
    flush_context.execute()
  File "/home/airflow/.local/lib/python3.12/site-packages/sqlalchemy/orm/unitofwork.py", line 456, in execute
    rec.execute(self)
  File "/home/airflow/.local/lib/python3.12/site-packages/sqlalchemy/orm/unitofwork.py", line 630, in execute
    util.preloaded.orm_persistence.save_obj(
  File "/home/airflow/.local/lib/python3.12/site-packages/sqlalchemy/orm/persistence.py", line 245, in save_obj
    _emit_insert_statements(
  File "/home/airflow/.local/lib/python3.12/site-packages/sqlalchemy/orm/persistence.py", line 1238, in _emit_insert_statements
    result = connection._execute_20(
             ^^^^^^^^^^^^^^^^^^^^^^^
  File "/home/airflow/.local/lib/python3.12/site-packages/sqlalchemy/engine/base.py", line 1710, in _execute_20
    return meth(self, args_10style, kwargs_10style, execution_options)
           ^^^^^^^^^^^^^^^^^^^^^^^^^^^^^^^^^^^^^^^^^^^^^^^^^^^^^^^^^^^
  File "/home/airflow/.local/lib/python3.12/site-packages/sqlalchemy/sql/elements.py", line 334, in _execute_on_connection
    return connection._execute_clauseelement(
           ^^^^^^^^^^^^^^^^^^^^^^^^^^^^^^^^^^
  File "/home/airflow/.local/lib/python3.12/site-packages/sqlalchemy/engine/base.py", line 1577, in _execute_clauseelement
    ret = self._execute_context(
          ^^^^^^^^^^^^^^^^^^^^^^
  File "/home/airflow/.local/lib/python3.12/site-packages/sqlalchemy/engine/base.py", line 1953, in _execute_context
    self._handle_dbapi_exception(
  File "/home/airflow/.local/lib/python3.12/site-packages/sqlalchemy/engine/base.py", line 2134, in _handle_dbapi_exception
    util.raise_(
  File "/home/airflow/.local/lib/python3.12/site-packages/sqlalchemy/util/compat.py", line 211, in raise_
    raise exception
  File "/home/airflow/.local/lib/python3.12/site-packages/sqlalchemy/engine/base.py", line 1910, in _execute_context
    self.dialect.do_execute(
  File "/home/airflow/.local/lib/python3.12/site-packages/sqlalchemy/engine/default.py", line 736, in do_execute
    cursor.execute(statement, parameters)
sqlalchemy.exc.IntegrityError: (psycopg2.errors.UniqueViolation) duplicate key value violates unique constraint "variable_key_uq"
DETAIL:  Key (key)=(flood_run_count) already exists.

[SQL: INSERT INTO variable (key, val, description, is_encrypted) VALUES (%(key)s, %(val)s, %(description)s, %(is_encrypted)s) RETURNING variable.id]
[parameters: {'key': 'flood_run_count', 'val': 'gAAAAABpA1Qj3om3Wf0N-iWH4ywhkLu7BWw974KSio8iz1u3u10Dh2HdKuOOvVE4G5OBCiImqQQiv3bbvqtErtVDSgVS3iiTmQ==', 'description': None, 'is_encrypted': True}]
(Background on this error at: https://sqlalche.me/e/14/gkpj)
[2025-10-30T12:03:47.852+0000] {taskinstance.py:1206} INFO - Marking task as UP_FOR_RETRY. dag_id=flood_prediction_pipeline, task_id=fetch_weather_data, run_id=scheduled__2025-10-29T21:05:00+00:00, execution_date=20251029T210500, start_date=20251030T120346, end_date=20251030T120347
[2025-10-30T12:03:47.913+0000] {standard_task_runner.py:110} ERROR - Failed to execute job 315 for task fetch_weather_data ((psycopg2.errors.UniqueViolation) duplicate key value violates unique constraint "variable_key_uq"
DETAIL:  Key (key)=(flood_run_count) already exists.

[SQL: INSERT INTO variable (key, val, description, is_encrypted) VALUES (%(key)s, %(val)s, %(description)s, %(is_encrypted)s) RETURNING variable.id]
[parameters: {'key': 'flood_run_count', 'val': 'gAAAAABpA1Qj3om3Wf0N-iWH4ywhkLu7BWw974KSio8iz1u3u10Dh2HdKuOOvVE4G5OBCiImqQQiv3bbvqtErtVDSgVS3iiTmQ==', 'description': None, 'is_encrypted': True}]
(Background on this error at: https://sqlalche.me/e/14/gkpj); 258)
[2025-10-30T12:03:47.986+0000] {local_task_job_runner.py:240} INFO - Task exited with return code 1
[2025-10-30T12:03:48.103+0000] {taskinstance.py:3498} INFO - 0 downstream tasks scheduled from follow-on schedule check
[2025-10-30T12:03:48.117+0000] {local_task_job_runner.py:222} INFO - ::endgroup::
