[2025-10-17T21:25:11.973+0000] {local_task_job_runner.py:120} INFO - ::group::Pre task execution logs
[2025-10-17T21:25:12.019+0000] {taskinstance.py:2076} INFO - Dependencies all met for dep_context=non-requeueable deps ti=<TaskInstance: flood_prediction_pipeline.predict_and_log manual__2025-10-17T21:25:09+00:00 [queued]>
[2025-10-17T21:25:12.035+0000] {taskinstance.py:2076} INFO - Dependencies all met for dep_context=requeueable deps ti=<TaskInstance: flood_prediction_pipeline.predict_and_log manual__2025-10-17T21:25:09+00:00 [queued]>
[2025-10-17T21:25:12.037+0000] {taskinstance.py:2306} INFO - Starting attempt 1 of 2
[2025-10-17T21:25:12.062+0000] {taskinstance.py:2330} INFO - Executing <Task(PythonOperator): predict_and_log> on 2025-10-17 21:25:09+00:00
[2025-10-17T21:25:12.079+0000] {logging_mixin.py:188} WARNING - /home/***/.local/lib/python3.12/site-packages/***/task/task_runner/standard_task_runner.py:61 DeprecationWarning: This process (pid=4356) is multi-threaded, use of fork() may lead to deadlocks in the child.
[2025-10-17T21:25:12.081+0000] {standard_task_runner.py:63} INFO - Started process 4359 to run task
[2025-10-17T21:25:12.078+0000] {standard_task_runner.py:90} INFO - Running: ['***', 'tasks', 'run', 'flood_prediction_pipeline', 'predict_and_log', 'manual__2025-10-17T21:25:09+00:00', '--job-id', '107', '--raw', '--subdir', 'DAGS_FOLDER/flood_prediction_dag.py', '--cfg-path', '/tmp/tmpnz7_iufl']
[2025-10-17T21:25:12.083+0000] {standard_task_runner.py:91} INFO - Job 107: Subtask predict_and_log
[2025-10-17T21:25:12.145+0000] {task_command.py:426} INFO - Running <TaskInstance: flood_prediction_pipeline.predict_and_log manual__2025-10-17T21:25:09+00:00 [running]> on host fcca755cbcb6
[2025-10-17T21:25:12.253+0000] {taskinstance.py:2648} INFO - Exporting env vars: AIRFLOW_CTX_DAG_OWNER='***' AIRFLOW_CTX_DAG_ID='flood_prediction_pipeline' AIRFLOW_CTX_TASK_ID='predict_and_log' AIRFLOW_CTX_EXECUTION_DATE='2025-10-17T21:25:09+00:00' AIRFLOW_CTX_TRY_NUMBER='1' AIRFLOW_CTX_DAG_RUN_ID='manual__2025-10-17T21:25:09+00:00'
[2025-10-17T21:25:12.255+0000] {taskinstance.py:430} INFO - ::endgroup::
[2025-10-17T21:25:13.055+0000] {logging_mixin.py:188} WARNING - /home/***/.local/lib/python3.12/site-packages/sklearn/ensemble/_base.py:168 UserWarning: Loky-backed parallel loops cannot be called in a multiprocessing, setting n_jobs=1
[2025-10-17T21:25:13.063+0000] {logging_mixin.py:188} WARNING - /home/***/.local/lib/python3.12/site-packages/sklearn/ensemble/_base.py:168 UserWarning: Loky-backed parallel loops cannot be called in a multiprocessing, setting n_jobs=1
[2025-10-17T21:25:13.068+0000] {logging_mixin.py:188} INFO - ❌ Prediction failed: index 1 is out of bounds for axis 0 with size 1
[2025-10-17T21:25:13.069+0000] {python.py:237} INFO - Done. Returned value was: {'error': 'index 1 is out of bounds for axis 0 with size 1'}
[2025-10-17T21:25:13.070+0000] {taskinstance.py:441} INFO - ::group::Post task execution logs
[2025-10-17T21:25:13.088+0000] {taskinstance.py:1206} INFO - Marking task as SUCCESS. dag_id=flood_prediction_pipeline, task_id=predict_and_log, run_id=manual__2025-10-17T21:25:09+00:00, execution_date=20251017T212509, start_date=20251017T212512, end_date=20251017T212513
[2025-10-17T21:25:13.140+0000] {local_task_job_runner.py:240} INFO - Task exited with return code 0
[2025-10-17T21:25:13.167+0000] {taskinstance.py:3498} INFO - 0 downstream tasks scheduled from follow-on schedule check
[2025-10-17T21:25:13.171+0000] {local_task_job_runner.py:222} INFO - ::endgroup::
