[2025-10-30T12:04:00.227+0000] {local_task_job_runner.py:120} INFO - ::group::Pre task execution logs
[2025-10-30T12:04:00.295+0000] {taskinstance.py:2076} INFO - Dependencies all met for dep_context=non-requeueable deps ti=<TaskInstance: flood_prediction_pipeline.log_to_database manual__2025-10-29T21:40:59.982288+00:00 [queued]>
[2025-10-30T12:04:00.318+0000] {taskinstance.py:2076} INFO - Dependencies all met for dep_context=requeueable deps ti=<TaskInstance: flood_prediction_pipeline.log_to_database manual__2025-10-29T21:40:59.982288+00:00 [queued]>
[2025-10-30T12:04:00.320+0000] {taskinstance.py:2306} INFO - Starting attempt 1 of 2
[2025-10-30T12:04:00.359+0000] {taskinstance.py:2330} INFO - Executing <Task(PythonOperator): log_to_database> on 2025-10-29 21:40:59.982288+00:00
[2025-10-30T12:04:00.378+0000] {logging_mixin.py:188} WARNING - /home/***/.local/lib/python3.12/site-packages/***/task/task_runner/standard_task_runner.py:61 DeprecationWarning: This process (pid=300) is multi-threaded, use of fork() may lead to deadlocks in the child.
[2025-10-30T12:04:00.378+0000] {standard_task_runner.py:90} INFO - Running: ['***', 'tasks', 'run', 'flood_prediction_pipeline', 'log_to_database', 'manual__2025-10-29T21:40:59.982288+00:00', '--job-id', '318', '--raw', '--subdir', 'DAGS_FOLDER/flood_prediction_dag.py', '--cfg-path', '/tmp/tmptu6iwu9p']
[2025-10-30T12:04:00.381+0000] {standard_task_runner.py:63} INFO - Started process 303 to run task
[2025-10-30T12:04:00.381+0000] {standard_task_runner.py:91} INFO - Job 318: Subtask log_to_database
[2025-10-30T12:04:00.478+0000] {task_command.py:426} INFO - Running <TaskInstance: flood_prediction_pipeline.log_to_database manual__2025-10-29T21:40:59.982288+00:00 [running]> on host 19da7fe5fa41
[2025-10-30T12:04:00.680+0000] {taskinstance.py:2648} INFO - Exporting env vars: AIRFLOW_CTX_DAG_OWNER='***' AIRFLOW_CTX_DAG_ID='flood_prediction_pipeline' AIRFLOW_CTX_TASK_ID='log_to_database' AIRFLOW_CTX_EXECUTION_DATE='2025-10-29T21:40:59.982288+00:00' AIRFLOW_CTX_TRY_NUMBER='1' AIRFLOW_CTX_DAG_RUN_ID='manual__2025-10-29T21:40:59.982288+00:00'
[2025-10-30T12:04:00.684+0000] {taskinstance.py:430} INFO - ::endgroup::
[2025-10-30T12:04:00.752+0000] {base.py:84} INFO - Using connection ID 'postgres_default' for task execution.
[2025-10-30T12:04:00.758+0000] {logging_mixin.py:188} INFO - ❌ Failed to log prediction to PostgreSQL. Error: connection to server at "postgres" (172.18.0.6), port 5432 failed: FATAL:  password authentication failed for user "postgres"
[2025-10-30T12:04:00.760+0000] {taskinstance.py:441} INFO - ::group::Post task execution logs
[2025-10-30T12:04:00.761+0000] {taskinstance.py:2905} ERROR - Task failed with exception
Traceback (most recent call last):
  File "/home/airflow/.local/lib/python3.12/site-packages/airflow/models/taskinstance.py", line 465, in _execute_task
    result = _execute_callable(context=context, **execute_callable_kwargs)
             ^^^^^^^^^^^^^^^^^^^^^^^^^^^^^^^^^^^^^^^^^^^^^^^^^^^^^^^^^^^^^
  File "/home/airflow/.local/lib/python3.12/site-packages/airflow/models/taskinstance.py", line 432, in _execute_callable
    return execute_callable(context=context, **execute_callable_kwargs)
           ^^^^^^^^^^^^^^^^^^^^^^^^^^^^^^^^^^^^^^^^^^^^^^^^^^^^^^^^^^^^
  File "/home/airflow/.local/lib/python3.12/site-packages/airflow/models/baseoperator.py", line 400, in wrapper
    return func(self, *args, **kwargs)
           ^^^^^^^^^^^^^^^^^^^^^^^^^^^
  File "/home/airflow/.local/lib/python3.12/site-packages/airflow/operators/python.py", line 235, in execute
    return_value = self.execute_callable()
                   ^^^^^^^^^^^^^^^^^^^^^^^
  File "/home/airflow/.local/lib/python3.12/site-packages/airflow/operators/python.py", line 252, in execute_callable
    return self.python_callable(*self.op_args, **self.op_kwargs)
           ^^^^^^^^^^^^^^^^^^^^^^^^^^^^^^^^^^^^^^^^^^^^^^^^^^^^^
  File "/opt/airflow/dags/flood_prediction_dag.py", line 276, in log_to_postgres
    pg_hook.run(create_table_sql)
  File "/home/airflow/.local/lib/python3.12/site-packages/airflow/providers/common/sql/hooks/sql.py", line 411, in run
    with closing(self.get_conn()) as conn:
                 ^^^^^^^^^^^^^^^
  File "/home/airflow/.local/lib/python3.12/site-packages/airflow/providers/postgres/hooks/postgres.py", line 161, in get_conn
    self.conn = psycopg2.connect(**conn_args)
                ^^^^^^^^^^^^^^^^^^^^^^^^^^^^^
  File "/home/airflow/.local/lib/python3.12/site-packages/psycopg2/__init__.py", line 122, in connect
    conn = _connect(dsn, connection_factory=connection_factory, **kwasync)
           ^^^^^^^^^^^^^^^^^^^^^^^^^^^^^^^^^^^^^^^^^^^^^^^^^^^^^^^^^^^^^^^
psycopg2.OperationalError: connection to server at "postgres" (172.18.0.6), port 5432 failed: FATAL:  password authentication failed for user "postgres"

[2025-10-30T12:04:00.784+0000] {taskinstance.py:1206} INFO - Marking task as UP_FOR_RETRY. dag_id=flood_prediction_pipeline, task_id=log_to_database, run_id=manual__2025-10-29T21:40:59.982288+00:00, execution_date=20251029T214059, start_date=20251030T120400, end_date=20251030T120400
[2025-10-30T12:04:00.808+0000] {standard_task_runner.py:110} ERROR - Failed to execute job 318 for task log_to_database (connection to server at "postgres" (172.18.0.6), port 5432 failed: FATAL:  password authentication failed for user "postgres"
; 303)
[2025-10-30T12:04:00.837+0000] {local_task_job_runner.py:240} INFO - Task exited with return code 1
[2025-10-30T12:04:00.886+0000] {taskinstance.py:3498} INFO - 0 downstream tasks scheduled from follow-on schedule check
[2025-10-30T12:04:00.891+0000] {local_task_job_runner.py:222} INFO - ::endgroup::
