[2025-10-29T14:34:39.536+0000] {local_task_job_runner.py:120} INFO - ::group::Pre task execution logs
[2025-10-29T14:34:39.661+0000] {taskinstance.py:2076} INFO - Dependencies all met for dep_context=non-requeueable deps ti=<TaskInstance: flood_prediction_pipeline.fetch_weather_data scheduled__2025-10-29T14:25:00+00:00 [queued]>
[2025-10-29T14:34:39.730+0000] {taskinstance.py:2076} INFO - Dependencies all met for dep_context=requeueable deps ti=<TaskInstance: flood_prediction_pipeline.fetch_weather_data scheduled__2025-10-29T14:25:00+00:00 [queued]>
[2025-10-29T14:34:39.738+0000] {taskinstance.py:2306} INFO - Starting attempt 1 of 2
[2025-10-29T14:34:39.800+0000] {taskinstance.py:2330} INFO - Executing <Task(PythonOperator): fetch_weather_data> on 2025-10-29 14:25:00+00:00
[2025-10-29T14:34:39.833+0000] {logging_mixin.py:188} WARNING - /home/***/.local/lib/python3.12/site-packages/***/task/task_runner/standard_task_runner.py:61 DeprecationWarning: This process (pid=979) is multi-threaded, use of fork() may lead to deadlocks in the child.
[2025-10-29T14:34:39.853+0000] {standard_task_runner.py:63} INFO - Started process 1010 to run task
[2025-10-29T14:34:39.870+0000] {standard_task_runner.py:90} INFO - Running: ['***', 'tasks', 'run', 'flood_prediction_pipeline', 'fetch_weather_data', 'scheduled__2025-10-29T14:25:00+00:00', '--job-id', '383', '--raw', '--subdir', 'DAGS_FOLDER/flood_prediction_dag.py', '--cfg-path', '/tmp/tmpenfdteb_']
[2025-10-29T14:34:39.889+0000] {standard_task_runner.py:91} INFO - Job 383: Subtask fetch_weather_data
[2025-10-29T14:34:40.165+0000] {task_command.py:426} INFO - Running <TaskInstance: flood_prediction_pipeline.fetch_weather_data scheduled__2025-10-29T14:25:00+00:00 [running]> on host 31e670d1ab03
[2025-10-29T14:34:40.919+0000] {taskinstance.py:2648} INFO - Exporting env vars: AIRFLOW_CTX_DAG_OWNER='***' AIRFLOW_CTX_DAG_ID='flood_prediction_pipeline' AIRFLOW_CTX_TASK_ID='fetch_weather_data' AIRFLOW_CTX_EXECUTION_DATE='2025-10-29T14:25:00+00:00' AIRFLOW_CTX_TRY_NUMBER='1' AIRFLOW_CTX_DAG_RUN_ID='scheduled__2025-10-29T14:25:00+00:00'
[2025-10-29T14:34:40.974+0000] {taskinstance.py:430} INFO - ::endgroup::
[2025-10-29T14:34:41.697+0000] {logging_mixin.py:188} WARNING - /opt/***/dags/flood_prediction_dag.py:133 FutureWarning: The behavior of DataFrame concatenation with empty or all-NA entries is deprecated. In a future version, this will no longer exclude empty or all-NA columns when determining the result dtypes. To retain the old behavior, exclude the relevant entries before the concat operation.
[2025-10-29T14:34:42.401+0000] {logging_mixin.py:188} INFO - ✅ Weather fetched. Rain (1h/24h): 0.00 / 0.00. Humidity: 79.3
[2025-10-29T14:34:42.410+0000] {python.py:237} INFO - Done. Returned value was: {'temp': 30.61, 'humidity': 79.33, 'pressure': 992.57, 'wind_speed': 2.74, 'rain_1h': 0.0, 'rain_3h': 0.0, 'rain_6h': 0.0, 'rain_24h': 0.0, 'rain_intensity': 0.0, 'temp_delta': 0.0, 'humidity_delta': 0.0, 'hour': 14, 'day': 29, 'month': 10, 'year': 2025}
[2025-10-29T14:34:42.412+0000] {taskinstance.py:441} INFO - ::group::Post task execution logs
[2025-10-29T14:34:42.471+0000] {taskinstance.py:1206} INFO - Marking task as SUCCESS. dag_id=flood_prediction_pipeline, task_id=fetch_weather_data, run_id=scheduled__2025-10-29T14:25:00+00:00, execution_date=20251029T142500, start_date=20251029T143439, end_date=20251029T143442
[2025-10-29T14:34:42.638+0000] {local_task_job_runner.py:240} INFO - Task exited with return code 0
[2025-10-29T14:34:42.782+0000] {taskinstance.py:3498} INFO - 1 downstream tasks scheduled from follow-on schedule check
[2025-10-29T14:34:42.879+0000] {local_task_job_runner.py:222} INFO - ::endgroup::
