[2025-10-29T20:27:03.580+0000] {local_task_job_runner.py:120} INFO - ::group::Pre task execution logs
[2025-10-29T20:27:03.603+0000] {taskinstance.py:2076} INFO - Dependencies all met for dep_context=non-requeueable deps ti=<TaskInstance: flood_prediction_pipeline.fetch_weather_data scheduled__2025-10-29T20:20:00+00:00 [queued]>
[2025-10-29T20:27:03.609+0000] {taskinstance.py:2076} INFO - Dependencies all met for dep_context=requeueable deps ti=<TaskInstance: flood_prediction_pipeline.fetch_weather_data scheduled__2025-10-29T20:20:00+00:00 [queued]>
[2025-10-29T20:27:03.611+0000] {taskinstance.py:2306} INFO - Starting attempt 2 of 2
[2025-10-29T20:27:03.624+0000] {taskinstance.py:2330} INFO - Executing <Task(PythonOperator): fetch_weather_data> on 2025-10-29 20:20:00+00:00
[2025-10-29T20:27:03.631+0000] {logging_mixin.py:188} WARNING - /home/***/.local/lib/python3.12/site-packages/***/task/task_runner/standard_task_runner.py:61 DeprecationWarning: This process (pid=24793) is multi-threaded, use of fork() may lead to deadlocks in the child.
[2025-10-29T20:27:03.631+0000] {standard_task_runner.py:90} INFO - Running: ['***', 'tasks', 'run', 'flood_prediction_pipeline', 'fetch_weather_data', 'scheduled__2025-10-29T20:20:00+00:00', '--job-id', '277', '--raw', '--subdir', 'DAGS_FOLDER/flood_prediction_dag.py', '--cfg-path', '/tmp/tmpxsnh6vej']
[2025-10-29T20:27:03.633+0000] {standard_task_runner.py:63} INFO - Started process 24796 to run task
[2025-10-29T20:27:03.633+0000] {standard_task_runner.py:91} INFO - Job 277: Subtask fetch_weather_data
[2025-10-29T20:27:03.670+0000] {task_command.py:426} INFO - Running <TaskInstance: flood_prediction_pipeline.fetch_weather_data scheduled__2025-10-29T20:20:00+00:00 [running]> on host db3c1202c602
[2025-10-29T20:27:03.743+0000] {taskinstance.py:2648} INFO - Exporting env vars: AIRFLOW_CTX_DAG_OWNER='***' AIRFLOW_CTX_DAG_ID='flood_prediction_pipeline' AIRFLOW_CTX_TASK_ID='fetch_weather_data' AIRFLOW_CTX_EXECUTION_DATE='2025-10-29T20:20:00+00:00' AIRFLOW_CTX_TRY_NUMBER='2' AIRFLOW_CTX_DAG_RUN_ID='scheduled__2025-10-29T20:20:00+00:00'
[2025-10-29T20:27:03.745+0000] {taskinstance.py:430} INFO - ::endgroup::
[2025-10-29T20:27:03.801+0000] {taskinstance.py:441} INFO - ::group::Post task execution logs
[2025-10-29T20:27:03.802+0000] {taskinstance.py:2905} ERROR - Task failed with exception
Traceback (most recent call last):
  File "/home/airflow/.local/lib/python3.12/site-packages/airflow/models/taskinstance.py", line 465, in _execute_task
    result = _execute_callable(context=context, **execute_callable_kwargs)
             ^^^^^^^^^^^^^^^^^^^^^^^^^^^^^^^^^^^^^^^^^^^^^^^^^^^^^^^^^^^^^
  File "/home/airflow/.local/lib/python3.12/site-packages/airflow/models/taskinstance.py", line 432, in _execute_callable
    return execute_callable(context=context, **execute_callable_kwargs)
           ^^^^^^^^^^^^^^^^^^^^^^^^^^^^^^^^^^^^^^^^^^^^^^^^^^^^^^^^^^^^
  File "/home/airflow/.local/lib/python3.12/site-packages/airflow/models/baseoperator.py", line 400, in wrapper
    return func(self, *args, **kwargs)
           ^^^^^^^^^^^^^^^^^^^^^^^^^^^
  File "/home/airflow/.local/lib/python3.12/site-packages/airflow/operators/python.py", line 235, in execute
    return_value = self.execute_callable()
                   ^^^^^^^^^^^^^^^^^^^^^^^
  File "/home/airflow/.local/lib/python3.12/site-packages/airflow/operators/python.py", line 252, in execute_callable
    return self.python_callable(*self.op_args, **self.op_kwargs)
           ^^^^^^^^^^^^^^^^^^^^^^^^^^^^^^^^^^^^^^^^^^^^^^^^^^^^^
  File "/opt/airflow/dags/flood_prediction_dag.py", line 96, in fetch_weather_data
    model_input = {k: raw_data.get(k, 0.0) for k in FEATURE_COLUMNS}
                                                    ^^^^^^^^^^^^^^^
NameError: name 'FEATURE_COLUMNS' is not defined
[2025-10-29T20:27:03.822+0000] {taskinstance.py:1206} INFO - Marking task as FAILED. dag_id=flood_prediction_pipeline, task_id=fetch_weather_data, run_id=scheduled__2025-10-29T20:20:00+00:00, execution_date=20251029T202000, start_date=20251029T202703, end_date=20251029T202703
[2025-10-29T20:27:03.834+0000] {standard_task_runner.py:110} ERROR - Failed to execute job 277 for task fetch_weather_data (name 'FEATURE_COLUMNS' is not defined; 24796)
[2025-10-29T20:27:03.848+0000] {local_task_job_runner.py:240} INFO - Task exited with return code 1
[2025-10-29T20:27:03.867+0000] {taskinstance.py:3498} INFO - 0 downstream tasks scheduled from follow-on schedule check
[2025-10-29T20:27:03.873+0000] {local_task_job_runner.py:222} INFO - ::endgroup::
