[2025-10-17T21:23:07.600+0000] {local_task_job_runner.py:120} INFO - ::group::Pre task execution logs
[2025-10-17T21:23:07.619+0000] {taskinstance.py:2076} INFO - Dependencies all met for dep_context=non-requeueable deps ti=<TaskInstance: flood_prediction_pipeline.predict_and_log manual__2025-10-17T21:23:04+00:00 [queued]>
[2025-10-17T21:23:07.625+0000] {taskinstance.py:2076} INFO - Dependencies all met for dep_context=requeueable deps ti=<TaskInstance: flood_prediction_pipeline.predict_and_log manual__2025-10-17T21:23:04+00:00 [queued]>
[2025-10-17T21:23:07.626+0000] {taskinstance.py:2306} INFO - Starting attempt 1 of 2
[2025-10-17T21:23:07.636+0000] {taskinstance.py:2330} INFO - Executing <Task(PythonOperator): predict_and_log> on 2025-10-17 21:23:04+00:00
[2025-10-17T21:23:07.643+0000] {logging_mixin.py:188} WARNING - /home/***/.local/lib/python3.12/site-packages/***/task/task_runner/standard_task_runner.py:61 DeprecationWarning: This process (pid=4273) is multi-threaded, use of fork() may lead to deadlocks in the child.
[2025-10-17T21:23:07.644+0000] {standard_task_runner.py:63} INFO - Started process 4276 to run task
[2025-10-17T21:23:07.643+0000] {standard_task_runner.py:90} INFO - Running: ['***', 'tasks', 'run', 'flood_prediction_pipeline', 'predict_and_log', 'manual__2025-10-17T21:23:04+00:00', '--job-id', '103', '--raw', '--subdir', 'DAGS_FOLDER/flood_prediction_dag.py', '--cfg-path', '/tmp/tmpugp8f1q0']
[2025-10-17T21:23:07.645+0000] {standard_task_runner.py:91} INFO - Job 103: Subtask predict_and_log
[2025-10-17T21:23:07.679+0000] {task_command.py:426} INFO - Running <TaskInstance: flood_prediction_pipeline.predict_and_log manual__2025-10-17T21:23:04+00:00 [running]> on host fcca755cbcb6
[2025-10-17T21:23:07.746+0000] {taskinstance.py:2648} INFO - Exporting env vars: AIRFLOW_CTX_DAG_OWNER='***' AIRFLOW_CTX_DAG_ID='flood_prediction_pipeline' AIRFLOW_CTX_TASK_ID='predict_and_log' AIRFLOW_CTX_EXECUTION_DATE='2025-10-17T21:23:04+00:00' AIRFLOW_CTX_TRY_NUMBER='1' AIRFLOW_CTX_DAG_RUN_ID='manual__2025-10-17T21:23:04+00:00'
[2025-10-17T21:23:07.747+0000] {taskinstance.py:430} INFO - ::endgroup::
[2025-10-17T21:23:08.456+0000] {logging_mixin.py:188} WARNING - /home/***/.local/lib/python3.12/site-packages/sklearn/ensemble/_base.py:168 UserWarning: Loky-backed parallel loops cannot be called in a multiprocessing, setting n_jobs=1
[2025-10-17T21:23:08.464+0000] {logging_mixin.py:188} WARNING - /home/***/.local/lib/python3.12/site-packages/sklearn/ensemble/_base.py:168 UserWarning: Loky-backed parallel loops cannot be called in a multiprocessing, setting n_jobs=1
[2025-10-17T21:23:08.468+0000] {logging_mixin.py:188} INFO - ❌ Prediction failed: index 1 is out of bounds for axis 0 with size 1
[2025-10-17T21:23:08.469+0000] {python.py:237} INFO - Done. Returned value was: {'error': 'index 1 is out of bounds for axis 0 with size 1'}
[2025-10-17T21:23:08.470+0000] {taskinstance.py:441} INFO - ::group::Post task execution logs
[2025-10-17T21:23:08.494+0000] {taskinstance.py:1206} INFO - Marking task as SUCCESS. dag_id=flood_prediction_pipeline, task_id=predict_and_log, run_id=manual__2025-10-17T21:23:04+00:00, execution_date=20251017T212304, start_date=20251017T212307, end_date=20251017T212308
[2025-10-17T21:23:08.540+0000] {local_task_job_runner.py:240} INFO - Task exited with return code 0
[2025-10-17T21:23:08.550+0000] {taskinstance.py:3498} INFO - 0 downstream tasks scheduled from follow-on schedule check
[2025-10-17T21:23:08.553+0000] {local_task_job_runner.py:222} INFO - ::endgroup::
