[2025-10-30T18:00:03.626+0000] {local_task_job_runner.py:120} INFO - ::group::Pre task execution logs
[2025-10-30T18:00:03.648+0000] {taskinstance.py:2076} INFO - Dependencies all met for dep_context=non-requeueable deps ti=<TaskInstance: flood_prediction_pipeline.predict_and_log scheduled__2025-10-30T17:55:00+00:00 [queued]>
[2025-10-30T18:00:03.656+0000] {taskinstance.py:2076} INFO - Dependencies all met for dep_context=requeueable deps ti=<TaskInstance: flood_prediction_pipeline.predict_and_log scheduled__2025-10-30T17:55:00+00:00 [queued]>
[2025-10-30T18:00:03.658+0000] {taskinstance.py:2306} INFO - Starting attempt 1 of 2
[2025-10-30T18:00:03.673+0000] {taskinstance.py:2330} INFO - Executing <Task(PythonOperator): predict_and_log> on 2025-10-30 17:55:00+00:00
[2025-10-30T18:00:03.680+0000] {logging_mixin.py:188} WARNING - /home/***/.local/lib/python3.12/site-packages/***/task/task_runner/standard_task_runner.py:61 DeprecationWarning: This process (pid=3093) is multi-threaded, use of fork() may lead to deadlocks in the child.
[2025-10-30T18:00:03.680+0000] {standard_task_runner.py:90} INFO - Running: ['***', 'tasks', 'run', 'flood_prediction_pipeline', 'predict_and_log', 'scheduled__2025-10-30T17:55:00+00:00', '--job-id', '347', '--raw', '--subdir', 'DAGS_FOLDER/flood_prediction_dag.py', '--cfg-path', '/tmp/tmpocx0num3']
[2025-10-30T18:00:03.682+0000] {standard_task_runner.py:63} INFO - Started process 3096 to run task
[2025-10-30T18:00:03.682+0000] {standard_task_runner.py:91} INFO - Job 347: Subtask predict_and_log
[2025-10-30T18:00:03.726+0000] {task_command.py:426} INFO - Running <TaskInstance: flood_prediction_pipeline.predict_and_log scheduled__2025-10-30T17:55:00+00:00 [running]> on host adac321c4d0a
[2025-10-30T18:00:03.798+0000] {taskinstance.py:2648} INFO - Exporting env vars: AIRFLOW_CTX_DAG_OWNER='***' AIRFLOW_CTX_DAG_ID='flood_prediction_pipeline' AIRFLOW_CTX_TASK_ID='predict_and_log' AIRFLOW_CTX_EXECUTION_DATE='2025-10-30T17:55:00+00:00' AIRFLOW_CTX_TRY_NUMBER='1' AIRFLOW_CTX_DAG_RUN_ID='scheduled__2025-10-30T17:55:00+00:00'
[2025-10-30T18:00:03.800+0000] {taskinstance.py:430} INFO - ::endgroup::
[2025-10-30T18:00:05.108+0000] {logging_mixin.py:188} WARNING - /home/***/.local/lib/python3.12/site-packages/sklearn/ensemble/_base.py:168 UserWarning: Loky-backed parallel loops cannot be called in a multiprocessing, setting n_jobs=1
[2025-10-30T18:00:05.117+0000] {logging_mixin.py:188} WARNING - /home/***/.local/lib/python3.12/site-packages/sklearn/ensemble/_base.py:168 UserWarning: Loky-backed parallel loops cannot be called in a multiprocessing, setting n_jobs=1
[2025-10-30T18:00:05.126+0000] {logging_mixin.py:188} WARNING - /home/***/.local/lib/python3.12/site-packages/sklearn/ensemble/_base.py:168 UserWarning: Loky-backed parallel loops cannot be called in a multiprocessing, setting n_jobs=1
[2025-10-30T18:00:05.485+0000] {logging_mixin.py:188} INFO - 🏃 View run LivePrediction_2025-10-30 18:00:05 at: http://mlflow:5000/#/experiments/1/runs/0d21bf77c1bd4d9091298362c1d55f58
[2025-10-30T18:00:05.486+0000] {logging_mixin.py:188} INFO - 🧪 View experiment at: http://mlflow:5000/#/experiments/1
[2025-10-30T18:00:05.554+0000] {logging_mixin.py:188} INFO - ✅ Prediction generated and pushed for logging.
[2025-10-30T18:00:05.555+0000] {python.py:237} INFO - Done. Returned value was: Prediction_Completed
[2025-10-30T18:00:05.557+0000] {taskinstance.py:441} INFO - ::group::Post task execution logs
[2025-10-30T18:00:05.577+0000] {taskinstance.py:1206} INFO - Marking task as SUCCESS. dag_id=flood_prediction_pipeline, task_id=predict_and_log, run_id=scheduled__2025-10-30T17:55:00+00:00, execution_date=20251030T175500, start_date=20251030T180003, end_date=20251030T180005
[2025-10-30T18:00:05.623+0000] {local_task_job_runner.py:240} INFO - Task exited with return code 0
[2025-10-30T18:00:05.648+0000] {taskinstance.py:3498} INFO - 1 downstream tasks scheduled from follow-on schedule check
[2025-10-30T18:00:05.653+0000] {local_task_job_runner.py:222} INFO - ::endgroup::
