[2025-10-17T19:35:05.158+0000] {local_task_job_runner.py:120} INFO - ::group::Pre task execution logs
[2025-10-17T19:35:05.219+0000] {taskinstance.py:2076} INFO - Dependencies all met for dep_context=non-requeueable deps ti=<TaskInstance: flood_prediction_pipeline.predict_and_log scheduled__2025-10-17T19:30:00+00:00 [queued]>
[2025-10-17T19:35:05.233+0000] {taskinstance.py:2076} INFO - Dependencies all met for dep_context=requeueable deps ti=<TaskInstance: flood_prediction_pipeline.predict_and_log scheduled__2025-10-17T19:30:00+00:00 [queued]>
[2025-10-17T19:35:05.242+0000] {taskinstance.py:2306} INFO - Starting attempt 1 of 2
[2025-10-17T19:35:05.263+0000] {taskinstance.py:2330} INFO - Executing <Task(PythonOperator): predict_and_log> on 2025-10-17 19:30:00+00:00
[2025-10-17T19:35:05.276+0000] {logging_mixin.py:188} WARNING - /home/***/.local/lib/python3.12/site-packages/***/task/task_runner/standard_task_runner.py:61 DeprecationWarning: This process (pid=2346) is multi-threaded, use of fork() may lead to deadlocks in the child.
[2025-10-17T19:35:05.274+0000] {standard_task_runner.py:90} INFO - Running: ['***', 'tasks', 'run', 'flood_prediction_pipeline', 'predict_and_log', 'scheduled__2025-10-17T19:30:00+00:00', '--job-id', '55', '--raw', '--subdir', 'DAGS_FOLDER/flood_prediction_dag.py', '--cfg-path', '/tmp/tmpdu_lzbqe']
[2025-10-17T19:35:05.278+0000] {standard_task_runner.py:91} INFO - Job 55: Subtask predict_and_log
[2025-10-17T19:35:05.278+0000] {standard_task_runner.py:63} INFO - Started process 2349 to run task
[2025-10-17T19:35:05.340+0000] {task_command.py:426} INFO - Running <TaskInstance: flood_prediction_pipeline.predict_and_log scheduled__2025-10-17T19:30:00+00:00 [running]> on host fcca755cbcb6
[2025-10-17T19:35:05.459+0000] {taskinstance.py:2648} INFO - Exporting env vars: AIRFLOW_CTX_DAG_OWNER='***' AIRFLOW_CTX_DAG_ID='flood_prediction_pipeline' AIRFLOW_CTX_TASK_ID='predict_and_log' AIRFLOW_CTX_EXECUTION_DATE='2025-10-17T19:30:00+00:00' AIRFLOW_CTX_TRY_NUMBER='1' AIRFLOW_CTX_DAG_RUN_ID='scheduled__2025-10-17T19:30:00+00:00'
[2025-10-17T19:35:05.461+0000] {taskinstance.py:430} INFO - ::endgroup::
[2025-10-17T19:35:06.786+0000] {logging_mixin.py:188} INFO - ❌ Prediction failed: The feature names should match those that were passed during fit.
Feature names must be in the same order as they were in fit.
[2025-10-17T19:35:06.787+0000] {python.py:237} INFO - Done. Returned value was: {'error': 'The feature names should match those that were passed during fit.\nFeature names must be in the same order as they were in fit.\n'}
[2025-10-17T19:35:06.788+0000] {taskinstance.py:441} INFO - ::group::Post task execution logs
[2025-10-17T19:35:06.815+0000] {taskinstance.py:1206} INFO - Marking task as SUCCESS. dag_id=flood_prediction_pipeline, task_id=predict_and_log, run_id=scheduled__2025-10-17T19:30:00+00:00, execution_date=20251017T193000, start_date=20251017T193505, end_date=20251017T193506
[2025-10-17T19:35:06.872+0000] {local_task_job_runner.py:240} INFO - Task exited with return code 0
[2025-10-17T19:35:06.889+0000] {taskinstance.py:3498} INFO - 0 downstream tasks scheduled from follow-on schedule check
[2025-10-17T19:35:06.894+0000] {local_task_job_runner.py:222} INFO - ::endgroup::
