[2025-10-20T19:16:11.835+0000] {local_task_job_runner.py:120} INFO - ::group::Pre task execution logs
[2025-10-20T19:16:11.871+0000] {taskinstance.py:2076} INFO - Dependencies all met for dep_context=non-requeueable deps ti=<TaskInstance: flood_prediction_pipeline.predict_and_log scheduled__2025-10-20T19:10:00+00:00 [queued]>
[2025-10-20T19:16:11.880+0000] {taskinstance.py:2076} INFO - Dependencies all met for dep_context=requeueable deps ti=<TaskInstance: flood_prediction_pipeline.predict_and_log scheduled__2025-10-20T19:10:00+00:00 [queued]>
[2025-10-20T19:16:11.881+0000] {taskinstance.py:2306} INFO - Starting attempt 1 of 2
[2025-10-20T19:16:11.895+0000] {taskinstance.py:2330} INFO - Executing <Task(PythonOperator): predict_and_log> on 2025-10-20 19:10:00+00:00
[2025-10-20T19:16:11.906+0000] {logging_mixin.py:188} WARNING - /home/***/.local/lib/python3.12/site-packages/***/task/task_runner/standard_task_runner.py:61 DeprecationWarning: This process (pid=232) is multi-threaded, use of fork() may lead to deadlocks in the child.
[2025-10-20T19:16:11.904+0000] {standard_task_runner.py:90} INFO - Running: ['***', 'tasks', 'run', 'flood_prediction_pipeline', 'predict_and_log', 'scheduled__2025-10-20T19:10:00+00:00', '--job-id', '199', '--raw', '--subdir', 'DAGS_FOLDER/flood_prediction_dag.py', '--cfg-path', '/tmp/tmposyrvf77']
[2025-10-20T19:16:11.908+0000] {standard_task_runner.py:63} INFO - Started process 234 to run task
[2025-10-20T19:16:11.909+0000] {standard_task_runner.py:91} INFO - Job 199: Subtask predict_and_log
[2025-10-20T19:16:11.970+0000] {task_command.py:426} INFO - Running <TaskInstance: flood_prediction_pipeline.predict_and_log scheduled__2025-10-20T19:10:00+00:00 [running]> on host 9c5bdffab446
[2025-10-20T19:16:12.270+0000] {taskinstance.py:2648} INFO - Exporting env vars: AIRFLOW_CTX_DAG_OWNER='***' AIRFLOW_CTX_DAG_ID='flood_prediction_pipeline' AIRFLOW_CTX_TASK_ID='predict_and_log' AIRFLOW_CTX_EXECUTION_DATE='2025-10-20T19:10:00+00:00' AIRFLOW_CTX_TRY_NUMBER='1' AIRFLOW_CTX_DAG_RUN_ID='scheduled__2025-10-20T19:10:00+00:00'
[2025-10-20T19:16:12.271+0000] {taskinstance.py:430} INFO - ::endgroup::
[2025-10-20T19:16:14.547+0000] {logging_mixin.py:188} WARNING - /home/***/.local/lib/python3.12/site-packages/sklearn/ensemble/_base.py:168 UserWarning: Loky-backed parallel loops cannot be called in a multiprocessing, setting n_jobs=1
[2025-10-20T19:16:14.557+0000] {logging_mixin.py:188} WARNING - /home/***/.local/lib/python3.12/site-packages/sklearn/ensemble/_base.py:168 UserWarning: Loky-backed parallel loops cannot be called in a multiprocessing, setting n_jobs=1
[2025-10-20T19:16:14.566+0000] {logging_mixin.py:188} WARNING - /home/***/.local/lib/python3.12/site-packages/sklearn/ensemble/_base.py:168 UserWarning: Loky-backed parallel loops cannot be called in a multiprocessing, setting n_jobs=1
[2025-10-20T19:16:14.575+0000] {logging_mixin.py:188} WARNING - /home/***/.local/lib/python3.12/site-packages/sklearn/ensemble/_base.py:168 UserWarning: Loky-backed parallel loops cannot be called in a multiprocessing, setting n_jobs=1
[2025-10-20T19:16:14.584+0000] {logging_mixin.py:188} WARNING - /home/***/.local/lib/python3.12/site-packages/sklearn/ensemble/_base.py:168 UserWarning: Loky-backed parallel loops cannot be called in a multiprocessing, setting n_jobs=1
[2025-10-20T19:16:14.598+0000] {logging_mixin.py:188} WARNING - /home/***/.local/lib/python3.12/site-packages/sklearn/ensemble/_base.py:168 UserWarning: Loky-backed parallel loops cannot be called in a multiprocessing, setting n_jobs=1
[2025-10-20T19:16:14.669+0000] {logging_mixin.py:188} INFO - ✅ Prediction logged: {'prediction': 0, 'probability': 0.015, 'timestamp': '2025-10-20 19:16:14', 'lat': 17.375360202682156, 'lon': 78.5046117952786, 'city': 'Hyderabad'}
[2025-10-20T19:16:14.673+0000] {python.py:237} INFO - Done. Returned value was: {'prediction': 0, 'probability': 0.015, 'timestamp': '2025-10-20 19:16:14', 'lat': 17.375360202682156, 'lon': 78.5046117952786, 'city': 'Hyderabad'}
[2025-10-20T19:16:14.675+0000] {taskinstance.py:441} INFO - ::group::Post task execution logs
[2025-10-20T19:16:14.699+0000] {taskinstance.py:1206} INFO - Marking task as SUCCESS. dag_id=flood_prediction_pipeline, task_id=predict_and_log, run_id=scheduled__2025-10-20T19:10:00+00:00, execution_date=20251020T191000, start_date=20251020T191611, end_date=20251020T191614
[2025-10-20T19:16:14.735+0000] {local_task_job_runner.py:240} INFO - Task exited with return code 0
[2025-10-20T19:16:14.754+0000] {taskinstance.py:3498} INFO - 0 downstream tasks scheduled from follow-on schedule check
[2025-10-20T19:16:14.760+0000] {local_task_job_runner.py:222} INFO - ::endgroup::
