[2025-10-28T17:29:11.826+0000] {local_task_job_runner.py:120} INFO - ::group::Pre task execution logs
[2025-10-28T17:29:11.870+0000] {taskinstance.py:2076} INFO - Dependencies all met for dep_context=non-requeueable deps ti=<TaskInstance: model_retraining_pipeline.deployment_successful manual__2025-10-28T17:28:54.443681+00:00 [queued]>
[2025-10-28T17:29:11.888+0000] {taskinstance.py:2076} INFO - Dependencies all met for dep_context=requeueable deps ti=<TaskInstance: model_retraining_pipeline.deployment_successful manual__2025-10-28T17:28:54.443681+00:00 [queued]>
[2025-10-28T17:29:11.890+0000] {taskinstance.py:2306} INFO - Starting attempt 1 of 2
[2025-10-28T17:29:11.929+0000] {taskinstance.py:2330} INFO - Executing <Task(BashOperator): deployment_successful> on 2025-10-28 17:28:54.443681+00:00
[2025-10-28T17:29:11.958+0000] {logging_mixin.py:188} WARNING - /home/***/.local/lib/python3.12/site-packages/***/task/task_runner/standard_task_runner.py:61 DeprecationWarning: This process (pid=7547) is multi-threaded, use of fork() may lead to deadlocks in the child.
[2025-10-28T17:29:11.970+0000] {standard_task_runner.py:63} INFO - Started process 7676 to run task
[2025-10-28T17:29:11.968+0000] {standard_task_runner.py:90} INFO - Running: ['***', 'tasks', 'run', 'model_retraining_pipeline', 'deployment_successful', 'manual__2025-10-28T17:28:54.443681+00:00', '--job-id', '211', '--raw', '--subdir', 'DAGS_FOLDER/retraining_pipeline.py', '--cfg-path', '/tmp/tmp7mrvjmoj']
[2025-10-28T17:29:11.976+0000] {standard_task_runner.py:91} INFO - Job 211: Subtask deployment_successful
[2025-10-28T17:29:12.069+0000] {task_command.py:426} INFO - Running <TaskInstance: model_retraining_pipeline.deployment_successful manual__2025-10-28T17:28:54.443681+00:00 [running]> on host 42dce8a10814
[2025-10-28T17:29:12.209+0000] {taskinstance.py:2648} INFO - Exporting env vars: AIRFLOW_CTX_DAG_OWNER='***' AIRFLOW_CTX_DAG_ID='model_retraining_pipeline' AIRFLOW_CTX_TASK_ID='deployment_successful' AIRFLOW_CTX_EXECUTION_DATE='2025-10-28T17:28:54.443681+00:00' AIRFLOW_CTX_TRY_NUMBER='1' AIRFLOW_CTX_DAG_RUN_ID='manual__2025-10-28T17:28:54.443681+00:00'
[2025-10-28T17:29:12.211+0000] {taskinstance.py:430} INFO - ::endgroup::
[2025-10-28T17:29:12.233+0000] {subprocess.py:63} INFO - Tmp dir root location: /tmp
[2025-10-28T17:29:12.236+0000] {subprocess.py:75} INFO - Running command: ['/usr/bin/bash', '-c', "echo 'Deployment initiated for new production model: UrbanFloodClassifier'"]
[2025-10-28T17:29:12.263+0000] {subprocess.py:86} INFO - Output:
[2025-10-28T17:29:12.265+0000] {subprocess.py:93} INFO - Deployment initiated for new production model: UrbanFloodClassifier
[2025-10-28T17:29:12.266+0000] {subprocess.py:97} INFO - Command exited with return code 0
[2025-10-28T17:29:12.269+0000] {taskinstance.py:441} INFO - ::group::Post task execution logs
[2025-10-28T17:29:12.307+0000] {taskinstance.py:1206} INFO - Marking task as SUCCESS. dag_id=model_retraining_pipeline, task_id=deployment_successful, run_id=manual__2025-10-28T17:28:54.443681+00:00, execution_date=20251028T172854, start_date=20251028T172911, end_date=20251028T172912
[2025-10-28T17:29:12.347+0000] {local_task_job_runner.py:240} INFO - Task exited with return code 0
[2025-10-28T17:29:12.369+0000] {taskinstance.py:3498} INFO - 0 downstream tasks scheduled from follow-on schedule check
[2025-10-28T17:29:12.374+0000] {local_task_job_runner.py:222} INFO - ::endgroup::
