[2025-10-19T07:12:17.569+0000] {local_task_job_runner.py:120} INFO - ::group::Pre task execution logs
[2025-10-19T07:12:17.605+0000] {taskinstance.py:2076} INFO - Dependencies all met for dep_context=non-requeueable deps ti=<TaskInstance: flood_prediction_pipeline.predict_and_log manual__2025-10-19T07:12:12.454053+00:00 [queued]>
[2025-10-19T07:12:17.619+0000] {taskinstance.py:2076} INFO - Dependencies all met for dep_context=requeueable deps ti=<TaskInstance: flood_prediction_pipeline.predict_and_log manual__2025-10-19T07:12:12.454053+00:00 [queued]>
[2025-10-19T07:12:17.620+0000] {taskinstance.py:2306} INFO - Starting attempt 1 of 2
[2025-10-19T07:12:17.638+0000] {taskinstance.py:2330} INFO - Executing <Task(PythonOperator): predict_and_log> on 2025-10-19 07:12:12.454053+00:00
[2025-10-19T07:12:17.650+0000] {standard_task_runner.py:90} INFO - Running: ['***', 'tasks', 'run', 'flood_prediction_pipeline', 'predict_and_log', 'manual__2025-10-19T07:12:12.454053+00:00', '--job-id', '262', '--raw', '--subdir', 'DAGS_FOLDER/flood_prediction_dag.py', '--cfg-path', '/tmp/tmpizsi9zvk']
[2025-10-19T07:12:17.652+0000] {logging_mixin.py:188} WARNING - /home/***/.local/lib/python3.12/site-packages/***/task/task_runner/standard_task_runner.py:61 DeprecationWarning: This process (pid=3540) is multi-threaded, use of fork() may lead to deadlocks in the child.
[2025-10-19T07:12:17.654+0000] {standard_task_runner.py:91} INFO - Job 262: Subtask predict_and_log
[2025-10-19T07:12:17.654+0000] {standard_task_runner.py:63} INFO - Started process 3543 to run task
[2025-10-19T07:12:17.715+0000] {task_command.py:426} INFO - Running <TaskInstance: flood_prediction_pipeline.predict_and_log manual__2025-10-19T07:12:12.454053+00:00 [running]> on host fcca755cbcb6
[2025-10-19T07:12:17.851+0000] {taskinstance.py:2648} INFO - Exporting env vars: AIRFLOW_CTX_DAG_OWNER='***' AIRFLOW_CTX_DAG_ID='flood_prediction_pipeline' AIRFLOW_CTX_TASK_ID='predict_and_log' AIRFLOW_CTX_EXECUTION_DATE='2025-10-19T07:12:12.454053+00:00' AIRFLOW_CTX_TRY_NUMBER='1' AIRFLOW_CTX_DAG_RUN_ID='manual__2025-10-19T07:12:12.454053+00:00'
[2025-10-19T07:12:17.853+0000] {taskinstance.py:430} INFO - ::endgroup::
[2025-10-19T07:12:19.237+0000] {logging_mixin.py:188} INFO - ❌ Prediction failed: The feature names should match those that were passed during fit.
Feature names must be in the same order as they were in fit.
[2025-10-19T07:12:19.238+0000] {python.py:237} INFO - Done. Returned value was: {'error': 'The feature names should match those that were passed during fit.\nFeature names must be in the same order as they were in fit.\n'}
[2025-10-19T07:12:19.238+0000] {taskinstance.py:441} INFO - ::group::Post task execution logs
[2025-10-19T07:12:19.265+0000] {taskinstance.py:1206} INFO - Marking task as SUCCESS. dag_id=flood_prediction_pipeline, task_id=predict_and_log, run_id=manual__2025-10-19T07:12:12.454053+00:00, execution_date=20251019T071212, start_date=20251019T071217, end_date=20251019T071219
[2025-10-19T07:12:19.320+0000] {local_task_job_runner.py:240} INFO - Task exited with return code 0
[2025-10-19T07:12:19.340+0000] {taskinstance.py:3498} INFO - 0 downstream tasks scheduled from follow-on schedule check
[2025-10-19T07:12:19.345+0000] {local_task_job_runner.py:222} INFO - ::endgroup::
