[2025-10-26T09:27:03.932+0000] {local_task_job_runner.py:120} INFO - ::group::Pre task execution logs
[2025-10-26T09:27:03.954+0000] {taskinstance.py:2076} INFO - Dependencies all met for dep_context=non-requeueable deps ti=<TaskInstance: flood_prediction_pipeline.predict_and_log scheduled__2025-10-26T09:20:00+00:00 [queued]>
[2025-10-26T09:27:03.961+0000] {taskinstance.py:2076} INFO - Dependencies all met for dep_context=requeueable deps ti=<TaskInstance: flood_prediction_pipeline.predict_and_log scheduled__2025-10-26T09:20:00+00:00 [queued]>
[2025-10-26T09:27:03.962+0000] {taskinstance.py:2306} INFO - Starting attempt 1 of 2
[2025-10-26T09:27:03.974+0000] {taskinstance.py:2330} INFO - Executing <Task(PythonOperator): predict_and_log> on 2025-10-26 09:20:00+00:00
[2025-10-26T09:27:03.981+0000] {logging_mixin.py:188} WARNING - /home/***/.local/lib/python3.12/site-packages/***/task/task_runner/standard_task_runner.py:61 DeprecationWarning: This process (pid=229) is multi-threaded, use of fork() may lead to deadlocks in the child.
[2025-10-26T09:27:03.981+0000] {standard_task_runner.py:90} INFO - Running: ['***', 'tasks', 'run', 'flood_prediction_pipeline', 'predict_and_log', 'scheduled__2025-10-26T09:20:00+00:00', '--job-id', '767', '--raw', '--subdir', 'DAGS_FOLDER/flood_prediction_dag.py', '--cfg-path', '/tmp/tmpftrcoy_m']
[2025-10-26T09:27:03.982+0000] {standard_task_runner.py:63} INFO - Started process 235 to run task
[2025-10-26T09:27:03.983+0000] {standard_task_runner.py:91} INFO - Job 767: Subtask predict_and_log
[2025-10-26T09:27:04.025+0000] {task_command.py:426} INFO - Running <TaskInstance: flood_prediction_pipeline.predict_and_log scheduled__2025-10-26T09:20:00+00:00 [running]> on host 4c0c871cad78
[2025-10-26T09:27:04.099+0000] {taskinstance.py:2648} INFO - Exporting env vars: AIRFLOW_CTX_DAG_OWNER='***' AIRFLOW_CTX_DAG_ID='flood_prediction_pipeline' AIRFLOW_CTX_TASK_ID='predict_and_log' AIRFLOW_CTX_EXECUTION_DATE='2025-10-26T09:20:00+00:00' AIRFLOW_CTX_TRY_NUMBER='1' AIRFLOW_CTX_DAG_RUN_ID='scheduled__2025-10-26T09:20:00+00:00'
[2025-10-26T09:27:04.102+0000] {taskinstance.py:430} INFO - ::endgroup::
[2025-10-26T09:27:05.548+0000] {logging_mixin.py:188} WARNING - /home/***/.local/lib/python3.12/site-packages/sklearn/ensemble/_base.py:168 UserWarning: Loky-backed parallel loops cannot be called in a multiprocessing, setting n_jobs=1
[2025-10-26T09:27:05.556+0000] {logging_mixin.py:188} WARNING - /home/***/.local/lib/python3.12/site-packages/sklearn/ensemble/_base.py:168 UserWarning: Loky-backed parallel loops cannot be called in a multiprocessing, setting n_jobs=1
[2025-10-26T09:27:05.562+0000] {logging_mixin.py:188} WARNING - /home/***/.local/lib/python3.12/site-packages/sklearn/ensemble/_base.py:168 UserWarning: Loky-backed parallel loops cannot be called in a multiprocessing, setting n_jobs=1
[2025-10-26T09:27:05.568+0000] {logging_mixin.py:188} WARNING - /home/***/.local/lib/python3.12/site-packages/sklearn/ensemble/_base.py:168 UserWarning: Loky-backed parallel loops cannot be called in a multiprocessing, setting n_jobs=1
[2025-10-26T09:27:05.573+0000] {logging_mixin.py:188} WARNING - /home/***/.local/lib/python3.12/site-packages/sklearn/ensemble/_base.py:168 UserWarning: Loky-backed parallel loops cannot be called in a multiprocessing, setting n_jobs=1
[2025-10-26T09:27:05.579+0000] {logging_mixin.py:188} WARNING - /home/***/.local/lib/python3.12/site-packages/sklearn/ensemble/_base.py:168 UserWarning: Loky-backed parallel loops cannot be called in a multiprocessing, setting n_jobs=1
[2025-10-26T09:27:05.692+0000] {logging_mixin.py:188} WARNING - 2025/10/26 09:27:05 WARNING mlflow.utils.git_utils: Failed to import Git (the Git executable is probably not on your PATH), so Git SHA is not available. Error: Failed to initialize: Bad git executable.
The git executable must be specified in one of the following ways:
    - be included in your $PATH
    - be set via $GIT_PYTHON_GIT_EXECUTABLE
    - explicitly set via git.refresh(<full-path-to-git-executable>)

All git commands will error until this is rectified.

This initial message can be silenced or aggravated in the future by setting the
$GIT_PYTHON_REFRESH environment variable. Use one of the following values:
    - quiet|q|silence|s|silent|none|n|0: for no message or exception
    - warn|w|warning|log|l|1: for a warning message (logging level CRITICAL, displayed by default)
    - error|e|exception|raise|r|2: for a raised exception

Example:
    export GIT_PYTHON_REFRESH=quiet
[2025-10-26T09:27:05.924+0000] {logging_mixin.py:188} INFO - ✅ MLflow run logged: ec7b4db7d19a49f49a91fcb5b740863d
[2025-10-26T09:27:05.962+0000] {logging_mixin.py:188} INFO - 🏃 View run LivePrediction_2025-10-26_09-27-05 at: http://mlflow:5000/#/experiments/1/runs/ec7b4db7d19a49f49a91fcb5b740863d
[2025-10-26T09:27:05.963+0000] {logging_mixin.py:188} INFO - 🧪 View experiment at: http://mlflow:5000/#/experiments/1
[2025-10-26T09:27:05.999+0000] {logging_mixin.py:188} INFO - ✅ Prediction logged: {'prediction': 0, 'probability': 0.0, 'timestamp': '2025-10-26_09-27-05', 'lat': 19.65862853713586, 'lon': 78.54136292014984, 'city': 'Adilabad'}
[2025-10-26T09:27:06.009+0000] {python.py:237} INFO - Done. Returned value was: Prediction_Completed
[2025-10-26T09:27:06.010+0000] {taskinstance.py:441} INFO - ::group::Post task execution logs
[2025-10-26T09:27:06.024+0000] {taskinstance.py:1206} INFO - Marking task as SUCCESS. dag_id=flood_prediction_pipeline, task_id=predict_and_log, run_id=scheduled__2025-10-26T09:20:00+00:00, execution_date=20251026T092000, start_date=20251026T092703, end_date=20251026T092706
[2025-10-26T09:27:06.054+0000] {local_task_job_runner.py:240} INFO - Task exited with return code 0
[2025-10-26T09:27:06.072+0000] {taskinstance.py:3498} INFO - 1 downstream tasks scheduled from follow-on schedule check
[2025-10-26T09:27:06.075+0000] {local_task_job_runner.py:222} INFO - ::endgroup::
