[2025-10-28T14:20:14.908+0000] {local_task_job_runner.py:120} INFO - ::group::Pre task execution logs
[2025-10-28T14:20:14.966+0000] {taskinstance.py:2076} INFO - Dependencies all met for dep_context=non-requeueable deps ti=<TaskInstance: flood_prediction_pipeline.fetch_weather_data manual__2025-10-28T14:20:12.447009+00:00 [queued]>
[2025-10-28T14:20:14.983+0000] {taskinstance.py:2076} INFO - Dependencies all met for dep_context=requeueable deps ti=<TaskInstance: flood_prediction_pipeline.fetch_weather_data manual__2025-10-28T14:20:12.447009+00:00 [queued]>
[2025-10-28T14:20:14.994+0000] {taskinstance.py:2306} INFO - Starting attempt 1 of 2
[2025-10-28T14:20:15.022+0000] {taskinstance.py:2330} INFO - Executing <Task(PythonOperator): fetch_weather_data> on 2025-10-28 14:20:12.447009+00:00
[2025-10-28T14:20:15.038+0000] {logging_mixin.py:188} WARNING - /home/***/.local/lib/python3.12/site-packages/***/task/task_runner/standard_task_runner.py:61 DeprecationWarning: This process (pid=1146) is multi-threaded, use of fork() may lead to deadlocks in the child.
[2025-10-28T14:20:15.037+0000] {standard_task_runner.py:90} INFO - Running: ['***', 'tasks', 'run', 'flood_prediction_pipeline', 'fetch_weather_data', 'manual__2025-10-28T14:20:12.447009+00:00', '--job-id', '68', '--raw', '--subdir', 'DAGS_FOLDER/flood_prediction_dag.py', '--cfg-path', '/tmp/tmptr42al9m']
[2025-10-28T14:20:15.044+0000] {standard_task_runner.py:91} INFO - Job 68: Subtask fetch_weather_data
[2025-10-28T14:20:15.044+0000] {standard_task_runner.py:63} INFO - Started process 1149 to run task
[2025-10-28T14:20:15.122+0000] {task_command.py:426} INFO - Running <TaskInstance: flood_prediction_pipeline.fetch_weather_data manual__2025-10-28T14:20:12.447009+00:00 [running]> on host 86359a2e5f03
[2025-10-28T14:20:15.249+0000] {taskinstance.py:2648} INFO - Exporting env vars: AIRFLOW_CTX_DAG_OWNER='***' AIRFLOW_CTX_DAG_ID='flood_prediction_pipeline' AIRFLOW_CTX_TASK_ID='fetch_weather_data' AIRFLOW_CTX_EXECUTION_DATE='2025-10-28T14:20:12.447009+00:00' AIRFLOW_CTX_TRY_NUMBER='1' AIRFLOW_CTX_DAG_RUN_ID='manual__2025-10-28T14:20:12.447009+00:00'
[2025-10-28T14:20:15.253+0000] {taskinstance.py:430} INFO - ::endgroup::
[2025-10-28T14:20:15.299+0000] {logging_mixin.py:188} WARNING - /opt/***/dags/flood_prediction_dag.py:133 FutureWarning: The behavior of DataFrame concatenation with empty or all-NA entries is deprecated. In a future version, this will no longer exclude empty or all-NA columns when determining the result dtypes. To retain the old behavior, exclude the relevant entries before the concat operation.
[2025-10-28T14:20:15.321+0000] {logging_mixin.py:188} INFO - ✅ Weather fetched. Rain (1h/24h): 0.00 / 0.00. Humidity: 78.2
[2025-10-28T14:20:15.322+0000] {python.py:237} INFO - Done. Returned value was: {'temp': 27.93, 'humidity': 78.23, 'pressure': 989.19, 'wind_speed': 2.22, 'rain_1h': 0.0, 'rain_3h': 0.0, 'rain_6h': 0.0, 'rain_24h': 0.0, 'rain_intensity': 0.0, 'temp_delta': 0.0, 'humidity_delta': 0.0, 'hour': 14, 'day': 28, 'month': 10, 'year': 2025}
[2025-10-28T14:20:15.323+0000] {taskinstance.py:441} INFO - ::group::Post task execution logs
[2025-10-28T14:20:15.352+0000] {taskinstance.py:1206} INFO - Marking task as SUCCESS. dag_id=flood_prediction_pipeline, task_id=fetch_weather_data, run_id=manual__2025-10-28T14:20:12.447009+00:00, execution_date=20251028T142012, start_date=20251028T142014, end_date=20251028T142015
[2025-10-28T14:20:15.384+0000] {local_task_job_runner.py:240} INFO - Task exited with return code 0
[2025-10-28T14:20:15.414+0000] {taskinstance.py:3498} INFO - 1 downstream tasks scheduled from follow-on schedule check
[2025-10-28T14:20:15.418+0000] {local_task_job_runner.py:222} INFO - ::endgroup::
