[2025-10-30T16:40:33.683+0000] {local_task_job_runner.py:120} INFO - ::group::Pre task execution logs
[2025-10-30T16:40:33.772+0000] {taskinstance.py:2076} INFO - Dependencies all met for dep_context=non-requeueable deps ti=<TaskInstance: flood_prediction_pipeline.predict_and_log scheduled__2025-10-30T16:35:00+00:00 [queued]>
[2025-10-30T16:40:33.809+0000] {taskinstance.py:2076} INFO - Dependencies all met for dep_context=requeueable deps ti=<TaskInstance: flood_prediction_pipeline.predict_and_log scheduled__2025-10-30T16:35:00+00:00 [queued]>
[2025-10-30T16:40:33.819+0000] {taskinstance.py:2306} INFO - Starting attempt 1 of 2
[2025-10-30T16:40:33.892+0000] {taskinstance.py:2330} INFO - Executing <Task(PythonOperator): predict_and_log> on 2025-10-30 16:35:00+00:00
[2025-10-30T16:40:33.931+0000] {standard_task_runner.py:90} INFO - Running: ['***', 'tasks', 'run', 'flood_prediction_pipeline', 'predict_and_log', 'scheduled__2025-10-30T16:35:00+00:00', '--job-id', '200', '--raw', '--subdir', 'DAGS_FOLDER/flood_prediction_dag.py', '--cfg-path', '/tmp/tmphfk7vqkq']
[2025-10-30T16:40:33.930+0000] {logging_mixin.py:188} WARNING - /home/***/.local/lib/python3.12/site-packages/***/task/task_runner/standard_task_runner.py:61 DeprecationWarning: This process (pid=212) is multi-threaded, use of fork() may lead to deadlocks in the child.
[2025-10-30T16:40:33.937+0000] {standard_task_runner.py:91} INFO - Job 200: Subtask predict_and_log
[2025-10-30T16:40:33.947+0000] {standard_task_runner.py:63} INFO - Started process 218 to run task
[2025-10-30T16:40:34.091+0000] {task_command.py:426} INFO - Running <TaskInstance: flood_prediction_pipeline.predict_and_log scheduled__2025-10-30T16:35:00+00:00 [running]> on host 0026fca74e29
[2025-10-30T16:40:34.336+0000] {taskinstance.py:2648} INFO - Exporting env vars: AIRFLOW_CTX_DAG_OWNER='***' AIRFLOW_CTX_DAG_ID='flood_prediction_pipeline' AIRFLOW_CTX_TASK_ID='predict_and_log' AIRFLOW_CTX_EXECUTION_DATE='2025-10-30T16:35:00+00:00' AIRFLOW_CTX_TRY_NUMBER='1' AIRFLOW_CTX_DAG_RUN_ID='scheduled__2025-10-30T16:35:00+00:00'
[2025-10-30T16:40:34.341+0000] {taskinstance.py:430} INFO - ::endgroup::
[2025-10-30T16:40:38.716+0000] {logging_mixin.py:188} WARNING - /home/***/.local/lib/python3.12/site-packages/sklearn/ensemble/_base.py:168 UserWarning: Loky-backed parallel loops cannot be called in a multiprocessing, setting n_jobs=1
[2025-10-30T16:40:38.737+0000] {logging_mixin.py:188} WARNING - /home/***/.local/lib/python3.12/site-packages/sklearn/ensemble/_base.py:168 UserWarning: Loky-backed parallel loops cannot be called in a multiprocessing, setting n_jobs=1
[2025-10-30T16:40:38.752+0000] {logging_mixin.py:188} WARNING - /home/***/.local/lib/python3.12/site-packages/sklearn/ensemble/_base.py:168 UserWarning: Loky-backed parallel loops cannot be called in a multiprocessing, setting n_jobs=1
[2025-10-30T16:40:39.481+0000] {logging_mixin.py:188} INFO - 🏃 View run LivePrediction_2025-10-30 16:40:38 at: http://mlflow:5000/#/experiments/1/runs/cbbb2339814448a6a866bc3f91fbdfee
[2025-10-30T16:40:39.483+0000] {logging_mixin.py:188} INFO - 🧪 View experiment at: http://mlflow:5000/#/experiments/1
[2025-10-30T16:40:39.617+0000] {logging_mixin.py:188} INFO - ✅ Prediction generated and pushed for logging.
[2025-10-30T16:40:39.618+0000] {python.py:237} INFO - Done. Returned value was: Prediction_Completed
[2025-10-30T16:40:39.620+0000] {taskinstance.py:441} INFO - ::group::Post task execution logs
[2025-10-30T16:40:39.659+0000] {taskinstance.py:1206} INFO - Marking task as SUCCESS. dag_id=flood_prediction_pipeline, task_id=predict_and_log, run_id=scheduled__2025-10-30T16:35:00+00:00, execution_date=20251030T163500, start_date=20251030T164033, end_date=20251030T164039
[2025-10-30T16:40:39.713+0000] {local_task_job_runner.py:240} INFO - Task exited with return code 0
[2025-10-30T16:40:39.779+0000] {taskinstance.py:3498} INFO - 1 downstream tasks scheduled from follow-on schedule check
[2025-10-30T16:40:39.785+0000] {local_task_job_runner.py:222} INFO - ::endgroup::
