[2025-10-29T13:14:13.749+0000] {local_task_job_runner.py:120} INFO - ::group::Pre task execution logs
[2025-10-29T13:14:13.772+0000] {taskinstance.py:2076} INFO - Dependencies all met for dep_context=non-requeueable deps ti=<TaskInstance: flood_prediction_pipeline.fetch_weather_data manual__2025-10-29T13:14:11.975475+00:00 [queued]>
[2025-10-29T13:14:13.779+0000] {taskinstance.py:2076} INFO - Dependencies all met for dep_context=requeueable deps ti=<TaskInstance: flood_prediction_pipeline.fetch_weather_data manual__2025-10-29T13:14:11.975475+00:00 [queued]>
[2025-10-29T13:14:13.779+0000] {taskinstance.py:2306} INFO - Starting attempt 1 of 2
[2025-10-29T13:14:13.792+0000] {taskinstance.py:2330} INFO - Executing <Task(PythonOperator): fetch_weather_data> on 2025-10-29 13:14:11.975475+00:00
[2025-10-29T13:14:13.800+0000] {logging_mixin.py:188} WARNING - /home/***/.local/lib/python3.12/site-packages/***/task/task_runner/standard_task_runner.py:61 DeprecationWarning: This process (pid=1578) is multi-threaded, use of fork() may lead to deadlocks in the child.
[2025-10-29T13:14:13.801+0000] {standard_task_runner.py:90} INFO - Running: ['***', 'tasks', 'run', 'flood_prediction_pipeline', 'fetch_weather_data', 'manual__2025-10-29T13:14:11.975475+00:00', '--job-id', '335', '--raw', '--subdir', 'DAGS_FOLDER/flood_prediction_dag.py', '--cfg-path', '/tmp/tmpi1mn7x3l']
[2025-10-29T13:14:13.801+0000] {standard_task_runner.py:63} INFO - Started process 1586 to run task
[2025-10-29T13:14:13.802+0000] {standard_task_runner.py:91} INFO - Job 335: Subtask fetch_weather_data
[2025-10-29T13:14:13.843+0000] {task_command.py:426} INFO - Running <TaskInstance: flood_prediction_pipeline.fetch_weather_data manual__2025-10-29T13:14:11.975475+00:00 [running]> on host 45f655694865
[2025-10-29T13:14:13.915+0000] {taskinstance.py:2648} INFO - Exporting env vars: AIRFLOW_CTX_DAG_OWNER='***' AIRFLOW_CTX_DAG_ID='flood_prediction_pipeline' AIRFLOW_CTX_TASK_ID='fetch_weather_data' AIRFLOW_CTX_EXECUTION_DATE='2025-10-29T13:14:11.975475+00:00' AIRFLOW_CTX_TRY_NUMBER='1' AIRFLOW_CTX_DAG_RUN_ID='manual__2025-10-29T13:14:11.975475+00:00'
[2025-10-29T13:14:13.917+0000] {taskinstance.py:430} INFO - ::endgroup::
[2025-10-29T13:14:13.944+0000] {logging_mixin.py:188} WARNING - /opt/***/dags/flood_prediction_dag.py:133 FutureWarning: The behavior of DataFrame concatenation with empty or all-NA entries is deprecated. In a future version, this will no longer exclude empty or all-NA columns when determining the result dtypes. To retain the old behavior, exclude the relevant entries before the concat operation.
[2025-10-29T13:14:13.960+0000] {logging_mixin.py:188} INFO - ✅ Weather fetched. Rain (1h/24h): 0.00 / 0.00. Humidity: 87.6
[2025-10-29T13:14:13.961+0000] {python.py:237} INFO - Done. Returned value was: {'temp': 27.71, 'humidity': 87.59, 'pressure': 1000.44, 'wind_speed': 15.83, 'rain_1h': 0.0, 'rain_3h': 0.0, 'rain_6h': 0.0, 'rain_24h': 0.0, 'rain_intensity': 0.0, 'temp_delta': 0.0, 'humidity_delta': 0.0, 'hour': 13, 'day': 29, 'month': 10, 'year': 2025}
[2025-10-29T13:14:13.961+0000] {taskinstance.py:441} INFO - ::group::Post task execution logs
[2025-10-29T13:14:13.979+0000] {taskinstance.py:1206} INFO - Marking task as SUCCESS. dag_id=flood_prediction_pipeline, task_id=fetch_weather_data, run_id=manual__2025-10-29T13:14:11.975475+00:00, execution_date=20251029T131411, start_date=20251029T131413, end_date=20251029T131413
[2025-10-29T13:14:14.016+0000] {local_task_job_runner.py:240} INFO - Task exited with return code 0
[2025-10-29T13:14:14.036+0000] {taskinstance.py:3498} INFO - 1 downstream tasks scheduled from follow-on schedule check
[2025-10-29T13:14:14.039+0000] {local_task_job_runner.py:222} INFO - ::endgroup::
