[2025-10-26T09:28:09.949+0000] {local_task_job_runner.py:120} INFO - ::group::Pre task execution logs
[2025-10-26T09:28:09.970+0000] {taskinstance.py:2076} INFO - Dependencies all met for dep_context=non-requeueable deps ti=<TaskInstance: flood_prediction_pipeline.predict_and_log manual__2025-10-26T09:28:06.346871+00:00 [queued]>
[2025-10-26T09:28:09.976+0000] {taskinstance.py:2076} INFO - Dependencies all met for dep_context=requeueable deps ti=<TaskInstance: flood_prediction_pipeline.predict_and_log manual__2025-10-26T09:28:06.346871+00:00 [queued]>
[2025-10-26T09:28:09.977+0000] {taskinstance.py:2306} INFO - Starting attempt 1 of 2
[2025-10-26T09:28:09.988+0000] {taskinstance.py:2330} INFO - Executing <Task(PythonOperator): predict_and_log> on 2025-10-26 09:28:06.346871+00:00
[2025-10-26T09:28:09.994+0000] {standard_task_runner.py:90} INFO - Running: ['***', 'tasks', 'run', 'flood_prediction_pipeline', 'predict_and_log', 'manual__2025-10-26T09:28:06.346871+00:00', '--job-id', '774', '--raw', '--subdir', 'DAGS_FOLDER/flood_prediction_dag.py', '--cfg-path', '/tmp/tmpq64aqooi']
[2025-10-26T09:28:09.994+0000] {logging_mixin.py:188} WARNING - /home/***/.local/lib/python3.12/site-packages/***/task/task_runner/standard_task_runner.py:61 DeprecationWarning: This process (pid=299) is multi-threaded, use of fork() may lead to deadlocks in the child.
[2025-10-26T09:28:09.995+0000] {standard_task_runner.py:91} INFO - Job 774: Subtask predict_and_log
[2025-10-26T09:28:09.996+0000] {standard_task_runner.py:63} INFO - Started process 302 to run task
[2025-10-26T09:28:10.029+0000] {task_command.py:426} INFO - Running <TaskInstance: flood_prediction_pipeline.predict_and_log manual__2025-10-26T09:28:06.346871+00:00 [running]> on host 4c0c871cad78
[2025-10-26T09:28:10.101+0000] {taskinstance.py:2648} INFO - Exporting env vars: AIRFLOW_CTX_DAG_OWNER='***' AIRFLOW_CTX_DAG_ID='flood_prediction_pipeline' AIRFLOW_CTX_TASK_ID='predict_and_log' AIRFLOW_CTX_EXECUTION_DATE='2025-10-26T09:28:06.346871+00:00' AIRFLOW_CTX_TRY_NUMBER='1' AIRFLOW_CTX_DAG_RUN_ID='manual__2025-10-26T09:28:06.346871+00:00'
[2025-10-26T09:28:10.104+0000] {taskinstance.py:430} INFO - ::endgroup::
[2025-10-26T09:28:11.200+0000] {logging_mixin.py:188} WARNING - /home/***/.local/lib/python3.12/site-packages/sklearn/ensemble/_base.py:168 UserWarning: Loky-backed parallel loops cannot be called in a multiprocessing, setting n_jobs=1
[2025-10-26T09:28:11.206+0000] {logging_mixin.py:188} WARNING - /home/***/.local/lib/python3.12/site-packages/sklearn/ensemble/_base.py:168 UserWarning: Loky-backed parallel loops cannot be called in a multiprocessing, setting n_jobs=1
[2025-10-26T09:28:11.211+0000] {logging_mixin.py:188} WARNING - /home/***/.local/lib/python3.12/site-packages/sklearn/ensemble/_base.py:168 UserWarning: Loky-backed parallel loops cannot be called in a multiprocessing, setting n_jobs=1
[2025-10-26T09:28:11.217+0000] {logging_mixin.py:188} WARNING - /home/***/.local/lib/python3.12/site-packages/sklearn/ensemble/_base.py:168 UserWarning: Loky-backed parallel loops cannot be called in a multiprocessing, setting n_jobs=1
[2025-10-26T09:28:11.222+0000] {logging_mixin.py:188} WARNING - /home/***/.local/lib/python3.12/site-packages/sklearn/ensemble/_base.py:168 UserWarning: Loky-backed parallel loops cannot be called in a multiprocessing, setting n_jobs=1
[2025-10-26T09:28:11.228+0000] {logging_mixin.py:188} WARNING - /home/***/.local/lib/python3.12/site-packages/sklearn/ensemble/_base.py:168 UserWarning: Loky-backed parallel loops cannot be called in a multiprocessing, setting n_jobs=1
[2025-10-26T09:28:11.317+0000] {logging_mixin.py:188} WARNING - 2025/10/26 09:28:11 WARNING mlflow.utils.git_utils: Failed to import Git (the Git executable is probably not on your PATH), so Git SHA is not available. Error: Failed to initialize: Bad git executable.
The git executable must be specified in one of the following ways:
    - be included in your $PATH
    - be set via $GIT_PYTHON_GIT_EXECUTABLE
    - explicitly set via git.refresh(<full-path-to-git-executable>)

All git commands will error until this is rectified.

This initial message can be silenced or aggravated in the future by setting the
$GIT_PYTHON_REFRESH environment variable. Use one of the following values:
    - quiet|q|silence|s|silent|none|n|0: for no message or exception
    - warn|w|warning|log|l|1: for a warning message (logging level CRITICAL, displayed by default)
    - error|e|exception|raise|r|2: for a raised exception

Example:
    export GIT_PYTHON_REFRESH=quiet
[2025-10-26T09:28:11.571+0000] {logging_mixin.py:188} INFO - ✅ MLflow run logged: 9ba372f6082e4898b25c3f22fdefa776
[2025-10-26T09:28:11.602+0000] {logging_mixin.py:188} INFO - 🏃 View run LivePrediction_2025-10-26_09-28-11 at: http://mlflow:5000/#/experiments/1/runs/9ba372f6082e4898b25c3f22fdefa776
[2025-10-26T09:28:11.603+0000] {logging_mixin.py:188} INFO - 🧪 View experiment at: http://mlflow:5000/#/experiments/1
[2025-10-26T09:28:11.638+0000] {logging_mixin.py:188} INFO - ✅ Prediction logged: {'prediction': 0, 'probability': 0.003, 'timestamp': '2025-10-26_09-28-11', 'lat': 19.65862853713586, 'lon': 78.54136292014984, 'city': 'Adilabad'}
[2025-10-26T09:28:11.646+0000] {python.py:237} INFO - Done. Returned value was: Prediction_Completed
[2025-10-26T09:28:11.646+0000] {taskinstance.py:441} INFO - ::group::Post task execution logs
[2025-10-26T09:28:11.659+0000] {taskinstance.py:1206} INFO - Marking task as SUCCESS. dag_id=flood_prediction_pipeline, task_id=predict_and_log, run_id=manual__2025-10-26T09:28:06.346871+00:00, execution_date=20251026T092806, start_date=20251026T092809, end_date=20251026T092811
[2025-10-26T09:28:11.694+0000] {local_task_job_runner.py:240} INFO - Task exited with return code 0
[2025-10-26T09:28:11.710+0000] {taskinstance.py:3498} INFO - 1 downstream tasks scheduled from follow-on schedule check
[2025-10-26T09:28:11.714+0000] {local_task_job_runner.py:222} INFO - ::endgroup::
