[2025-10-22T16:14:16.507+0000] {local_task_job_runner.py:120} INFO - ::group::Pre task execution logs
[2025-10-22T16:14:16.654+0000] {taskinstance.py:2076} INFO - Dependencies all met for dep_context=non-requeueable deps ti=<TaskInstance: flood_prediction_pipeline.predict_and_log scheduled__2025-10-21T17:55:00+00:00 [queued]>
[2025-10-22T16:14:16.727+0000] {taskinstance.py:2076} INFO - Dependencies all met for dep_context=requeueable deps ti=<TaskInstance: flood_prediction_pipeline.predict_and_log scheduled__2025-10-21T17:55:00+00:00 [queued]>
[2025-10-22T16:14:16.773+0000] {taskinstance.py:2306} INFO - Starting attempt 1 of 2
[2025-10-22T16:14:16.869+0000] {taskinstance.py:2330} INFO - Executing <Task(PythonOperator): predict_and_log> on 2025-10-21 17:55:00+00:00
[2025-10-22T16:14:16.922+0000] {logging_mixin.py:188} WARNING - /home/***/.local/lib/python3.12/site-packages/***/task/task_runner/standard_task_runner.py:61 DeprecationWarning: This process (pid=226) is multi-threaded, use of fork() may lead to deadlocks in the child.
[2025-10-22T16:14:16.918+0000] {standard_task_runner.py:90} INFO - Running: ['***', 'tasks', 'run', 'flood_prediction_pipeline', 'predict_and_log', 'scheduled__2025-10-21T17:55:00+00:00', '--job-id', '344', '--raw', '--subdir', 'DAGS_FOLDER/flood_prediction_dag.py', '--cfg-path', '/tmp/tmp75_od5cg']
[2025-10-22T16:14:17.065+0000] {standard_task_runner.py:63} INFO - Started process 240 to run task
[2025-10-22T16:14:17.240+0000] {standard_task_runner.py:91} INFO - Job 344: Subtask predict_and_log
[2025-10-22T16:14:17.832+0000] {task_command.py:426} INFO - Running <TaskInstance: flood_prediction_pipeline.predict_and_log scheduled__2025-10-21T17:55:00+00:00 [running]> on host e8f3576327e6
[2025-10-22T16:14:18.125+0000] {taskinstance.py:2648} INFO - Exporting env vars: AIRFLOW_CTX_DAG_OWNER='***' AIRFLOW_CTX_DAG_ID='flood_prediction_pipeline' AIRFLOW_CTX_TASK_ID='predict_and_log' AIRFLOW_CTX_EXECUTION_DATE='2025-10-21T17:55:00+00:00' AIRFLOW_CTX_TRY_NUMBER='1' AIRFLOW_CTX_DAG_RUN_ID='scheduled__2025-10-21T17:55:00+00:00'
[2025-10-22T16:14:18.163+0000] {taskinstance.py:430} INFO - ::endgroup::
[2025-10-22T16:14:25.481+0000] {logging_mixin.py:188} WARNING - /home/***/.local/lib/python3.12/site-packages/sklearn/ensemble/_base.py:168 UserWarning: Loky-backed parallel loops cannot be called in a multiprocessing, setting n_jobs=1
[2025-10-22T16:14:25.529+0000] {logging_mixin.py:188} WARNING - /home/***/.local/lib/python3.12/site-packages/sklearn/ensemble/_base.py:168 UserWarning: Loky-backed parallel loops cannot be called in a multiprocessing, setting n_jobs=1
[2025-10-22T16:14:25.556+0000] {logging_mixin.py:188} WARNING - /home/***/.local/lib/python3.12/site-packages/sklearn/ensemble/_base.py:168 UserWarning: Loky-backed parallel loops cannot be called in a multiprocessing, setting n_jobs=1
[2025-10-22T16:14:25.586+0000] {logging_mixin.py:188} WARNING - /home/***/.local/lib/python3.12/site-packages/sklearn/ensemble/_base.py:168 UserWarning: Loky-backed parallel loops cannot be called in a multiprocessing, setting n_jobs=1
[2025-10-22T16:14:25.617+0000] {logging_mixin.py:188} WARNING - /home/***/.local/lib/python3.12/site-packages/sklearn/ensemble/_base.py:168 UserWarning: Loky-backed parallel loops cannot be called in a multiprocessing, setting n_jobs=1
[2025-10-22T16:14:25.658+0000] {logging_mixin.py:188} WARNING - /home/***/.local/lib/python3.12/site-packages/sklearn/ensemble/_base.py:168 UserWarning: Loky-backed parallel loops cannot be called in a multiprocessing, setting n_jobs=1
[2025-10-22T16:14:27.644+0000] {logging_mixin.py:188} WARNING - 2025/10/22 16:14:27 WARNING mlflow.utils.git_utils: Failed to import Git (the Git executable is probably not on your PATH), so Git SHA is not available. Error: Failed to initialize: Bad git executable.
The git executable must be specified in one of the following ways:
    - be included in your $PATH
    - be set via $GIT_PYTHON_GIT_EXECUTABLE
    - explicitly set via git.refresh(<full-path-to-git-executable>)

All git commands will error until this is rectified.

This initial message can be silenced or aggravated in the future by setting the
$GIT_PYTHON_REFRESH environment variable. Use one of the following values:
    - quiet|q|silence|s|silent|none|n|0: for no message or exception
    - warn|w|warning|log|l|1: for a warning message (logging level CRITICAL, displayed by default)
    - error|e|exception|raise|r|2: for a raised exception

Example:
    export GIT_PYTHON_REFRESH=quiet
[2025-10-22T16:14:32.388+0000] {logging_mixin.py:188} INFO - ✅ MLflow run logged: e3afc1f995c34378b7169523103bbad4
[2025-10-22T16:14:32.660+0000] {logging_mixin.py:188} INFO - 🏃 View run LivePrediction_2025-10-22_16-14-25 at: http://mlflow:5000/#/experiments/1/runs/e3afc1f995c34378b7169523103bbad4
[2025-10-22T16:14:32.685+0000] {logging_mixin.py:188} INFO - 🧪 View experiment at: http://mlflow:5000/#/experiments/1
[2025-10-22T16:14:32.821+0000] {logging_mixin.py:188} INFO - ✅ Prediction logged: {'prediction': 0, 'probability': 0.0, 'timestamp': '2025-10-22_16-14-25', 'lat': 17.967243847346005, 'lon': 79.6097266044059, 'city': 'Warangal'}
[2025-10-22T16:14:32.827+0000] {python.py:237} INFO - Done. Returned value was: {'prediction': 0, 'probability': 0.0, 'timestamp': '2025-10-22_16-14-25', 'lat': 17.967243847346005, 'lon': 79.6097266044059, 'city': 'Warangal'}
[2025-10-22T16:14:32.830+0000] {taskinstance.py:441} INFO - ::group::Post task execution logs
[2025-10-22T16:14:32.898+0000] {taskinstance.py:1206} INFO - Marking task as SUCCESS. dag_id=flood_prediction_pipeline, task_id=predict_and_log, run_id=scheduled__2025-10-21T17:55:00+00:00, execution_date=20251021T175500, start_date=20251022T161416, end_date=20251022T161432
[2025-10-22T16:14:32.985+0000] {local_task_job_runner.py:240} INFO - Task exited with return code 0
[2025-10-22T16:14:33.075+0000] {taskinstance.py:3498} INFO - 0 downstream tasks scheduled from follow-on schedule check
[2025-10-22T16:14:33.087+0000] {local_task_job_runner.py:222} INFO - ::endgroup::
