[2025-10-30T16:00:09.853+0000] {local_task_job_runner.py:120} INFO - ::group::Pre task execution logs
[2025-10-30T16:00:09.893+0000] {taskinstance.py:2076} INFO - Dependencies all met for dep_context=non-requeueable deps ti=<TaskInstance: flood_prediction_pipeline.log_to_database scheduled__2025-10-30T15:55:00+00:00 [queued]>
[2025-10-30T16:00:09.906+0000] {taskinstance.py:2076} INFO - Dependencies all met for dep_context=requeueable deps ti=<TaskInstance: flood_prediction_pipeline.log_to_database scheduled__2025-10-30T15:55:00+00:00 [queued]>
[2025-10-30T16:00:09.908+0000] {taskinstance.py:2306} INFO - Starting attempt 1 of 2
[2025-10-30T16:00:09.928+0000] {taskinstance.py:2330} INFO - Executing <Task(PythonOperator): log_to_database> on 2025-10-30 15:55:00+00:00
[2025-10-30T16:00:09.939+0000] {standard_task_runner.py:90} INFO - Running: ['***', 'tasks', 'run', 'flood_prediction_pipeline', 'log_to_database', 'scheduled__2025-10-30T15:55:00+00:00', '--job-id', '154', '--raw', '--subdir', 'DAGS_FOLDER/flood_prediction_dag.py', '--cfg-path', '/tmp/tmp70o4pfhl']
[2025-10-30T16:00:09.940+0000] {logging_mixin.py:188} WARNING - /home/***/.local/lib/python3.12/site-packages/***/task/task_runner/standard_task_runner.py:61 DeprecationWarning: This process (pid=4681) is multi-threaded, use of fork() may lead to deadlocks in the child.
[2025-10-30T16:00:09.941+0000] {standard_task_runner.py:63} INFO - Started process 4684 to run task
[2025-10-30T16:00:09.941+0000] {standard_task_runner.py:91} INFO - Job 154: Subtask log_to_database
[2025-10-30T16:00:10.023+0000] {task_command.py:426} INFO - Running <TaskInstance: flood_prediction_pipeline.log_to_database scheduled__2025-10-30T15:55:00+00:00 [running]> on host ef4a724a1397
[2025-10-30T16:00:10.163+0000] {taskinstance.py:2648} INFO - Exporting env vars: AIRFLOW_CTX_DAG_OWNER='***' AIRFLOW_CTX_DAG_ID='flood_prediction_pipeline' AIRFLOW_CTX_TASK_ID='log_to_database' AIRFLOW_CTX_EXECUTION_DATE='2025-10-30T15:55:00+00:00' AIRFLOW_CTX_TRY_NUMBER='1' AIRFLOW_CTX_DAG_RUN_ID='scheduled__2025-10-30T15:55:00+00:00'
[2025-10-30T16:00:10.166+0000] {taskinstance.py:430} INFO - ::endgroup::
[2025-10-30T16:00:10.231+0000] {base.py:84} INFO - Using connection ID 'postgres_default' for task execution.
[2025-10-30T16:00:10.237+0000] {sql.py:470} INFO - Running statement: 
        CREATE TABLE IF NOT EXISTS flood_predictions_log (
            id SERIAL PRIMARY KEY,
            timestamp TIMESTAMP UNIQUE,
            city VARCHAR(50),
            prediction INT,
            probability FLOAT,
            rain_24h FLOAT,
            temp FLOAT,
            humidity FLOAT,
            pressure FLOAT
        );
    , parameters: None
[2025-10-30T16:00:10.250+0000] {base.py:84} INFO - Using connection ID 'postgres_default' for task execution.
[2025-10-30T16:00:10.254+0000] {sql.py:470} INFO - Running statement: 
        INSERT INTO flood_predictions_log (timestamp, city, prediction, probability, rain_24h, temp, humidity, pressure)
        VALUES (%s, %s, %s, %s, %s, %s, %s, %s)
        ON CONFLICT (timestamp) DO NOTHING
    , parameters: ['2025-10-30 16:00:06', 'Karimnagar', 0, 0.128, 6.98, 21.63, 92.01, 1014.56]
[2025-10-30T16:00:10.257+0000] {sql.py:479} INFO - Rows affected: 1
[2025-10-30T16:00:10.260+0000] {logging_mixin.py:188} INFO - ✅ Logged prediction for Karimnagar to PostgreSQL.
[2025-10-30T16:00:10.261+0000] {python.py:237} INFO - Done. Returned value was: None
[2025-10-30T16:00:10.262+0000] {taskinstance.py:441} INFO - ::group::Post task execution logs
[2025-10-30T16:00:10.273+0000] {taskinstance.py:1206} INFO - Marking task as SUCCESS. dag_id=flood_prediction_pipeline, task_id=log_to_database, run_id=scheduled__2025-10-30T15:55:00+00:00, execution_date=20251030T155500, start_date=20251030T160009, end_date=20251030T160010
[2025-10-30T16:00:10.319+0000] {local_task_job_runner.py:240} INFO - Task exited with return code 0
[2025-10-30T16:00:10.350+0000] {taskinstance.py:3498} INFO - 1 downstream tasks scheduled from follow-on schedule check
[2025-10-30T16:00:10.356+0000] {local_task_job_runner.py:222} INFO - ::endgroup::
