[2025-10-28T13:34:43.784+0000] {local_task_job_runner.py:120} INFO - ::group::Pre task execution logs
[2025-10-28T13:34:43.808+0000] {taskinstance.py:2076} INFO - Dependencies all met for dep_context=non-requeueable deps ti=<TaskInstance: flood_prediction_pipeline.predict_and_log scheduled__2025-10-28T13:25:00+00:00 [queued]>
[2025-10-28T13:34:43.816+0000] {taskinstance.py:2076} INFO - Dependencies all met for dep_context=requeueable deps ti=<TaskInstance: flood_prediction_pipeline.predict_and_log scheduled__2025-10-28T13:25:00+00:00 [queued]>
[2025-10-28T13:34:43.817+0000] {taskinstance.py:2306} INFO - Starting attempt 1 of 2
[2025-10-28T13:34:43.829+0000] {taskinstance.py:2330} INFO - Executing <Task(PythonOperator): predict_and_log> on 2025-10-28 13:25:00+00:00
[2025-10-28T13:34:43.836+0000] {standard_task_runner.py:90} INFO - Running: ['***', 'tasks', 'run', 'flood_prediction_pipeline', 'predict_and_log', 'scheduled__2025-10-28T13:25:00+00:00', '--job-id', '3', '--raw', '--subdir', 'DAGS_FOLDER/flood_prediction_dag.py', '--cfg-path', '/tmp/tmpo7o085xr']
[2025-10-28T13:34:43.837+0000] {logging_mixin.py:188} WARNING - /home/***/.local/lib/python3.12/site-packages/***/task/task_runner/standard_task_runner.py:61 DeprecationWarning: This process (pid=235) is multi-threaded, use of fork() may lead to deadlocks in the child.
[2025-10-28T13:34:43.838+0000] {standard_task_runner.py:91} INFO - Job 3: Subtask predict_and_log
[2025-10-28T13:34:43.838+0000] {standard_task_runner.py:63} INFO - Started process 241 to run task
[2025-10-28T13:34:43.887+0000] {task_command.py:426} INFO - Running <TaskInstance: flood_prediction_pipeline.predict_and_log scheduled__2025-10-28T13:25:00+00:00 [running]> on host 86359a2e5f03
[2025-10-28T13:34:43.965+0000] {taskinstance.py:2648} INFO - Exporting env vars: AIRFLOW_CTX_DAG_OWNER='***' AIRFLOW_CTX_DAG_ID='flood_prediction_pipeline' AIRFLOW_CTX_TASK_ID='predict_and_log' AIRFLOW_CTX_EXECUTION_DATE='2025-10-28T13:25:00+00:00' AIRFLOW_CTX_TRY_NUMBER='1' AIRFLOW_CTX_DAG_RUN_ID='scheduled__2025-10-28T13:25:00+00:00'
[2025-10-28T13:34:43.967+0000] {taskinstance.py:430} INFO - ::endgroup::
[2025-10-28T13:34:45.135+0000] {logging_mixin.py:188} WARNING - /home/***/.local/lib/python3.12/site-packages/sklearn/ensemble/_base.py:168 UserWarning: Loky-backed parallel loops cannot be called in a multiprocessing, setting n_jobs=1
[2025-10-28T13:34:45.141+0000] {logging_mixin.py:188} WARNING - /home/***/.local/lib/python3.12/site-packages/sklearn/ensemble/_base.py:168 UserWarning: Loky-backed parallel loops cannot be called in a multiprocessing, setting n_jobs=1
[2025-10-28T13:34:45.148+0000] {logging_mixin.py:188} WARNING - /home/***/.local/lib/python3.12/site-packages/sklearn/ensemble/_base.py:168 UserWarning: Loky-backed parallel loops cannot be called in a multiprocessing, setting n_jobs=1
[2025-10-28T13:34:45.154+0000] {logging_mixin.py:188} WARNING - /home/***/.local/lib/python3.12/site-packages/sklearn/ensemble/_base.py:168 UserWarning: Loky-backed parallel loops cannot be called in a multiprocessing, setting n_jobs=1
[2025-10-28T13:34:45.161+0000] {logging_mixin.py:188} WARNING - /home/***/.local/lib/python3.12/site-packages/sklearn/ensemble/_base.py:168 UserWarning: Loky-backed parallel loops cannot be called in a multiprocessing, setting n_jobs=1
[2025-10-28T13:34:45.168+0000] {logging_mixin.py:188} WARNING - /home/***/.local/lib/python3.12/site-packages/sklearn/ensemble/_base.py:168 UserWarning: Loky-backed parallel loops cannot be called in a multiprocessing, setting n_jobs=1
[2025-10-28T13:34:45.279+0000] {logging_mixin.py:188} WARNING - 2025/10/28 13:34:45 WARNING mlflow.utils.git_utils: Failed to import Git (the Git executable is probably not on your PATH), so Git SHA is not available. Error: Failed to initialize: Bad git executable.
The git executable must be specified in one of the following ways:
    - be included in your $PATH
    - be set via $GIT_PYTHON_GIT_EXECUTABLE
    - explicitly set via git.refresh(<full-path-to-git-executable>)

All git commands will error until this is rectified.

This initial message can be silenced or aggravated in the future by setting the
$GIT_PYTHON_REFRESH environment variable. Use one of the following values:
    - quiet|q|silence|s|silent|none|n|0: for no message or exception
    - warn|w|warning|log|l|1: for a warning message (logging level CRITICAL, displayed by default)
    - error|e|exception|raise|r|2: for a raised exception

Example:
    export GIT_PYTHON_REFRESH=quiet
[2025-10-28T13:34:45.965+0000] {logging_mixin.py:188} INFO - ✅ MLflow run logged: 577a05dfba6c4cd2a5bebb5109ad6ef4
[2025-10-28T13:34:45.994+0000] {logging_mixin.py:188} INFO - 🏃 View run LivePrediction_2025-10-28_13-34-45 at: http://mlflow:5000/#/experiments/1/runs/577a05dfba6c4cd2a5bebb5109ad6ef4
[2025-10-28T13:34:45.995+0000] {logging_mixin.py:188} INFO - 🧪 View experiment at: http://mlflow:5000/#/experiments/1
[2025-10-28T13:34:46.039+0000] {logging_mixin.py:188} INFO - ✅ Prediction logged: {'prediction': 0, 'probability': 0.0, 'timestamp': '2025-10-28_13-34-45', 'lat': 18.688060349724953, 'lon': 78.07642331728451, 'city': 'Nizamabad'}
[2025-10-28T13:34:46.050+0000] {python.py:237} INFO - Done. Returned value was: Prediction_Completed
[2025-10-28T13:34:46.051+0000] {taskinstance.py:441} INFO - ::group::Post task execution logs
[2025-10-28T13:34:46.068+0000] {taskinstance.py:1206} INFO - Marking task as SUCCESS. dag_id=flood_prediction_pipeline, task_id=predict_and_log, run_id=scheduled__2025-10-28T13:25:00+00:00, execution_date=20251028T132500, start_date=20251028T133443, end_date=20251028T133446
[2025-10-28T13:34:46.101+0000] {local_task_job_runner.py:240} INFO - Task exited with return code 0
[2025-10-28T13:34:46.123+0000] {taskinstance.py:3498} INFO - 1 downstream tasks scheduled from follow-on schedule check
[2025-10-28T13:34:46.126+0000] {local_task_job_runner.py:222} INFO - ::endgroup::
