[2025-10-30T18:00:07.206+0000] {local_task_job_runner.py:120} INFO - ::group::Pre task execution logs
[2025-10-30T18:00:07.228+0000] {taskinstance.py:2076} INFO - Dependencies all met for dep_context=non-requeueable deps ti=<TaskInstance: flood_prediction_pipeline.log_to_database scheduled__2025-10-30T17:55:00+00:00 [queued]>
[2025-10-30T18:00:07.237+0000] {taskinstance.py:2076} INFO - Dependencies all met for dep_context=requeueable deps ti=<TaskInstance: flood_prediction_pipeline.log_to_database scheduled__2025-10-30T17:55:00+00:00 [queued]>
[2025-10-30T18:00:07.238+0000] {taskinstance.py:2306} INFO - Starting attempt 1 of 2
[2025-10-30T18:00:07.251+0000] {taskinstance.py:2330} INFO - Executing <Task(PythonOperator): log_to_database> on 2025-10-30 17:55:00+00:00
[2025-10-30T18:00:07.259+0000] {logging_mixin.py:188} WARNING - /home/***/.local/lib/python3.12/site-packages/***/task/task_runner/standard_task_runner.py:61 DeprecationWarning: This process (pid=3112) is multi-threaded, use of fork() may lead to deadlocks in the child.
[2025-10-30T18:00:07.259+0000] {standard_task_runner.py:90} INFO - Running: ['***', 'tasks', 'run', 'flood_prediction_pipeline', 'log_to_database', 'scheduled__2025-10-30T17:55:00+00:00', '--job-id', '348', '--raw', '--subdir', 'DAGS_FOLDER/flood_prediction_dag.py', '--cfg-path', '/tmp/tmpn_2gc7ao']
[2025-10-30T18:00:07.260+0000] {standard_task_runner.py:63} INFO - Started process 3115 to run task
[2025-10-30T18:00:07.261+0000] {standard_task_runner.py:91} INFO - Job 348: Subtask log_to_database
[2025-10-30T18:00:07.307+0000] {task_command.py:426} INFO - Running <TaskInstance: flood_prediction_pipeline.log_to_database scheduled__2025-10-30T17:55:00+00:00 [running]> on host adac321c4d0a
[2025-10-30T18:00:07.381+0000] {taskinstance.py:2648} INFO - Exporting env vars: AIRFLOW_CTX_DAG_OWNER='***' AIRFLOW_CTX_DAG_ID='flood_prediction_pipeline' AIRFLOW_CTX_TASK_ID='log_to_database' AIRFLOW_CTX_EXECUTION_DATE='2025-10-30T17:55:00+00:00' AIRFLOW_CTX_TRY_NUMBER='1' AIRFLOW_CTX_DAG_RUN_ID='scheduled__2025-10-30T17:55:00+00:00'
[2025-10-30T18:00:07.383+0000] {taskinstance.py:430} INFO - ::endgroup::
[2025-10-30T18:00:07.413+0000] {base.py:84} INFO - Using connection ID 'postgres_default' for task execution.
[2025-10-30T18:00:07.417+0000] {sql.py:470} INFO - Running statement: 
        CREATE TABLE IF NOT EXISTS flood_predictions_log (
            id SERIAL PRIMARY KEY,
            timestamp TIMESTAMP UNIQUE,
            city VARCHAR(50),
            prediction INT,
            probability FLOAT,
            rain_24h FLOAT,
            temp FLOAT,
            humidity FLOAT,
            pressure FLOAT
        );
    , parameters: None
[2025-10-30T18:00:07.424+0000] {base.py:84} INFO - Using connection ID 'postgres_default' for task execution.
[2025-10-30T18:00:07.428+0000] {sql.py:470} INFO - Running statement: 
        INSERT INTO flood_predictions_log (timestamp, city, prediction, probability, rain_24h, temp, humidity, pressure)
        VALUES (%s, %s, %s, %s, %s, %s, %s, %s)
        ON CONFLICT (timestamp) DO NOTHING
    , parameters: ['2025-10-30 18:00:05', 'Karimnagar', 0, 0.0, 0.0, 20.29, 80.28, 1000.89]
[2025-10-30T18:00:07.430+0000] {sql.py:479} INFO - Rows affected: 1
[2025-10-30T18:00:07.433+0000] {logging_mixin.py:188} INFO - ✅ Logged prediction for Karimnagar to PostgreSQL.
[2025-10-30T18:00:07.433+0000] {python.py:237} INFO - Done. Returned value was: None
[2025-10-30T18:00:07.434+0000] {taskinstance.py:441} INFO - ::group::Post task execution logs
[2025-10-30T18:00:07.441+0000] {taskinstance.py:1206} INFO - Marking task as SUCCESS. dag_id=flood_prediction_pipeline, task_id=log_to_database, run_id=scheduled__2025-10-30T17:55:00+00:00, execution_date=20251030T175500, start_date=20251030T180007, end_date=20251030T180007
[2025-10-30T18:00:07.475+0000] {local_task_job_runner.py:240} INFO - Task exited with return code 0
[2025-10-30T18:00:07.497+0000] {taskinstance.py:3498} INFO - 1 downstream tasks scheduled from follow-on schedule check
[2025-10-30T18:00:07.501+0000] {local_task_job_runner.py:222} INFO - ::endgroup::
