[2025-10-22T18:00:04.240+0000] {local_task_job_runner.py:120} INFO - ::group::Pre task execution logs
[2025-10-22T18:00:04.259+0000] {taskinstance.py:2076} INFO - Dependencies all met for dep_context=non-requeueable deps ti=<TaskInstance: flood_prediction_pipeline.predict_and_log scheduled__2025-10-22T17:55:00+00:00 [queued]>
[2025-10-22T18:00:04.266+0000] {taskinstance.py:2076} INFO - Dependencies all met for dep_context=requeueable deps ti=<TaskInstance: flood_prediction_pipeline.predict_and_log scheduled__2025-10-22T17:55:00+00:00 [queued]>
[2025-10-22T18:00:04.266+0000] {taskinstance.py:2306} INFO - Starting attempt 1 of 2
[2025-10-22T18:00:04.278+0000] {taskinstance.py:2330} INFO - Executing <Task(PythonOperator): predict_and_log> on 2025-10-22 17:55:00+00:00
[2025-10-22T18:00:04.286+0000] {standard_task_runner.py:90} INFO - Running: ['***', 'tasks', 'run', 'flood_prediction_pipeline', 'predict_and_log', 'scheduled__2025-10-22T17:55:00+00:00', '--job-id', '399', '--raw', '--subdir', 'DAGS_FOLDER/flood_prediction_dag.py', '--cfg-path', '/tmp/tmpxle6g_vo']
[2025-10-22T18:00:04.286+0000] {logging_mixin.py:188} WARNING - /home/***/.local/lib/python3.12/site-packages/***/task/task_runner/standard_task_runner.py:61 DeprecationWarning: This process (pid=1955) is multi-threaded, use of fork() may lead to deadlocks in the child.
[2025-10-22T18:00:04.287+0000] {standard_task_runner.py:91} INFO - Job 399: Subtask predict_and_log
[2025-10-22T18:00:04.288+0000] {standard_task_runner.py:63} INFO - Started process 1958 to run task
[2025-10-22T18:00:04.331+0000] {task_command.py:426} INFO - Running <TaskInstance: flood_prediction_pipeline.predict_and_log scheduled__2025-10-22T17:55:00+00:00 [running]> on host e8f3576327e6
[2025-10-22T18:00:04.396+0000] {taskinstance.py:2648} INFO - Exporting env vars: AIRFLOW_CTX_DAG_OWNER='***' AIRFLOW_CTX_DAG_ID='flood_prediction_pipeline' AIRFLOW_CTX_TASK_ID='predict_and_log' AIRFLOW_CTX_EXECUTION_DATE='2025-10-22T17:55:00+00:00' AIRFLOW_CTX_TRY_NUMBER='1' AIRFLOW_CTX_DAG_RUN_ID='scheduled__2025-10-22T17:55:00+00:00'
[2025-10-22T18:00:04.398+0000] {taskinstance.py:430} INFO - ::endgroup::
[2025-10-22T18:00:06.179+0000] {logging_mixin.py:188} WARNING - /home/***/.local/lib/python3.12/site-packages/sklearn/ensemble/_base.py:168 UserWarning: Loky-backed parallel loops cannot be called in a multiprocessing, setting n_jobs=1
[2025-10-22T18:00:06.186+0000] {logging_mixin.py:188} WARNING - /home/***/.local/lib/python3.12/site-packages/sklearn/ensemble/_base.py:168 UserWarning: Loky-backed parallel loops cannot be called in a multiprocessing, setting n_jobs=1
[2025-10-22T18:00:06.191+0000] {logging_mixin.py:188} WARNING - /home/***/.local/lib/python3.12/site-packages/sklearn/ensemble/_base.py:168 UserWarning: Loky-backed parallel loops cannot be called in a multiprocessing, setting n_jobs=1
[2025-10-22T18:00:06.197+0000] {logging_mixin.py:188} WARNING - /home/***/.local/lib/python3.12/site-packages/sklearn/ensemble/_base.py:168 UserWarning: Loky-backed parallel loops cannot be called in a multiprocessing, setting n_jobs=1
[2025-10-22T18:00:06.204+0000] {logging_mixin.py:188} WARNING - /home/***/.local/lib/python3.12/site-packages/sklearn/ensemble/_base.py:168 UserWarning: Loky-backed parallel loops cannot be called in a multiprocessing, setting n_jobs=1
[2025-10-22T18:00:06.210+0000] {logging_mixin.py:188} WARNING - /home/***/.local/lib/python3.12/site-packages/sklearn/ensemble/_base.py:168 UserWarning: Loky-backed parallel loops cannot be called in a multiprocessing, setting n_jobs=1
[2025-10-22T18:00:06.648+0000] {logging_mixin.py:188} WARNING - 2025/10/22 18:00:06 WARNING mlflow.utils.git_utils: Failed to import Git (the Git executable is probably not on your PATH), so Git SHA is not available. Error: Failed to initialize: Bad git executable.
The git executable must be specified in one of the following ways:
    - be included in your $PATH
    - be set via $GIT_PYTHON_GIT_EXECUTABLE
    - explicitly set via git.refresh(<full-path-to-git-executable>)

All git commands will error until this is rectified.

This initial message can be silenced or aggravated in the future by setting the
$GIT_PYTHON_REFRESH environment variable. Use one of the following values:
    - quiet|q|silence|s|silent|none|n|0: for no message or exception
    - warn|w|warning|log|l|1: for a warning message (logging level CRITICAL, displayed by default)
    - error|e|exception|raise|r|2: for a raised exception

Example:
    export GIT_PYTHON_REFRESH=quiet
[2025-10-22T18:00:07.762+0000] {logging_mixin.py:188} INFO - ✅ MLflow run logged: c4bf5015381d4598adb3d5bfc4d58bca
[2025-10-22T18:00:07.808+0000] {logging_mixin.py:188} INFO - 🏃 View run LivePrediction_2025-10-22_18-00-06 at: http://mlflow:5000/#/experiments/1/runs/c4bf5015381d4598adb3d5bfc4d58bca
[2025-10-22T18:00:07.809+0000] {logging_mixin.py:188} INFO - 🧪 View experiment at: http://mlflow:5000/#/experiments/1
[2025-10-22T18:00:07.846+0000] {logging_mixin.py:188} INFO - ✅ Prediction logged: {'prediction': 0, 'probability': 0.0, 'timestamp': '2025-10-22_18-00-06', 'lat': 17.967243847346005, 'lon': 79.6097266044059, 'city': 'Warangal'}
[2025-10-22T18:00:07.848+0000] {python.py:237} INFO - Done. Returned value was: {'prediction': 0, 'probability': 0.0, 'timestamp': '2025-10-22_18-00-06', 'lat': 17.967243847346005, 'lon': 79.6097266044059, 'city': 'Warangal'}
[2025-10-22T18:00:07.849+0000] {taskinstance.py:441} INFO - ::group::Post task execution logs
[2025-10-22T18:00:07.869+0000] {taskinstance.py:1206} INFO - Marking task as SUCCESS. dag_id=flood_prediction_pipeline, task_id=predict_and_log, run_id=scheduled__2025-10-22T17:55:00+00:00, execution_date=20251022T175500, start_date=20251022T180004, end_date=20251022T180007
[2025-10-22T18:00:07.916+0000] {local_task_job_runner.py:240} INFO - Task exited with return code 0
[2025-10-22T18:00:07.933+0000] {taskinstance.py:3498} INFO - 0 downstream tasks scheduled from follow-on schedule check
[2025-10-22T18:00:07.938+0000] {local_task_job_runner.py:222} INFO - ::endgroup::
