[2025-10-24T14:14:12.790+0000] {local_task_job_runner.py:120} INFO - ::group::Pre task execution logs
[2025-10-24T14:14:12.823+0000] {taskinstance.py:2076} INFO - Dependencies all met for dep_context=non-requeueable deps ti=<TaskInstance: flood_prediction_pipeline.predict_and_log scheduled__2025-10-23T08:20:00+00:00 [queued]>
[2025-10-24T14:14:12.835+0000] {taskinstance.py:2076} INFO - Dependencies all met for dep_context=requeueable deps ti=<TaskInstance: flood_prediction_pipeline.predict_and_log scheduled__2025-10-23T08:20:00+00:00 [queued]>
[2025-10-24T14:14:12.840+0000] {taskinstance.py:2306} INFO - Starting attempt 1 of 2
[2025-10-24T14:14:12.878+0000] {taskinstance.py:2330} INFO - Executing <Task(PythonOperator): predict_and_log> on 2025-10-23 08:20:00+00:00
[2025-10-24T14:14:12.890+0000] {logging_mixin.py:188} WARNING - /home/***/.local/lib/python3.12/site-packages/***/task/task_runner/standard_task_runner.py:61 DeprecationWarning: This process (pid=236) is multi-threaded, use of fork() may lead to deadlocks in the child.
[2025-10-24T14:14:12.889+0000] {standard_task_runner.py:90} INFO - Running: ['***', 'tasks', 'run', 'flood_prediction_pipeline', 'predict_and_log', 'scheduled__2025-10-23T08:20:00+00:00', '--job-id', '513', '--raw', '--subdir', 'DAGS_FOLDER/flood_prediction_dag.py', '--cfg-path', '/tmp/tmp2zzhig7z']
[2025-10-24T14:14:12.891+0000] {standard_task_runner.py:63} INFO - Started process 241 to run task
[2025-10-24T14:14:12.891+0000] {standard_task_runner.py:91} INFO - Job 513: Subtask predict_and_log
[2025-10-24T14:14:12.941+0000] {task_command.py:426} INFO - Running <TaskInstance: flood_prediction_pipeline.predict_and_log scheduled__2025-10-23T08:20:00+00:00 [running]> on host 6c6b5fe21086
[2025-10-24T14:14:13.045+0000] {taskinstance.py:2648} INFO - Exporting env vars: AIRFLOW_CTX_DAG_OWNER='***' AIRFLOW_CTX_DAG_ID='flood_prediction_pipeline' AIRFLOW_CTX_TASK_ID='predict_and_log' AIRFLOW_CTX_EXECUTION_DATE='2025-10-23T08:20:00+00:00' AIRFLOW_CTX_TRY_NUMBER='1' AIRFLOW_CTX_DAG_RUN_ID='scheduled__2025-10-23T08:20:00+00:00'
[2025-10-24T14:14:13.047+0000] {taskinstance.py:430} INFO - ::endgroup::
[2025-10-24T14:14:14.796+0000] {logging_mixin.py:188} WARNING - /home/***/.local/lib/python3.12/site-packages/sklearn/ensemble/_base.py:168 UserWarning: Loky-backed parallel loops cannot be called in a multiprocessing, setting n_jobs=1
[2025-10-24T14:14:14.805+0000] {logging_mixin.py:188} WARNING - /home/***/.local/lib/python3.12/site-packages/sklearn/ensemble/_base.py:168 UserWarning: Loky-backed parallel loops cannot be called in a multiprocessing, setting n_jobs=1
[2025-10-24T14:14:14.821+0000] {logging_mixin.py:188} WARNING - /home/***/.local/lib/python3.12/site-packages/sklearn/ensemble/_base.py:168 UserWarning: Loky-backed parallel loops cannot be called in a multiprocessing, setting n_jobs=1
[2025-10-24T14:14:14.833+0000] {logging_mixin.py:188} WARNING - /home/***/.local/lib/python3.12/site-packages/sklearn/ensemble/_base.py:168 UserWarning: Loky-backed parallel loops cannot be called in a multiprocessing, setting n_jobs=1
[2025-10-24T14:14:14.847+0000] {logging_mixin.py:188} WARNING - /home/***/.local/lib/python3.12/site-packages/sklearn/ensemble/_base.py:168 UserWarning: Loky-backed parallel loops cannot be called in a multiprocessing, setting n_jobs=1
[2025-10-24T14:14:14.861+0000] {logging_mixin.py:188} WARNING - /home/***/.local/lib/python3.12/site-packages/sklearn/ensemble/_base.py:168 UserWarning: Loky-backed parallel loops cannot be called in a multiprocessing, setting n_jobs=1
[2025-10-24T14:14:14.963+0000] {logging_mixin.py:188} INFO - ✅ Prediction logged: {'prediction': 0, 'probability': 0.434, 'timestamp': '2025-10-24_14-14-14', 'lat': 17.2284270259515, 'lon': 80.15749669246298, 'city': 'Khammam'}
[2025-10-24T14:14:14.978+0000] {python.py:237} INFO - Done. Returned value was: Prediction_Completed
[2025-10-24T14:14:14.978+0000] {taskinstance.py:441} INFO - ::group::Post task execution logs
[2025-10-24T14:14:14.999+0000] {taskinstance.py:1206} INFO - Marking task as SUCCESS. dag_id=flood_prediction_pipeline, task_id=predict_and_log, run_id=scheduled__2025-10-23T08:20:00+00:00, execution_date=20251023T082000, start_date=20251024T141412, end_date=20251024T141414
[2025-10-24T14:14:15.033+0000] {local_task_job_runner.py:240} INFO - Task exited with return code 0
[2025-10-24T14:14:15.069+0000] {taskinstance.py:3498} INFO - 1 downstream tasks scheduled from follow-on schedule check
[2025-10-24T14:14:15.072+0000] {local_task_job_runner.py:222} INFO - ::endgroup::
