[2025-10-23T06:55:04.221+0000] {local_task_job_runner.py:120} INFO - ::group::Pre task execution logs
[2025-10-23T06:55:04.244+0000] {taskinstance.py:2076} INFO - Dependencies all met for dep_context=non-requeueable deps ti=<TaskInstance: flood_prediction_pipeline.predict_and_log scheduled__2025-10-23T06:50:00+00:00 [queued]>
[2025-10-23T06:55:04.254+0000] {taskinstance.py:2076} INFO - Dependencies all met for dep_context=requeueable deps ti=<TaskInstance: flood_prediction_pipeline.predict_and_log scheduled__2025-10-23T06:50:00+00:00 [queued]>
[2025-10-23T06:55:04.254+0000] {taskinstance.py:2306} INFO - Starting attempt 1 of 2
[2025-10-23T06:55:04.265+0000] {taskinstance.py:2330} INFO - Executing <Task(PythonOperator): predict_and_log> on 2025-10-23 06:50:00+00:00
[2025-10-23T06:55:04.273+0000] {standard_task_runner.py:90} INFO - Running: ['***', 'tasks', 'run', 'flood_prediction_pipeline', 'predict_and_log', 'scheduled__2025-10-23T06:50:00+00:00', '--job-id', '422', '--raw', '--subdir', 'DAGS_FOLDER/flood_prediction_dag.py', '--cfg-path', '/tmp/tmp4g_fzfty']
[2025-10-23T06:55:04.275+0000] {logging_mixin.py:188} WARNING - /home/***/.local/lib/python3.12/site-packages/***/task/task_runner/standard_task_runner.py:61 DeprecationWarning: This process (pid=275) is multi-threaded, use of fork() may lead to deadlocks in the child.
[2025-10-23T06:55:04.275+0000] {standard_task_runner.py:91} INFO - Job 422: Subtask predict_and_log
[2025-10-23T06:55:04.276+0000] {standard_task_runner.py:63} INFO - Started process 278 to run task
[2025-10-23T06:55:04.334+0000] {task_command.py:426} INFO - Running <TaskInstance: flood_prediction_pipeline.predict_and_log scheduled__2025-10-23T06:50:00+00:00 [running]> on host d52a4bcac09b
[2025-10-23T06:55:04.417+0000] {taskinstance.py:2648} INFO - Exporting env vars: AIRFLOW_CTX_DAG_OWNER='***' AIRFLOW_CTX_DAG_ID='flood_prediction_pipeline' AIRFLOW_CTX_TASK_ID='predict_and_log' AIRFLOW_CTX_EXECUTION_DATE='2025-10-23T06:50:00+00:00' AIRFLOW_CTX_TRY_NUMBER='1' AIRFLOW_CTX_DAG_RUN_ID='scheduled__2025-10-23T06:50:00+00:00'
[2025-10-23T06:55:04.419+0000] {taskinstance.py:430} INFO - ::endgroup::
[2025-10-23T06:55:05.920+0000] {logging_mixin.py:188} WARNING - /home/***/.local/lib/python3.12/site-packages/sklearn/ensemble/_base.py:168 UserWarning: Loky-backed parallel loops cannot be called in a multiprocessing, setting n_jobs=1
[2025-10-23T06:55:05.928+0000] {logging_mixin.py:188} WARNING - /home/***/.local/lib/python3.12/site-packages/sklearn/ensemble/_base.py:168 UserWarning: Loky-backed parallel loops cannot be called in a multiprocessing, setting n_jobs=1
[2025-10-23T06:55:05.935+0000] {logging_mixin.py:188} WARNING - /home/***/.local/lib/python3.12/site-packages/sklearn/ensemble/_base.py:168 UserWarning: Loky-backed parallel loops cannot be called in a multiprocessing, setting n_jobs=1
[2025-10-23T06:55:05.942+0000] {logging_mixin.py:188} WARNING - /home/***/.local/lib/python3.12/site-packages/sklearn/ensemble/_base.py:168 UserWarning: Loky-backed parallel loops cannot be called in a multiprocessing, setting n_jobs=1
[2025-10-23T06:55:05.948+0000] {logging_mixin.py:188} WARNING - /home/***/.local/lib/python3.12/site-packages/sklearn/ensemble/_base.py:168 UserWarning: Loky-backed parallel loops cannot be called in a multiprocessing, setting n_jobs=1
[2025-10-23T06:55:05.954+0000] {logging_mixin.py:188} WARNING - /home/***/.local/lib/python3.12/site-packages/sklearn/ensemble/_base.py:168 UserWarning: Loky-backed parallel loops cannot be called in a multiprocessing, setting n_jobs=1
[2025-10-23T06:55:06.032+0000] {logging_mixin.py:188} INFO - ✅ Prediction logged: {'prediction': 1, 'probability': 0.687, 'timestamp': '2025-10-23_06-55-05', 'lat': 18.658001326472906, 'lon': 78.10284616737249, 'city': 'Nizamabad'}
[2025-10-23T06:55:06.044+0000] {python.py:237} INFO - Done. Returned value was: Prediction_Completed
[2025-10-23T06:55:06.045+0000] {taskinstance.py:441} INFO - ::group::Post task execution logs
[2025-10-23T06:55:06.065+0000] {taskinstance.py:1206} INFO - Marking task as SUCCESS. dag_id=flood_prediction_pipeline, task_id=predict_and_log, run_id=scheduled__2025-10-23T06:50:00+00:00, execution_date=20251023T065000, start_date=20251023T065504, end_date=20251023T065506
[2025-10-23T06:55:06.098+0000] {local_task_job_runner.py:240} INFO - Task exited with return code 0
[2025-10-23T06:55:06.121+0000] {taskinstance.py:3498} INFO - 1 downstream tasks scheduled from follow-on schedule check
[2025-10-23T06:55:06.126+0000] {local_task_job_runner.py:222} INFO - ::endgroup::
