[2025-10-24T14:52:13.802+0000] {local_task_job_runner.py:120} INFO - ::group::Pre task execution logs
[2025-10-24T14:52:13.833+0000] {taskinstance.py:2076} INFO - Dependencies all met for dep_context=non-requeueable deps ti=<TaskInstance: flood_prediction_pipeline.send_slack_alert scheduled__2025-10-24T14:45:00+00:00 [queued]>
[2025-10-24T14:52:13.842+0000] {taskinstance.py:2076} INFO - Dependencies all met for dep_context=requeueable deps ti=<TaskInstance: flood_prediction_pipeline.send_slack_alert scheduled__2025-10-24T14:45:00+00:00 [queued]>
[2025-10-24T14:52:13.844+0000] {taskinstance.py:2306} INFO - Starting attempt 2 of 2
[2025-10-24T14:52:13.860+0000] {taskinstance.py:2330} INFO - Executing <Task(SlackWebhookOperator): send_slack_alert> on 2025-10-24 14:45:00+00:00
[2025-10-24T14:52:13.868+0000] {standard_task_runner.py:90} INFO - Running: ['***', 'tasks', 'run', 'flood_prediction_pipeline', 'send_slack_alert', 'scheduled__2025-10-24T14:45:00+00:00', '--job-id', '562', '--raw', '--subdir', 'DAGS_FOLDER/flood_prediction_dag.py', '--cfg-path', '/tmp/tmp38rfseio']
[2025-10-24T14:52:13.869+0000] {logging_mixin.py:188} WARNING - /home/***/.local/lib/python3.12/site-packages/***/task/task_runner/standard_task_runner.py:61 DeprecationWarning: This process (pid=968) is multi-threaded, use of fork() may lead to deadlocks in the child.
[2025-10-24T14:52:13.870+0000] {standard_task_runner.py:91} INFO - Job 562: Subtask send_slack_alert
[2025-10-24T14:52:13.871+0000] {standard_task_runner.py:63} INFO - Started process 971 to run task
[2025-10-24T14:52:13.936+0000] {task_command.py:426} INFO - Running <TaskInstance: flood_prediction_pipeline.send_slack_alert scheduled__2025-10-24T14:45:00+00:00 [running]> on host 6c6b5fe21086
[2025-10-24T14:52:14.038+0000] {abstractoperator.py:725} ERROR - Exception rendering Jinja template for task 'send_slack_alert', field 'message'. Template: "\n    :rotating_light: *URGENT FLOOD ALERT* :rotating_light:\n    \n    *Location:* {{ ti.xcom_pull(task_ids='predict_and_log', key='alert_data')['city'] }}\n    *Time:* {{ ti.xcom_pull(task_ids='predict_and_log', key='alert_data')['timestamp'] }}\n    *Predicted Probability:* *{{ ti.xcom_pull(task_ids='predict_and_log', key='alert_data')['probability'] | float | round(2) }}* *Rain (24h Accumulated):* {{ ti.xcom_pull(task_ids='predict_and_log', key='alert_data')['rain_24h'] | float | round(2) }} units\n    \n    > :warning: *ACTION REQUIRED:* Flood risk has surpassed the 75% threshold.\n    "
Traceback (most recent call last):
  File "/home/airflow/.local/lib/python3.12/site-packages/airflow/models/abstractoperator.py", line 717, in _do_render_template_fields
    rendered_content = self.render_template(
                       ^^^^^^^^^^^^^^^^^^^^^
  File "/home/airflow/.local/lib/python3.12/site-packages/airflow/template/templater.py", line 169, in render_template
    return self._render(template, context)
           ^^^^^^^^^^^^^^^^^^^^^^^^^^^^^^^
  File "/home/airflow/.local/lib/python3.12/site-packages/airflow/models/abstractoperator.py", line 675, in _render
    return super()._render(template, context, dag=dag)
           ^^^^^^^^^^^^^^^^^^^^^^^^^^^^^^^^^^^^^^^^^^^
  File "/home/airflow/.local/lib/python3.12/site-packages/airflow/template/templater.py", line 126, in _render
    return render_template_to_string(template, context)
           ^^^^^^^^^^^^^^^^^^^^^^^^^^^^^^^^^^^^^^^^^^^^
  File "/home/airflow/.local/lib/python3.12/site-packages/airflow/utils/helpers.py", line 289, in render_template_to_string
    return render_template(template, cast(MutableMapping[str, Any], context), native=False)
           ^^^^^^^^^^^^^^^^^^^^^^^^^^^^^^^^^^^^^^^^^^^^^^^^^^^^^^^^^^^^^^^^^^^^^^^^^^^^^^^^
  File "/home/airflow/.local/lib/python3.12/site-packages/airflow/utils/helpers.py", line 284, in render_template
    return "".join(nodes)
           ^^^^^^^^^^^^^^
  File "<template>", line 25, in root
  File "/home/airflow/.local/lib/python3.12/site-packages/jinja2/runtime.py", line 852, in _fail_with_undefined_error
    raise self._undefined_exception(self._undefined_message)
jinja2.exceptions.UndefinedError: 'None' has no attribute 'city'
[2025-10-24T14:52:14.041+0000] {taskinstance.py:2905} ERROR - Task failed with exception
Traceback (most recent call last):
  File "/home/airflow/.local/lib/python3.12/site-packages/airflow/models/taskinstance.py", line 2479, in _run_raw_task
    self._execute_task_with_callbacks(context, test_mode, session=session)
  File "/home/airflow/.local/lib/python3.12/site-packages/airflow/models/taskinstance.py", line 2633, in _execute_task_with_callbacks
    task_orig = self.render_templates(context=context, jinja_env=jinja_env)
                ^^^^^^^^^^^^^^^^^^^^^^^^^^^^^^^^^^^^^^^^^^^^^^^^^^^^^^^^^^^
  File "/home/airflow/.local/lib/python3.12/site-packages/airflow/models/taskinstance.py", line 3094, in render_templates
    original_task.render_template_fields(context, jinja_env)
  File "/home/airflow/.local/lib/python3.12/site-packages/airflow/models/baseoperator.py", line 1336, in render_template_fields
    self._do_render_template_fields(self, self.template_fields, context, jinja_env, set())
  File "/home/airflow/.local/lib/python3.12/site-packages/airflow/models/abstractoperator.py", line 717, in _do_render_template_fields
    rendered_content = self.render_template(
                       ^^^^^^^^^^^^^^^^^^^^^
  File "/home/airflow/.local/lib/python3.12/site-packages/airflow/template/templater.py", line 169, in render_template
    return self._render(template, context)
           ^^^^^^^^^^^^^^^^^^^^^^^^^^^^^^^
  File "/home/airflow/.local/lib/python3.12/site-packages/airflow/models/abstractoperator.py", line 675, in _render
    return super()._render(template, context, dag=dag)
           ^^^^^^^^^^^^^^^^^^^^^^^^^^^^^^^^^^^^^^^^^^^
  File "/home/airflow/.local/lib/python3.12/site-packages/airflow/template/templater.py", line 126, in _render
    return render_template_to_string(template, context)
           ^^^^^^^^^^^^^^^^^^^^^^^^^^^^^^^^^^^^^^^^^^^^
  File "/home/airflow/.local/lib/python3.12/site-packages/airflow/utils/helpers.py", line 289, in render_template_to_string
    return render_template(template, cast(MutableMapping[str, Any], context), native=False)
           ^^^^^^^^^^^^^^^^^^^^^^^^^^^^^^^^^^^^^^^^^^^^^^^^^^^^^^^^^^^^^^^^^^^^^^^^^^^^^^^^
  File "/home/airflow/.local/lib/python3.12/site-packages/airflow/utils/helpers.py", line 284, in render_template
    return "".join(nodes)
           ^^^^^^^^^^^^^^
  File "<template>", line 25, in root
  File "/home/airflow/.local/lib/python3.12/site-packages/jinja2/runtime.py", line 852, in _fail_with_undefined_error
    raise self._undefined_exception(self._undefined_message)
jinja2.exceptions.UndefinedError: 'None' has no attribute 'city'
[2025-10-24T14:52:14.051+0000] {taskinstance.py:1206} INFO - Marking task as FAILED. dag_id=flood_prediction_pipeline, task_id=send_slack_alert, run_id=scheduled__2025-10-24T14:45:00+00:00, execution_date=20251024T144500, start_date=20251024T145213, end_date=20251024T145214
[2025-10-24T14:52:14.064+0000] {standard_task_runner.py:110} ERROR - Failed to execute job 562 for task send_slack_alert ('None' has no attribute 'city'; 971)
[2025-10-24T14:52:14.087+0000] {local_task_job_runner.py:240} INFO - Task exited with return code 1
[2025-10-24T14:52:14.102+0000] {taskinstance.py:3498} INFO - 0 downstream tasks scheduled from follow-on schedule check
[2025-10-24T14:52:14.106+0000] {local_task_job_runner.py:222} INFO - ::endgroup::
