[2025-10-24T14:14:54.050+0000] {local_task_job_runner.py:120} INFO - ::group::Pre task execution logs
[2025-10-24T14:14:54.082+0000] {taskinstance.py:2076} INFO - Dependencies all met for dep_context=non-requeueable deps ti=<TaskInstance: flood_prediction_pipeline.predict_and_log manual__2025-10-24T14:14:50.572317+00:00 [queued]>
[2025-10-24T14:14:54.093+0000] {taskinstance.py:2076} INFO - Dependencies all met for dep_context=requeueable deps ti=<TaskInstance: flood_prediction_pipeline.predict_and_log manual__2025-10-24T14:14:50.572317+00:00 [queued]>
[2025-10-24T14:14:54.094+0000] {taskinstance.py:2306} INFO - Starting attempt 1 of 2
[2025-10-24T14:14:54.112+0000] {taskinstance.py:2330} INFO - Executing <Task(PythonOperator): predict_and_log> on 2025-10-24 14:14:50.572317+00:00
[2025-10-24T14:14:54.121+0000] {standard_task_runner.py:90} INFO - Running: ['***', 'tasks', 'run', 'flood_prediction_pipeline', 'predict_and_log', 'manual__2025-10-24T14:14:50.572317+00:00', '--job-id', '520', '--raw', '--subdir', 'DAGS_FOLDER/flood_prediction_dag.py', '--cfg-path', '/tmp/tmpz61a9c9t']
[2025-10-24T14:14:54.122+0000] {standard_task_runner.py:91} INFO - Job 520: Subtask predict_and_log
[2025-10-24T14:14:54.122+0000] {logging_mixin.py:188} WARNING - /home/***/.local/lib/python3.12/site-packages/***/task/task_runner/standard_task_runner.py:61 DeprecationWarning: This process (pid=292) is multi-threaded, use of fork() may lead to deadlocks in the child.
[2025-10-24T14:14:54.124+0000] {standard_task_runner.py:63} INFO - Started process 295 to run task
[2025-10-24T14:14:54.187+0000] {task_command.py:426} INFO - Running <TaskInstance: flood_prediction_pipeline.predict_and_log manual__2025-10-24T14:14:50.572317+00:00 [running]> on host 6c6b5fe21086
[2025-10-24T14:14:54.269+0000] {taskinstance.py:2648} INFO - Exporting env vars: AIRFLOW_CTX_DAG_OWNER='***' AIRFLOW_CTX_DAG_ID='flood_prediction_pipeline' AIRFLOW_CTX_TASK_ID='predict_and_log' AIRFLOW_CTX_EXECUTION_DATE='2025-10-24T14:14:50.572317+00:00' AIRFLOW_CTX_TRY_NUMBER='1' AIRFLOW_CTX_DAG_RUN_ID='manual__2025-10-24T14:14:50.572317+00:00'
[2025-10-24T14:14:54.272+0000] {taskinstance.py:430} INFO - ::endgroup::
[2025-10-24T14:14:55.534+0000] {logging_mixin.py:188} WARNING - /home/***/.local/lib/python3.12/site-packages/sklearn/ensemble/_base.py:168 UserWarning: Loky-backed parallel loops cannot be called in a multiprocessing, setting n_jobs=1
[2025-10-24T14:14:55.540+0000] {logging_mixin.py:188} WARNING - /home/***/.local/lib/python3.12/site-packages/sklearn/ensemble/_base.py:168 UserWarning: Loky-backed parallel loops cannot be called in a multiprocessing, setting n_jobs=1
[2025-10-24T14:14:55.547+0000] {logging_mixin.py:188} WARNING - /home/***/.local/lib/python3.12/site-packages/sklearn/ensemble/_base.py:168 UserWarning: Loky-backed parallel loops cannot be called in a multiprocessing, setting n_jobs=1
[2025-10-24T14:14:55.553+0000] {logging_mixin.py:188} WARNING - /home/***/.local/lib/python3.12/site-packages/sklearn/ensemble/_base.py:168 UserWarning: Loky-backed parallel loops cannot be called in a multiprocessing, setting n_jobs=1
[2025-10-24T14:14:55.560+0000] {logging_mixin.py:188} WARNING - /home/***/.local/lib/python3.12/site-packages/sklearn/ensemble/_base.py:168 UserWarning: Loky-backed parallel loops cannot be called in a multiprocessing, setting n_jobs=1
[2025-10-24T14:14:55.566+0000] {logging_mixin.py:188} WARNING - /home/***/.local/lib/python3.12/site-packages/sklearn/ensemble/_base.py:168 UserWarning: Loky-backed parallel loops cannot be called in a multiprocessing, setting n_jobs=1
[2025-10-24T14:14:55.680+0000] {logging_mixin.py:188} INFO - ✅ Prediction logged: {'prediction': 0, 'probability': 0.0, 'timestamp': '2025-10-24_14-14-55', 'lat': 17.2284270259515, 'lon': 80.15749669246298, 'city': 'Khammam'}
[2025-10-24T14:14:55.693+0000] {python.py:237} INFO - Done. Returned value was: Prediction_Completed
[2025-10-24T14:14:55.694+0000] {taskinstance.py:441} INFO - ::group::Post task execution logs
[2025-10-24T14:14:55.711+0000] {taskinstance.py:1206} INFO - Marking task as SUCCESS. dag_id=flood_prediction_pipeline, task_id=predict_and_log, run_id=manual__2025-10-24T14:14:50.572317+00:00, execution_date=20251024T141450, start_date=20251024T141454, end_date=20251024T141455
[2025-10-24T14:14:55.748+0000] {local_task_job_runner.py:240} INFO - Task exited with return code 0
[2025-10-24T14:14:55.771+0000] {taskinstance.py:3498} INFO - 1 downstream tasks scheduled from follow-on schedule check
[2025-10-24T14:14:55.774+0000] {local_task_job_runner.py:222} INFO - ::endgroup::
