[2025-10-17T19:10:03.834+0000] {local_task_job_runner.py:120} INFO - ::group::Pre task execution logs
[2025-10-17T19:10:03.857+0000] {taskinstance.py:2076} INFO - Dependencies all met for dep_context=non-requeueable deps ti=<TaskInstance: flood_prediction_pipeline.predict_and_log scheduled__2025-10-17T19:05:00+00:00 [queued]>
[2025-10-17T19:10:03.865+0000] {taskinstance.py:2076} INFO - Dependencies all met for dep_context=requeueable deps ti=<TaskInstance: flood_prediction_pipeline.predict_and_log scheduled__2025-10-17T19:05:00+00:00 [queued]>
[2025-10-17T19:10:03.867+0000] {taskinstance.py:2306} INFO - Starting attempt 1 of 2
[2025-10-17T19:10:03.880+0000] {taskinstance.py:2330} INFO - Executing <Task(PythonOperator): predict_and_log> on 2025-10-17 19:05:00+00:00
[2025-10-17T19:10:03.888+0000] {logging_mixin.py:188} WARNING - /home/***/.local/lib/python3.12/site-packages/***/task/task_runner/standard_task_runner.py:61 DeprecationWarning: This process (pid=1913) is multi-threaded, use of fork() may lead to deadlocks in the child.
[2025-10-17T19:10:03.888+0000] {standard_task_runner.py:90} INFO - Running: ['***', 'tasks', 'run', 'flood_prediction_pipeline', 'predict_and_log', 'scheduled__2025-10-17T19:05:00+00:00', '--job-id', '45', '--raw', '--subdir', 'DAGS_FOLDER/flood_prediction_dag.py', '--cfg-path', '/tmp/tmpzhaalrnv']
[2025-10-17T19:10:03.890+0000] {standard_task_runner.py:63} INFO - Started process 1916 to run task
[2025-10-17T19:10:03.892+0000] {standard_task_runner.py:91} INFO - Job 45: Subtask predict_and_log
[2025-10-17T19:10:03.943+0000] {task_command.py:426} INFO - Running <TaskInstance: flood_prediction_pipeline.predict_and_log scheduled__2025-10-17T19:05:00+00:00 [running]> on host fcca755cbcb6
[2025-10-17T19:10:04.020+0000] {taskinstance.py:2648} INFO - Exporting env vars: AIRFLOW_CTX_DAG_OWNER='***' AIRFLOW_CTX_DAG_ID='flood_prediction_pipeline' AIRFLOW_CTX_TASK_ID='predict_and_log' AIRFLOW_CTX_EXECUTION_DATE='2025-10-17T19:05:00+00:00' AIRFLOW_CTX_TRY_NUMBER='1' AIRFLOW_CTX_DAG_RUN_ID='scheduled__2025-10-17T19:05:00+00:00'
[2025-10-17T19:10:04.022+0000] {taskinstance.py:430} INFO - ::endgroup::
[2025-10-17T19:10:04.808+0000] {logging_mixin.py:188} INFO - ❌ Prediction failed: The feature names should match those that were passed during fit.
Feature names must be in the same order as they were in fit.
[2025-10-17T19:10:04.808+0000] {python.py:237} INFO - Done. Returned value was: {'error': 'The feature names should match those that were passed during fit.\nFeature names must be in the same order as they were in fit.\n'}
[2025-10-17T19:10:04.809+0000] {taskinstance.py:441} INFO - ::group::Post task execution logs
[2025-10-17T19:10:04.834+0000] {taskinstance.py:1206} INFO - Marking task as SUCCESS. dag_id=flood_prediction_pipeline, task_id=predict_and_log, run_id=scheduled__2025-10-17T19:05:00+00:00, execution_date=20251017T190500, start_date=20251017T191003, end_date=20251017T191004
[2025-10-17T19:10:04.871+0000] {local_task_job_runner.py:240} INFO - Task exited with return code 0
[2025-10-17T19:10:04.885+0000] {taskinstance.py:3498} INFO - 0 downstream tasks scheduled from follow-on schedule check
[2025-10-17T19:10:04.890+0000] {local_task_job_runner.py:222} INFO - ::endgroup::
