[2025-10-30T17:00:10.419+0000] {local_task_job_runner.py:120} INFO - ::group::Pre task execution logs
[2025-10-30T17:00:10.547+0000] {taskinstance.py:2076} INFO - Dependencies all met for dep_context=non-requeueable deps ti=<TaskInstance: flood_prediction_pipeline.predict_and_log scheduled__2025-10-30T16:55:00+00:00 [queued]>
[2025-10-30T17:00:10.585+0000] {taskinstance.py:2076} INFO - Dependencies all met for dep_context=requeueable deps ti=<TaskInstance: flood_prediction_pipeline.predict_and_log scheduled__2025-10-30T16:55:00+00:00 [queued]>
[2025-10-30T17:00:10.601+0000] {taskinstance.py:2306} INFO - Starting attempt 1 of 2
[2025-10-30T17:00:10.666+0000] {taskinstance.py:2330} INFO - Executing <Task(PythonOperator): predict_and_log> on 2025-10-30 16:55:00+00:00
[2025-10-30T17:00:10.708+0000] {logging_mixin.py:188} WARNING - /home/***/.local/lib/python3.12/site-packages/***/task/task_runner/standard_task_runner.py:61 DeprecationWarning: This process (pid=426) is multi-threaded, use of fork() may lead to deadlocks in the child.
[2025-10-30T17:00:10.707+0000] {standard_task_runner.py:90} INFO - Running: ['***', 'tasks', 'run', 'flood_prediction_pipeline', 'predict_and_log', 'scheduled__2025-10-30T16:55:00+00:00', '--job-id', '226', '--raw', '--subdir', 'DAGS_FOLDER/flood_prediction_dag.py', '--cfg-path', '/tmp/tmpewoga87j']
[2025-10-30T17:00:10.714+0000] {standard_task_runner.py:63} INFO - Started process 429 to run task
[2025-10-30T17:00:10.715+0000] {standard_task_runner.py:91} INFO - Job 226: Subtask predict_and_log
[2025-10-30T17:00:10.935+0000] {task_command.py:426} INFO - Running <TaskInstance: flood_prediction_pipeline.predict_and_log scheduled__2025-10-30T16:55:00+00:00 [running]> on host ed0a55a1b19d
[2025-10-30T17:00:11.234+0000] {taskinstance.py:2648} INFO - Exporting env vars: AIRFLOW_CTX_DAG_OWNER='***' AIRFLOW_CTX_DAG_ID='flood_prediction_pipeline' AIRFLOW_CTX_TASK_ID='predict_and_log' AIRFLOW_CTX_EXECUTION_DATE='2025-10-30T16:55:00+00:00' AIRFLOW_CTX_TRY_NUMBER='1' AIRFLOW_CTX_DAG_RUN_ID='scheduled__2025-10-30T16:55:00+00:00'
[2025-10-30T17:00:11.244+0000] {taskinstance.py:430} INFO - ::endgroup::
[2025-10-30T17:00:17.662+0000] {logging_mixin.py:188} WARNING - /home/***/.local/lib/python3.12/site-packages/sklearn/ensemble/_base.py:168 UserWarning: Loky-backed parallel loops cannot be called in a multiprocessing, setting n_jobs=1
[2025-10-30T17:00:17.699+0000] {logging_mixin.py:188} WARNING - /home/***/.local/lib/python3.12/site-packages/sklearn/ensemble/_base.py:168 UserWarning: Loky-backed parallel loops cannot be called in a multiprocessing, setting n_jobs=1
[2025-10-30T17:00:17.728+0000] {logging_mixin.py:188} WARNING - /home/***/.local/lib/python3.12/site-packages/sklearn/ensemble/_base.py:168 UserWarning: Loky-backed parallel loops cannot be called in a multiprocessing, setting n_jobs=1
[2025-10-30T17:00:20.071+0000] {logging_mixin.py:188} INFO - 🏃 View run LivePrediction_2025-10-30 17:00:17 at: http://mlflow:5000/#/experiments/1/runs/f0d7799c67d042faa88e6c38188eb559
[2025-10-30T17:00:20.095+0000] {logging_mixin.py:188} INFO - 🧪 View experiment at: http://mlflow:5000/#/experiments/1
[2025-10-30T17:00:20.926+0000] {logging_mixin.py:188} INFO - ✅ Prediction generated and pushed for logging.
[2025-10-30T17:00:20.949+0000] {python.py:237} INFO - Done. Returned value was: Prediction_Completed
[2025-10-30T17:00:20.964+0000] {taskinstance.py:441} INFO - ::group::Post task execution logs
[2025-10-30T17:00:21.143+0000] {taskinstance.py:1206} INFO - Marking task as SUCCESS. dag_id=flood_prediction_pipeline, task_id=predict_and_log, run_id=scheduled__2025-10-30T16:55:00+00:00, execution_date=20251030T165500, start_date=20251030T170010, end_date=20251030T170021
[2025-10-30T17:00:21.404+0000] {local_task_job_runner.py:240} INFO - Task exited with return code 0
[2025-10-30T17:00:21.876+0000] {taskinstance.py:3498} INFO - 1 downstream tasks scheduled from follow-on schedule check
[2025-10-30T17:00:21.936+0000] {local_task_job_runner.py:222} INFO - ::endgroup::
