[2025-10-30T13:00:06.584+0000] {local_task_job_runner.py:120} INFO - ::group::Pre task execution logs
[2025-10-30T13:00:06.603+0000] {taskinstance.py:2076} INFO - Dependencies all met for dep_context=non-requeueable deps ti=<TaskInstance: flood_prediction_pipeline.log_to_database scheduled__2025-10-30T12:55:00+00:00 [queued]>
[2025-10-30T13:00:06.609+0000] {taskinstance.py:2076} INFO - Dependencies all met for dep_context=requeueable deps ti=<TaskInstance: flood_prediction_pipeline.log_to_database scheduled__2025-10-30T12:55:00+00:00 [queued]>
[2025-10-30T13:00:06.610+0000] {taskinstance.py:2306} INFO - Starting attempt 1 of 2
[2025-10-30T13:00:06.623+0000] {taskinstance.py:2330} INFO - Executing <Task(PythonOperator): log_to_database> on 2025-10-30 12:55:00+00:00
[2025-10-30T13:00:06.630+0000] {logging_mixin.py:188} WARNING - /home/***/.local/lib/python3.12/site-packages/***/task/task_runner/standard_task_runner.py:61 DeprecationWarning: This process (pid=5023) is multi-threaded, use of fork() may lead to deadlocks in the child.
[2025-10-30T13:00:06.630+0000] {standard_task_runner.py:90} INFO - Running: ['***', 'tasks', 'run', 'flood_prediction_pipeline', 'log_to_database', 'scheduled__2025-10-30T12:55:00+00:00', '--job-id', '391', '--raw', '--subdir', 'DAGS_FOLDER/flood_prediction_dag.py', '--cfg-path', '/tmp/tmpwsz857nz']
[2025-10-30T13:00:06.631+0000] {standard_task_runner.py:63} INFO - Started process 5026 to run task
[2025-10-30T13:00:06.632+0000] {standard_task_runner.py:91} INFO - Job 391: Subtask log_to_database
[2025-10-30T13:00:06.678+0000] {task_command.py:426} INFO - Running <TaskInstance: flood_prediction_pipeline.log_to_database scheduled__2025-10-30T12:55:00+00:00 [running]> on host 19da7fe5fa41
[2025-10-30T13:00:06.749+0000] {taskinstance.py:2648} INFO - Exporting env vars: AIRFLOW_CTX_DAG_OWNER='***' AIRFLOW_CTX_DAG_ID='flood_prediction_pipeline' AIRFLOW_CTX_TASK_ID='log_to_database' AIRFLOW_CTX_EXECUTION_DATE='2025-10-30T12:55:00+00:00' AIRFLOW_CTX_TRY_NUMBER='1' AIRFLOW_CTX_DAG_RUN_ID='scheduled__2025-10-30T12:55:00+00:00'
[2025-10-30T13:00:06.751+0000] {taskinstance.py:430} INFO - ::endgroup::
[2025-10-30T13:00:06.776+0000] {base.py:84} INFO - Using connection ID 'postgres_default' for task execution.
[2025-10-30T13:00:06.779+0000] {sql.py:470} INFO - Running statement: 
        CREATE TABLE IF NOT EXISTS flood_predictions_log (
            id SERIAL PRIMARY KEY,
            timestamp TIMESTAMP UNIQUE,
            city VARCHAR(50),
            prediction INT,
            probability FLOAT,
            rain_24h FLOAT,
            temp FLOAT,
            humidity FLOAT,
            pressure FLOAT
        );
    , parameters: None
[2025-10-30T13:00:06.830+0000] {base.py:84} INFO - Using connection ID 'postgres_default' for task execution.
[2025-10-30T13:00:06.834+0000] {sql.py:470} INFO - Running statement: 
        INSERT INTO flood_predictions_log (timestamp, city, prediction, probability, rain_24h, temp, humidity, pressure)
        VALUES (%s, %s, %s, %s, %s, %s, %s, %s)
        ON CONFLICT (timestamp) DO NOTHING
    , parameters: ['2025-10-30 13:00:04', 'Hyderabad', 0, 0.0, 2.15, 28.07, 92.37, 1024.71]
[2025-10-30T13:00:06.835+0000] {sql.py:479} INFO - Rows affected: 1
[2025-10-30T13:00:06.839+0000] {logging_mixin.py:188} INFO - ✅ Logged prediction for Hyderabad to PostgreSQL.
[2025-10-30T13:00:06.840+0000] {python.py:237} INFO - Done. Returned value was: None
[2025-10-30T13:00:06.840+0000] {taskinstance.py:441} INFO - ::group::Post task execution logs
[2025-10-30T13:00:06.847+0000] {taskinstance.py:1206} INFO - Marking task as SUCCESS. dag_id=flood_prediction_pipeline, task_id=log_to_database, run_id=scheduled__2025-10-30T12:55:00+00:00, execution_date=20251030T125500, start_date=20251030T130006, end_date=20251030T130006
[2025-10-30T13:00:06.886+0000] {local_task_job_runner.py:240} INFO - Task exited with return code 0
[2025-10-30T13:00:06.905+0000] {taskinstance.py:3498} INFO - 1 downstream tasks scheduled from follow-on schedule check
[2025-10-30T13:00:06.912+0000] {local_task_job_runner.py:222} INFO - ::endgroup::
