[2025-10-30T18:10:03.682+0000] {local_task_job_runner.py:120} INFO - ::group::Pre task execution logs
[2025-10-30T18:10:03.728+0000] {taskinstance.py:2076} INFO - Dependencies all met for dep_context=non-requeueable deps ti=<TaskInstance: flood_prediction_pipeline.predict_and_log scheduled__2025-10-30T18:05:00+00:00 [queued]>
[2025-10-30T18:10:03.742+0000] {taskinstance.py:2076} INFO - Dependencies all met for dep_context=requeueable deps ti=<TaskInstance: flood_prediction_pipeline.predict_and_log scheduled__2025-10-30T18:05:00+00:00 [queued]>
[2025-10-30T18:10:03.743+0000] {taskinstance.py:2306} INFO - Starting attempt 1 of 2
[2025-10-30T18:10:03.758+0000] {taskinstance.py:2330} INFO - Executing <Task(PythonOperator): predict_and_log> on 2025-10-30 18:05:00+00:00
[2025-10-30T18:10:03.768+0000] {logging_mixin.py:188} WARNING - /home/***/.local/lib/python3.12/site-packages/***/task/task_runner/standard_task_runner.py:61 DeprecationWarning: This process (pid=3965) is multi-threaded, use of fork() may lead to deadlocks in the child.
[2025-10-30T18:10:03.767+0000] {standard_task_runner.py:90} INFO - Running: ['***', 'tasks', 'run', 'flood_prediction_pipeline', 'predict_and_log', 'scheduled__2025-10-30T18:05:00+00:00', '--job-id', '357', '--raw', '--subdir', 'DAGS_FOLDER/flood_prediction_dag.py', '--cfg-path', '/tmp/tmpl1zii6ah']
[2025-10-30T18:10:03.769+0000] {standard_task_runner.py:63} INFO - Started process 3968 to run task
[2025-10-30T18:10:03.770+0000] {standard_task_runner.py:91} INFO - Job 357: Subtask predict_and_log
[2025-10-30T18:10:03.824+0000] {task_command.py:426} INFO - Running <TaskInstance: flood_prediction_pipeline.predict_and_log scheduled__2025-10-30T18:05:00+00:00 [running]> on host adac321c4d0a
[2025-10-30T18:10:03.898+0000] {taskinstance.py:2648} INFO - Exporting env vars: AIRFLOW_CTX_DAG_OWNER='***' AIRFLOW_CTX_DAG_ID='flood_prediction_pipeline' AIRFLOW_CTX_TASK_ID='predict_and_log' AIRFLOW_CTX_EXECUTION_DATE='2025-10-30T18:05:00+00:00' AIRFLOW_CTX_TRY_NUMBER='1' AIRFLOW_CTX_DAG_RUN_ID='scheduled__2025-10-30T18:05:00+00:00'
[2025-10-30T18:10:03.900+0000] {taskinstance.py:430} INFO - ::endgroup::
[2025-10-30T18:10:05.265+0000] {logging_mixin.py:188} WARNING - /home/***/.local/lib/python3.12/site-packages/sklearn/ensemble/_base.py:168 UserWarning: Loky-backed parallel loops cannot be called in a multiprocessing, setting n_jobs=1
[2025-10-30T18:10:05.273+0000] {logging_mixin.py:188} WARNING - /home/***/.local/lib/python3.12/site-packages/sklearn/ensemble/_base.py:168 UserWarning: Loky-backed parallel loops cannot be called in a multiprocessing, setting n_jobs=1
[2025-10-30T18:10:05.279+0000] {logging_mixin.py:188} WARNING - /home/***/.local/lib/python3.12/site-packages/sklearn/ensemble/_base.py:168 UserWarning: Loky-backed parallel loops cannot be called in a multiprocessing, setting n_jobs=1
[2025-10-30T18:10:05.647+0000] {logging_mixin.py:188} INFO - 🏃 View run LivePrediction_2025-10-30 18:10:05 at: http://mlflow:5000/#/experiments/1/runs/aff24ae5977543a6ac5d979e28ab4a90
[2025-10-30T18:10:05.648+0000] {logging_mixin.py:188} INFO - 🧪 View experiment at: http://mlflow:5000/#/experiments/1
[2025-10-30T18:10:05.720+0000] {logging_mixin.py:188} INFO - ✅ Prediction generated and pushed for logging.
[2025-10-30T18:10:05.722+0000] {python.py:237} INFO - Done. Returned value was: Prediction_Completed
[2025-10-30T18:10:05.723+0000] {taskinstance.py:441} INFO - ::group::Post task execution logs
[2025-10-30T18:10:05.747+0000] {taskinstance.py:1206} INFO - Marking task as SUCCESS. dag_id=flood_prediction_pipeline, task_id=predict_and_log, run_id=scheduled__2025-10-30T18:05:00+00:00, execution_date=20251030T180500, start_date=20251030T181003, end_date=20251030T181005
[2025-10-30T18:10:05.795+0000] {local_task_job_runner.py:240} INFO - Task exited with return code 0
[2025-10-30T18:10:05.817+0000] {taskinstance.py:3498} INFO - 1 downstream tasks scheduled from follow-on schedule check
[2025-10-30T18:10:05.820+0000] {local_task_job_runner.py:222} INFO - ::endgroup::
