[2025-10-20T11:04:10.349+0000] {local_task_job_runner.py:120} INFO - ::group::Pre task execution logs
[2025-10-20T11:04:10.369+0000] {taskinstance.py:2076} INFO - Dependencies all met for dep_context=non-requeueable deps ti=<TaskInstance: flood_prediction_pipeline.predict_and_log manual__2025-10-20T11:04:06.993960+00:00 [queued]>
[2025-10-20T11:04:10.376+0000] {taskinstance.py:2076} INFO - Dependencies all met for dep_context=requeueable deps ti=<TaskInstance: flood_prediction_pipeline.predict_and_log manual__2025-10-20T11:04:06.993960+00:00 [queued]>
[2025-10-20T11:04:10.377+0000] {taskinstance.py:2306} INFO - Starting attempt 1 of 2
[2025-10-20T11:04:10.394+0000] {taskinstance.py:2330} INFO - Executing <Task(PythonOperator): predict_and_log> on 2025-10-20 11:04:06.993960+00:00
[2025-10-20T11:04:10.401+0000] {logging_mixin.py:188} WARNING - /home/***/.local/lib/python3.12/site-packages/***/task/task_runner/standard_task_runner.py:61 DeprecationWarning: This process (pid=223) is multi-threaded, use of fork() may lead to deadlocks in the child.
[2025-10-20T11:04:10.400+0000] {standard_task_runner.py:90} INFO - Running: ['***', 'tasks', 'run', 'flood_prediction_pipeline', 'predict_and_log', 'manual__2025-10-20T11:04:06.993960+00:00', '--job-id', '30', '--raw', '--subdir', 'DAGS_FOLDER/flood_prediction_dag.py', '--cfg-path', '/tmp/tmpzsq2y2vx']
[2025-10-20T11:04:10.402+0000] {standard_task_runner.py:63} INFO - Started process 226 to run task
[2025-10-20T11:04:10.402+0000] {standard_task_runner.py:91} INFO - Job 30: Subtask predict_and_log
[2025-10-20T11:04:10.446+0000] {task_command.py:426} INFO - Running <TaskInstance: flood_prediction_pipeline.predict_and_log manual__2025-10-20T11:04:06.993960+00:00 [running]> on host c46f7256247f
[2025-10-20T11:04:10.580+0000] {taskinstance.py:2648} INFO - Exporting env vars: AIRFLOW_CTX_DAG_OWNER='***' AIRFLOW_CTX_DAG_ID='flood_prediction_pipeline' AIRFLOW_CTX_TASK_ID='predict_and_log' AIRFLOW_CTX_EXECUTION_DATE='2025-10-20T11:04:06.993960+00:00' AIRFLOW_CTX_TRY_NUMBER='1' AIRFLOW_CTX_DAG_RUN_ID='manual__2025-10-20T11:04:06.993960+00:00'
[2025-10-20T11:04:10.583+0000] {taskinstance.py:430} INFO - ::endgroup::
[2025-10-20T11:04:11.396+0000] {logging_mixin.py:188} WARNING - /home/***/.local/lib/python3.12/site-packages/sklearn/ensemble/_base.py:168 UserWarning: Loky-backed parallel loops cannot be called in a multiprocessing, setting n_jobs=1
[2025-10-20T11:04:11.406+0000] {logging_mixin.py:188} WARNING - /home/***/.local/lib/python3.12/site-packages/sklearn/ensemble/_base.py:168 UserWarning: Loky-backed parallel loops cannot be called in a multiprocessing, setting n_jobs=1
[2025-10-20T11:04:11.474+0000] {logging_mixin.py:188} INFO - ❌ Prediction failed: [Errno 1] Operation not permitted: '/mlflow/artifacts/live_run/live_data.csv'
[2025-10-20T11:04:11.474+0000] {python.py:237} INFO - Done. Returned value was: {'error': "[Errno 1] Operation not permitted: '/mlflow/artifacts/live_run/live_data.csv'"}
[2025-10-20T11:04:11.475+0000] {taskinstance.py:441} INFO - ::group::Post task execution logs
[2025-10-20T11:04:11.498+0000] {taskinstance.py:1206} INFO - Marking task as SUCCESS. dag_id=flood_prediction_pipeline, task_id=predict_and_log, run_id=manual__2025-10-20T11:04:06.993960+00:00, execution_date=20251020T110406, start_date=20251020T110410, end_date=20251020T110411
[2025-10-20T11:04:11.539+0000] {local_task_job_runner.py:240} INFO - Task exited with return code 0
[2025-10-20T11:04:11.551+0000] {taskinstance.py:3498} INFO - 0 downstream tasks scheduled from follow-on schedule check
[2025-10-20T11:04:11.556+0000] {local_task_job_runner.py:222} INFO - ::endgroup::
