[2025-10-20T16:50:04.539+0000] {local_task_job_runner.py:120} INFO - ::group::Pre task execution logs
[2025-10-20T16:50:04.590+0000] {taskinstance.py:2076} INFO - Dependencies all met for dep_context=non-requeueable deps ti=<TaskInstance: flood_prediction_pipeline.predict_and_log scheduled__2025-10-20T16:45:00+00:00 [queued]>
[2025-10-20T16:50:04.616+0000] {taskinstance.py:2076} INFO - Dependencies all met for dep_context=requeueable deps ti=<TaskInstance: flood_prediction_pipeline.predict_and_log scheduled__2025-10-20T16:45:00+00:00 [queued]>
[2025-10-20T16:50:04.620+0000] {taskinstance.py:2306} INFO - Starting attempt 1 of 2
[2025-10-20T16:50:04.646+0000] {taskinstance.py:2330} INFO - Executing <Task(PythonOperator): predict_and_log> on 2025-10-20 16:45:00+00:00
[2025-10-20T16:50:04.666+0000] {standard_task_runner.py:90} INFO - Running: ['***', 'tasks', 'run', 'flood_prediction_pipeline', 'predict_and_log', 'scheduled__2025-10-20T16:45:00+00:00', '--job-id', '180', '--raw', '--subdir', 'DAGS_FOLDER/flood_prediction_dag.py', '--cfg-path', '/tmp/tmpy94i1voo']
[2025-10-20T16:50:04.672+0000] {logging_mixin.py:188} WARNING - /home/***/.local/lib/python3.12/site-packages/***/task/task_runner/standard_task_runner.py:61 DeprecationWarning: This process (pid=5974) is multi-threaded, use of fork() may lead to deadlocks in the child.
[2025-10-20T16:50:04.678+0000] {standard_task_runner.py:91} INFO - Job 180: Subtask predict_and_log
[2025-10-20T16:50:04.678+0000] {standard_task_runner.py:63} INFO - Started process 5977 to run task
[2025-10-20T16:50:04.784+0000] {task_command.py:426} INFO - Running <TaskInstance: flood_prediction_pipeline.predict_and_log scheduled__2025-10-20T16:45:00+00:00 [running]> on host bc5f677806a4
[2025-10-20T16:50:04.935+0000] {taskinstance.py:2648} INFO - Exporting env vars: AIRFLOW_CTX_DAG_OWNER='***' AIRFLOW_CTX_DAG_ID='flood_prediction_pipeline' AIRFLOW_CTX_TASK_ID='predict_and_log' AIRFLOW_CTX_EXECUTION_DATE='2025-10-20T16:45:00+00:00' AIRFLOW_CTX_TRY_NUMBER='1' AIRFLOW_CTX_DAG_RUN_ID='scheduled__2025-10-20T16:45:00+00:00'
[2025-10-20T16:50:04.938+0000] {taskinstance.py:430} INFO - ::endgroup::
[2025-10-20T16:50:05.134+0000] {logging_mixin.py:188} INFO - ❌ Prediction failed: [Errno 2] No such file or directory: '/opt/***/models/optimized_rf_model.pkl'
[2025-10-20T16:50:05.141+0000] {logging_mixin.py:188} WARNING - Traceback (most recent call last):
[2025-10-20T16:50:05.142+0000] {logging_mixin.py:188} WARNING -   File "/opt/***/dags/flood_prediction_dag.py", line 134, in predict_and_log
    model = joblib.load(MODEL_PATH)
            ^^^^^^^^^^^^^^^^^^^^^^^
[2025-10-20T16:50:05.143+0000] {logging_mixin.py:188} WARNING -   File "/home/***/.local/lib/python3.12/site-packages/joblib/numpy_pickle.py", line 735, in load
    with open(filename, "rb") as f:
         ^^^^^^^^^^^^^^^^^^^^
[2025-10-20T16:50:05.144+0000] {logging_mixin.py:188} WARNING - FileNotFoundError: [Errno 2] No such file or directory: '/opt/***/models/optimized_rf_model.pkl'
[2025-10-20T16:50:05.144+0000] {python.py:237} INFO - Done. Returned value was: {'error': "[Errno 2] No such file or directory: '/opt/***/models/optimized_rf_model.pkl'"}
[2025-10-20T16:50:05.145+0000] {taskinstance.py:441} INFO - ::group::Post task execution logs
[2025-10-20T16:50:05.170+0000] {taskinstance.py:1206} INFO - Marking task as SUCCESS. dag_id=flood_prediction_pipeline, task_id=predict_and_log, run_id=scheduled__2025-10-20T16:45:00+00:00, execution_date=20251020T164500, start_date=20251020T165004, end_date=20251020T165005
[2025-10-20T16:50:05.218+0000] {local_task_job_runner.py:240} INFO - Task exited with return code 0
[2025-10-20T16:50:05.231+0000] {taskinstance.py:3498} INFO - 0 downstream tasks scheduled from follow-on schedule check
[2025-10-20T16:50:05.236+0000] {local_task_job_runner.py:222} INFO - ::endgroup::
