[2025-10-30T16:45:05.578+0000] {local_task_job_runner.py:120} INFO - ::group::Pre task execution logs
[2025-10-30T16:45:05.734+0000] {taskinstance.py:2076} INFO - Dependencies all met for dep_context=non-requeueable deps ti=<TaskInstance: flood_prediction_pipeline.fetch_weather_data scheduled__2025-10-30T16:40:00+00:00 [queued]>
[2025-10-30T16:45:05.759+0000] {taskinstance.py:2076} INFO - Dependencies all met for dep_context=requeueable deps ti=<TaskInstance: flood_prediction_pipeline.fetch_weather_data scheduled__2025-10-30T16:40:00+00:00 [queued]>
[2025-10-30T16:45:05.767+0000] {taskinstance.py:2306} INFO - Starting attempt 1 of 2
[2025-10-30T16:45:05.940+0000] {taskinstance.py:2330} INFO - Executing <Task(PythonOperator): fetch_weather_data> on 2025-10-30 16:40:00+00:00
[2025-10-30T16:45:05.981+0000] {logging_mixin.py:188} WARNING - /home/***/.local/lib/python3.12/site-packages/***/task/task_runner/standard_task_runner.py:61 DeprecationWarning: This process (pid=563) is multi-threaded, use of fork() may lead to deadlocks in the child.
[2025-10-30T16:45:05.982+0000] {standard_task_runner.py:90} INFO - Running: ['***', 'tasks', 'run', 'flood_prediction_pipeline', 'fetch_weather_data', 'scheduled__2025-10-30T16:40:00+00:00', '--job-id', '204', '--raw', '--subdir', 'DAGS_FOLDER/flood_prediction_dag.py', '--cfg-path', '/tmp/tmpgkuyk3uu']
[2025-10-30T16:45:05.988+0000] {standard_task_runner.py:63} INFO - Started process 573 to run task
[2025-10-30T16:45:05.993+0000] {standard_task_runner.py:91} INFO - Job 204: Subtask fetch_weather_data
[2025-10-30T16:45:06.258+0000] {task_command.py:426} INFO - Running <TaskInstance: flood_prediction_pipeline.fetch_weather_data scheduled__2025-10-30T16:40:00+00:00 [running]> on host 0026fca74e29
[2025-10-30T16:45:06.606+0000] {taskinstance.py:2648} INFO - Exporting env vars: AIRFLOW_CTX_DAG_OWNER='***' AIRFLOW_CTX_DAG_ID='flood_prediction_pipeline' AIRFLOW_CTX_TASK_ID='fetch_weather_data' AIRFLOW_CTX_EXECUTION_DATE='2025-10-30T16:40:00+00:00' AIRFLOW_CTX_TRY_NUMBER='1' AIRFLOW_CTX_DAG_RUN_ID='scheduled__2025-10-30T16:40:00+00:00'
[2025-10-30T16:45:06.610+0000] {taskinstance.py:430} INFO - ::endgroup::
[2025-10-30T16:45:06.908+0000] {logging_mixin.py:188} INFO - 🚨 Forced rain event: 5.08 mm/h (Run 40)
[2025-10-30T16:45:06.948+0000] {logging_mixin.py:188} INFO - ✅ Weather fetched. Rain (1h/24h): 5.08 / 5.08
[2025-10-30T16:45:06.952+0000] {python.py:237} INFO - Done. Returned value was: {'temp': 32.84, 'humidity': 82.57, 'pressure': 983.53, 'wind_speed': 1.1, 'rain_1h': 5.08, 'rain_3h': 5.08, 'rain_6h': 5.08, 'rain_24h': 5.08, 'rain_intensity': 5.08, 'temp_delta': 0.5700000000000003, 'humidity_delta': 12.469999999999999, 'hour': 16, 'day': 30, 'month': 10, 'year': 2025}
[2025-10-30T16:45:06.955+0000] {taskinstance.py:441} INFO - ::group::Post task execution logs
[2025-10-30T16:45:07.035+0000] {taskinstance.py:1206} INFO - Marking task as SUCCESS. dag_id=flood_prediction_pipeline, task_id=fetch_weather_data, run_id=scheduled__2025-10-30T16:40:00+00:00, execution_date=20251030T164000, start_date=20251030T164505, end_date=20251030T164507
[2025-10-30T16:45:07.149+0000] {local_task_job_runner.py:240} INFO - Task exited with return code 0
[2025-10-30T16:45:07.288+0000] {taskinstance.py:3498} INFO - 1 downstream tasks scheduled from follow-on schedule check
[2025-10-30T16:45:07.298+0000] {local_task_job_runner.py:222} INFO - ::endgroup::
