[2025-10-26T10:15:25.207+0000] {local_task_job_runner.py:120} INFO - ::group::Pre task execution logs
[2025-10-26T10:15:25.251+0000] {taskinstance.py:2076} INFO - Dependencies all met for dep_context=non-requeueable deps ti=<TaskInstance: flood_prediction_pipeline.predict_and_log scheduled__2025-10-26T10:10:00+00:00 [queued]>
[2025-10-26T10:15:25.260+0000] {taskinstance.py:2076} INFO - Dependencies all met for dep_context=requeueable deps ti=<TaskInstance: flood_prediction_pipeline.predict_and_log scheduled__2025-10-26T10:10:00+00:00 [queued]>
[2025-10-26T10:15:25.262+0000] {taskinstance.py:2306} INFO - Starting attempt 1 of 2
[2025-10-26T10:15:25.277+0000] {taskinstance.py:2330} INFO - Executing <Task(PythonOperator): predict_and_log> on 2025-10-26 10:10:00+00:00
[2025-10-26T10:15:25.286+0000] {standard_task_runner.py:90} INFO - Running: ['***', 'tasks', 'run', 'flood_prediction_pipeline', 'predict_and_log', 'scheduled__2025-10-26T10:10:00+00:00', '--job-id', '823', '--raw', '--subdir', 'DAGS_FOLDER/flood_prediction_dag.py', '--cfg-path', '/tmp/tmpupysndoc']
[2025-10-26T10:15:25.287+0000] {logging_mixin.py:188} WARNING - /home/***/.local/lib/python3.12/site-packages/***/task/task_runner/standard_task_runner.py:61 DeprecationWarning: This process (pid=223) is multi-threaded, use of fork() may lead to deadlocks in the child.
[2025-10-26T10:15:25.288+0000] {standard_task_runner.py:91} INFO - Job 823: Subtask predict_and_log
[2025-10-26T10:15:25.289+0000] {standard_task_runner.py:63} INFO - Started process 226 to run task
[2025-10-26T10:15:25.340+0000] {task_command.py:426} INFO - Running <TaskInstance: flood_prediction_pipeline.predict_and_log scheduled__2025-10-26T10:10:00+00:00 [running]> on host d446241c8c97
[2025-10-26T10:15:25.420+0000] {taskinstance.py:2648} INFO - Exporting env vars: AIRFLOW_CTX_DAG_OWNER='***' AIRFLOW_CTX_DAG_ID='flood_prediction_pipeline' AIRFLOW_CTX_TASK_ID='predict_and_log' AIRFLOW_CTX_EXECUTION_DATE='2025-10-26T10:10:00+00:00' AIRFLOW_CTX_TRY_NUMBER='1' AIRFLOW_CTX_DAG_RUN_ID='scheduled__2025-10-26T10:10:00+00:00'
[2025-10-26T10:15:25.422+0000] {taskinstance.py:430} INFO - ::endgroup::
[2025-10-26T10:15:26.674+0000] {logging_mixin.py:188} WARNING - /home/***/.local/lib/python3.12/site-packages/sklearn/ensemble/_base.py:168 UserWarning: Loky-backed parallel loops cannot be called in a multiprocessing, setting n_jobs=1
[2025-10-26T10:15:26.681+0000] {logging_mixin.py:188} WARNING - /home/***/.local/lib/python3.12/site-packages/sklearn/ensemble/_base.py:168 UserWarning: Loky-backed parallel loops cannot be called in a multiprocessing, setting n_jobs=1
[2025-10-26T10:15:26.686+0000] {logging_mixin.py:188} WARNING - /home/***/.local/lib/python3.12/site-packages/sklearn/ensemble/_base.py:168 UserWarning: Loky-backed parallel loops cannot be called in a multiprocessing, setting n_jobs=1
[2025-10-26T10:15:26.692+0000] {logging_mixin.py:188} WARNING - /home/***/.local/lib/python3.12/site-packages/sklearn/ensemble/_base.py:168 UserWarning: Loky-backed parallel loops cannot be called in a multiprocessing, setting n_jobs=1
[2025-10-26T10:15:26.697+0000] {logging_mixin.py:188} WARNING - /home/***/.local/lib/python3.12/site-packages/sklearn/ensemble/_base.py:168 UserWarning: Loky-backed parallel loops cannot be called in a multiprocessing, setting n_jobs=1
[2025-10-26T10:15:26.703+0000] {logging_mixin.py:188} WARNING - /home/***/.local/lib/python3.12/site-packages/sklearn/ensemble/_base.py:168 UserWarning: Loky-backed parallel loops cannot be called in a multiprocessing, setting n_jobs=1
[2025-10-26T10:15:26.794+0000] {logging_mixin.py:188} WARNING - 2025/10/26 10:15:26 WARNING mlflow.utils.git_utils: Failed to import Git (the Git executable is probably not on your PATH), so Git SHA is not available. Error: Failed to initialize: Bad git executable.
The git executable must be specified in one of the following ways:
    - be included in your $PATH
    - be set via $GIT_PYTHON_GIT_EXECUTABLE
    - explicitly set via git.refresh(<full-path-to-git-executable>)

All git commands will error until this is rectified.

This initial message can be silenced or aggravated in the future by setting the
$GIT_PYTHON_REFRESH environment variable. Use one of the following values:
    - quiet|q|silence|s|silent|none|n|0: for no message or exception
    - warn|w|warning|log|l|1: for a warning message (logging level CRITICAL, displayed by default)
    - error|e|exception|raise|r|2: for a raised exception

Example:
    export GIT_PYTHON_REFRESH=quiet
[2025-10-26T10:15:27.122+0000] {logging_mixin.py:188} WARNING - 2025/10/26 10:15:27 WARNING mlflow.models.model: `artifact_path` is deprecated. Please use `name` instead.
[2025-10-26T10:15:27.191+0000] {logging_mixin.py:188} INFO - 🏃 View run LivePrediction_2025-10-26_10-15-26 at: http://mlflow:5000/#/experiments/1/runs/3dd9a502cbcd4fadbe585332daed8202
[2025-10-26T10:15:27.192+0000] {logging_mixin.py:188} INFO - 🧪 View experiment at: http://mlflow:5000/#/experiments/1
[2025-10-26T10:15:27.225+0000] {logging_mixin.py:188} INFO - ❌ MLflow logging failed: API request to endpoint /api/2.0/mlflow/logged-models failed with error code 404 != 200. Response body: '<!doctype html>
<html lang=en>
<title>404 Not Found</title>
<h1>Not Found</h1>
<p>The requested URL was not found on the server. If you entered the URL manually please check your spelling and try again.</p>
'
[2025-10-26T10:15:27.233+0000] {logging_mixin.py:188} WARNING - Traceback (most recent call last):
[2025-10-26T10:15:27.234+0000] {logging_mixin.py:188} WARNING -   File "/opt/***/dags/flood_prediction_dag.py", line 230, in predict_and_log
    mlflow.sklearn.log_model(model, artifact_path="prediction_model")
[2025-10-26T10:15:27.234+0000] {logging_mixin.py:188} WARNING -   File "/home/***/.local/lib/python3.12/site-packages/mlflow/sklearn/__init__.py", line 426, in log_model
    return Model.log(
           ^^^^^^^^^^
[2025-10-26T10:15:27.235+0000] {logging_mixin.py:188} WARNING -   File "/home/***/.local/lib/python3.12/site-packages/mlflow/models/model.py", line 1170, in log
    model = _create_logged_model(
            ^^^^^^^^^^^^^^^^^^^^^
[2025-10-26T10:15:27.235+0000] {logging_mixin.py:188} WARNING -   File "/home/***/.local/lib/python3.12/site-packages/mlflow/tracking/fluent.py", line 2323, in _create_logged_model
    return MlflowClient()._create_logged_model(
           ^^^^^^^^^^^^^^^^^^^^^^^^^^^^^^^^^^^^
[2025-10-26T10:15:27.235+0000] {logging_mixin.py:188} WARNING -   File "/home/***/.local/lib/python3.12/site-packages/mlflow/tracking/client.py", line 5492, in _create_logged_model
    return self._tracking_client.create_logged_model(
           ^^^^^^^^^^^^^^^^^^^^^^^^^^^^^^^^^^^^^^^^^^
[2025-10-26T10:15:27.236+0000] {logging_mixin.py:188} WARNING -   File "/home/***/.local/lib/python3.12/site-packages/mlflow/telemetry/track.py", line 30, in wrapper
    result = func(*args, **kwargs)
             ^^^^^^^^^^^^^^^^^^^^^
[2025-10-26T10:15:27.236+0000] {logging_mixin.py:188} WARNING -   File "/home/***/.local/lib/python3.12/site-packages/mlflow/tracking/_tracking_service/client.py", line 870, in create_logged_model
    return self.store.create_logged_model(
           ^^^^^^^^^^^^^^^^^^^^^^^^^^^^^^^
[2025-10-26T10:15:27.236+0000] {logging_mixin.py:188} WARNING -   File "/home/***/.local/lib/python3.12/site-packages/mlflow/store/tracking/rest_store.py", line 894, in create_logged_model
    response_proto = self._call_endpoint(CreateLoggedModel, req_body)
                     ^^^^^^^^^^^^^^^^^^^^^^^^^^^^^^^^^^^^^^^^^^^^^^^^
[2025-10-26T10:15:27.237+0000] {logging_mixin.py:188} WARNING -   File "/home/***/.local/lib/python3.12/site-packages/mlflow/store/tracking/rest_store.py", line 201, in _call_endpoint
    return call_endpoint(
           ^^^^^^^^^^^^^^
[2025-10-26T10:15:27.237+0000] {logging_mixin.py:188} WARNING -   File "/home/***/.local/lib/python3.12/site-packages/mlflow/utils/rest_utils.py", line 592, in call_endpoint
    response = verify_rest_response(response, endpoint)
               ^^^^^^^^^^^^^^^^^^^^^^^^^^^^^^^^^^^^^^^^
[2025-10-26T10:15:27.237+0000] {logging_mixin.py:188} WARNING -   File "/home/***/.local/lib/python3.12/site-packages/mlflow/utils/rest_utils.py", line 317, in verify_rest_response
    raise MlflowException(
[2025-10-26T10:15:27.238+0000] {logging_mixin.py:188} WARNING - mlflow.exceptions.MlflowException: API request to endpoint /api/2.0/mlflow/logged-models failed with error code 404 != 200. Response body: '<!doctype html>
<html lang=en>
<title>404 Not Found</title>
<h1>Not Found</h1>
<p>The requested URL was not found on the server. If you entered the URL manually please check your spelling and try again.</p>
'
[2025-10-26T10:15:27.249+0000] {logging_mixin.py:188} INFO - ✅ Prediction logged: {'prediction': 0, 'probability': 0.016, 'timestamp': '2025-10-26_10-15-26', 'lat': 16.761467180752433, 'lon': 78.0077941946115, 'city': 'Mahbubnagar'}
[2025-10-26T10:15:27.258+0000] {python.py:237} INFO - Done. Returned value was: Prediction_Completed
[2025-10-26T10:15:27.259+0000] {taskinstance.py:441} INFO - ::group::Post task execution logs
[2025-10-26T10:15:27.273+0000] {taskinstance.py:1206} INFO - Marking task as SUCCESS. dag_id=flood_prediction_pipeline, task_id=predict_and_log, run_id=scheduled__2025-10-26T10:10:00+00:00, execution_date=20251026T101000, start_date=20251026T101525, end_date=20251026T101527
[2025-10-26T10:15:27.315+0000] {local_task_job_runner.py:240} INFO - Task exited with return code 0
[2025-10-26T10:15:27.332+0000] {taskinstance.py:3498} INFO - 1 downstream tasks scheduled from follow-on schedule check
[2025-10-26T10:15:27.335+0000] {local_task_job_runner.py:222} INFO - ::endgroup::
