[2025-10-30T17:29:49.607+0000] {local_task_job_runner.py:120} INFO - ::group::Pre task execution logs
[2025-10-30T17:29:49.629+0000] {taskinstance.py:2076} INFO - Dependencies all met for dep_context=non-requeueable deps ti=<TaskInstance: flood_prediction_pipeline.fetch_weather_data manual__2025-10-30T17:29:47.753395+00:00 [queued]>
[2025-10-30T17:29:49.636+0000] {taskinstance.py:2076} INFO - Dependencies all met for dep_context=requeueable deps ti=<TaskInstance: flood_prediction_pipeline.fetch_weather_data manual__2025-10-30T17:29:47.753395+00:00 [queued]>
[2025-10-30T17:29:49.638+0000] {taskinstance.py:2306} INFO - Starting attempt 1 of 2
[2025-10-30T17:29:49.651+0000] {taskinstance.py:2330} INFO - Executing <Task(PythonOperator): fetch_weather_data> on 2025-10-30 17:29:47.753395+00:00
[2025-10-30T17:29:49.659+0000] {logging_mixin.py:188} WARNING - /home/***/.local/lib/python3.12/site-packages/***/task/task_runner/standard_task_runner.py:61 DeprecationWarning: This process (pid=211) is multi-threaded, use of fork() may lead to deadlocks in the child.
[2025-10-30T17:29:49.658+0000] {standard_task_runner.py:90} INFO - Running: ['***', 'tasks', 'run', 'flood_prediction_pipeline', 'fetch_weather_data', 'manual__2025-10-30T17:29:47.753395+00:00', '--job-id', '256', '--raw', '--subdir', 'DAGS_FOLDER/flood_prediction_dag.py', '--cfg-path', '/tmp/tmpmnbcxtxe']
[2025-10-30T17:29:49.660+0000] {standard_task_runner.py:63} INFO - Started process 214 to run task
[2025-10-30T17:29:49.661+0000] {standard_task_runner.py:91} INFO - Job 256: Subtask fetch_weather_data
[2025-10-30T17:29:49.705+0000] {task_command.py:426} INFO - Running <TaskInstance: flood_prediction_pipeline.fetch_weather_data manual__2025-10-30T17:29:47.753395+00:00 [running]> on host adac321c4d0a
[2025-10-30T17:29:49.794+0000] {taskinstance.py:2648} INFO - Exporting env vars: AIRFLOW_CTX_DAG_OWNER='***' AIRFLOW_CTX_DAG_ID='flood_prediction_pipeline' AIRFLOW_CTX_TASK_ID='fetch_weather_data' AIRFLOW_CTX_EXECUTION_DATE='2025-10-30T17:29:47.753395+00:00' AIRFLOW_CTX_TRY_NUMBER='1' AIRFLOW_CTX_DAG_RUN_ID='manual__2025-10-30T17:29:47.753395+00:00'
[2025-10-30T17:29:49.797+0000] {taskinstance.py:430} INFO - ::endgroup::
[2025-10-30T17:29:49.869+0000] {logging_mixin.py:188} INFO - 🚨 Forced rain event: 7.94 mm/h (Run 50)
[2025-10-30T17:29:49.883+0000] {logging_mixin.py:188} INFO - ✅ Weather fetched. Rain (1h/24h): 7.94 / 7.94
[2025-10-30T17:29:49.884+0000] {python.py:237} INFO - Done. Returned value was: {'temp': 20.29, 'humidity': 80.28, 'pressure': 1000.89, 'wind_speed': 17.89, 'rain_1h': 7.94, 'rain_3h': 7.94, 'rain_6h': 7.94, 'rain_24h': 7.94, 'rain_intensity': 7.94, 'temp_delta': -11.980000000000004, 'humidity_delta': 10.180000000000007, 'hour': 17, 'day': 30, 'month': 10, 'year': 2025}
[2025-10-30T17:29:49.885+0000] {taskinstance.py:441} INFO - ::group::Post task execution logs
[2025-10-30T17:29:49.908+0000] {taskinstance.py:1206} INFO - Marking task as SUCCESS. dag_id=flood_prediction_pipeline, task_id=fetch_weather_data, run_id=manual__2025-10-30T17:29:47.753395+00:00, execution_date=20251030T172947, start_date=20251030T172949, end_date=20251030T172949
[2025-10-30T17:29:49.956+0000] {local_task_job_runner.py:240} INFO - Task exited with return code 0
[2025-10-30T17:29:49.976+0000] {taskinstance.py:3498} INFO - 1 downstream tasks scheduled from follow-on schedule check
[2025-10-30T17:29:49.979+0000] {local_task_job_runner.py:222} INFO - ::endgroup::
