[2025-10-15T07:37:02.756+0000] {local_task_job_runner.py:120} INFO - ::group::Pre task execution logs
[2025-10-15T07:37:02.793+0000] {taskinstance.py:2076} INFO - Dependencies all met for dep_context=non-requeueable deps ti=<TaskInstance: flood_prediction_pipeline.fetch_weather_data scheduled__2025-10-15T07:30:00+00:00 [queued]>
[2025-10-15T07:37:02.807+0000] {taskinstance.py:2076} INFO - Dependencies all met for dep_context=requeueable deps ti=<TaskInstance: flood_prediction_pipeline.fetch_weather_data scheduled__2025-10-15T07:30:00+00:00 [queued]>
[2025-10-15T07:37:02.813+0000] {taskinstance.py:2306} INFO - Starting attempt 2 of 2
[2025-10-15T07:37:02.826+0000] {taskinstance.py:2330} INFO - Executing <Task(PythonOperator): fetch_weather_data> on 2025-10-15 07:30:00+00:00
[2025-10-15T07:37:02.834+0000] {logging_mixin.py:188} WARNING - /home/***/.local/lib/python3.12/site-packages/***/task/task_runner/standard_task_runner.py:61 DeprecationWarning: This process (pid=563) is multi-threaded, use of fork() may lead to deadlocks in the child.
[2025-10-15T07:37:02.833+0000] {standard_task_runner.py:90} INFO - Running: ['***', 'tasks', 'run', 'flood_prediction_pipeline', 'fetch_weather_data', 'scheduled__2025-10-15T07:30:00+00:00', '--job-id', '12', '--raw', '--subdir', 'DAGS_FOLDER/flood_prediction_dag.py', '--cfg-path', '/tmp/tmpf4ko0u07']
[2025-10-15T07:37:02.838+0000] {standard_task_runner.py:63} INFO - Started process 565 to run task
[2025-10-15T07:37:02.841+0000] {standard_task_runner.py:91} INFO - Job 12: Subtask fetch_weather_data
[2025-10-15T07:37:02.916+0000] {task_command.py:426} INFO - Running <TaskInstance: flood_prediction_pipeline.fetch_weather_data scheduled__2025-10-15T07:30:00+00:00 [running]> on host 36171e3d5b90
[2025-10-15T07:37:03.152+0000] {taskinstance.py:2648} INFO - Exporting env vars: AIRFLOW_CTX_DAG_OWNER='***' AIRFLOW_CTX_DAG_ID='flood_prediction_pipeline' AIRFLOW_CTX_TASK_ID='fetch_weather_data' AIRFLOW_CTX_EXECUTION_DATE='2025-10-15T07:30:00+00:00' AIRFLOW_CTX_TRY_NUMBER='2' AIRFLOW_CTX_DAG_RUN_ID='scheduled__2025-10-15T07:30:00+00:00'
[2025-10-15T07:37:03.156+0000] {taskinstance.py:430} INFO - ::endgroup::
[2025-10-15T07:37:03.177+0000] {taskinstance.py:441} INFO - ::group::Post task execution logs
[2025-10-15T07:37:03.181+0000] {taskinstance.py:2905} ERROR - Task failed with exception
Traceback (most recent call last):
  File "/home/airflow/.local/lib/python3.12/site-packages/airflow/models/taskinstance.py", line 465, in _execute_task
    result = _execute_callable(context=context, **execute_callable_kwargs)
             ^^^^^^^^^^^^^^^^^^^^^^^^^^^^^^^^^^^^^^^^^^^^^^^^^^^^^^^^^^^^^
  File "/home/airflow/.local/lib/python3.12/site-packages/airflow/models/taskinstance.py", line 432, in _execute_callable
    return execute_callable(context=context, **execute_callable_kwargs)
           ^^^^^^^^^^^^^^^^^^^^^^^^^^^^^^^^^^^^^^^^^^^^^^^^^^^^^^^^^^^^
  File "/home/airflow/.local/lib/python3.12/site-packages/airflow/models/baseoperator.py", line 400, in wrapper
    return func(self, *args, **kwargs)
           ^^^^^^^^^^^^^^^^^^^^^^^^^^^
  File "/home/airflow/.local/lib/python3.12/site-packages/airflow/operators/python.py", line 235, in execute
    return_value = self.execute_callable()
                   ^^^^^^^^^^^^^^^^^^^^^^^
  File "/home/airflow/.local/lib/python3.12/site-packages/airflow/operators/python.py", line 252, in execute_callable
    return self.python_callable(*self.op_args, **self.op_kwargs)
           ^^^^^^^^^^^^^^^^^^^^^^^^^^^^^^^^^^^^^^^^^^^^^^^^^^^^^
  File "/opt/airflow/dags/flood_prediction_dag.py", line 16, in fetch_weather_data
    os.makedirs(DATA_DIR, exist_ok=True)
  File "<frozen os>", line 225, in makedirs
PermissionError: [Errno 13] Permission denied: '/data'
[2025-10-15T07:37:03.248+0000] {taskinstance.py:1206} INFO - Marking task as FAILED. dag_id=flood_prediction_pipeline, task_id=fetch_weather_data, run_id=scheduled__2025-10-15T07:30:00+00:00, execution_date=20251015T073000, start_date=20251015T073702, end_date=20251015T073703
[2025-10-15T07:37:03.264+0000] {standard_task_runner.py:110} ERROR - Failed to execute job 12 for task fetch_weather_data ([Errno 13] Permission denied: '/data'; 565)
[2025-10-15T07:37:03.299+0000] {local_task_job_runner.py:240} INFO - Task exited with return code 1
[2025-10-15T07:37:03.325+0000] {taskinstance.py:3498} INFO - 0 downstream tasks scheduled from follow-on schedule check
[2025-10-15T07:37:03.336+0000] {local_task_job_runner.py:222} INFO - ::endgroup::
