[2025-10-15T07:35:01.169+0000] {local_task_job_runner.py:120} INFO - ::group::Pre task execution logs
[2025-10-15T07:35:01.199+0000] {taskinstance.py:2076} INFO - Dependencies all met for dep_context=non-requeueable deps ti=<TaskInstance: flood_prediction_pipeline.fetch_weather_data scheduled__2025-10-15T07:30:00+00:00 [queued]>
[2025-10-15T07:35:01.206+0000] {taskinstance.py:2076} INFO - Dependencies all met for dep_context=requeueable deps ti=<TaskInstance: flood_prediction_pipeline.fetch_weather_data scheduled__2025-10-15T07:30:00+00:00 [queued]>
[2025-10-15T07:35:01.208+0000] {taskinstance.py:2306} INFO - Starting attempt 1 of 2
[2025-10-15T07:35:01.220+0000] {taskinstance.py:2330} INFO - Executing <Task(PythonOperator): fetch_weather_data> on 2025-10-15 07:30:00+00:00
[2025-10-15T07:35:01.227+0000] {logging_mixin.py:188} WARNING - /home/***/.local/lib/python3.12/site-packages/***/task/task_runner/standard_task_runner.py:61 DeprecationWarning: This process (pid=542) is multi-threaded, use of fork() may lead to deadlocks in the child.
[2025-10-15T07:35:01.227+0000] {standard_task_runner.py:90} INFO - Running: ['***', 'tasks', 'run', 'flood_prediction_pipeline', 'fetch_weather_data', 'scheduled__2025-10-15T07:30:00+00:00', '--job-id', '11', '--raw', '--subdir', 'DAGS_FOLDER/flood_prediction_dag.py', '--cfg-path', '/tmp/tmp931on5g9']
[2025-10-15T07:35:01.230+0000] {standard_task_runner.py:63} INFO - Started process 544 to run task
[2025-10-15T07:35:01.230+0000] {standard_task_runner.py:91} INFO - Job 11: Subtask fetch_weather_data
[2025-10-15T07:35:01.275+0000] {task_command.py:426} INFO - Running <TaskInstance: flood_prediction_pipeline.fetch_weather_data scheduled__2025-10-15T07:30:00+00:00 [running]> on host 36171e3d5b90
[2025-10-15T07:35:01.492+0000] {taskinstance.py:2648} INFO - Exporting env vars: AIRFLOW_CTX_DAG_OWNER='***' AIRFLOW_CTX_DAG_ID='flood_prediction_pipeline' AIRFLOW_CTX_TASK_ID='fetch_weather_data' AIRFLOW_CTX_EXECUTION_DATE='2025-10-15T07:30:00+00:00' AIRFLOW_CTX_TRY_NUMBER='1' AIRFLOW_CTX_DAG_RUN_ID='scheduled__2025-10-15T07:30:00+00:00'
[2025-10-15T07:35:01.493+0000] {taskinstance.py:430} INFO - ::endgroup::
[2025-10-15T07:35:01.508+0000] {taskinstance.py:441} INFO - ::group::Post task execution logs
[2025-10-15T07:35:01.509+0000] {taskinstance.py:2905} ERROR - Task failed with exception
Traceback (most recent call last):
  File "/home/airflow/.local/lib/python3.12/site-packages/airflow/models/taskinstance.py", line 465, in _execute_task
    result = _execute_callable(context=context, **execute_callable_kwargs)
             ^^^^^^^^^^^^^^^^^^^^^^^^^^^^^^^^^^^^^^^^^^^^^^^^^^^^^^^^^^^^^
  File "/home/airflow/.local/lib/python3.12/site-packages/airflow/models/taskinstance.py", line 432, in _execute_callable
    return execute_callable(context=context, **execute_callable_kwargs)
           ^^^^^^^^^^^^^^^^^^^^^^^^^^^^^^^^^^^^^^^^^^^^^^^^^^^^^^^^^^^^
  File "/home/airflow/.local/lib/python3.12/site-packages/airflow/models/baseoperator.py", line 400, in wrapper
    return func(self, *args, **kwargs)
           ^^^^^^^^^^^^^^^^^^^^^^^^^^^
  File "/home/airflow/.local/lib/python3.12/site-packages/airflow/operators/python.py", line 235, in execute
    return_value = self.execute_callable()
                   ^^^^^^^^^^^^^^^^^^^^^^^
  File "/home/airflow/.local/lib/python3.12/site-packages/airflow/operators/python.py", line 252, in execute_callable
    return self.python_callable(*self.op_args, **self.op_kwargs)
           ^^^^^^^^^^^^^^^^^^^^^^^^^^^^^^^^^^^^^^^^^^^^^^^^^^^^^
  File "/opt/airflow/dags/flood_prediction_dag.py", line 16, in fetch_weather_data
    os.makedirs(DATA_DIR, exist_ok=True)
  File "<frozen os>", line 225, in makedirs
PermissionError: [Errno 13] Permission denied: '/data'
[2025-10-15T07:35:01.523+0000] {taskinstance.py:1206} INFO - Marking task as UP_FOR_RETRY. dag_id=flood_prediction_pipeline, task_id=fetch_weather_data, run_id=scheduled__2025-10-15T07:30:00+00:00, execution_date=20251015T073000, start_date=20251015T073501, end_date=20251015T073501
[2025-10-15T07:35:01.534+0000] {standard_task_runner.py:110} ERROR - Failed to execute job 11 for task fetch_weather_data ([Errno 13] Permission denied: '/data'; 544)
[2025-10-15T07:35:01.566+0000] {local_task_job_runner.py:240} INFO - Task exited with return code 1
[2025-10-15T07:35:01.584+0000] {taskinstance.py:3498} INFO - 0 downstream tasks scheduled from follow-on schedule check
[2025-10-15T07:35:01.588+0000] {local_task_job_runner.py:222} INFO - ::endgroup::
