[2025-10-30T15:15:03.116+0000] {local_task_job_runner.py:120} INFO - ::group::Pre task execution logs
[2025-10-30T15:15:03.135+0000] {taskinstance.py:2076} INFO - Dependencies all met for dep_context=non-requeueable deps ti=<TaskInstance: flood_prediction_pipeline.predict_and_log scheduled__2025-10-30T15:10:00+00:00 [queued]>
[2025-10-30T15:15:03.142+0000] {taskinstance.py:2076} INFO - Dependencies all met for dep_context=requeueable deps ti=<TaskInstance: flood_prediction_pipeline.predict_and_log scheduled__2025-10-30T15:10:00+00:00 [queued]>
[2025-10-30T15:15:03.143+0000] {taskinstance.py:2306} INFO - Starting attempt 1 of 2
[2025-10-30T15:15:03.152+0000] {taskinstance.py:2330} INFO - Executing <Task(PythonOperator): predict_and_log> on 2025-10-30 15:10:00+00:00
[2025-10-30T15:15:03.159+0000] {logging_mixin.py:188} WARNING - /home/***/.local/lib/python3.12/site-packages/***/task/task_runner/standard_task_runner.py:61 DeprecationWarning: This process (pid=844) is multi-threaded, use of fork() may lead to deadlocks in the child.
[2025-10-30T15:15:03.159+0000] {standard_task_runner.py:90} INFO - Running: ['***', 'tasks', 'run', 'flood_prediction_pipeline', 'predict_and_log', 'scheduled__2025-10-30T15:10:00+00:00', '--job-id', '107', '--raw', '--subdir', 'DAGS_FOLDER/flood_prediction_dag.py', '--cfg-path', '/tmp/tmpsxre86bx']
[2025-10-30T15:15:03.160+0000] {standard_task_runner.py:63} INFO - Started process 847 to run task
[2025-10-30T15:15:03.160+0000] {standard_task_runner.py:91} INFO - Job 107: Subtask predict_and_log
[2025-10-30T15:15:03.211+0000] {task_command.py:426} INFO - Running <TaskInstance: flood_prediction_pipeline.predict_and_log scheduled__2025-10-30T15:10:00+00:00 [running]> on host ef4a724a1397
[2025-10-30T15:15:03.286+0000] {taskinstance.py:2648} INFO - Exporting env vars: AIRFLOW_CTX_DAG_OWNER='***' AIRFLOW_CTX_DAG_ID='flood_prediction_pipeline' AIRFLOW_CTX_TASK_ID='predict_and_log' AIRFLOW_CTX_EXECUTION_DATE='2025-10-30T15:10:00+00:00' AIRFLOW_CTX_TRY_NUMBER='1' AIRFLOW_CTX_DAG_RUN_ID='scheduled__2025-10-30T15:10:00+00:00'
[2025-10-30T15:15:03.288+0000] {taskinstance.py:430} INFO - ::endgroup::
[2025-10-30T15:15:04.528+0000] {logging_mixin.py:188} WARNING - /home/***/.local/lib/python3.12/site-packages/sklearn/ensemble/_base.py:168 UserWarning: Loky-backed parallel loops cannot be called in a multiprocessing, setting n_jobs=1
[2025-10-30T15:15:04.535+0000] {logging_mixin.py:188} WARNING - /home/***/.local/lib/python3.12/site-packages/sklearn/ensemble/_base.py:168 UserWarning: Loky-backed parallel loops cannot be called in a multiprocessing, setting n_jobs=1
[2025-10-30T15:15:04.542+0000] {logging_mixin.py:188} WARNING - /home/***/.local/lib/python3.12/site-packages/sklearn/ensemble/_base.py:168 UserWarning: Loky-backed parallel loops cannot be called in a multiprocessing, setting n_jobs=1
[2025-10-30T15:15:04.891+0000] {logging_mixin.py:188} INFO - 🏃 View run LivePrediction_2025-10-30 15:15:04 at: http://mlflow:5000/#/experiments/1/runs/38da0203d0b84d3d82bb4980528bfd9a
[2025-10-30T15:15:04.892+0000] {logging_mixin.py:188} INFO - 🧪 View experiment at: http://mlflow:5000/#/experiments/1
[2025-10-30T15:15:04.958+0000] {logging_mixin.py:188} INFO - ✅ Prediction generated and pushed for logging.
[2025-10-30T15:15:04.959+0000] {python.py:237} INFO - Done. Returned value was: Prediction_Completed
[2025-10-30T15:15:04.960+0000] {taskinstance.py:441} INFO - ::group::Post task execution logs
[2025-10-30T15:15:04.978+0000] {taskinstance.py:1206} INFO - Marking task as SUCCESS. dag_id=flood_prediction_pipeline, task_id=predict_and_log, run_id=scheduled__2025-10-30T15:10:00+00:00, execution_date=20251030T151000, start_date=20251030T151503, end_date=20251030T151504
[2025-10-30T15:15:05.022+0000] {local_task_job_runner.py:240} INFO - Task exited with return code 0
[2025-10-30T15:15:05.047+0000] {taskinstance.py:3498} INFO - 1 downstream tasks scheduled from follow-on schedule check
[2025-10-30T15:15:05.051+0000] {local_task_job_runner.py:222} INFO - ::endgroup::
