[2025-10-30T18:40:18.415+0000] {local_task_job_runner.py:120} INFO - ::group::Pre task execution logs
[2025-10-30T18:40:18.438+0000] {taskinstance.py:2076} INFO - Dependencies all met for dep_context=non-requeueable deps ti=<TaskInstance: flood_prediction_pipeline.fetch_weather_data manual__2025-10-30T18:40:16.760386+00:00 [queued]>
[2025-10-30T18:40:18.449+0000] {taskinstance.py:2076} INFO - Dependencies all met for dep_context=requeueable deps ti=<TaskInstance: flood_prediction_pipeline.fetch_weather_data manual__2025-10-30T18:40:16.760386+00:00 [queued]>
[2025-10-30T18:40:18.450+0000] {taskinstance.py:2306} INFO - Starting attempt 1 of 2
[2025-10-30T18:40:18.466+0000] {taskinstance.py:2330} INFO - Executing <Task(PythonOperator): fetch_weather_data> on 2025-10-30 18:40:16.760386+00:00
[2025-10-30T18:40:18.476+0000] {logging_mixin.py:188} WARNING - /home/***/.local/lib/python3.12/site-packages/***/task/task_runner/standard_task_runner.py:61 DeprecationWarning: This process (pid=6644) is multi-threaded, use of fork() may lead to deadlocks in the child.
[2025-10-30T18:40:18.476+0000] {standard_task_runner.py:90} INFO - Running: ['***', 'tasks', 'run', 'flood_prediction_pipeline', 'fetch_weather_data', 'manual__2025-10-30T18:40:16.760386+00:00', '--job-id', '407', '--raw', '--subdir', 'DAGS_FOLDER/flood_prediction_dag.py', '--cfg-path', '/tmp/tmpanl93bby']
[2025-10-30T18:40:18.477+0000] {standard_task_runner.py:63} INFO - Started process 6649 to run task
[2025-10-30T18:40:18.477+0000] {standard_task_runner.py:91} INFO - Job 407: Subtask fetch_weather_data
[2025-10-30T18:40:18.522+0000] {task_command.py:426} INFO - Running <TaskInstance: flood_prediction_pipeline.fetch_weather_data manual__2025-10-30T18:40:16.760386+00:00 [running]> on host adac321c4d0a
[2025-10-30T18:40:18.621+0000] {taskinstance.py:2648} INFO - Exporting env vars: AIRFLOW_CTX_DAG_OWNER='***' AIRFLOW_CTX_DAG_ID='flood_prediction_pipeline' AIRFLOW_CTX_TASK_ID='fetch_weather_data' AIRFLOW_CTX_EXECUTION_DATE='2025-10-30T18:40:16.760386+00:00' AIRFLOW_CTX_TRY_NUMBER='1' AIRFLOW_CTX_DAG_RUN_ID='manual__2025-10-30T18:40:16.760386+00:00'
[2025-10-30T18:40:18.623+0000] {taskinstance.py:430} INFO - ::endgroup::
[2025-10-30T18:40:18.676+0000] {logging_mixin.py:188} INFO - 🚨 Forced rain event: 7.94 mm/h (Run 80)
[2025-10-30T18:40:18.689+0000] {logging_mixin.py:188} INFO - ✅ Weather fetched. Rain (1h/24h): 7.94 / 7.94
[2025-10-30T18:40:18.690+0000] {python.py:237} INFO - Done. Returned value was: {'temp': 20.29, 'humidity': 80.28, 'pressure': 1000.89, 'wind_speed': 17.89, 'rain_1h': 7.94, 'rain_3h': 7.94, 'rain_6h': 7.94, 'rain_24h': 7.94, 'rain_intensity': 7.94, 'temp_delta': -11.980000000000004, 'humidity_delta': 10.180000000000007, 'hour': 18, 'day': 30, 'month': 10, 'year': 2025}
[2025-10-30T18:40:18.691+0000] {taskinstance.py:441} INFO - ::group::Post task execution logs
[2025-10-30T18:40:18.711+0000] {taskinstance.py:1206} INFO - Marking task as SUCCESS. dag_id=flood_prediction_pipeline, task_id=fetch_weather_data, run_id=manual__2025-10-30T18:40:16.760386+00:00, execution_date=20251030T184016, start_date=20251030T184018, end_date=20251030T184018
[2025-10-30T18:40:18.731+0000] {local_task_job_runner.py:240} INFO - Task exited with return code 0
[2025-10-30T18:40:18.758+0000] {taskinstance.py:3498} INFO - 1 downstream tasks scheduled from follow-on schedule check
[2025-10-30T18:40:18.761+0000] {local_task_job_runner.py:222} INFO - ::endgroup::
