[2025-10-30T15:10:03.969+0000] {local_task_job_runner.py:120} INFO - ::group::Pre task execution logs
[2025-10-30T15:10:03.996+0000] {taskinstance.py:2076} INFO - Dependencies all met for dep_context=non-requeueable deps ti=<TaskInstance: flood_prediction_pipeline.predict_and_log scheduled__2025-10-30T15:05:00+00:00 [queued]>
[2025-10-30T15:10:04.007+0000] {taskinstance.py:2076} INFO - Dependencies all met for dep_context=requeueable deps ti=<TaskInstance: flood_prediction_pipeline.predict_and_log scheduled__2025-10-30T15:05:00+00:00 [queued]>
[2025-10-30T15:10:04.008+0000] {taskinstance.py:2306} INFO - Starting attempt 1 of 2
[2025-10-30T15:10:04.023+0000] {taskinstance.py:2330} INFO - Executing <Task(PythonOperator): predict_and_log> on 2025-10-30 15:05:00+00:00
[2025-10-30T15:10:04.032+0000] {standard_task_runner.py:90} INFO - Running: ['***', 'tasks', 'run', 'flood_prediction_pipeline', 'predict_and_log', 'scheduled__2025-10-30T15:05:00+00:00', '--job-id', '102', '--raw', '--subdir', 'DAGS_FOLDER/flood_prediction_dag.py', '--cfg-path', '/tmp/tmp92gd1z8s']
[2025-10-30T15:10:04.033+0000] {logging_mixin.py:188} WARNING - /home/***/.local/lib/python3.12/site-packages/***/task/task_runner/standard_task_runner.py:61 DeprecationWarning: This process (pid=422) is multi-threaded, use of fork() may lead to deadlocks in the child.
[2025-10-30T15:10:04.034+0000] {standard_task_runner.py:91} INFO - Job 102: Subtask predict_and_log
[2025-10-30T15:10:04.034+0000] {standard_task_runner.py:63} INFO - Started process 425 to run task
[2025-10-30T15:10:04.083+0000] {task_command.py:426} INFO - Running <TaskInstance: flood_prediction_pipeline.predict_and_log scheduled__2025-10-30T15:05:00+00:00 [running]> on host ef4a724a1397
[2025-10-30T15:10:04.164+0000] {taskinstance.py:2648} INFO - Exporting env vars: AIRFLOW_CTX_DAG_OWNER='***' AIRFLOW_CTX_DAG_ID='flood_prediction_pipeline' AIRFLOW_CTX_TASK_ID='predict_and_log' AIRFLOW_CTX_EXECUTION_DATE='2025-10-30T15:05:00+00:00' AIRFLOW_CTX_TRY_NUMBER='1' AIRFLOW_CTX_DAG_RUN_ID='scheduled__2025-10-30T15:05:00+00:00'
[2025-10-30T15:10:04.166+0000] {taskinstance.py:430} INFO - ::endgroup::
[2025-10-30T15:10:05.361+0000] {logging_mixin.py:188} WARNING - /home/***/.local/lib/python3.12/site-packages/sklearn/ensemble/_base.py:168 UserWarning: Loky-backed parallel loops cannot be called in a multiprocessing, setting n_jobs=1
[2025-10-30T15:10:05.371+0000] {logging_mixin.py:188} WARNING - /home/***/.local/lib/python3.12/site-packages/sklearn/ensemble/_base.py:168 UserWarning: Loky-backed parallel loops cannot be called in a multiprocessing, setting n_jobs=1
[2025-10-30T15:10:05.378+0000] {logging_mixin.py:188} WARNING - /home/***/.local/lib/python3.12/site-packages/sklearn/ensemble/_base.py:168 UserWarning: Loky-backed parallel loops cannot be called in a multiprocessing, setting n_jobs=1
[2025-10-30T15:10:05.763+0000] {logging_mixin.py:188} INFO - 🏃 View run LivePrediction_2025-10-30 15:10:05 at: http://mlflow:5000/#/experiments/1/runs/c4c04cdb73834be4bf49c8b831389297
[2025-10-30T15:10:05.764+0000] {logging_mixin.py:188} INFO - 🧪 View experiment at: http://mlflow:5000/#/experiments/1
[2025-10-30T15:10:05.833+0000] {logging_mixin.py:188} INFO - ✅ Prediction generated and pushed for logging.
[2025-10-30T15:10:05.835+0000] {python.py:237} INFO - Done. Returned value was: Prediction_Completed
[2025-10-30T15:10:05.836+0000] {taskinstance.py:441} INFO - ::group::Post task execution logs
[2025-10-30T15:10:05.851+0000] {taskinstance.py:1206} INFO - Marking task as SUCCESS. dag_id=flood_prediction_pipeline, task_id=predict_and_log, run_id=scheduled__2025-10-30T15:05:00+00:00, execution_date=20251030T150500, start_date=20251030T151003, end_date=20251030T151005
[2025-10-30T15:10:05.896+0000] {local_task_job_runner.py:240} INFO - Task exited with return code 0
[2025-10-30T15:10:05.916+0000] {taskinstance.py:3498} INFO - 1 downstream tasks scheduled from follow-on schedule check
[2025-10-30T15:10:05.920+0000] {local_task_job_runner.py:222} INFO - ::endgroup::
