[2025-10-16T20:35:03.541+0000] {local_task_job_runner.py:120} INFO - ::group::Pre task execution logs
[2025-10-16T20:35:03.578+0000] {taskinstance.py:2076} INFO - Dependencies all met for dep_context=non-requeueable deps ti=<TaskInstance: flood_prediction_pipeline.predict_and_log scheduled__2025-10-16T20:30:00+00:00 [queued]>
[2025-10-16T20:35:03.590+0000] {taskinstance.py:2076} INFO - Dependencies all met for dep_context=requeueable deps ti=<TaskInstance: flood_prediction_pipeline.predict_and_log scheduled__2025-10-16T20:30:00+00:00 [queued]>
[2025-10-16T20:35:03.591+0000] {taskinstance.py:2306} INFO - Starting attempt 1 of 2
[2025-10-16T20:35:03.614+0000] {taskinstance.py:2330} INFO - Executing <Task(PythonOperator): predict_and_log> on 2025-10-16 20:30:00+00:00
[2025-10-16T20:35:03.625+0000] {logging_mixin.py:188} WARNING - /home/***/.local/lib/python3.12/site-packages/***/task/task_runner/standard_task_runner.py:61 DeprecationWarning: This process (pid=221) is multi-threaded, use of fork() may lead to deadlocks in the child.
[2025-10-16T20:35:03.626+0000] {standard_task_runner.py:63} INFO - Started process 224 to run task
[2025-10-16T20:35:03.625+0000] {standard_task_runner.py:90} INFO - Running: ['***', 'tasks', 'run', 'flood_prediction_pipeline', 'predict_and_log', 'scheduled__2025-10-16T20:30:00+00:00', '--job-id', '26', '--raw', '--subdir', 'DAGS_FOLDER/flood_prediction_dag.py', '--cfg-path', '/tmp/tmpcssuq7v1']
[2025-10-16T20:35:03.629+0000] {standard_task_runner.py:91} INFO - Job 26: Subtask predict_and_log
[2025-10-16T20:35:03.688+0000] {task_command.py:426} INFO - Running <TaskInstance: flood_prediction_pipeline.predict_and_log scheduled__2025-10-16T20:30:00+00:00 [running]> on host 64cf260fc7d6
[2025-10-16T20:35:03.776+0000] {taskinstance.py:2648} INFO - Exporting env vars: AIRFLOW_CTX_DAG_OWNER='***' AIRFLOW_CTX_DAG_ID='flood_prediction_pipeline' AIRFLOW_CTX_TASK_ID='predict_and_log' AIRFLOW_CTX_EXECUTION_DATE='2025-10-16T20:30:00+00:00' AIRFLOW_CTX_TRY_NUMBER='1' AIRFLOW_CTX_DAG_RUN_ID='scheduled__2025-10-16T20:30:00+00:00'
[2025-10-16T20:35:03.778+0000] {taskinstance.py:430} INFO - ::endgroup::
[2025-10-16T20:35:04.720+0000] {logging_mixin.py:188} INFO - ❌ Prediction failed: The feature names should match those that were passed during fit.
Feature names must be in the same order as they were in fit.
[2025-10-16T20:35:04.721+0000] {python.py:237} INFO - Done. Returned value was: {'error': 'The feature names should match those that were passed during fit.\nFeature names must be in the same order as they were in fit.\n'}
[2025-10-16T20:35:04.721+0000] {taskinstance.py:441} INFO - ::group::Post task execution logs
[2025-10-16T20:35:04.740+0000] {taskinstance.py:1206} INFO - Marking task as SUCCESS. dag_id=flood_prediction_pipeline, task_id=predict_and_log, run_id=scheduled__2025-10-16T20:30:00+00:00, execution_date=20251016T203000, start_date=20251016T203503, end_date=20251016T203504
[2025-10-16T20:35:04.766+0000] {local_task_job_runner.py:240} INFO - Task exited with return code 0
[2025-10-16T20:35:04.782+0000] {taskinstance.py:3498} INFO - 0 downstream tasks scheduled from follow-on schedule check
[2025-10-16T20:35:04.786+0000] {local_task_job_runner.py:222} INFO - ::endgroup::
