[2025-10-30T14:08:31.131+0000] {local_task_job_runner.py:120} INFO - ::group::Pre task execution logs
[2025-10-30T14:08:31.178+0000] {taskinstance.py:2076} INFO - Dependencies all met for dep_context=non-requeueable deps ti=<TaskInstance: flood_prediction_pipeline.predict_and_log scheduled__2025-10-30T14:00:00+00:00 [queued]>
[2025-10-30T14:08:31.203+0000] {taskinstance.py:2076} INFO - Dependencies all met for dep_context=requeueable deps ti=<TaskInstance: flood_prediction_pipeline.predict_and_log scheduled__2025-10-30T14:00:00+00:00 [queued]>
[2025-10-30T14:08:31.207+0000] {taskinstance.py:2306} INFO - Starting attempt 1 of 2
[2025-10-30T14:08:31.220+0000] {taskinstance.py:2330} INFO - Executing <Task(PythonOperator): predict_and_log> on 2025-10-30 14:00:00+00:00
[2025-10-30T14:08:31.228+0000] {logging_mixin.py:188} WARNING - /home/***/.local/lib/python3.12/site-packages/***/task/task_runner/standard_task_runner.py:61 DeprecationWarning: This process (pid=236) is multi-threaded, use of fork() may lead to deadlocks in the child.
[2025-10-30T14:08:31.229+0000] {standard_task_runner.py:63} INFO - Started process 252 to run task
[2025-10-30T14:08:31.240+0000] {standard_task_runner.py:90} INFO - Running: ['***', 'tasks', 'run', 'flood_prediction_pipeline', 'predict_and_log', 'scheduled__2025-10-30T14:00:00+00:00', '--job-id', '14', '--raw', '--subdir', 'DAGS_FOLDER/flood_prediction_dag.py', '--cfg-path', '/tmp/tmp5s_k9ric']
[2025-10-30T14:08:31.251+0000] {standard_task_runner.py:91} INFO - Job 14: Subtask predict_and_log
[2025-10-30T14:08:31.416+0000] {task_command.py:426} INFO - Running <TaskInstance: flood_prediction_pipeline.predict_and_log scheduled__2025-10-30T14:00:00+00:00 [running]> on host 31ca9a0c8d51
[2025-10-30T14:08:31.551+0000] {taskinstance.py:2648} INFO - Exporting env vars: AIRFLOW_CTX_DAG_OWNER='***' AIRFLOW_CTX_DAG_ID='flood_prediction_pipeline' AIRFLOW_CTX_TASK_ID='predict_and_log' AIRFLOW_CTX_EXECUTION_DATE='2025-10-30T14:00:00+00:00' AIRFLOW_CTX_TRY_NUMBER='1' AIRFLOW_CTX_DAG_RUN_ID='scheduled__2025-10-30T14:00:00+00:00'
[2025-10-30T14:08:31.555+0000] {taskinstance.py:430} INFO - ::endgroup::
[2025-10-30T14:08:33.995+0000] {logging_mixin.py:188} WARNING - /home/***/.local/lib/python3.12/site-packages/sklearn/ensemble/_base.py:168 UserWarning: Loky-backed parallel loops cannot be called in a multiprocessing, setting n_jobs=1
[2025-10-30T14:08:34.002+0000] {logging_mixin.py:188} WARNING - /home/***/.local/lib/python3.12/site-packages/sklearn/ensemble/_base.py:168 UserWarning: Loky-backed parallel loops cannot be called in a multiprocessing, setting n_jobs=1
[2025-10-30T14:08:34.025+0000] {logging_mixin.py:188} WARNING - /home/***/.local/lib/python3.12/site-packages/sklearn/ensemble/_base.py:168 UserWarning: Loky-backed parallel loops cannot be called in a multiprocessing, setting n_jobs=1
[2025-10-30T14:08:34.562+0000] {logging_mixin.py:188} INFO - 🏃 View run LivePrediction_2025-10-30 14:08:34 at: http://mlflow:5000/#/experiments/1/runs/37affad81c834c1bb3bf99c854521aa9
[2025-10-30T14:08:34.565+0000] {logging_mixin.py:188} INFO - 🧪 View experiment at: http://mlflow:5000/#/experiments/1
[2025-10-30T14:08:34.665+0000] {logging_mixin.py:188} INFO - ✅ Prediction generated and pushed for logging.
[2025-10-30T14:08:34.667+0000] {python.py:237} INFO - Done. Returned value was: Prediction_Completed
[2025-10-30T14:08:34.668+0000] {taskinstance.py:441} INFO - ::group::Post task execution logs
[2025-10-30T14:08:34.725+0000] {taskinstance.py:1206} INFO - Marking task as SUCCESS. dag_id=flood_prediction_pipeline, task_id=predict_and_log, run_id=scheduled__2025-10-30T14:00:00+00:00, execution_date=20251030T140000, start_date=20251030T140831, end_date=20251030T140834
[2025-10-30T14:08:34.758+0000] {local_task_job_runner.py:240} INFO - Task exited with return code 0
[2025-10-30T14:08:34.800+0000] {taskinstance.py:3498} INFO - 1 downstream tasks scheduled from follow-on schedule check
[2025-10-30T14:08:34.814+0000] {local_task_job_runner.py:222} INFO - ::endgroup::
