[2025-10-30T13:00:02.928+0000] {local_task_job_runner.py:120} INFO - ::group::Pre task execution logs
[2025-10-30T13:00:02.948+0000] {taskinstance.py:2076} INFO - Dependencies all met for dep_context=non-requeueable deps ti=<TaskInstance: flood_prediction_pipeline.predict_and_log scheduled__2025-10-30T12:55:00+00:00 [queued]>
[2025-10-30T13:00:02.955+0000] {taskinstance.py:2076} INFO - Dependencies all met for dep_context=requeueable deps ti=<TaskInstance: flood_prediction_pipeline.predict_and_log scheduled__2025-10-30T12:55:00+00:00 [queued]>
[2025-10-30T13:00:02.956+0000] {taskinstance.py:2306} INFO - Starting attempt 1 of 2
[2025-10-30T13:00:02.971+0000] {taskinstance.py:2330} INFO - Executing <Task(PythonOperator): predict_and_log> on 2025-10-30 12:55:00+00:00
[2025-10-30T13:00:02.978+0000] {logging_mixin.py:188} WARNING - /home/***/.local/lib/python3.12/site-packages/***/task/task_runner/standard_task_runner.py:61 DeprecationWarning: This process (pid=4998) is multi-threaded, use of fork() may lead to deadlocks in the child.
[2025-10-30T13:00:02.978+0000] {standard_task_runner.py:90} INFO - Running: ['***', 'tasks', 'run', 'flood_prediction_pipeline', 'predict_and_log', 'scheduled__2025-10-30T12:55:00+00:00', '--job-id', '390', '--raw', '--subdir', 'DAGS_FOLDER/flood_prediction_dag.py', '--cfg-path', '/tmp/tmptg42rudw']
[2025-10-30T13:00:02.979+0000] {standard_task_runner.py:63} INFO - Started process 5001 to run task
[2025-10-30T13:00:02.980+0000] {standard_task_runner.py:91} INFO - Job 390: Subtask predict_and_log
[2025-10-30T13:00:03.024+0000] {task_command.py:426} INFO - Running <TaskInstance: flood_prediction_pipeline.predict_and_log scheduled__2025-10-30T12:55:00+00:00 [running]> on host 19da7fe5fa41
[2025-10-30T13:00:03.108+0000] {taskinstance.py:2648} INFO - Exporting env vars: AIRFLOW_CTX_DAG_OWNER='***' AIRFLOW_CTX_DAG_ID='flood_prediction_pipeline' AIRFLOW_CTX_TASK_ID='predict_and_log' AIRFLOW_CTX_EXECUTION_DATE='2025-10-30T12:55:00+00:00' AIRFLOW_CTX_TRY_NUMBER='1' AIRFLOW_CTX_DAG_RUN_ID='scheduled__2025-10-30T12:55:00+00:00'
[2025-10-30T13:00:03.111+0000] {taskinstance.py:430} INFO - ::endgroup::
[2025-10-30T13:00:04.599+0000] {logging_mixin.py:188} WARNING - /home/***/.local/lib/python3.12/site-packages/sklearn/ensemble/_base.py:168 UserWarning: Loky-backed parallel loops cannot be called in a multiprocessing, setting n_jobs=1
[2025-10-30T13:00:04.606+0000] {logging_mixin.py:188} WARNING - /home/***/.local/lib/python3.12/site-packages/sklearn/ensemble/_base.py:168 UserWarning: Loky-backed parallel loops cannot be called in a multiprocessing, setting n_jobs=1
[2025-10-30T13:00:04.613+0000] {logging_mixin.py:188} WARNING - /home/***/.local/lib/python3.12/site-packages/sklearn/ensemble/_base.py:168 UserWarning: Loky-backed parallel loops cannot be called in a multiprocessing, setting n_jobs=1
[2025-10-30T13:00:04.658+0000] {logging_mixin.py:188} WARNING - 2025/10/30 13:00:04 WARNING mlflow.utils.git_utils: Failed to import Git (the Git executable is probably not on your PATH), so Git SHA is not available. Error: Failed to initialize: Bad git executable.
The git executable must be specified in one of the following ways:
    - be included in your $PATH
    - be set via $GIT_PYTHON_GIT_EXECUTABLE
    - explicitly set via git.refresh(<full-path-to-git-executable>)

All git commands will error until this is rectified.

This initial message can be silenced or aggravated in the future by setting the
$GIT_PYTHON_REFRESH environment variable. Use one of the following values:
    - quiet|q|silence|s|silent|none|n|0: for no message or exception
    - warn|w|warning|log|l|1: for a warning message (logging level CRITICAL, displayed by default)
    - error|e|exception|raise|r|2: for a raised exception

Example:
    export GIT_PYTHON_REFRESH=quiet
[2025-10-30T13:00:04.978+0000] {logging_mixin.py:188} INFO - 🏃 View run LivePrediction_2025-10-30 13:00:04 at: http://mlflow:5000/#/experiments/1/runs/4d7df89b9f8e40399bacfc0043b80190
[2025-10-30T13:00:04.978+0000] {logging_mixin.py:188} INFO - 🧪 View experiment at: http://mlflow:5000/#/experiments/1
[2025-10-30T13:00:05.072+0000] {logging_mixin.py:188} INFO - ✅ Prediction generated and pushed for logging.
[2025-10-30T13:00:05.073+0000] {python.py:237} INFO - Done. Returned value was: Prediction_Completed
[2025-10-30T13:00:05.075+0000] {taskinstance.py:441} INFO - ::group::Post task execution logs
[2025-10-30T13:00:05.096+0000] {taskinstance.py:1206} INFO - Marking task as SUCCESS. dag_id=flood_prediction_pipeline, task_id=predict_and_log, run_id=scheduled__2025-10-30T12:55:00+00:00, execution_date=20251030T125500, start_date=20251030T130002, end_date=20251030T130005
[2025-10-30T13:00:05.120+0000] {local_task_job_runner.py:240} INFO - Task exited with return code 0
[2025-10-30T13:00:05.140+0000] {taskinstance.py:3498} INFO - 1 downstream tasks scheduled from follow-on schedule check
[2025-10-30T13:00:05.152+0000] {local_task_job_runner.py:222} INFO - ::endgroup::
