[2025-10-20T08:53:23.963+0000] {local_task_job_runner.py:120} INFO - ::group::Pre task execution logs
[2025-10-20T08:53:23.985+0000] {taskinstance.py:2076} INFO - Dependencies all met for dep_context=non-requeueable deps ti=<TaskInstance: flood_prediction_pipeline.predict_and_log manual__2025-10-20T08:53:20.470504+00:00 [queued]>
[2025-10-20T08:53:23.993+0000] {taskinstance.py:2076} INFO - Dependencies all met for dep_context=requeueable deps ti=<TaskInstance: flood_prediction_pipeline.predict_and_log manual__2025-10-20T08:53:20.470504+00:00 [queued]>
[2025-10-20T08:53:23.994+0000] {taskinstance.py:2306} INFO - Starting attempt 1 of 2
[2025-10-20T08:53:24.005+0000] {taskinstance.py:2330} INFO - Executing <Task(PythonOperator): predict_and_log> on 2025-10-20 08:53:20.470504+00:00
[2025-10-20T08:53:24.013+0000] {logging_mixin.py:188} WARNING - /home/***/.local/lib/python3.12/site-packages/***/task/task_runner/standard_task_runner.py:61 DeprecationWarning: This process (pid=4718) is multi-threaded, use of fork() may lead to deadlocks in the child.
[2025-10-20T08:53:24.013+0000] {standard_task_runner.py:90} INFO - Running: ['***', 'tasks', 'run', 'flood_prediction_pipeline', 'predict_and_log', 'manual__2025-10-20T08:53:20.470504+00:00', '--job-id', '659', '--raw', '--subdir', 'DAGS_FOLDER/flood_prediction_dag.py', '--cfg-path', '/tmp/tmppr_am65w']
[2025-10-20T08:53:24.015+0000] {standard_task_runner.py:63} INFO - Started process 4721 to run task
[2025-10-20T08:53:24.015+0000] {standard_task_runner.py:91} INFO - Job 659: Subtask predict_and_log
[2025-10-20T08:53:24.058+0000] {task_command.py:426} INFO - Running <TaskInstance: flood_prediction_pipeline.predict_and_log manual__2025-10-20T08:53:20.470504+00:00 [running]> on host 7a672faa1ea7
[2025-10-20T08:53:24.130+0000] {taskinstance.py:2648} INFO - Exporting env vars: AIRFLOW_CTX_DAG_OWNER='***' AIRFLOW_CTX_DAG_ID='flood_prediction_pipeline' AIRFLOW_CTX_TASK_ID='predict_and_log' AIRFLOW_CTX_EXECUTION_DATE='2025-10-20T08:53:20.470504+00:00' AIRFLOW_CTX_TRY_NUMBER='1' AIRFLOW_CTX_DAG_RUN_ID='manual__2025-10-20T08:53:20.470504+00:00'
[2025-10-20T08:53:24.131+0000] {taskinstance.py:430} INFO - ::endgroup::
[2025-10-20T08:53:25.152+0000] {logging_mixin.py:188} WARNING - /home/***/.local/lib/python3.12/site-packages/sklearn/ensemble/_base.py:168 UserWarning: Loky-backed parallel loops cannot be called in a multiprocessing, setting n_jobs=1
[2025-10-20T08:53:25.159+0000] {logging_mixin.py:188} WARNING - /home/***/.local/lib/python3.12/site-packages/sklearn/ensemble/_base.py:168 UserWarning: Loky-backed parallel loops cannot be called in a multiprocessing, setting n_jobs=1
[2025-10-20T08:53:25.192+0000] {logging_mixin.py:188} INFO - ❌ Prediction failed: Error tokenizing data. C error: Expected 23 fields in line 8, saw 24
[2025-10-20T08:53:25.193+0000] {python.py:237} INFO - Done. Returned value was: {'error': 'Error tokenizing data. C error: Expected 23 fields in line 8, saw 24\n'}
[2025-10-20T08:53:25.194+0000] {taskinstance.py:441} INFO - ::group::Post task execution logs
[2025-10-20T08:53:25.213+0000] {taskinstance.py:1206} INFO - Marking task as SUCCESS. dag_id=flood_prediction_pipeline, task_id=predict_and_log, run_id=manual__2025-10-20T08:53:20.470504+00:00, execution_date=20251020T085320, start_date=20251020T085323, end_date=20251020T085325
[2025-10-20T08:53:25.238+0000] {local_task_job_runner.py:240} INFO - Task exited with return code 0
[2025-10-20T08:53:25.251+0000] {taskinstance.py:3498} INFO - 0 downstream tasks scheduled from follow-on schedule check
[2025-10-20T08:53:25.254+0000] {local_task_job_runner.py:222} INFO - ::endgroup::
