[2025-10-30T16:00:02.330+0000] {local_task_job_runner.py:120} INFO - ::group::Pre task execution logs
[2025-10-30T16:00:02.360+0000] {taskinstance.py:2076} INFO - Dependencies all met for dep_context=non-requeueable deps ti=<TaskInstance: flood_prediction_pipeline.fetch_weather_data scheduled__2025-10-30T15:55:00+00:00 [queued]>
[2025-10-30T16:00:02.369+0000] {taskinstance.py:2076} INFO - Dependencies all met for dep_context=requeueable deps ti=<TaskInstance: flood_prediction_pipeline.fetch_weather_data scheduled__2025-10-30T15:55:00+00:00 [queued]>
[2025-10-30T16:00:02.371+0000] {taskinstance.py:2306} INFO - Starting attempt 1 of 2
[2025-10-30T16:00:02.386+0000] {taskinstance.py:2330} INFO - Executing <Task(PythonOperator): fetch_weather_data> on 2025-10-30 15:55:00+00:00
[2025-10-30T16:00:02.396+0000] {standard_task_runner.py:90} INFO - Running: ['***', 'tasks', 'run', 'flood_prediction_pipeline', 'fetch_weather_data', 'scheduled__2025-10-30T15:55:00+00:00', '--job-id', '152', '--raw', '--subdir', 'DAGS_FOLDER/flood_prediction_dag.py', '--cfg-path', '/tmp/tmpxsif0h59']
[2025-10-30T16:00:02.397+0000] {logging_mixin.py:188} WARNING - /home/***/.local/lib/python3.12/site-packages/***/task/task_runner/standard_task_runner.py:61 DeprecationWarning: This process (pid=4658) is multi-threaded, use of fork() may lead to deadlocks in the child.
[2025-10-30T16:00:02.398+0000] {standard_task_runner.py:91} INFO - Job 152: Subtask fetch_weather_data
[2025-10-30T16:00:02.398+0000] {standard_task_runner.py:63} INFO - Started process 4661 to run task
[2025-10-30T16:00:02.456+0000] {task_command.py:426} INFO - Running <TaskInstance: flood_prediction_pipeline.fetch_weather_data scheduled__2025-10-30T15:55:00+00:00 [running]> on host ef4a724a1397
[2025-10-30T16:00:02.555+0000] {taskinstance.py:2648} INFO - Exporting env vars: AIRFLOW_CTX_DAG_OWNER='***' AIRFLOW_CTX_DAG_ID='flood_prediction_pipeline' AIRFLOW_CTX_TASK_ID='fetch_weather_data' AIRFLOW_CTX_EXECUTION_DATE='2025-10-30T15:55:00+00:00' AIRFLOW_CTX_TRY_NUMBER='1' AIRFLOW_CTX_DAG_RUN_ID='scheduled__2025-10-30T15:55:00+00:00'
[2025-10-30T16:00:02.557+0000] {taskinstance.py:430} INFO - ::endgroup::
[2025-10-30T16:00:02.650+0000] {logging_mixin.py:188} INFO - 🚨 Forced rain event: 6.98 mm/h (Run 30)
[2025-10-30T16:00:02.663+0000] {logging_mixin.py:188} INFO - ✅ Weather fetched. Rain (1h/24h): 6.98 / 6.98
[2025-10-30T16:00:02.665+0000] {python.py:237} INFO - Done. Returned value was: {'temp': 21.63, 'humidity': 92.01, 'pressure': 1014.56, 'wind_speed': 4.73, 'rain_1h': 6.98, 'rain_3h': 6.98, 'rain_6h': 6.98, 'rain_24h': 6.98, 'rain_intensity': 6.98, 'temp_delta': -10.640000000000004, 'humidity_delta': 21.91000000000001, 'hour': 16, 'day': 30, 'month': 10, 'year': 2025}
[2025-10-30T16:00:02.666+0000] {taskinstance.py:441} INFO - ::group::Post task execution logs
[2025-10-30T16:00:02.693+0000] {taskinstance.py:1206} INFO - Marking task as SUCCESS. dag_id=flood_prediction_pipeline, task_id=fetch_weather_data, run_id=scheduled__2025-10-30T15:55:00+00:00, execution_date=20251030T155500, start_date=20251030T160002, end_date=20251030T160002
[2025-10-30T16:00:02.733+0000] {local_task_job_runner.py:240} INFO - Task exited with return code 0
[2025-10-30T16:00:02.766+0000] {taskinstance.py:3498} INFO - 1 downstream tasks scheduled from follow-on schedule check
[2025-10-30T16:00:02.769+0000] {local_task_job_runner.py:222} INFO - ::endgroup::
