[2025-10-24T16:30:50.514+0000] {local_task_job_runner.py:120} INFO - ::group::Pre task execution logs
[2025-10-24T16:30:50.614+0000] {taskinstance.py:2076} INFO - Dependencies all met for dep_context=non-requeueable deps ti=<TaskInstance: flood_prediction_pipeline.predict_and_log scheduled__2025-10-24T16:25:00+00:00 [queued]>
[2025-10-24T16:30:50.689+0000] {taskinstance.py:2076} INFO - Dependencies all met for dep_context=requeueable deps ti=<TaskInstance: flood_prediction_pipeline.predict_and_log scheduled__2025-10-24T16:25:00+00:00 [queued]>
[2025-10-24T16:30:50.716+0000] {taskinstance.py:2306} INFO - Starting attempt 1 of 2
[2025-10-24T16:30:50.811+0000] {taskinstance.py:2330} INFO - Executing <Task(PythonOperator): predict_and_log> on 2025-10-24 16:25:00+00:00
[2025-10-24T16:30:50.831+0000] {logging_mixin.py:188} WARNING - /home/***/.local/lib/python3.12/site-packages/***/task/task_runner/standard_task_runner.py:61 DeprecationWarning: This process (pid=227) is multi-threaded, use of fork() may lead to deadlocks in the child.
[2025-10-24T16:30:50.831+0000] {standard_task_runner.py:90} INFO - Running: ['***', 'tasks', 'run', 'flood_prediction_pipeline', 'predict_and_log', 'scheduled__2025-10-24T16:25:00+00:00', '--job-id', '623', '--raw', '--subdir', 'DAGS_FOLDER/flood_prediction_dag.py', '--cfg-path', '/tmp/tmp60jc0hg7']
[2025-10-24T16:30:50.835+0000] {standard_task_runner.py:63} INFO - Started process 234 to run task
[2025-10-24T16:30:50.840+0000] {standard_task_runner.py:91} INFO - Job 623: Subtask predict_and_log
[2025-10-24T16:30:51.054+0000] {task_command.py:426} INFO - Running <TaskInstance: flood_prediction_pipeline.predict_and_log scheduled__2025-10-24T16:25:00+00:00 [running]> on host 83fe312068ac
[2025-10-24T16:30:51.326+0000] {taskinstance.py:2648} INFO - Exporting env vars: AIRFLOW_CTX_DAG_OWNER='***' AIRFLOW_CTX_DAG_ID='flood_prediction_pipeline' AIRFLOW_CTX_TASK_ID='predict_and_log' AIRFLOW_CTX_EXECUTION_DATE='2025-10-24T16:25:00+00:00' AIRFLOW_CTX_TRY_NUMBER='1' AIRFLOW_CTX_DAG_RUN_ID='scheduled__2025-10-24T16:25:00+00:00'
[2025-10-24T16:30:51.355+0000] {taskinstance.py:430} INFO - ::endgroup::
[2025-10-24T16:30:57.620+0000] {logging_mixin.py:188} WARNING - /home/***/.local/lib/python3.12/site-packages/sklearn/ensemble/_base.py:168 UserWarning: Loky-backed parallel loops cannot be called in a multiprocessing, setting n_jobs=1
[2025-10-24T16:30:57.644+0000] {logging_mixin.py:188} WARNING - /home/***/.local/lib/python3.12/site-packages/sklearn/ensemble/_base.py:168 UserWarning: Loky-backed parallel loops cannot be called in a multiprocessing, setting n_jobs=1
[2025-10-24T16:30:57.664+0000] {logging_mixin.py:188} WARNING - /home/***/.local/lib/python3.12/site-packages/sklearn/ensemble/_base.py:168 UserWarning: Loky-backed parallel loops cannot be called in a multiprocessing, setting n_jobs=1
[2025-10-24T16:30:57.700+0000] {logging_mixin.py:188} WARNING - /home/***/.local/lib/python3.12/site-packages/sklearn/ensemble/_base.py:168 UserWarning: Loky-backed parallel loops cannot be called in a multiprocessing, setting n_jobs=1
[2025-10-24T16:30:57.753+0000] {logging_mixin.py:188} WARNING - /home/***/.local/lib/python3.12/site-packages/sklearn/ensemble/_base.py:168 UserWarning: Loky-backed parallel loops cannot be called in a multiprocessing, setting n_jobs=1
[2025-10-24T16:30:57.821+0000] {logging_mixin.py:188} WARNING - /home/***/.local/lib/python3.12/site-packages/sklearn/ensemble/_base.py:168 UserWarning: Loky-backed parallel loops cannot be called in a multiprocessing, setting n_jobs=1
[2025-10-24T16:30:58.278+0000] {logging_mixin.py:188} WARNING - 2025/10/24 16:30:58 WARNING mlflow.utils.git_utils: Failed to import Git (the Git executable is probably not on your PATH), so Git SHA is not available. Error: Failed to initialize: Bad git executable.
The git executable must be specified in one of the following ways:
    - be included in your $PATH
    - be set via $GIT_PYTHON_GIT_EXECUTABLE
    - explicitly set via git.refresh(<full-path-to-git-executable>)

All git commands will error until this is rectified.

This initial message can be silenced or aggravated in the future by setting the
$GIT_PYTHON_REFRESH environment variable. Use one of the following values:
    - quiet|q|silence|s|silent|none|n|0: for no message or exception
    - warn|w|warning|log|l|1: for a warning message (logging level CRITICAL, displayed by default)
    - error|e|exception|raise|r|2: for a raised exception

Example:
    export GIT_PYTHON_REFRESH=quiet
[2025-10-24T16:30:59.376+0000] {logging_mixin.py:188} INFO - ✅ MLflow run logged: cfa77d29914b4bfb88a3c83cd66e4f70
[2025-10-24T16:31:01.334+0000] {logging_mixin.py:188} INFO - 🏃 View run LivePrediction_2025-10-24_16-30-57 at: http://mlflow:5000/#/experiments/1/runs/cfa77d29914b4bfb88a3c83cd66e4f70
[2025-10-24T16:31:01.338+0000] {logging_mixin.py:188} INFO - 🧪 View experiment at: http://mlflow:5000/#/experiments/1
[2025-10-24T16:31:01.587+0000] {logging_mixin.py:188} INFO - ✅ Prediction logged: {'prediction': 0, 'probability': 0.0, 'timestamp': '2025-10-24_16-30-57', 'lat': 19.67776597574474, 'lon': 78.53942395115865, 'city': 'Adilabad'}
[2025-10-24T16:31:01.626+0000] {python.py:237} INFO - Done. Returned value was: Prediction_Completed
[2025-10-24T16:31:01.631+0000] {taskinstance.py:441} INFO - ::group::Post task execution logs
[2025-10-24T16:31:01.695+0000] {taskinstance.py:1206} INFO - Marking task as SUCCESS. dag_id=flood_prediction_pipeline, task_id=predict_and_log, run_id=scheduled__2025-10-24T16:25:00+00:00, execution_date=20251024T162500, start_date=20251024T163050, end_date=20251024T163101
[2025-10-24T16:31:01.873+0000] {local_task_job_runner.py:240} INFO - Task exited with return code 0
[2025-10-24T16:31:02.050+0000] {taskinstance.py:3498} INFO - 1 downstream tasks scheduled from follow-on schedule check
[2025-10-24T16:31:02.087+0000] {local_task_job_runner.py:222} INFO - ::endgroup::
