[2025-10-24T16:30:49.982+0000] {local_task_job_runner.py:120} INFO - ::group::Pre task execution logs
[2025-10-24T16:30:50.083+0000] {taskinstance.py:2076} INFO - Dependencies all met for dep_context=non-requeueable deps ti=<TaskInstance: flood_prediction_pipeline.predict_and_log scheduled__2025-10-24T16:20:00+00:00 [queued]>
[2025-10-24T16:30:50.117+0000] {taskinstance.py:2076} INFO - Dependencies all met for dep_context=requeueable deps ti=<TaskInstance: flood_prediction_pipeline.predict_and_log scheduled__2025-10-24T16:20:00+00:00 [queued]>
[2025-10-24T16:30:50.134+0000] {taskinstance.py:2306} INFO - Starting attempt 1 of 2
[2025-10-24T16:30:50.237+0000] {taskinstance.py:2330} INFO - Executing <Task(PythonOperator): predict_and_log> on 2025-10-24 16:20:00+00:00
[2025-10-24T16:30:50.277+0000] {standard_task_runner.py:90} INFO - Running: ['***', 'tasks', 'run', 'flood_prediction_pipeline', 'predict_and_log', 'scheduled__2025-10-24T16:20:00+00:00', '--job-id', '622', '--raw', '--subdir', 'DAGS_FOLDER/flood_prediction_dag.py', '--cfg-path', '/tmp/tmppo2ioul5']
[2025-10-24T16:30:50.282+0000] {logging_mixin.py:188} WARNING - /home/***/.local/lib/python3.12/site-packages/***/task/task_runner/standard_task_runner.py:61 DeprecationWarning: This process (pid=228) is multi-threaded, use of fork() may lead to deadlocks in the child.
[2025-10-24T16:30:50.335+0000] {standard_task_runner.py:91} INFO - Job 622: Subtask predict_and_log
[2025-10-24T16:30:50.361+0000] {standard_task_runner.py:63} INFO - Started process 233 to run task
[2025-10-24T16:30:50.633+0000] {task_command.py:426} INFO - Running <TaskInstance: flood_prediction_pipeline.predict_and_log scheduled__2025-10-24T16:20:00+00:00 [running]> on host 83fe312068ac
[2025-10-24T16:30:50.974+0000] {taskinstance.py:2648} INFO - Exporting env vars: AIRFLOW_CTX_DAG_OWNER='***' AIRFLOW_CTX_DAG_ID='flood_prediction_pipeline' AIRFLOW_CTX_TASK_ID='predict_and_log' AIRFLOW_CTX_EXECUTION_DATE='2025-10-24T16:20:00+00:00' AIRFLOW_CTX_TRY_NUMBER='1' AIRFLOW_CTX_DAG_RUN_ID='scheduled__2025-10-24T16:20:00+00:00'
[2025-10-24T16:30:50.991+0000] {taskinstance.py:430} INFO - ::endgroup::
[2025-10-24T16:30:57.620+0000] {logging_mixin.py:188} WARNING - /home/***/.local/lib/python3.12/site-packages/sklearn/ensemble/_base.py:168 UserWarning: Loky-backed parallel loops cannot be called in a multiprocessing, setting n_jobs=1
[2025-10-24T16:30:57.642+0000] {logging_mixin.py:188} WARNING - /home/***/.local/lib/python3.12/site-packages/sklearn/ensemble/_base.py:168 UserWarning: Loky-backed parallel loops cannot be called in a multiprocessing, setting n_jobs=1
[2025-10-24T16:30:57.661+0000] {logging_mixin.py:188} WARNING - /home/***/.local/lib/python3.12/site-packages/sklearn/ensemble/_base.py:168 UserWarning: Loky-backed parallel loops cannot be called in a multiprocessing, setting n_jobs=1
[2025-10-24T16:30:57.681+0000] {logging_mixin.py:188} WARNING - /home/***/.local/lib/python3.12/site-packages/sklearn/ensemble/_base.py:168 UserWarning: Loky-backed parallel loops cannot be called in a multiprocessing, setting n_jobs=1
[2025-10-24T16:30:57.727+0000] {logging_mixin.py:188} WARNING - /home/***/.local/lib/python3.12/site-packages/sklearn/ensemble/_base.py:168 UserWarning: Loky-backed parallel loops cannot be called in a multiprocessing, setting n_jobs=1
[2025-10-24T16:30:57.820+0000] {logging_mixin.py:188} WARNING - /home/***/.local/lib/python3.12/site-packages/sklearn/ensemble/_base.py:168 UserWarning: Loky-backed parallel loops cannot be called in a multiprocessing, setting n_jobs=1
[2025-10-24T16:30:58.278+0000] {logging_mixin.py:188} WARNING - 2025/10/24 16:30:58 WARNING mlflow.utils.git_utils: Failed to import Git (the Git executable is probably not on your PATH), so Git SHA is not available. Error: Failed to initialize: Bad git executable.
The git executable must be specified in one of the following ways:
    - be included in your $PATH
    - be set via $GIT_PYTHON_GIT_EXECUTABLE
    - explicitly set via git.refresh(<full-path-to-git-executable>)

All git commands will error until this is rectified.

This initial message can be silenced or aggravated in the future by setting the
$GIT_PYTHON_REFRESH environment variable. Use one of the following values:
    - quiet|q|silence|s|silent|none|n|0: for no message or exception
    - warn|w|warning|log|l|1: for a warning message (logging level CRITICAL, displayed by default)
    - error|e|exception|raise|r|2: for a raised exception

Example:
    export GIT_PYTHON_REFRESH=quiet
[2025-10-24T16:31:01.508+0000] {logging_mixin.py:188} INFO - ✅ MLflow run logged: 79b0b2dd92154a929a69b78fcb57f929
[2025-10-24T16:31:01.672+0000] {logging_mixin.py:188} INFO - 🏃 View run LivePrediction_2025-10-24_16-30-57 at: http://mlflow:5000/#/experiments/1/runs/79b0b2dd92154a929a69b78fcb57f929
[2025-10-24T16:31:01.677+0000] {logging_mixin.py:188} INFO - 🧪 View experiment at: http://mlflow:5000/#/experiments/1
[2025-10-24T16:31:02.096+0000] {logging_mixin.py:188} INFO - ✅ Prediction logged: {'prediction': 0, 'probability': 0.0, 'timestamp': '2025-10-24_16-30-57', 'lat': 19.67776597574474, 'lon': 78.53942395115865, 'city': 'Adilabad'}
[2025-10-24T16:31:02.137+0000] {python.py:237} INFO - Done. Returned value was: Prediction_Completed
[2025-10-24T16:31:02.140+0000] {taskinstance.py:441} INFO - ::group::Post task execution logs
[2025-10-24T16:31:02.194+0000] {taskinstance.py:1206} INFO - Marking task as SUCCESS. dag_id=flood_prediction_pipeline, task_id=predict_and_log, run_id=scheduled__2025-10-24T16:20:00+00:00, execution_date=20251024T162000, start_date=20251024T163050, end_date=20251024T163102
[2025-10-24T16:31:02.301+0000] {local_task_job_runner.py:240} INFO - Task exited with return code 0
[2025-10-24T16:31:02.344+0000] {local_task_job_runner.py:222} INFO - ::endgroup::
