[2025-10-28T15:58:21.433+0000] {local_task_job_runner.py:120} INFO - ::group::Pre task execution logs
[2025-10-28T15:58:21.470+0000] {taskinstance.py:2076} INFO - Dependencies all met for dep_context=non-requeueable deps ti=<TaskInstance: model_retraining_pipeline.deployment_successful scheduled__2025-10-20T00:00:00+00:00 [queued]>
[2025-10-28T15:58:21.483+0000] {taskinstance.py:2076} INFO - Dependencies all met for dep_context=requeueable deps ti=<TaskInstance: model_retraining_pipeline.deployment_successful scheduled__2025-10-20T00:00:00+00:00 [queued]>
[2025-10-28T15:58:21.485+0000] {taskinstance.py:2306} INFO - Starting attempt 1 of 2
[2025-10-28T15:58:21.501+0000] {taskinstance.py:2330} INFO - Executing <Task(BashOperator): deployment_successful> on 2025-10-20 00:00:00+00:00
[2025-10-28T15:58:21.514+0000] {logging_mixin.py:188} WARNING - /home/***/.local/lib/python3.12/site-packages/***/task/task_runner/standard_task_runner.py:61 DeprecationWarning: This process (pid=495) is multi-threaded, use of fork() may lead to deadlocks in the child.
[2025-10-28T15:58:21.516+0000] {standard_task_runner.py:63} INFO - Started process 531 to run task
[2025-10-28T15:58:21.515+0000] {standard_task_runner.py:90} INFO - Running: ['***', 'tasks', 'run', 'model_retraining_pipeline', 'deployment_successful', 'scheduled__2025-10-20T00:00:00+00:00', '--job-id', '12', '--raw', '--subdir', 'DAGS_FOLDER/retraining_pipeline.py', '--cfg-path', '/tmp/tmp3fg200dr']
[2025-10-28T15:58:21.517+0000] {standard_task_runner.py:91} INFO - Job 12: Subtask deployment_successful
[2025-10-28T15:58:21.569+0000] {task_command.py:426} INFO - Running <TaskInstance: model_retraining_pipeline.deployment_successful scheduled__2025-10-20T00:00:00+00:00 [running]> on host 7ade44a8ab9a
[2025-10-28T15:58:21.709+0000] {taskinstance.py:2648} INFO - Exporting env vars: AIRFLOW_CTX_DAG_OWNER='***' AIRFLOW_CTX_DAG_ID='model_retraining_pipeline' AIRFLOW_CTX_TASK_ID='deployment_successful' AIRFLOW_CTX_EXECUTION_DATE='2025-10-20T00:00:00+00:00' AIRFLOW_CTX_TRY_NUMBER='1' AIRFLOW_CTX_DAG_RUN_ID='scheduled__2025-10-20T00:00:00+00:00'
[2025-10-28T15:58:21.711+0000] {taskinstance.py:430} INFO - ::endgroup::
[2025-10-28T15:58:21.724+0000] {subprocess.py:63} INFO - Tmp dir root location: /tmp
[2025-10-28T15:58:21.726+0000] {subprocess.py:75} INFO - Running command: ['/usr/bin/bash', '-c', "echo 'Deployment initiated for new production model: UrbanFloodClassifier'"]
[2025-10-28T15:58:21.740+0000] {subprocess.py:86} INFO - Output:
[2025-10-28T15:58:21.741+0000] {subprocess.py:93} INFO - Deployment initiated for new production model: UrbanFloodClassifier
[2025-10-28T15:58:21.742+0000] {subprocess.py:97} INFO - Command exited with return code 0
[2025-10-28T15:58:21.743+0000] {taskinstance.py:441} INFO - ::group::Post task execution logs
[2025-10-28T15:58:21.769+0000] {taskinstance.py:1206} INFO - Marking task as SUCCESS. dag_id=model_retraining_pipeline, task_id=deployment_successful, run_id=scheduled__2025-10-20T00:00:00+00:00, execution_date=20251020T000000, start_date=20251028T155821, end_date=20251028T155821
[2025-10-28T15:58:21.812+0000] {local_task_job_runner.py:240} INFO - Task exited with return code 0
[2025-10-28T15:58:21.824+0000] {taskinstance.py:3498} INFO - 0 downstream tasks scheduled from follow-on schedule check
[2025-10-28T15:58:21.827+0000] {local_task_job_runner.py:222} INFO - ::endgroup::
