[2025-10-28T14:40:02.826+0000] {local_task_job_runner.py:120} INFO - ::group::Pre task execution logs
[2025-10-28T14:40:02.849+0000] {taskinstance.py:2076} INFO - Dependencies all met for dep_context=non-requeueable deps ti=<TaskInstance: flood_prediction_pipeline.predict_and_log scheduled__2025-10-28T14:35:00+00:00 [queued]>
[2025-10-28T14:40:02.855+0000] {taskinstance.py:2076} INFO - Dependencies all met for dep_context=requeueable deps ti=<TaskInstance: flood_prediction_pipeline.predict_and_log scheduled__2025-10-28T14:35:00+00:00 [queued]>
[2025-10-28T14:40:02.856+0000] {taskinstance.py:2306} INFO - Starting attempt 1 of 2
[2025-10-28T14:40:02.868+0000] {taskinstance.py:2330} INFO - Executing <Task(PythonOperator): predict_and_log> on 2025-10-28 14:35:00+00:00
[2025-10-28T14:40:02.875+0000] {logging_mixin.py:188} WARNING - /home/***/.local/lib/python3.12/site-packages/***/task/task_runner/standard_task_runner.py:61 DeprecationWarning: This process (pid=263) is multi-threaded, use of fork() may lead to deadlocks in the child.
[2025-10-28T14:40:02.875+0000] {standard_task_runner.py:90} INFO - Running: ['***', 'tasks', 'run', 'flood_prediction_pipeline', 'predict_and_log', 'scheduled__2025-10-28T14:35:00+00:00', '--job-id', '90', '--raw', '--subdir', 'DAGS_FOLDER/flood_prediction_dag.py', '--cfg-path', '/tmp/tmpfr0awf3h']
[2025-10-28T14:40:02.877+0000] {standard_task_runner.py:91} INFO - Job 90: Subtask predict_and_log
[2025-10-28T14:40:02.876+0000] {standard_task_runner.py:63} INFO - Started process 266 to run task
[2025-10-28T14:40:02.916+0000] {task_command.py:426} INFO - Running <TaskInstance: flood_prediction_pipeline.predict_and_log scheduled__2025-10-28T14:35:00+00:00 [running]> on host 2ca6d938345a
[2025-10-28T14:40:02.990+0000] {taskinstance.py:2648} INFO - Exporting env vars: AIRFLOW_CTX_DAG_OWNER='***' AIRFLOW_CTX_DAG_ID='flood_prediction_pipeline' AIRFLOW_CTX_TASK_ID='predict_and_log' AIRFLOW_CTX_EXECUTION_DATE='2025-10-28T14:35:00+00:00' AIRFLOW_CTX_TRY_NUMBER='1' AIRFLOW_CTX_DAG_RUN_ID='scheduled__2025-10-28T14:35:00+00:00'
[2025-10-28T14:40:02.993+0000] {taskinstance.py:430} INFO - ::endgroup::
[2025-10-28T14:40:04.199+0000] {logging_mixin.py:188} WARNING - /home/***/.local/lib/python3.12/site-packages/sklearn/ensemble/_base.py:168 UserWarning: Loky-backed parallel loops cannot be called in a multiprocessing, setting n_jobs=1
[2025-10-28T14:40:04.208+0000] {logging_mixin.py:188} WARNING - /home/***/.local/lib/python3.12/site-packages/sklearn/ensemble/_base.py:168 UserWarning: Loky-backed parallel loops cannot be called in a multiprocessing, setting n_jobs=1
[2025-10-28T14:40:04.216+0000] {logging_mixin.py:188} WARNING - /home/***/.local/lib/python3.12/site-packages/sklearn/ensemble/_base.py:168 UserWarning: Loky-backed parallel loops cannot be called in a multiprocessing, setting n_jobs=1
[2025-10-28T14:40:04.225+0000] {logging_mixin.py:188} WARNING - /home/***/.local/lib/python3.12/site-packages/sklearn/ensemble/_base.py:168 UserWarning: Loky-backed parallel loops cannot be called in a multiprocessing, setting n_jobs=1
[2025-10-28T14:40:04.231+0000] {logging_mixin.py:188} WARNING - /home/***/.local/lib/python3.12/site-packages/sklearn/ensemble/_base.py:168 UserWarning: Loky-backed parallel loops cannot be called in a multiprocessing, setting n_jobs=1
[2025-10-28T14:40:04.238+0000] {logging_mixin.py:188} WARNING - /home/***/.local/lib/python3.12/site-packages/sklearn/ensemble/_base.py:168 UserWarning: Loky-backed parallel loops cannot be called in a multiprocessing, setting n_jobs=1
[2025-10-28T14:40:04.356+0000] {logging_mixin.py:188} WARNING - 2025/10/28 14:40:04 WARNING mlflow.utils.git_utils: Failed to import Git (the Git executable is probably not on your PATH), so Git SHA is not available. Error: Failed to initialize: Bad git executable.
The git executable must be specified in one of the following ways:
    - be included in your $PATH
    - be set via $GIT_PYTHON_GIT_EXECUTABLE
    - explicitly set via git.refresh(<full-path-to-git-executable>)

All git commands will error until this is rectified.

This initial message can be silenced or aggravated in the future by setting the
$GIT_PYTHON_REFRESH environment variable. Use one of the following values:
    - quiet|q|silence|s|silent|none|n|0: for no message or exception
    - warn|w|warning|log|l|1: for a warning message (logging level CRITICAL, displayed by default)
    - error|e|exception|raise|r|2: for a raised exception

Example:
    export GIT_PYTHON_REFRESH=quiet
[2025-10-28T14:40:04.624+0000] {logging_mixin.py:188} INFO - ✅ MLflow run logged: 8f05bd1cc97d423bb4b3330ecb351805
[2025-10-28T14:40:04.655+0000] {logging_mixin.py:188} INFO - 🏃 View run LivePrediction_2025-10-28_14-40-04 at: http://mlflow:5000/#/experiments/1/runs/8f05bd1cc97d423bb4b3330ecb351805
[2025-10-28T14:40:04.656+0000] {logging_mixin.py:188} INFO - 🧪 View experiment at: http://mlflow:5000/#/experiments/1
[2025-10-28T14:40:04.694+0000] {logging_mixin.py:188} INFO - ✅ Prediction logged: {'prediction': 1, 'probability': 0.995, 'timestamp': '2025-10-28_14-40-04', 'lat': 17.26072168609076, 'lon': 80.16438885619631, 'city': 'Khammam'}
[2025-10-28T14:40:04.703+0000] {python.py:237} INFO - Done. Returned value was: Prediction_Completed
[2025-10-28T14:40:04.703+0000] {taskinstance.py:441} INFO - ::group::Post task execution logs
[2025-10-28T14:40:04.720+0000] {taskinstance.py:1206} INFO - Marking task as SUCCESS. dag_id=flood_prediction_pipeline, task_id=predict_and_log, run_id=scheduled__2025-10-28T14:35:00+00:00, execution_date=20251028T143500, start_date=20251028T144002, end_date=20251028T144004
[2025-10-28T14:40:04.778+0000] {local_task_job_runner.py:240} INFO - Task exited with return code 0
[2025-10-28T14:40:04.796+0000] {taskinstance.py:3498} INFO - 1 downstream tasks scheduled from follow-on schedule check
[2025-10-28T14:40:04.800+0000] {local_task_job_runner.py:222} INFO - ::endgroup::
