[2025-10-29T15:37:17.776+0000] {local_task_job_runner.py:120} INFO - ::group::Pre task execution logs
[2025-10-29T15:37:17.814+0000] {taskinstance.py:2076} INFO - Dependencies all met for dep_context=non-requeueable deps ti=<TaskInstance: flood_prediction_pipeline.send_slack_alert scheduled__2025-10-29T15:30:00+00:00 [queued]>
[2025-10-29T15:37:17.826+0000] {taskinstance.py:2076} INFO - Dependencies all met for dep_context=requeueable deps ti=<TaskInstance: flood_prediction_pipeline.send_slack_alert scheduled__2025-10-29T15:30:00+00:00 [queued]>
[2025-10-29T15:37:17.828+0000] {taskinstance.py:2306} INFO - Starting attempt 1 of 2
[2025-10-29T15:37:17.847+0000] {taskinstance.py:2330} INFO - Executing <Task(SlackWebhookOperator): send_slack_alert> on 2025-10-29 15:30:00+00:00
[2025-10-29T15:37:17.858+0000] {standard_task_runner.py:90} INFO - Running: ['***', 'tasks', 'run', 'flood_prediction_pipeline', 'send_slack_alert', 'scheduled__2025-10-29T15:30:00+00:00', '--job-id', '16', '--raw', '--subdir', 'DAGS_FOLDER/flood_prediction_dag.py', '--cfg-path', '/tmp/tmp1c8ajtoq']
[2025-10-29T15:37:17.860+0000] {standard_task_runner.py:91} INFO - Job 16: Subtask send_slack_alert
[2025-10-29T15:37:17.860+0000] {logging_mixin.py:188} WARNING - /home/***/.local/lib/python3.12/site-packages/***/task/task_runner/standard_task_runner.py:61 DeprecationWarning: This process (pid=710) is multi-threaded, use of fork() may lead to deadlocks in the child.
[2025-10-29T15:37:17.862+0000] {standard_task_runner.py:63} INFO - Started process 715 to run task
[2025-10-29T15:37:17.924+0000] {task_command.py:426} INFO - Running <TaskInstance: flood_prediction_pipeline.send_slack_alert scheduled__2025-10-29T15:30:00+00:00 [running]> on host db3c1202c602
[2025-10-29T15:37:18.059+0000] {taskinstance.py:2648} INFO - Exporting env vars: AIRFLOW_CTX_DAG_OWNER='***' AIRFLOW_CTX_DAG_ID='flood_prediction_pipeline' AIRFLOW_CTX_TASK_ID='send_slack_alert' AIRFLOW_CTX_EXECUTION_DATE='2025-10-29T15:30:00+00:00' AIRFLOW_CTX_TRY_NUMBER='1' AIRFLOW_CTX_DAG_RUN_ID='scheduled__2025-10-29T15:30:00+00:00'
[2025-10-29T15:37:18.061+0000] {taskinstance.py:430} INFO - ::endgroup::
[2025-10-29T15:37:18.091+0000] {taskinstance.py:441} INFO - ::group::Post task execution logs
[2025-10-29T15:37:18.104+0000] {taskinstance.py:2905} ERROR - Task failed with exception
Traceback (most recent call last):
  File "/home/airflow/.local/lib/python3.12/site-packages/airflow/models/taskinstance.py", line 465, in _execute_task
    result = _execute_callable(context=context, **execute_callable_kwargs)
             ^^^^^^^^^^^^^^^^^^^^^^^^^^^^^^^^^^^^^^^^^^^^^^^^^^^^^^^^^^^^^
  File "/home/airflow/.local/lib/python3.12/site-packages/airflow/models/taskinstance.py", line 432, in _execute_callable
    return execute_callable(context=context, **execute_callable_kwargs)
           ^^^^^^^^^^^^^^^^^^^^^^^^^^^^^^^^^^^^^^^^^^^^^^^^^^^^^^^^^^^^
  File "/home/airflow/.local/lib/python3.12/site-packages/airflow/models/baseoperator.py", line 400, in wrapper
    return func(self, *args, **kwargs)
           ^^^^^^^^^^^^^^^^^^^^^^^^^^^
  File "/home/airflow/.local/lib/python3.12/site-packages/airflow/providers/slack/operators/slack_webhook.py", line 112, in execute
    self.hook.send(
  File "/home/airflow/.local/lib/python3.12/site-packages/airflow/providers/slack/hooks/slack_webhook.py", line 249, in send
    return self.send_dict(body=body, headers=headers)
           ^^^^^^^^^^^^^^^^^^^^^^^^^^^^^^^^^^^^^^^^^^
  File "/home/airflow/.local/lib/python3.12/site-packages/airflow/providers/slack/hooks/slack_webhook.py", line 42, in wrapper
    resp = func(*args, **kwargs)
           ^^^^^^^^^^^^^^^^^^^^^
  File "/home/airflow/.local/lib/python3.12/site-packages/airflow/providers/slack/hooks/slack_webhook.py", line 206, in send_dict
    return self.client.send_dict(body, headers=headers)
           ^^^^^^^^^^^
  File "/usr/local/lib/python3.12/functools.py", line 995, in __get__
    val = self.func(instance)
          ^^^^^^^^^^^^^^^^^^^
  File "/home/airflow/.local/lib/python3.12/site-packages/airflow/providers/slack/hooks/slack_webhook.py", line 134, in client
    return WebhookClient(**self._get_conn_params())
                           ^^^^^^^^^^^^^^^^^^^^^^^
  File "/home/airflow/.local/lib/python3.12/site-packages/airflow/providers/slack/hooks/slack_webhook.py", line 142, in _get_conn_params
    conn = self.get_connection(self.slack_webhook_conn_id)
           ^^^^^^^^^^^^^^^^^^^^^^^^^^^^^^^^^^^^^^^^^^^^^^^
  File "/home/airflow/.local/lib/python3.12/site-packages/airflow/hooks/base.py", line 83, in get_connection
    conn = Connection.get_connection_from_secrets(conn_id)
           ^^^^^^^^^^^^^^^^^^^^^^^^^^^^^^^^^^^^^^^^^^^^^^^
  File "/home/airflow/.local/lib/python3.12/site-packages/airflow/models/connection.py", line 519, in get_connection_from_secrets
    raise AirflowNotFoundException(f"The conn_id `{conn_id}` isn't defined")
airflow.exceptions.AirflowNotFoundException: The conn_id `slack_webhook_default` isn't defined
[2025-10-29T15:37:18.111+0000] {taskinstance.py:1206} INFO - Marking task as UP_FOR_RETRY. dag_id=flood_prediction_pipeline, task_id=send_slack_alert, run_id=scheduled__2025-10-29T15:30:00+00:00, execution_date=20251029T153000, start_date=20251029T153717, end_date=20251029T153718
[2025-10-29T15:37:18.130+0000] {standard_task_runner.py:110} ERROR - Failed to execute job 16 for task send_slack_alert (The conn_id `slack_webhook_default` isn't defined; 715)
[2025-10-29T15:37:18.159+0000] {local_task_job_runner.py:240} INFO - Task exited with return code 1
[2025-10-29T15:37:18.178+0000] {taskinstance.py:3498} INFO - 0 downstream tasks scheduled from follow-on schedule check
[2025-10-29T15:37:18.182+0000] {local_task_job_runner.py:222} INFO - ::endgroup::
