[2025-10-21T17:05:03.787+0000] {local_task_job_runner.py:120} INFO - ::group::Pre task execution logs
[2025-10-21T17:05:03.835+0000] {taskinstance.py:2076} INFO - Dependencies all met for dep_context=non-requeueable deps ti=<TaskInstance: flood_prediction_pipeline.predict_and_log scheduled__2025-10-21T17:00:00+00:00 [queued]>
[2025-10-21T17:05:03.846+0000] {taskinstance.py:2076} INFO - Dependencies all met for dep_context=requeueable deps ti=<TaskInstance: flood_prediction_pipeline.predict_and_log scheduled__2025-10-21T17:00:00+00:00 [queued]>
[2025-10-21T17:05:03.848+0000] {taskinstance.py:2306} INFO - Starting attempt 1 of 2
[2025-10-21T17:05:03.864+0000] {taskinstance.py:2330} INFO - Executing <Task(PythonOperator): predict_and_log> on 2025-10-21 17:00:00+00:00
[2025-10-21T17:05:03.873+0000] {standard_task_runner.py:90} INFO - Running: ['***', 'tasks', 'run', 'flood_prediction_pipeline', 'predict_and_log', 'scheduled__2025-10-21T17:00:00+00:00', '--job-id', '320', '--raw', '--subdir', 'DAGS_FOLDER/flood_prediction_dag.py', '--cfg-path', '/tmp/tmpnvayleox']
[2025-10-21T17:05:03.874+0000] {logging_mixin.py:188} WARNING - /home/***/.local/lib/python3.12/site-packages/***/task/task_runner/standard_task_runner.py:61 DeprecationWarning: This process (pid=2935) is multi-threaded, use of fork() may lead to deadlocks in the child.
[2025-10-21T17:05:03.875+0000] {standard_task_runner.py:91} INFO - Job 320: Subtask predict_and_log
[2025-10-21T17:05:03.875+0000] {standard_task_runner.py:63} INFO - Started process 2938 to run task
[2025-10-21T17:05:03.918+0000] {task_command.py:426} INFO - Running <TaskInstance: flood_prediction_pipeline.predict_and_log scheduled__2025-10-21T17:00:00+00:00 [running]> on host e4cb5f9e7d00
[2025-10-21T17:05:04.003+0000] {taskinstance.py:2648} INFO - Exporting env vars: AIRFLOW_CTX_DAG_OWNER='***' AIRFLOW_CTX_DAG_ID='flood_prediction_pipeline' AIRFLOW_CTX_TASK_ID='predict_and_log' AIRFLOW_CTX_EXECUTION_DATE='2025-10-21T17:00:00+00:00' AIRFLOW_CTX_TRY_NUMBER='1' AIRFLOW_CTX_DAG_RUN_ID='scheduled__2025-10-21T17:00:00+00:00'
[2025-10-21T17:05:04.006+0000] {taskinstance.py:430} INFO - ::endgroup::
[2025-10-21T17:05:05.561+0000] {logging_mixin.py:188} INFO - ❌ Prediction failed: The feature names should match those that were passed during fit.
Feature names unseen at fit time:
- minute
- rain_1h
- rain_24h
- rain_3h
- rain_6h
- ...
[2025-10-21T17:05:05.567+0000] {logging_mixin.py:188} WARNING - Traceback (most recent call last):
[2025-10-21T17:05:05.568+0000] {logging_mixin.py:188} WARNING -   File "/opt/***/dags/flood_prediction_dag.py", line 142, in predict_and_log
    prediction = int(model.predict(df)[0])
                     ^^^^^^^^^^^^^^^^^
[2025-10-21T17:05:05.569+0000] {logging_mixin.py:188} WARNING -   File "/home/***/.local/lib/python3.12/site-packages/sklearn/calibration.py", line 537, in predict
    return self.classes_[np.argmax(self.predict_proba(X), axis=1)]
                                   ^^^^^^^^^^^^^^^^^^^^^
[2025-10-21T17:05:05.569+0000] {logging_mixin.py:188} WARNING -   File "/home/***/.local/lib/python3.12/site-packages/sklearn/calibration.py", line 513, in predict_proba
    proba = calibrated_classifier.predict_proba(X)
            ^^^^^^^^^^^^^^^^^^^^^^^^^^^^^^^^^^^^^^
[2025-10-21T17:05:05.569+0000] {logging_mixin.py:188} WARNING -   File "/home/***/.local/lib/python3.12/site-packages/sklearn/calibration.py", line 743, in predict_proba
    predictions, _ = _get_response_values(
                     ^^^^^^^^^^^^^^^^^^^^^
[2025-10-21T17:05:05.570+0000] {logging_mixin.py:188} WARNING -   File "/home/***/.local/lib/python3.12/site-packages/sklearn/utils/_response.py", line 214, in _get_response_values
    y_pred = prediction_method(X)
             ^^^^^^^^^^^^^^^^^^^^
[2025-10-21T17:05:05.570+0000] {logging_mixin.py:188} WARNING -   File "/home/***/.local/lib/python3.12/site-packages/sklearn/ensemble/_forest.py", line 945, in predict_proba
    X = self._validate_X_predict(X)
        ^^^^^^^^^^^^^^^^^^^^^^^^^^^
[2025-10-21T17:05:05.571+0000] {logging_mixin.py:188} WARNING -   File "/home/***/.local/lib/python3.12/site-packages/sklearn/ensemble/_forest.py", line 637, in _validate_X_predict
    X = validate_data(
        ^^^^^^^^^^^^^^
[2025-10-21T17:05:05.571+0000] {logging_mixin.py:188} WARNING -   File "/home/***/.local/lib/python3.12/site-packages/sklearn/utils/validation.py", line 2929, in validate_data
    _check_feature_names(_estimator, X, reset=reset)
[2025-10-21T17:05:05.572+0000] {logging_mixin.py:188} WARNING -   File "/home/***/.local/lib/python3.12/site-packages/sklearn/utils/validation.py", line 2787, in _check_feature_names
    raise ValueError(message)
[2025-10-21T17:05:05.572+0000] {logging_mixin.py:188} WARNING - ValueError: The feature names should match those that were passed during fit.
Feature names unseen at fit time:
- minute
- rain_1h
- rain_24h
- rain_3h
- rain_6h
- ...
[2025-10-21T17:05:05.573+0000] {python.py:237} INFO - Done. Returned value was: {'error': 'The feature names should match those that were passed during fit.\nFeature names unseen at fit time:\n- minute\n- rain_1h\n- rain_24h\n- rain_3h\n- rain_6h\n- ...\n'}
[2025-10-21T17:05:05.574+0000] {taskinstance.py:441} INFO - ::group::Post task execution logs
[2025-10-21T17:05:05.591+0000] {taskinstance.py:1206} INFO - Marking task as SUCCESS. dag_id=flood_prediction_pipeline, task_id=predict_and_log, run_id=scheduled__2025-10-21T17:00:00+00:00, execution_date=20251021T170000, start_date=20251021T170503, end_date=20251021T170505
[2025-10-21T17:05:05.621+0000] {local_task_job_runner.py:240} INFO - Task exited with return code 0
[2025-10-21T17:05:05.634+0000] {taskinstance.py:3498} INFO - 0 downstream tasks scheduled from follow-on schedule check
[2025-10-21T17:05:05.638+0000] {local_task_job_runner.py:222} INFO - ::endgroup::
