[2025-10-30T18:40:24.824+0000] {local_task_job_runner.py:120} INFO - ::group::Pre task execution logs
[2025-10-30T18:40:24.847+0000] {taskinstance.py:2076} INFO - Dependencies all met for dep_context=non-requeueable deps ti=<TaskInstance: flood_prediction_pipeline.predict_and_log manual__2025-10-30T18:40:20.783401+00:00 [queued]>
[2025-10-30T18:40:24.856+0000] {taskinstance.py:2076} INFO - Dependencies all met for dep_context=requeueable deps ti=<TaskInstance: flood_prediction_pipeline.predict_and_log manual__2025-10-30T18:40:20.783401+00:00 [queued]>
[2025-10-30T18:40:24.857+0000] {taskinstance.py:2306} INFO - Starting attempt 1 of 2
[2025-10-30T18:40:24.868+0000] {taskinstance.py:2330} INFO - Executing <Task(PythonOperator): predict_and_log> on 2025-10-30 18:40:20.783401+00:00
[2025-10-30T18:40:24.876+0000] {logging_mixin.py:188} WARNING - /home/***/.local/lib/python3.12/site-packages/***/task/task_runner/standard_task_runner.py:61 DeprecationWarning: This process (pid=6673) is multi-threaded, use of fork() may lead to deadlocks in the child.
[2025-10-30T18:40:24.876+0000] {standard_task_runner.py:90} INFO - Running: ['***', 'tasks', 'run', 'flood_prediction_pipeline', 'predict_and_log', 'manual__2025-10-30T18:40:20.783401+00:00', '--job-id', '411', '--raw', '--subdir', 'DAGS_FOLDER/flood_prediction_dag.py', '--cfg-path', '/tmp/tmp5wmtvdl7']
[2025-10-30T18:40:24.877+0000] {standard_task_runner.py:63} INFO - Started process 6680 to run task
[2025-10-30T18:40:24.877+0000] {standard_task_runner.py:91} INFO - Job 411: Subtask predict_and_log
[2025-10-30T18:40:24.921+0000] {task_command.py:426} INFO - Running <TaskInstance: flood_prediction_pipeline.predict_and_log manual__2025-10-30T18:40:20.783401+00:00 [running]> on host adac321c4d0a
[2025-10-30T18:40:25.002+0000] {taskinstance.py:2648} INFO - Exporting env vars: AIRFLOW_CTX_DAG_OWNER='***' AIRFLOW_CTX_DAG_ID='flood_prediction_pipeline' AIRFLOW_CTX_TASK_ID='predict_and_log' AIRFLOW_CTX_EXECUTION_DATE='2025-10-30T18:40:20.783401+00:00' AIRFLOW_CTX_TRY_NUMBER='1' AIRFLOW_CTX_DAG_RUN_ID='manual__2025-10-30T18:40:20.783401+00:00'
[2025-10-30T18:40:25.005+0000] {taskinstance.py:430} INFO - ::endgroup::
[2025-10-30T18:40:26.270+0000] {logging_mixin.py:188} WARNING - /home/***/.local/lib/python3.12/site-packages/sklearn/ensemble/_base.py:168 UserWarning: Loky-backed parallel loops cannot be called in a multiprocessing, setting n_jobs=1
[2025-10-30T18:40:26.280+0000] {logging_mixin.py:188} WARNING - /home/***/.local/lib/python3.12/site-packages/sklearn/ensemble/_base.py:168 UserWarning: Loky-backed parallel loops cannot be called in a multiprocessing, setting n_jobs=1
[2025-10-30T18:40:26.286+0000] {logging_mixin.py:188} WARNING - /home/***/.local/lib/python3.12/site-packages/sklearn/ensemble/_base.py:168 UserWarning: Loky-backed parallel loops cannot be called in a multiprocessing, setting n_jobs=1
[2025-10-30T18:40:26.644+0000] {logging_mixin.py:188} INFO - 🏃 View run LivePrediction_2025-10-30 18:40:26 at: http://mlflow:5000/#/experiments/1/runs/113ed3b483644cec8007e5f10fed91f4
[2025-10-30T18:40:26.646+0000] {logging_mixin.py:188} INFO - 🧪 View experiment at: http://mlflow:5000/#/experiments/1
[2025-10-30T18:40:26.718+0000] {logging_mixin.py:188} INFO - ✅ Prediction generated and pushed for logging.
[2025-10-30T18:40:26.719+0000] {python.py:237} INFO - Done. Returned value was: Prediction_Completed
[2025-10-30T18:40:26.720+0000] {taskinstance.py:441} INFO - ::group::Post task execution logs
[2025-10-30T18:40:26.735+0000] {taskinstance.py:1206} INFO - Marking task as SUCCESS. dag_id=flood_prediction_pipeline, task_id=predict_and_log, run_id=manual__2025-10-30T18:40:20.783401+00:00, execution_date=20251030T184020, start_date=20251030T184024, end_date=20251030T184026
[2025-10-30T18:40:26.778+0000] {local_task_job_runner.py:240} INFO - Task exited with return code 0
[2025-10-30T18:40:26.798+0000] {taskinstance.py:3498} INFO - 1 downstream tasks scheduled from follow-on schedule check
[2025-10-30T18:40:26.802+0000] {local_task_job_runner.py:222} INFO - ::endgroup::
