[2025-10-20T16:45:03.682+0000] {local_task_job_runner.py:120} INFO - ::group::Pre task execution logs
[2025-10-20T16:45:03.703+0000] {taskinstance.py:2076} INFO - Dependencies all met for dep_context=non-requeueable deps ti=<TaskInstance: flood_prediction_pipeline.predict_and_log scheduled__2025-10-20T16:40:00+00:00 [queued]>
[2025-10-20T16:45:03.712+0000] {taskinstance.py:2076} INFO - Dependencies all met for dep_context=requeueable deps ti=<TaskInstance: flood_prediction_pipeline.predict_and_log scheduled__2025-10-20T16:40:00+00:00 [queued]>
[2025-10-20T16:45:03.713+0000] {taskinstance.py:2306} INFO - Starting attempt 1 of 2
[2025-10-20T16:45:03.726+0000] {taskinstance.py:2330} INFO - Executing <Task(PythonOperator): predict_and_log> on 2025-10-20 16:40:00+00:00
[2025-10-20T16:45:03.735+0000] {logging_mixin.py:188} WARNING - /home/***/.local/lib/python3.12/site-packages/***/task/task_runner/standard_task_runner.py:61 DeprecationWarning: This process (pid=5896) is multi-threaded, use of fork() may lead to deadlocks in the child.
[2025-10-20T16:45:03.735+0000] {standard_task_runner.py:90} INFO - Running: ['***', 'tasks', 'run', 'flood_prediction_pipeline', 'predict_and_log', 'scheduled__2025-10-20T16:40:00+00:00', '--job-id', '178', '--raw', '--subdir', 'DAGS_FOLDER/flood_prediction_dag.py', '--cfg-path', '/tmp/tmplrtlc5id']
[2025-10-20T16:45:03.737+0000] {standard_task_runner.py:63} INFO - Started process 5899 to run task
[2025-10-20T16:45:03.738+0000] {standard_task_runner.py:91} INFO - Job 178: Subtask predict_and_log
[2025-10-20T16:45:03.783+0000] {task_command.py:426} INFO - Running <TaskInstance: flood_prediction_pipeline.predict_and_log scheduled__2025-10-20T16:40:00+00:00 [running]> on host bc5f677806a4
[2025-10-20T16:45:03.859+0000] {taskinstance.py:2648} INFO - Exporting env vars: AIRFLOW_CTX_DAG_OWNER='***' AIRFLOW_CTX_DAG_ID='flood_prediction_pipeline' AIRFLOW_CTX_TASK_ID='predict_and_log' AIRFLOW_CTX_EXECUTION_DATE='2025-10-20T16:40:00+00:00' AIRFLOW_CTX_TRY_NUMBER='1' AIRFLOW_CTX_DAG_RUN_ID='scheduled__2025-10-20T16:40:00+00:00'
[2025-10-20T16:45:03.860+0000] {taskinstance.py:430} INFO - ::endgroup::
[2025-10-20T16:45:03.971+0000] {logging_mixin.py:188} INFO - ❌ Prediction failed: [Errno 2] No such file or directory: '/opt/***/models/optimized_rf_model.pkl'
[2025-10-20T16:45:03.985+0000] {logging_mixin.py:188} WARNING - Traceback (most recent call last):
[2025-10-20T16:45:03.986+0000] {logging_mixin.py:188} WARNING -   File "/opt/***/dags/flood_prediction_dag.py", line 134, in predict_and_log
    model = joblib.load(MODEL_PATH)
            ^^^^^^^^^^^^^^^^^^^^^^^
[2025-10-20T16:45:03.987+0000] {logging_mixin.py:188} WARNING -   File "/home/***/.local/lib/python3.12/site-packages/joblib/numpy_pickle.py", line 735, in load
    with open(filename, "rb") as f:
         ^^^^^^^^^^^^^^^^^^^^
[2025-10-20T16:45:03.988+0000] {logging_mixin.py:188} WARNING - FileNotFoundError: [Errno 2] No such file or directory: '/opt/***/models/optimized_rf_model.pkl'
[2025-10-20T16:45:03.989+0000] {python.py:237} INFO - Done. Returned value was: {'error': "[Errno 2] No such file or directory: '/opt/***/models/optimized_rf_model.pkl'"}
[2025-10-20T16:45:03.989+0000] {taskinstance.py:441} INFO - ::group::Post task execution logs
[2025-10-20T16:45:04.006+0000] {taskinstance.py:1206} INFO - Marking task as SUCCESS. dag_id=flood_prediction_pipeline, task_id=predict_and_log, run_id=scheduled__2025-10-20T16:40:00+00:00, execution_date=20251020T164000, start_date=20251020T164503, end_date=20251020T164504
[2025-10-20T16:45:04.033+0000] {local_task_job_runner.py:240} INFO - Task exited with return code 0
[2025-10-20T16:45:04.048+0000] {taskinstance.py:3498} INFO - 0 downstream tasks scheduled from follow-on schedule check
[2025-10-20T16:45:04.052+0000] {local_task_job_runner.py:222} INFO - ::endgroup::
