[2025-10-30T17:29:55.015+0000] {local_task_job_runner.py:120} INFO - ::group::Pre task execution logs
[2025-10-30T17:29:55.049+0000] {taskinstance.py:2076} INFO - Dependencies all met for dep_context=non-requeueable deps ti=<TaskInstance: flood_prediction_pipeline.log_to_database manual__2025-10-30T17:29:47.753395+00:00 [queued]>
[2025-10-30T17:29:55.059+0000] {taskinstance.py:2076} INFO - Dependencies all met for dep_context=requeueable deps ti=<TaskInstance: flood_prediction_pipeline.log_to_database manual__2025-10-30T17:29:47.753395+00:00 [queued]>
[2025-10-30T17:29:55.060+0000] {taskinstance.py:2306} INFO - Starting attempt 1 of 2
[2025-10-30T17:29:55.076+0000] {taskinstance.py:2330} INFO - Executing <Task(PythonOperator): log_to_database> on 2025-10-30 17:29:47.753395+00:00
[2025-10-30T17:29:55.086+0000] {standard_task_runner.py:90} INFO - Running: ['***', 'tasks', 'run', 'flood_prediction_pipeline', 'log_to_database', 'manual__2025-10-30T17:29:47.753395+00:00', '--job-id', '258', '--raw', '--subdir', 'DAGS_FOLDER/flood_prediction_dag.py', '--cfg-path', '/tmp/tmpr92fhcjd']
[2025-10-30T17:29:55.088+0000] {standard_task_runner.py:91} INFO - Job 258: Subtask log_to_database
[2025-10-30T17:29:55.088+0000] {logging_mixin.py:188} WARNING - /home/***/.local/lib/python3.12/site-packages/***/task/task_runner/standard_task_runner.py:61 DeprecationWarning: This process (pid=243) is multi-threaded, use of fork() may lead to deadlocks in the child.
[2025-10-30T17:29:55.089+0000] {standard_task_runner.py:63} INFO - Started process 264 to run task
[2025-10-30T17:29:55.138+0000] {task_command.py:426} INFO - Running <TaskInstance: flood_prediction_pipeline.log_to_database manual__2025-10-30T17:29:47.753395+00:00 [running]> on host adac321c4d0a
[2025-10-30T17:29:55.221+0000] {taskinstance.py:2648} INFO - Exporting env vars: AIRFLOW_CTX_DAG_OWNER='***' AIRFLOW_CTX_DAG_ID='flood_prediction_pipeline' AIRFLOW_CTX_TASK_ID='log_to_database' AIRFLOW_CTX_EXECUTION_DATE='2025-10-30T17:29:47.753395+00:00' AIRFLOW_CTX_TRY_NUMBER='1' AIRFLOW_CTX_DAG_RUN_ID='manual__2025-10-30T17:29:47.753395+00:00'
[2025-10-30T17:29:55.225+0000] {taskinstance.py:430} INFO - ::endgroup::
[2025-10-30T17:29:55.259+0000] {base.py:84} INFO - Using connection ID 'postgres_default' for task execution.
[2025-10-30T17:29:55.263+0000] {sql.py:470} INFO - Running statement: 
        CREATE TABLE IF NOT EXISTS flood_predictions_log (
            id SERIAL PRIMARY KEY,
            timestamp TIMESTAMP UNIQUE,
            city VARCHAR(50),
            prediction INT,
            probability FLOAT,
            rain_24h FLOAT,
            temp FLOAT,
            humidity FLOAT,
            pressure FLOAT
        );
    , parameters: None
[2025-10-30T17:29:55.271+0000] {base.py:84} INFO - Using connection ID 'postgres_default' for task execution.
[2025-10-30T17:29:55.275+0000] {sql.py:470} INFO - Running statement: 
        INSERT INTO flood_predictions_log (timestamp, city, prediction, probability, rain_24h, temp, humidity, pressure)
        VALUES (%s, %s, %s, %s, %s, %s, %s, %s)
        ON CONFLICT (timestamp) DO NOTHING
    , parameters: ['2025-10-30 17:29:52', 'Karimnagar', 0, 0.128, 7.94, 20.29, 80.28, 1000.89]
[2025-10-30T17:29:55.277+0000] {sql.py:479} INFO - Rows affected: 1
[2025-10-30T17:29:55.280+0000] {logging_mixin.py:188} INFO - ✅ Logged prediction for Karimnagar to PostgreSQL.
[2025-10-30T17:29:55.280+0000] {python.py:237} INFO - Done. Returned value was: None
[2025-10-30T17:29:55.281+0000] {taskinstance.py:441} INFO - ::group::Post task execution logs
[2025-10-30T17:29:55.291+0000] {taskinstance.py:1206} INFO - Marking task as SUCCESS. dag_id=flood_prediction_pipeline, task_id=log_to_database, run_id=manual__2025-10-30T17:29:47.753395+00:00, execution_date=20251030T172947, start_date=20251030T172955, end_date=20251030T172955
[2025-10-30T17:29:55.344+0000] {local_task_job_runner.py:240} INFO - Task exited with return code 0
[2025-10-30T17:29:55.368+0000] {taskinstance.py:3498} INFO - 1 downstream tasks scheduled from follow-on schedule check
[2025-10-30T17:29:55.372+0000] {local_task_job_runner.py:222} INFO - ::endgroup::
